CM arch: 4
Netlist: 
R1 ( net52 net16)  R=0.3E6
T2 ( net16 net35 0 0)  nfet  L=9.61E-6 W=6.87E-6
T3 ( net31 net35 0 0)  nfet  L=9.61E-6 W=6.87E-6
T4 ( vdd! net16 net35 0)  nfet  L=9.61E-6 W=6.87E-6
CM arch: 5
Netlist: 
R7 ( net8 net48)  R=1.6E3
T8 ( net48 net48 net45 vdd!)  pfet  L=2.88E-6 W=7.33E-6
T9 ( net45 net23 vdd! vdd!)  pfet  L=2.88E-6 W=7.33E-6
T10 ( net23 net23 vdd! vdd!)  pfet  L=2.88E-6 W=7.33E-6
T11 ( 0 net48 net23 vdd!)  pfet  L=2.88E-6 W=7.33E-6
CM arch: 1
Netlist: 
T16 ( net29 net29 vdd! vdd!)  pfet  L=9.67E-6 W=3.88E-6
T17 ( net44 net29 vdd! vdd!)  pfet  L=9.67E-6 W=3.88E-6
R18 ( net44 net28)  R=0.9E4
CM arch: 5
Netlist: 
R20 ( vdd! net10)  R=9.8E5
T21 ( net10 net10 net52 vdd!)  pfet  L=4.57E-6 W=3.17E-6
T22 ( net52 net46 vdd! vdd!)  pfet  L=4.57E-6 W=3.17E-6
T23 ( net46 net46 vdd! vdd!)  pfet  L=4.57E-6 W=3.17E-6
T24 ( vdd! net10 net46 vdd!)  pfet  L=4.57E-6 W=3.17E-6
