CM arch: 5
Netlist: 
R5 ( net5 net2)  R=7.5E4
T6 ( net2 net2 net25 vdd!)  pfet  L=3.00E-6 W=3.02E-6
T7 ( net25 net19 vdd! vdd!)  pfet  L=3.00E-6 W=3.02E-6
T8 ( net19 net19 vdd! vdd!)  pfet  L=3.00E-6 W=3.02E-6
T9 ( net8 net2 net19 vdd!)  pfet  L=3.00E-6 W=3.02E-6
CM arch: 4
Netlist: 
R11 ( 0 net3)  R=1.7E5
T12 ( net3 net29 vdd! vdd!)  pfet  L=0.53E-6 W=9.44E-6
T13 ( net13 net29 vdd! vdd!)  pfet  L=0.53E-6 W=9.44E-6
T14 ( 0 net3 net29 vdd!)  pfet  L=0.53E-6 W=9.44E-6
CM arch: 2
Netlist: 
R16 ( net7 net11)  R=0.4E2
T17 ( net11 net11 0 0)  nfet  L=5.47E-6 W=8.83E-6
T18 ( 0 net11 0 0)  nfet  L=5.47E-6 W=8.83E-6
CM arch: 1
Netlist: 
T23 ( net27 net27 vdd! vdd!)  pfet  L=5.82E-6 W=5.28E-6
T24 ( net20 net27 vdd! vdd!)  pfet  L=5.82E-6 W=5.28E-6
R25 ( net20 vdd!)  R=4.5E0
