CM arch: 3
Netlist: 
R1 ( net11 net56)  R=2.9E4
T2 ( net56 net42 vdd! vdd!)  pfet  L=5.20E-6 W=6.35E-6
T3 ( net35 net42 vdd! vdd!)  pfet  L=5.20E-6 W=6.35E-6
T4 ( net43 net56 net35 vdd!)  pfet  L=5.20E-6 W=6.35E-6
CM arch: 4
Netlist: 
R6 ( net10 net19)  R=2.0E1
T7 ( net19 net12 vdd! vdd!)  pfet  L=4.74E-6 W=3.08E-6
T8 ( net32 net12 vdd! vdd!)  pfet  L=4.74E-6 W=3.08E-6
T9 ( 0 net19 net12 vdd!)  pfet  L=4.74E-6 W=3.08E-6
CM arch: 4
Netlist: 
R12 ( net47 net1)  R=0.4E6
T13 ( net1 net36 vdd! vdd!)  pfet  L=1.07E-6 W=1.86E-6
T14 ( net43 net36 vdd! vdd!)  pfet  L=1.07E-6 W=1.86E-6
T15 ( 0 net1 net36 vdd!)  pfet  L=1.07E-6 W=1.86E-6
CM arch: 2
Netlist: 
R17 ( net57 net34)  R=0.3E2
T18 ( net34 net34 vdd! vdd!)  pfet  L=1.57E-6 W=1.63E-6
T19 ( vdd! net34 vdd! vdd!)  pfet  L=1.57E-6 W=1.63E-6
