CM arch: 4
Netlist: 
R1 ( vdd! net38)  R=8.4E4
T2 ( net38 net50 vdd! vdd!)  pfet  L=9.09E-6 W=3.67E-6
T3 ( net41 net50 vdd! vdd!)  pfet  L=9.09E-6 W=3.67E-6
T4 ( 0 net38 net50 vdd!)  pfet  L=9.09E-6 W=3.67E-6
CM arch: 2
Netlist: 
R6 ( net34 net48)  R=1.0E1
T7 ( net48 net48 0 0)  nfet  L=7.60E-6 W=6.96E-6
T8 ( net30 net48 0 0)  nfet  L=7.60E-6 W=6.96E-6
CM arch: 3
Netlist: 
R14 ( net35 net12)  R=6.0E3
T15 ( net12 net34 vdd! vdd!)  pfet  L=6.36E-6 W=7.39E-6
T16 ( net11 net34 vdd! vdd!)  pfet  L=6.36E-6 W=7.39E-6
T17 ( net32 net12 net11 vdd!)  pfet  L=6.36E-6 W=7.39E-6
CM arch: 1
Netlist: 
T19 ( net16 net16 0 0)  nfet  L=8.12E-6 W=8.01E-6
T20 ( net31 net16 0 0)  nfet  L=8.12E-6 W=8.01E-6
R21 ( net31 net27)  R=6.1E5
