CM arch: 2
Netlist: 
R4 ( net49 net10)  R=2.6E6
T5 ( net10 net10 0 0)  nfet  L=1.19E-6 W=0.53E-6
T6 ( net49 net10 0 0)  nfet  L=1.19E-6 W=0.53E-6
CM arch: 5
Netlist: 
R9 ( net9 net34)  R=4.4E6
T10 ( net34 net34 net14 0)  nfet  L=3.99E-6 W=8.36E-6
T11 ( net14 net24 0 0)  nfet  L=3.99E-6 W=8.36E-6
T12 ( net24 net24 0 0)  nfet  L=3.99E-6 W=8.36E-6
T13 ( 0 net34 net24 0)  nfet  L=3.99E-6 W=8.36E-6
CM arch: 5
Netlist: 
R16 ( vdd! net22)  R=3.5E3
T17 ( net22 net22 net32 0)  nfet  L=5.75E-6 W=9.72E-6
T18 ( net32 net39 0 0)  nfet  L=5.75E-6 W=9.72E-6
T19 ( net39 net39 0 0)  nfet  L=5.75E-6 W=9.72E-6
T20 ( net31 net22 net39 0)  nfet  L=5.75E-6 W=9.72E-6
CM arch: 5
Netlist: 
R22 ( net51 net30)  R=3.6E3
T23 ( net30 net30 net1 0)  nfet  L=9.34E-6 W=6.97E-6
T24 ( net1 net23 0 0)  nfet  L=9.34E-6 W=6.97E-6
T25 ( net23 net23 0 0)  nfet  L=9.34E-6 W=6.97E-6
T26 ( net44 net30 net23 0)  nfet  L=9.34E-6 W=6.97E-6
