CM arch: 2
Netlist: 
R1 ( net28 net7)  R=7.4E4
T2 ( net7 net7 0 0)  nfet  L=1.07E-6 W=6.13E-6
T3 ( net29 net7 0 0)  nfet  L=1.07E-6 W=6.13E-6
CM arch: 3
Netlist: 
R9 ( net30 net15)  R=5.3E6
T10 ( net15 net26 0 0)  nfet  L=5.53E-6 W=4.63E-6
T11 ( net4 net26 0 0)  nfet  L=5.53E-6 W=4.63E-6
T12 ( net30 net15 net4 0)  nfet  L=5.53E-6 W=4.63E-6
CM arch: 4
Netlist: 
R14 ( net2 net14)  R=2.8E6
T15 ( net14 net20 vdd! vdd!)  pfet  L=4.72E-6 W=7.56E-6
T16 ( net8 net20 vdd! vdd!)  pfet  L=4.72E-6 W=7.56E-6
T17 ( 0 net14 net20 vdd!)  pfet  L=4.72E-6 W=7.56E-6
CM arch: 4
Netlist: 
R23 ( net28 net29)  R=9.0E5
T24 ( net29 net9 vdd! vdd!)  pfet  L=1.27E-6 W=8.05E-6
T25 ( net19 net9 vdd! vdd!)  pfet  L=1.27E-6 W=8.05E-6
T26 ( 0 net29 net9 vdd!)  pfet  L=1.27E-6 W=8.05E-6
