CM arch: 5
Netlist: 
R1 ( net58 net46)  R=8.9E2
T2 ( net46 net46 net36 0)  nfet  L=8.68E-6 W=9.37E-6
T3 ( net36 net33 0 0)  nfet  L=8.68E-6 W=9.37E-6
T4 ( net33 net33 0 0)  nfet  L=8.68E-6 W=9.37E-6
T5 ( net46 net46 net33 0)  nfet  L=8.68E-6 W=9.37E-6
CM arch: 4
Netlist: 
R7 ( net4 net29)  R=1.8E4
T8 ( net29 net16 0 0)  nfet  L=5.95E-6 W=6.60E-6
T9 ( net39 net16 0 0)  nfet  L=5.95E-6 W=6.60E-6
T10 ( vdd! net29 net16 0)  nfet  L=5.95E-6 W=6.60E-6
CM arch: 5
Netlist: 
R12 ( net14 net19)  R=1.5E6
T13 ( net19 net19 net24 vdd!)  pfet  L=3.54E-6 W=7.15E-6
T14 ( net24 net32 vdd! vdd!)  pfet  L=3.54E-6 W=7.15E-6
T15 ( net32 net32 vdd! vdd!)  pfet  L=3.54E-6 W=7.15E-6
T16 ( net22 net19 net32 vdd!)  pfet  L=3.54E-6 W=7.15E-6
CM arch: 4
Netlist: 
R18 ( net37 net50)  R=3.6E1
T19 ( net50 net28 0 0)  nfet  L=3.76E-6 W=8.45E-6
T20 ( net54 net28 0 0)  nfet  L=3.76E-6 W=8.45E-6
T21 ( vdd! net50 net28 0)  nfet  L=3.76E-6 W=8.45E-6
