CM arch: 3
Netlist: 
R1 ( net156 net120)  R=2.1E3
T2 ( net120 net96 0 0)  nfet  L=5.45E-6 W=1.02E-6
T3 ( net62 net96 0 0)  nfet  L=5.45E-6 W=1.02E-6
T4 ( net7 net120 net62 0)  nfet  L=5.45E-6 W=1.02E-6
CM arch: 2
Netlist: 
R6 ( net75 net28)  R=2.6E2
T7 ( net28 net28 vdd! vdd!)  pfet  L=3.75E-6 W=4.98E-6
T8 ( net156 net28 vdd! vdd!)  pfet  L=3.75E-6 W=4.98E-6
CM arch: 1
Netlist: 
T10 ( net21 net21 vdd! vdd!)  pfet  L=9.32E-6 W=2.52E-6
T11 ( net115 net21 vdd! vdd!)  pfet  L=9.32E-6 W=2.52E-6
R12 ( net115 net83)  R=9.8E0
CM arch: 2
Netlist: 
R14 ( net51 net24)  R=4.2E5
T15 ( net24 net24 vdd! vdd!)  pfet  L=5.52E-6 W=0.47E-6
T16 ( net17 net24 vdd! vdd!)  pfet  L=5.52E-6 W=0.47E-6
