CM arch: 1
Netlist: 
T2 ( net113 net113 vdd! vdd!)  pfet  L=9.10E-6 W=4.43E-6
T3 ( net4 net113 vdd! vdd!)  pfet  L=9.10E-6 W=4.43E-6
R4 ( net4 net24)  R=1.6E2
CM arch: 2
Netlist: 
R7 ( net58 net146)  R=1.0E3
T8 ( net146 net146 0 0)  nfet  L=5.78E-6 W=1.79E-6
T9 ( 0 net146 0 0)  nfet  L=5.78E-6 W=1.79E-6
CM arch: 4
Netlist: 
R11 ( 0 net20)  R=2.9E1
T12 ( net20 net145 0 0)  nfet  L=6.08E-6 W=7.31E-6
T13 ( net26 net145 0 0)  nfet  L=6.08E-6 W=7.31E-6
T14 ( vdd! net20 net145 0)  nfet  L=6.08E-6 W=7.31E-6
CM arch: 2
Netlist: 
R17 ( net25 net151)  R=8.4E6
T18 ( net151 net151 vdd! vdd!)  pfet  L=3.28E-6 W=9.49E-6
T19 ( net46 net151 vdd! vdd!)  pfet  L=3.28E-6 W=9.49E-6
