CM arch: 5
Netlist: 
R1 ( net71 net181)  R=9.4E1
T2 ( net181 net181 net193 vdd!)  pfet  L=3.46E-6 W=3.77E-6
T3 ( net193 net57 vdd! vdd!)  pfet  L=3.46E-6 W=3.77E-6
T4 ( net57 net57 vdd! vdd!)  pfet  L=3.46E-6 W=3.77E-6
T5 ( net60 net181 net57 vdd!)  pfet  L=3.46E-6 W=3.77E-6
CM arch: 1
Netlist: 
T9 ( net220 net220 vdd! vdd!)  pfet  L=6.01E-6 W=9.68E-6
T10 ( net50 net220 vdd! vdd!)  pfet  L=6.01E-6 W=9.68E-6
R11 ( net50 0)  R=7.5E6
CM arch: 4
Netlist: 
R13 ( net118 net145)  R=7.6E3
T14 ( net145 net121 vdd! vdd!)  pfet  L=3.81E-6 W=0.18E-6
T15 ( net2 net121 vdd! vdd!)  pfet  L=3.81E-6 W=0.18E-6
T16 ( 0 net145 net121 vdd!)  pfet  L=3.81E-6 W=0.18E-6
CM arch: 5
Netlist: 
R19 ( net125 net21)  R=2.4E1
T20 ( net21 net21 net109 0)  nfet  L=8.24E-6 W=4.51E-6
T21 ( net109 net216 0 0)  nfet  L=8.24E-6 W=4.51E-6
T22 ( net216 net216 0 0)  nfet  L=8.24E-6 W=4.51E-6
T23 ( net211 net21 net216 0)  nfet  L=8.24E-6 W=4.51E-6
