CM arch: 2
Netlist: 
R2 ( net16 net18)  R=5.6E6
T3 ( net18 net18 vdd! vdd!)  pfet  L=1.34E-6 W=7.83E-6
T4 ( net11 net18 vdd! vdd!)  pfet  L=1.34E-6 W=7.83E-6
CM arch: 5
Netlist: 
R7 ( 0 net5)  R=6.3E3
T8 ( net5 net5 net28 vdd!)  pfet  L=9.61E-6 W=4.51E-6
T9 ( net28 net47 vdd! vdd!)  pfet  L=9.61E-6 W=4.51E-6
T10 ( net47 net47 vdd! vdd!)  pfet  L=9.61E-6 W=4.51E-6
T11 ( net39 net5 net47 vdd!)  pfet  L=9.61E-6 W=4.51E-6
CM arch: 4
Netlist: 
R13 ( net17 net44)  R=1.6E2
T14 ( net44 net9 0 0)  nfet  L=0.75E-6 W=4.27E-6
T15 ( net16 net9 0 0)  nfet  L=0.75E-6 W=4.27E-6
T16 ( vdd! net44 net9 0)  nfet  L=0.75E-6 W=4.27E-6
CM arch: 4
Netlist: 
R18 ( net49 net11)  R=0.4E6
T19 ( net11 net30 0 0)  nfet  L=1.72E-6 W=4.22E-6
T20 ( 0 net30 0 0)  nfet  L=1.72E-6 W=4.22E-6
T21 ( vdd! net11 net30 0)  nfet  L=1.72E-6 W=4.22E-6
