CM arch: 4
Netlist: 
R3 ( net393 net110)  R=7.4E2
T4 ( net110 net291 vdd! vdd!)  pfet  L=0.50E-6 W=7.39E-6
T5 ( net362 net291 vdd! vdd!)  pfet  L=0.50E-6 W=7.39E-6
T6 ( 0 net110 net291 vdd!)  pfet  L=0.50E-6 W=7.39E-6
CM arch: 2
Netlist: 
R8 ( net479 net19)  R=8.9E4
T9 ( net19 net19 vdd! vdd!)  pfet  L=4.27E-6 W=3.10E-6
T10 ( net77 net19 vdd! vdd!)  pfet  L=4.27E-6 W=3.10E-6
CM arch: 1
Netlist: 
T12 ( net295 net295 vdd! vdd!)  pfet  L=9.00E-6 W=4.79E-6
T13 ( net439 net295 vdd! vdd!)  pfet  L=9.00E-6 W=4.79E-6
R14 ( net439 net33)  R=9.2E6
CM arch: 2
Netlist: 
R18 ( net338 net2)  R=1.3E2
T19 ( net2 net2 vdd! vdd!)  pfet  L=7.11E-6 W=9.36E-6
T20 ( net44 net2 vdd! vdd!)  pfet  L=7.11E-6 W=9.36E-6
