CM arch: 5
Netlist: 
R3 ( 0 net25)  R=3.8E3
T4 ( net25 net25 net36 0)  nfet  L=3.02E-6 W=3.21E-6
T5 ( net36 net12 0 0)  nfet  L=3.02E-6 W=3.21E-6
T6 ( net12 net12 0 0)  nfet  L=3.02E-6 W=3.21E-6
T7 ( net42 net25 net12 0)  nfet  L=3.02E-6 W=3.21E-6
CM arch: 1
Netlist: 
T10 ( net8 net8 vdd! vdd!)  pfet  L=1.41E-6 W=0.82E-6
T11 ( net43 net8 vdd! vdd!)  pfet  L=1.41E-6 W=0.82E-6
R12 ( net43 net7)  R=6.6E6
CM arch: 4
Netlist: 
R15 ( net7 net11)  R=6.7E1
T16 ( net11 net28 vdd! vdd!)  pfet  L=5.02E-6 W=0.57E-6
T17 ( net2 net28 vdd! vdd!)  pfet  L=5.02E-6 W=0.57E-6
T18 ( 0 net11 net28 vdd!)  pfet  L=5.02E-6 W=0.57E-6
CM arch: 3
Netlist: 
R23 ( net8 net6)  R=1.1E3
T24 ( net6 net26 0 0)  nfet  L=3.02E-6 W=2.97E-6
T25 ( net17 net26 0 0)  nfet  L=3.02E-6 W=2.97E-6
T26 ( net30 net6 net17 0)  nfet  L=3.02E-6 W=2.97E-6
