CM arch: 2
Netlist: 
R4 ( net5 net1)  R=6.5E6
T5 ( net1 net1 vdd! vdd!)  pfet  L=3.67E-6 W=2.40E-6
T6 ( net6 net1 vdd! vdd!)  pfet  L=3.67E-6 W=2.40E-6
CM arch: 2
Netlist: 
R8 ( vdd! net24)  R=6.2E3
T9 ( net24 net24 vdd! vdd!)  pfet  L=1.21E-6 W=8.81E-6
T10 ( net27 net24 vdd! vdd!)  pfet  L=1.21E-6 W=8.81E-6
CM arch: 3
Netlist: 
R15 ( net66 net85)  R=6.7E3
T16 ( net85 net105 vdd! vdd!)  pfet  L=3.56E-6 W=1.56E-6
T17 ( net9 net105 vdd! vdd!)  pfet  L=3.56E-6 W=1.56E-6
T18 ( net8 net85 net9 vdd!)  pfet  L=3.56E-6 W=1.56E-6
CM arch: 2
Netlist: 
R20 ( net79 net51)  R=4.2E1
T21 ( net51 net51 vdd! vdd!)  pfet  L=6.86E-6 W=2.89E-6
T22 ( vdd! net51 vdd! vdd!)  pfet  L=6.86E-6 W=2.89E-6
