CM arch: 1
Netlist: 
T1 ( net108 net108 vdd! vdd!)  pfet  L=3.47E-6 W=0.26E-6
T2 ( net290 net108 vdd! vdd!)  pfet  L=3.47E-6 W=0.26E-6
R3 ( net290 net229)  R=9.1E2
CM arch: 2
Netlist: 
R12 ( net86 net162)  R=5.4E3
T13 ( net162 net162 0 0)  nfet  L=5.82E-6 W=3.89E-6
T14 ( net302 net162 0 0)  nfet  L=5.82E-6 W=3.89E-6
CM arch: 4
Netlist: 
R16 ( net291 net288)  R=1.1E5
T17 ( net288 net49 vdd! vdd!)  pfet  L=8.24E-6 W=0.76E-6
T18 ( net187 net49 vdd! vdd!)  pfet  L=8.24E-6 W=0.76E-6
T19 ( 0 net288 net49 vdd!)  pfet  L=8.24E-6 W=0.76E-6
CM arch: 1
Netlist: 
T23 ( net208 net208 0 0)  nfet  L=1.03E-6 W=1.45E-6
T24 ( net172 net208 0 0)  nfet  L=1.03E-6 W=1.45E-6
R25 ( net172 net75)  R=0.4E6
