CM arch: 2
Netlist: 
R1 ( net109 net367)  R=3.2E1
T2 ( net367 net367 vdd! vdd!)  pfet  L=4.91E-6 W=2.46E-6
T3 ( net339 net367 vdd! vdd!)  pfet  L=4.91E-6 W=2.46E-6
CM arch: 4
Netlist: 
R5 ( vdd! net35)  R=4.2E3
T6 ( net35 net386 vdd! vdd!)  pfet  L=2.18E-6 W=7.68E-6
T7 ( net86 net386 vdd! vdd!)  pfet  L=2.18E-6 W=7.68E-6
T8 ( 0 net35 net386 vdd!)  pfet  L=2.18E-6 W=7.68E-6
CM arch: 4
Netlist: 
R10 ( net125 net56)  R=6.8E2
T11 ( net56 net78 vdd! vdd!)  pfet  L=5.12E-6 W=7.85E-6
T12 ( net318 net78 vdd! vdd!)  pfet  L=5.12E-6 W=7.85E-6
T13 ( 0 net56 net78 vdd!)  pfet  L=5.12E-6 W=7.85E-6
CM arch: 5
Netlist: 
R16 ( net109 net204)  R=3.3E4
T17 ( net204 net204 net262 vdd!)  pfet  L=0.72E-6 W=2.54E-6
T18 ( net262 net355 vdd! vdd!)  pfet  L=0.72E-6 W=2.54E-6
T19 ( net355 net355 vdd! vdd!)  pfet  L=0.72E-6 W=2.54E-6
T20 ( net83 net204 net355 vdd!)  pfet  L=0.72E-6 W=2.54E-6
