CM arch: 4
Netlist: 
R3 ( net3 net51)  R=6.0E3
T4 ( net51 net13 0 0)  nfet  L=4.41E-6 W=0.51E-6
T5 ( net22 net13 0 0)  nfet  L=4.41E-6 W=0.51E-6
T6 ( vdd! net51 net13 0)  nfet  L=4.41E-6 W=0.51E-6
CM arch: 3
Netlist: 
R9 ( vdd! net45)  R=6.5E5
T10 ( net45 net43 0 0)  nfet  L=0.22E-6 W=6.85E-6
T11 ( net1 net43 0 0)  nfet  L=0.22E-6 W=6.85E-6
T12 ( net10 net45 net1 0)  nfet  L=0.22E-6 W=6.85E-6
CM arch: 4
Netlist: 
R14 ( net27 net12)  R=4.5E4
T15 ( net12 net47 0 0)  nfet  L=9.68E-6 W=6.01E-6
T16 ( net2 net47 0 0)  nfet  L=9.68E-6 W=6.01E-6
T17 ( vdd! net12 net47 0)  nfet  L=9.68E-6 W=6.01E-6
CM arch: 2
Netlist: 
R19 ( net52 net27)  R=6.0E6
T20 ( net27 net27 0 0)  nfet  L=1.86E-6 W=4.22E-6
T21 ( net56 net27 0 0)  nfet  L=1.86E-6 W=4.22E-6
