CM arch: 4
Netlist: 
R3 ( net45 net81)  R=2.6E4
T4 ( net81 net49 vdd! vdd!)  pfet  L=7.04E-6 W=7.65E-6
T5 ( net7 net49 vdd! vdd!)  pfet  L=7.04E-6 W=7.65E-6
T6 ( 0 net81 net49 vdd!)  pfet  L=7.04E-6 W=7.65E-6
CM arch: 1
Netlist: 
T8 ( net94 net94 0 0)  nfet  L=7.98E-6 W=0.40E-6
T9 ( net61 net94 0 0)  nfet  L=7.98E-6 W=0.40E-6
R10 ( net61 net55)  R=8.2E5
CM arch: 5
Netlist: 
R12 ( net45 net116)  R=8.5E0
T13 ( net116 net116 net90 0)  nfet  L=6.74E-6 W=6.69E-6
T14 ( net90 net21 0 0)  nfet  L=6.74E-6 W=6.69E-6
T15 ( net21 net21 0 0)  nfet  L=6.74E-6 W=6.69E-6
T16 ( net42 net116 net21 0)  nfet  L=6.74E-6 W=6.69E-6
CM arch: 1
Netlist: 
T22 ( net35 net35 0 0)  nfet  L=5.57E-6 W=4.39E-6
T23 ( net117 net35 0 0)  nfet  L=5.57E-6 W=4.39E-6
R24 ( net117 net83)  R=9.6E5
