CM arch: 2
Netlist: 
R2 ( net133 net125)  R=0.9E3
T3 ( net125 net125 vdd! vdd!)  pfet  L=1.95E-6 W=4.31E-6
T4 ( net37 net125 vdd! vdd!)  pfet  L=1.95E-6 W=4.31E-6
CM arch: 5
Netlist: 
R6 ( net17 net66)  R=1.2E2
T7 ( net66 net66 net120 0)  nfet  L=7.17E-6 W=2.74E-6
T8 ( net120 net102 0 0)  nfet  L=7.17E-6 W=2.74E-6
T9 ( net102 net102 0 0)  nfet  L=7.17E-6 W=2.74E-6
T10 ( vdd! net66 net102 0)  nfet  L=7.17E-6 W=2.74E-6
CM arch: 4
Netlist: 
R12 ( net38 net123)  R=5.3E5
T13 ( net123 net94 0 0)  nfet  L=6.29E-6 W=1.34E-6
T14 ( net19 net94 0 0)  nfet  L=6.29E-6 W=1.34E-6
T15 ( vdd! net123 net94 0)  nfet  L=6.29E-6 W=1.34E-6
CM arch: 5
Netlist: 
R19 ( net28 net81)  R=3.0E2
T20 ( net81 net81 net13 0)  nfet  L=7.89E-6 W=0.30E-6
T21 ( net13 net20 0 0)  nfet  L=7.89E-6 W=0.30E-6
T22 ( net20 net20 0 0)  nfet  L=7.89E-6 W=0.30E-6
T23 ( vdd! net81 net20 0)  nfet  L=7.89E-6 W=0.30E-6
