CM arch: 4
Netlist: 
R5 ( net34 net139)  R=9.1E2
T6 ( net139 net15 vdd! vdd!)  pfet  L=6.91E-6 W=4.90E-6
T7 ( net120 net15 vdd! vdd!)  pfet  L=6.91E-6 W=4.90E-6
T8 ( 0 net139 net15 vdd!)  pfet  L=6.91E-6 W=4.90E-6
CM arch: 4
Netlist: 
R10 ( net110 net45)  R=9.6E5
T11 ( net45 net76 0 0)  nfet  L=1.04E-6 W=7.78E-6
T12 ( net13 net76 0 0)  nfet  L=1.04E-6 W=7.78E-6
T13 ( vdd! net45 net76 0)  nfet  L=1.04E-6 W=7.78E-6
CM arch: 1
Netlist: 
T16 ( net113 net113 0 0)  nfet  L=3.11E-6 W=1.38E-6
T17 ( net37 net113 0 0)  nfet  L=3.11E-6 W=1.38E-6
R18 ( net37 net90)  R=1.4E3
CM arch: 4
Netlist: 
R21 ( net120 net108)  R=3.7E6
T22 ( net108 net59 vdd! vdd!)  pfet  L=3.72E-6 W=6.71E-6
T23 ( net21 net59 vdd! vdd!)  pfet  L=3.72E-6 W=6.71E-6
T24 ( 0 net108 net59 vdd!)  pfet  L=3.72E-6 W=6.71E-6
CM arch: 1
Netlist: 
T28 ( net4 net4 vdd! vdd!)  pfet  L=0.58E-6 W=1.80E-6
T29 ( net47 net4 vdd! vdd!)  pfet  L=0.58E-6 W=1.80E-6
R30 ( net47 net118)  R=4.7E2
CM arch: 5
Netlist: 
R34 ( 0 net5)  R=1.2E3
T35 ( net5 net5 net11 0)  nfet  L=9.93E-6 W=1.17E-6
T36 ( net11 net106 0 0)  nfet  L=9.93E-6 W=1.17E-6
T37 ( net106 net106 0 0)  nfet  L=9.93E-6 W=1.17E-6
T38 ( net156 net5 net106 0)  nfet  L=9.93E-6 W=1.17E-6
CM arch: 5
Netlist: 
R40 ( net72 net128)  R=9.8E6
T41 ( net128 net128 net23 0)  nfet  L=1.57E-6 W=5.39E-6
T42 ( net23 net65 0 0)  nfet  L=1.57E-6 W=5.39E-6
T43 ( net65 net65 0 0)  nfet  L=1.57E-6 W=5.39E-6
T44 ( net4 net128 net65 0)  nfet  L=1.57E-6 W=5.39E-6
CM arch: 4
Netlist: 
R46 ( net80 net152)  R=6.1E1
T47 ( net152 net134 vdd! vdd!)  pfet  L=2.24E-6 W=3.00E-6
T48 ( net13 net134 vdd! vdd!)  pfet  L=2.24E-6 W=3.00E-6
T49 ( 0 net152 net134 vdd!)  pfet  L=2.24E-6 W=3.00E-6
CM arch: 4
Netlist: 
R53 ( net10 net34)  R=0.4E4
T54 ( net34 net16 vdd! vdd!)  pfet  L=2.53E-6 W=2.21E-6
T55 ( net107 net16 vdd! vdd!)  pfet  L=2.53E-6 W=2.21E-6
T56 ( 0 net34 net16 vdd!)  pfet  L=2.53E-6 W=2.21E-6
CM arch: 1
Netlist: 
T60 ( net10 net10 vdd! vdd!)  pfet  L=5.72E-6 W=6.87E-6
T61 ( net4 net10 vdd! vdd!)  pfet  L=5.72E-6 W=6.87E-6
R62 ( net4 net143)  R=0.4E1
CM arch: 5
Netlist: 
R64 ( net98 net71)  R=2.4E1
T65 ( net71 net71 net135 vdd!)  pfet  L=3.72E-6 W=8.77E-6
T66 ( net135 net96 vdd! vdd!)  pfet  L=3.72E-6 W=8.77E-6
T67 ( net96 net96 vdd! vdd!)  pfet  L=3.72E-6 W=8.77E-6
T68 ( net117 net71 net96 vdd!)  pfet  L=3.72E-6 W=8.77E-6
CM arch: 5
Netlist: 
R72 ( net50 net73)  R=9.5E1
T73 ( net73 net73 net115 0)  nfet  L=6.76E-6 W=5.47E-6
T74 ( net115 net83 0 0)  nfet  L=6.76E-6 W=5.47E-6
T75 ( net83 net83 0 0)  nfet  L=6.76E-6 W=5.47E-6
T76 ( net62 net73 net83 0)  nfet  L=6.76E-6 W=5.47E-6
CM arch: 4
Netlist: 
R79 ( net74 net147)  R=9.7E3
T80 ( net147 net111 vdd! vdd!)  pfet  L=1.03E-6 W=8.53E-6
T81 ( vdd! net111 vdd! vdd!)  pfet  L=1.03E-6 W=8.53E-6
T82 ( 0 net147 net111 vdd!)  pfet  L=1.03E-6 W=8.53E-6
CM arch: 3
Netlist: 
R85 ( 0 net80)  R=5.4E5
T86 ( net80 net93 0 0)  nfet  L=8.28E-6 W=0.97E-6
T87 ( net58 net93 0 0)  nfet  L=8.28E-6 W=0.97E-6
T88 ( net51 net80 net58 0)  nfet  L=8.28E-6 W=0.97E-6
CM arch: 2
Netlist: 
R90 ( net69 net54)  R=9.5E2
T91 ( net54 net54 vdd! vdd!)  pfet  L=6.96E-6 W=9.52E-6
T92 ( net44 net54 vdd! vdd!)  pfet  L=6.96E-6 W=9.52E-6
CM arch: 4
Netlist: 
R99 ( net31 net120)  R=9.3E6
T100 ( net120 net151 vdd! vdd!)  pfet  L=3.26E-6 W=5.57E-6
T101 ( net107 net151 vdd! vdd!)  pfet  L=3.26E-6 W=5.57E-6
T102 ( 0 net120 net151 vdd!)  pfet  L=3.26E-6 W=5.57E-6
CM arch: 1
Netlist: 
T104 ( net107 net107 0 0)  nfet  L=0.85E-6 W=9.45E-6
T105 ( net79 net107 0 0)  nfet  L=0.85E-6 W=9.45E-6
R106 ( net79 net12)  R=7.2E5
CM arch: 4
Netlist: 
R110 ( net154 net137)  R=1.6E3
T111 ( net137 net155 0 0)  nfet  L=2.33E-6 W=8.44E-6
T112 ( net42 net155 0 0)  nfet  L=2.33E-6 W=8.44E-6
T113 ( vdd! net137 net155 0)  nfet  L=2.33E-6 W=8.44E-6
CM arch: 2
Netlist: 
R120 ( net18 net63)  R=3.2E6
T121 ( net63 net63 0 0)  nfet  L=8.53E-6 W=2.37E-6
T122 ( net121 net63 0 0)  nfet  L=8.53E-6 W=2.37E-6
CM arch: 5
Netlist: 
R124 ( net43 net62)  R=2.0E2
T125 ( net62 net62 net69 0)  nfet  L=5.70E-6 W=6.24E-6
T126 ( net69 net125 0 0)  nfet  L=5.70E-6 W=6.24E-6
T127 ( net125 net125 0 0)  nfet  L=5.70E-6 W=6.24E-6
T128 ( net99 net62 net125 0)  nfet  L=5.70E-6 W=6.24E-6
