CM arch: 4
Netlist: 
R3 ( net2 net45)  R=9.1E3
T4 ( net45 net35 vdd! vdd!)  pfet  L=8.08E-6 W=2.62E-6
T5 ( net128 net35 vdd! vdd!)  pfet  L=8.08E-6 W=2.62E-6
T6 ( 0 net45 net35 vdd!)  pfet  L=8.08E-6 W=2.62E-6
CM arch: 2
Netlist: 
R10 ( net26 net12)  R=4.8E0
T11 ( net12 net12 0 0)  nfet  L=0.80E-6 W=2.21E-6
T12 ( vdd! net12 0 0)  nfet  L=0.80E-6 W=2.21E-6
CM arch: 4
Netlist: 
R15 ( net25 net15)  R=7.0E3
T16 ( net15 net130 0 0)  nfet  L=0.87E-6 W=0.86E-6
T17 ( vdd! net130 0 0)  nfet  L=0.87E-6 W=0.86E-6
T18 ( vdd! net15 net130 0)  nfet  L=0.87E-6 W=0.86E-6
CM arch: 4
Netlist: 
R20 ( net23 net110)  R=3.7E4
T21 ( net110 net2 0 0)  nfet  L=2.98E-6 W=3.44E-6
T22 ( net54 net2 0 0)  nfet  L=2.98E-6 W=3.44E-6
T23 ( vdd! net110 net2 0)  nfet  L=2.98E-6 W=3.44E-6
CM arch: 3
Netlist: 
R29 ( net23 net93)  R=7.2E1
T30 ( net93 net146 vdd! vdd!)  pfet  L=3.36E-6 W=2.25E-6
T31 ( net43 net146 vdd! vdd!)  pfet  L=3.36E-6 W=2.25E-6
T32 ( vdd! net93 net43 vdd!)  pfet  L=3.36E-6 W=2.25E-6
CM arch: 5
Netlist: 
R34 ( net82 net120)  R=5.9E1
T35 ( net120 net120 net11 0)  nfet  L=2.42E-6 W=2.83E-6
T36 ( net11 net143 0 0)  nfet  L=2.42E-6 W=2.83E-6
T37 ( net143 net143 0 0)  nfet  L=2.42E-6 W=2.83E-6
T38 ( net97 net120 net143 0)  nfet  L=2.42E-6 W=2.83E-6
CM arch: 3
Netlist: 
R41 ( net71 net72)  R=2.5E4
T42 ( net72 net57 0 0)  nfet  L=4.45E-6 W=0.43E-6
T43 ( net128 net57 0 0)  nfet  L=4.45E-6 W=0.43E-6
T44 ( vdd! net72 net128 0)  nfet  L=4.45E-6 W=0.43E-6
CM arch: 1
Netlist: 
T47 ( net59 net59 0 0)  nfet  L=6.89E-6 W=0.37E-6
T48 ( net7 net59 0 0)  nfet  L=6.89E-6 W=0.37E-6
R49 ( net7 net114)  R=0.2E4
CM arch: 5
Netlist: 
R51 ( net152 net79)  R=9.1E3
T52 ( net79 net79 net66 0)  nfet  L=3.90E-6 W=8.25E-6
T53 ( net66 net40 0 0)  nfet  L=3.90E-6 W=8.25E-6
T54 ( net40 net40 0 0)  nfet  L=3.90E-6 W=8.25E-6
T55 ( net97 net79 net40 0)  nfet  L=3.90E-6 W=8.25E-6
CM arch: 5
Netlist: 
R58 ( net75 net55)  R=7.2E0
T59 ( net55 net55 net141 0)  nfet  L=2.80E-6 W=5.84E-6
T60 ( net141 net64 0 0)  nfet  L=2.80E-6 W=5.84E-6
T61 ( net64 net64 0 0)  nfet  L=2.80E-6 W=5.84E-6
T62 ( net62 net55 net64 0)  nfet  L=2.80E-6 W=5.84E-6
CM arch: 2
Netlist: 
R67 ( net92 net96)  R=4.3E4
T68 ( net96 net96 0 0)  nfet  L=5.09E-6 W=9.09E-6
T69 ( net31 net96 0 0)  nfet  L=5.09E-6 W=9.09E-6
CM arch: 3
Netlist: 
R72 ( net4 net103)  R=9.9E3
T73 ( net103 net97 0 0)  nfet  L=2.94E-6 W=2.70E-6
T74 ( net116 net97 0 0)  nfet  L=2.94E-6 W=2.70E-6
T75 ( net115 net103 net116 0)  nfet  L=2.94E-6 W=2.70E-6
CM arch: 2
Netlist: 
R77 ( net62 net56)  R=3.8E4
T78 ( net56 net56 vdd! vdd!)  pfet  L=0.29E-6 W=7.56E-6
T79 ( net148 net56 vdd! vdd!)  pfet  L=0.29E-6 W=7.56E-6
CM arch: 2
Netlist: 
R81 ( net106 net102)  R=6.6E2
T82 ( net102 net102 vdd! vdd!)  pfet  L=2.74E-6 W=3.61E-6
T83 ( net17 net102 vdd! vdd!)  pfet  L=2.74E-6 W=3.61E-6
CM arch: 1
Netlist: 
T86 ( net127 net127 0 0)  nfet  L=4.91E-6 W=4.34E-6
T87 ( net62 net127 0 0)  nfet  L=4.91E-6 W=4.34E-6
R88 ( net62 net111)  R=2.5E6
CM arch: 2
Netlist: 
R91 ( net32 net29)  R=5.9E0
T92 ( net29 net29 0 0)  nfet  L=2.23E-6 W=1.79E-6
T93 ( net63 net29 0 0)  nfet  L=2.23E-6 W=1.79E-6
CM arch: 1
Netlist: 
T95 ( 0 0 vdd! vdd!)  pfet  L=1.72E-6 W=7.06E-6
T96 ( net153 0 vdd! vdd!)  pfet  L=1.72E-6 W=7.06E-6
R97 ( net153 net47)  R=2.9E0
CM arch: 3
Netlist: 
R100 ( net22 net82)  R=3.0E4
T101 ( net82 net28 vdd! vdd!)  pfet  L=5.93E-6 W=6.17E-6
T102 ( net19 net28 vdd! vdd!)  pfet  L=5.93E-6 W=6.17E-6
T103 ( net122 net82 net19 vdd!)  pfet  L=5.93E-6 W=6.17E-6
CM arch: 5
Netlist: 
R108 ( net6 net46)  R=7.2E3
T109 ( net46 net46 net30 0)  nfet  L=9.89E-6 W=7.65E-6
T110 ( net30 net21 0 0)  nfet  L=9.89E-6 W=7.65E-6
T111 ( net21 net21 0 0)  nfet  L=9.89E-6 W=7.65E-6
T112 ( net155 net46 net21 0)  nfet  L=9.89E-6 W=7.65E-6
CM arch: 2
Netlist: 
R114 ( net60 net111)  R=9.5E0
T115 ( net111 net111 0 0)  nfet  L=2.60E-6 W=4.59E-6
T116 ( net136 net111 0 0)  nfet  L=2.60E-6 W=4.59E-6
