CM arch: 1
Netlist: 
T1 ( net89 net89 vdd! vdd!)  pfet  L=1.74E-6 W=0.60E-6
T2 ( net42 net89 vdd! vdd!)  pfet  L=1.74E-6 W=0.60E-6
R3 ( net42 net104)  R=2.1E2
CM arch: 2
Netlist: 
R7 ( net72 net145)  R=0.2E0
T8 ( net145 net145 vdd! vdd!)  pfet  L=8.84E-6 W=0.57E-6
T9 ( net94 net145 vdd! vdd!)  pfet  L=8.84E-6 W=0.57E-6
CM arch: 3
Netlist: 
R11 ( net65 net64)  R=8.2E6
T12 ( net64 net215 vdd! vdd!)  pfet  L=6.74E-6 W=3.18E-6
T13 ( net134 net215 vdd! vdd!)  pfet  L=6.74E-6 W=3.18E-6
T14 ( net9 net64 net134 vdd!)  pfet  L=6.74E-6 W=3.18E-6
CM arch: 5
Netlist: 
R16 ( net142 net180)  R=7.0E6
T17 ( net180 net180 net226 0)  nfet  L=8.96E-6 W=9.69E-6
T18 ( net226 net250 0 0)  nfet  L=8.96E-6 W=9.69E-6
T19 ( net250 net250 0 0)  nfet  L=8.96E-6 W=9.69E-6
T20 ( vdd! net180 net250 0)  nfet  L=8.96E-6 W=9.69E-6
CM arch: 2
Netlist: 
R22 ( net79 net125)  R=0.9E0
T23 ( net125 net125 0 0)  nfet  L=2.75E-6 W=4.17E-6
T24 ( net60 net125 0 0)  nfet  L=2.75E-6 W=4.17E-6
CM arch: 2
Netlist: 
R26 ( net48 net63)  R=4.9E5
T27 ( net63 net63 0 0)  nfet  L=2.98E-6 W=0.88E-6
T28 ( net112 net63 0 0)  nfet  L=2.98E-6 W=0.88E-6
CM arch: 3
Netlist: 
R31 ( vdd! net269)  R=3.0E6
T32 ( net269 net22 0 0)  nfet  L=7.80E-6 W=0.63E-6
T33 ( net41 net22 0 0)  nfet  L=7.80E-6 W=0.63E-6
T34 ( net16 net269 net41 0)  nfet  L=7.80E-6 W=0.63E-6
CM arch: 1
Netlist: 
T39 ( net110 net110 0 0)  nfet  L=3.11E-6 W=2.08E-6
T40 ( net273 net110 0 0)  nfet  L=3.11E-6 W=2.08E-6
R41 ( net273 net138)  R=8.7E5
CM arch: 5
Netlist: 
R43 ( net220 net69)  R=6.6E3
T44 ( net69 net69 net29 vdd!)  pfet  L=4.35E-6 W=6.50E-6
T45 ( net29 net17 vdd! vdd!)  pfet  L=4.35E-6 W=6.50E-6
T46 ( net17 net17 vdd! vdd!)  pfet  L=4.35E-6 W=6.50E-6
T47 ( net58 net69 net17 vdd!)  pfet  L=4.35E-6 W=6.50E-6
CM arch: 2
Netlist: 
R49 ( net19 net209)  R=6.7E3
T50 ( net209 net209 vdd! vdd!)  pfet  L=8.45E-6 W=2.01E-6
T51 ( net48 net209 vdd! vdd!)  pfet  L=8.45E-6 W=2.01E-6
CM arch: 2
Netlist: 
R55 ( net181 net217)  R=3.2E2
T56 ( net217 net217 vdd! vdd!)  pfet  L=5.60E-6 W=6.69E-6
T57 ( net119 net217 vdd! vdd!)  pfet  L=5.60E-6 W=6.69E-6
CM arch: 4
Netlist: 
R60 ( net3 net169)  R=8.3E4
T61 ( net169 net75 0 0)  nfet  L=5.40E-6 W=4.06E-6
T62 ( net101 net75 0 0)  nfet  L=5.40E-6 W=4.06E-6
T63 ( vdd! net169 net75 0)  nfet  L=5.40E-6 W=4.06E-6
CM arch: 5
Netlist: 
R70 ( net36 net67)  R=2.5E4
T71 ( net67 net67 net1 vdd!)  pfet  L=3.02E-6 W=1.92E-6
T72 ( net1 net24 vdd! vdd!)  pfet  L=3.02E-6 W=1.92E-6
T73 ( net24 net24 vdd! vdd!)  pfet  L=3.02E-6 W=1.92E-6
T74 ( net198 net67 net24 vdd!)  pfet  L=3.02E-6 W=1.92E-6
CM arch: 1
Netlist: 
T77 ( net48 net48 0 0)  nfet  L=2.84E-6 W=9.12E-6
T78 ( net248 net48 0 0)  nfet  L=2.84E-6 W=9.12E-6
R79 ( net248 net106)  R=1.7E5
CM arch: 1
Netlist: 
T81 ( net179 net179 0 0)  nfet  L=3.00E-6 W=4.37E-6
T82 ( net160 net179 0 0)  nfet  L=3.00E-6 W=4.37E-6
R83 ( net160 net193)  R=2.9E2
CM arch: 4
Netlist: 
R85 ( net30 net174)  R=0.8E1
T86 ( net174 net261 vdd! vdd!)  pfet  L=0.82E-6 W=6.93E-6
T87 ( 0 net261 vdd! vdd!)  pfet  L=0.82E-6 W=6.93E-6
T88 ( 0 net174 net261 vdd!)  pfet  L=0.82E-6 W=6.93E-6
CM arch: 3
Netlist: 
R91 ( net124 net23)  R=5.3E1
T92 ( net23 net185 vdd! vdd!)  pfet  L=9.23E-6 W=7.86E-6
T93 ( net28 net185 vdd! vdd!)  pfet  L=9.23E-6 W=7.86E-6
T94 ( net11 net23 net28 vdd!)  pfet  L=9.23E-6 W=7.86E-6
CM arch: 1
Netlist: 
T96 ( net254 net254 0 0)  nfet  L=6.23E-6 W=2.91E-6
T97 ( net97 net254 0 0)  nfet  L=6.23E-6 W=2.91E-6
R98 ( net97 net141)  R=4.7E3
CM arch: 3
Netlist: 
R100 ( net246 net152)  R=6.5E5
T101 ( net152 net80 vdd! vdd!)  pfet  L=2.39E-6 W=5.64E-6
T102 ( net122 net80 vdd! vdd!)  pfet  L=2.39E-6 W=5.64E-6
T103 ( net231 net152 net122 vdd!)  pfet  L=2.39E-6 W=5.64E-6
CM arch: 4
Netlist: 
R105 ( net228 net3)  R=5.4E5
T106 ( net3 net70 vdd! vdd!)  pfet  L=2.19E-6 W=6.01E-6
T107 ( net200 net70 vdd! vdd!)  pfet  L=2.19E-6 W=6.01E-6
T108 ( 0 net3 net70 vdd!)  pfet  L=2.19E-6 W=6.01E-6
