CM arch: 1
Netlist: 
T1 ( net121 net121 vdd! vdd!)  pfet  L=9.15E-6 W=7.27E-6
T2 ( net91 net121 vdd! vdd!)  pfet  L=9.15E-6 W=7.27E-6
R3 ( net91 net23)  R=0.5E0
CM arch: 3
Netlist: 
R5 ( net116 net14)  R=1.2E5
T6 ( net14 net61 vdd! vdd!)  pfet  L=9.05E-6 W=8.72E-6
T7 ( net106 net61 vdd! vdd!)  pfet  L=9.05E-6 W=8.72E-6
T8 ( net35 net14 net106 vdd!)  pfet  L=9.05E-6 W=8.72E-6
CM arch: 5
Netlist: 
R10 ( net28 net66)  R=5.8E4
T11 ( net66 net66 net25 0)  nfet  L=7.71E-6 W=9.56E-6
T12 ( net25 net82 0 0)  nfet  L=7.71E-6 W=9.56E-6
T13 ( net82 net82 0 0)  nfet  L=7.71E-6 W=9.56E-6
T14 ( net39 net66 net82 0)  nfet  L=7.71E-6 W=9.56E-6
CM arch: 2
Netlist: 
R16 ( net116 net69)  R=2.2E2
T17 ( net69 net69 0 0)  nfet  L=0.57E-6 W=6.77E-6
T18 ( net57 net69 0 0)  nfet  L=0.57E-6 W=6.77E-6
CM arch: 3
Netlist: 
R24 ( vdd! net79)  R=3.1E4
T25 ( net79 net119 vdd! vdd!)  pfet  L=7.01E-6 W=5.60E-6
T26 ( net30 net119 vdd! vdd!)  pfet  L=7.01E-6 W=5.60E-6
T27 ( net97 net79 net30 vdd!)  pfet  L=7.01E-6 W=5.60E-6
CM arch: 1
Netlist: 
T29 ( net73 net73 vdd! vdd!)  pfet  L=5.14E-6 W=1.21E-6
T30 ( net123 net73 vdd! vdd!)  pfet  L=5.14E-6 W=1.21E-6
R31 ( net123 net75)  R=1.8E0
CM arch: 5
Netlist: 
R36 ( net89 net3)  R=4.6E2
T37 ( net3 net3 net47 vdd!)  pfet  L=8.90E-6 W=3.62E-6
T38 ( net47 net72 vdd! vdd!)  pfet  L=8.90E-6 W=3.62E-6
T39 ( net72 net72 vdd! vdd!)  pfet  L=8.90E-6 W=3.62E-6
T40 ( net9 net3 net72 vdd!)  pfet  L=8.90E-6 W=3.62E-6
CM arch: 5
Netlist: 
R42 ( net5 net102)  R=7.2E1
T43 ( net102 net102 net19 0)  nfet  L=3.48E-6 W=7.17E-6
T44 ( net19 net7 0 0)  nfet  L=3.48E-6 W=7.17E-6
T45 ( net7 net7 0 0)  nfet  L=3.48E-6 W=7.17E-6
T46 ( net116 net102 net7 0)  nfet  L=3.48E-6 W=7.17E-6
CM arch: 4
Netlist: 
R51 ( net112 net68)  R=1.1E5
T52 ( net68 net94 vdd! vdd!)  pfet  L=5.64E-6 W=5.45E-6
T53 ( net85 net94 vdd! vdd!)  pfet  L=5.64E-6 W=5.45E-6
T54 ( 0 net68 net94 vdd!)  pfet  L=5.64E-6 W=5.45E-6
CM arch: 5
Netlist: 
R57 ( net32 net105)  R=4.8E3
T58 ( net105 net105 net74 0)  nfet  L=8.34E-6 W=5.32E-6
T59 ( net74 net40 0 0)  nfet  L=8.34E-6 W=5.32E-6
T60 ( net40 net40 0 0)  nfet  L=8.34E-6 W=5.32E-6
T61 ( net20 net105 net40 0)  nfet  L=8.34E-6 W=5.32E-6
CM arch: 5
Netlist: 
R63 ( net17 net97)  R=4.0E4
T64 ( net97 net97 net104 0)  nfet  L=3.09E-6 W=3.66E-6
T65 ( net104 net48 0 0)  nfet  L=3.09E-6 W=3.66E-6
T66 ( net48 net48 0 0)  nfet  L=3.09E-6 W=3.66E-6
T67 ( net56 net97 net48 0)  nfet  L=3.09E-6 W=3.66E-6
CM arch: 4
Netlist: 
R70 ( net65 net12)  R=9.0E3
T71 ( net12 net64 vdd! vdd!)  pfet  L=3.08E-6 W=9.24E-6
T72 ( net16 net64 vdd! vdd!)  pfet  L=3.08E-6 W=9.24E-6
T73 ( 0 net12 net64 vdd!)  pfet  L=3.08E-6 W=9.24E-6
CM arch: 3
Netlist: 
R76 ( net75 net26)  R=5.5E3
T77 ( net26 net2 0 0)  nfet  L=7.86E-6 W=1.17E-6
T78 ( net39 net2 0 0)  nfet  L=7.86E-6 W=1.17E-6
T79 ( net57 net26 net39 0)  nfet  L=7.86E-6 W=1.17E-6
CM arch: 2
Netlist: 
R85 ( net80 net4)  R=4.4E0
T86 ( net4 net4 vdd! vdd!)  pfet  L=7.20E-6 W=4.01E-6
T87 ( net114 net4 vdd! vdd!)  pfet  L=7.20E-6 W=4.01E-6
CM arch: 3
Netlist: 
R89 ( net92 net1)  R=4.5E1
T90 ( net1 net51 0 0)  nfet  L=5.47E-6 W=2.93E-6
T91 ( net110 net51 0 0)  nfet  L=5.47E-6 W=2.93E-6
T92 ( net103 net1 net110 0)  nfet  L=5.47E-6 W=2.93E-6
CM arch: 3
Netlist: 
R94 ( net63 net34)  R=2.7E6
T95 ( net34 net22 vdd! vdd!)  pfet  L=9.78E-6 W=6.09E-6
T96 ( net29 net22 vdd! vdd!)  pfet  L=9.78E-6 W=6.09E-6
T97 ( net50 net34 net29 vdd!)  pfet  L=9.78E-6 W=6.09E-6
