CM arch: 1
Netlist: 
T1 ( net43 net43 vdd! vdd!)  pfet  L=1.49E-6 W=9.55E-6
T2 ( net5 net43 vdd! vdd!)  pfet  L=1.49E-6 W=9.55E-6
R3 ( net5 net98)  R=3.6E1
CM arch: 1
Netlist: 
T6 ( net125 net125 vdd! vdd!)  pfet  L=4.61E-6 W=9.24E-6
T7 ( net7 net125 vdd! vdd!)  pfet  L=4.61E-6 W=9.24E-6
R8 ( net7 net112)  R=2.6E5
CM arch: 1
Netlist: 
T11 ( net60 net60 vdd! vdd!)  pfet  L=3.60E-6 W=4.81E-6
T12 ( net101 net60 vdd! vdd!)  pfet  L=3.60E-6 W=4.81E-6
R13 ( net101 net108)  R=7.4E2
CM arch: 1
Netlist: 
T15 ( net95 net95 0 0)  nfet  L=6.41E-6 W=0.26E-6
T16 ( net79 net95 0 0)  nfet  L=6.41E-6 W=0.26E-6
R17 ( net79 net47)  R=1.2E3
CM arch: 2
Netlist: 
R19 ( net84 net3)  R=6.4E4
T20 ( net3 net3 0 0)  nfet  L=5.37E-6 W=9.54E-6
T21 ( net59 net3 0 0)  nfet  L=5.37E-6 W=9.54E-6
CM arch: 1
Netlist: 
T23 ( net138 net138 0 0)  nfet  L=1.91E-6 W=4.39E-6
T24 ( net104 net138 0 0)  nfet  L=1.91E-6 W=4.39E-6
R25 ( net104 net130)  R=1.4E6
CM arch: 5
Netlist: 
R28 ( 0 net60)  R=3.0E4
T29 ( net60 net60 net86 0)  nfet  L=9.23E-6 W=7.60E-6
T30 ( net86 net78 0 0)  nfet  L=9.23E-6 W=7.60E-6
T31 ( net78 net78 0 0)  nfet  L=9.23E-6 W=7.60E-6
T32 ( net71 net60 net78 0)  nfet  L=9.23E-6 W=7.60E-6
CM arch: 3
Netlist: 
R34 ( net84 net21)  R=7.5E0
T35 ( net21 net33 vdd! vdd!)  pfet  L=3.70E-6 W=3.13E-6
T36 ( net52 net33 vdd! vdd!)  pfet  L=3.70E-6 W=3.13E-6
T37 ( net64 net21 net52 vdd!)  pfet  L=3.70E-6 W=3.13E-6
CM arch: 1
Netlist: 
T39 ( net12 net12 vdd! vdd!)  pfet  L=0.13E-6 W=8.60E-6
T40 ( net127 net12 vdd! vdd!)  pfet  L=0.13E-6 W=8.60E-6
R41 ( net127 net115)  R=1.3E5
CM arch: 5
Netlist: 
R50 ( net40 net111)  R=8.9E6
T51 ( net111 net111 net62 0)  nfet  L=0.15E-6 W=1.86E-6
T52 ( net62 net61 0 0)  nfet  L=0.15E-6 W=1.86E-6
T53 ( net61 net61 0 0)  nfet  L=0.15E-6 W=1.86E-6
T54 ( net106 net111 net61 0)  nfet  L=0.15E-6 W=1.86E-6
CM arch: 2
Netlist: 
R56 ( net71 net35)  R=7.5E1
T57 ( net35 net35 0 0)  nfet  L=4.77E-6 W=1.05E-6
T58 ( net36 net35 0 0)  nfet  L=4.77E-6 W=1.05E-6
CM arch: 3
Netlist: 
R60 ( net76 net66)  R=2.5E0
T61 ( net66 net81 vdd! vdd!)  pfet  L=8.15E-6 W=2.76E-6
T62 ( net125 net81 vdd! vdd!)  pfet  L=8.15E-6 W=2.76E-6
T63 ( net130 net66 net125 vdd!)  pfet  L=8.15E-6 W=2.76E-6
CM arch: 1
Netlist: 
T65 ( net110 net110 0 0)  nfet  L=6.82E-6 W=8.00E-6
T66 ( net103 net110 0 0)  nfet  L=6.82E-6 W=8.00E-6
R67 ( net103 net87)  R=4.2E3
CM arch: 2
Netlist: 
R69 ( net115 net16)  R=8.6E0
T70 ( net16 net16 0 0)  nfet  L=3.16E-6 W=8.68E-6
T71 ( net69 net16 0 0)  nfet  L=3.16E-6 W=8.68E-6
CM arch: 1
Netlist: 
T74 ( net142 net142 0 0)  nfet  L=3.12E-6 W=9.04E-6
T75 ( net115 net142 0 0)  nfet  L=3.12E-6 W=9.04E-6
R76 ( net115 net105)  R=8.7E3
CM arch: 2
Netlist: 
R80 ( net92 net138)  R=0.6E5
T81 ( net138 net138 vdd! vdd!)  pfet  L=5.59E-6 W=7.46E-6
T82 ( net73 net138 vdd! vdd!)  pfet  L=5.59E-6 W=7.46E-6
CM arch: 5
Netlist: 
R84 ( net28 net143)  R=4.4E2
T85 ( net143 net143 net145 0)  nfet  L=6.87E-6 W=6.32E-6
T86 ( net145 net88 0 0)  nfet  L=6.87E-6 W=6.32E-6
T87 ( net88 net88 0 0)  nfet  L=6.87E-6 W=6.32E-6
T88 ( net90 net143 net88 0)  nfet  L=6.87E-6 W=6.32E-6
CM arch: 2
Netlist: 
R90 ( net117 net68)  R=1.7E6
T91 ( net68 net68 0 0)  nfet  L=4.03E-6 W=3.47E-6
T92 ( net120 net68 0 0)  nfet  L=4.03E-6 W=3.47E-6
CM arch: 1
Netlist: 
T94 ( net91 net91 0 0)  nfet  L=3.10E-6 W=6.01E-6
T95 ( net116 net91 0 0)  nfet  L=3.10E-6 W=6.01E-6
R96 ( net116 net13)  R=7.7E3
CM arch: 1
Netlist: 
T99 ( net74 net74 0 0)  nfet  L=9.02E-6 W=3.78E-6
T100 ( net11 net74 0 0)  nfet  L=9.02E-6 W=3.78E-6
R101 ( net11 net140)  R=9.1E3
