CM arch: 4
Netlist: 
R2 ( net32 net33)  R=7.4E0
T3 ( net33 net111 vdd! vdd!)  pfet  L=1.42E-6 W=9.03E-6
T4 ( vdd! net111 vdd! vdd!)  pfet  L=1.42E-6 W=9.03E-6
T5 ( 0 net33 net111 vdd!)  pfet  L=1.42E-6 W=9.03E-6
CM arch: 3
Netlist: 
R9 ( net11 net15)  R=2.5E3
T10 ( net15 net46 0 0)  nfet  L=7.56E-6 W=6.60E-6
T11 ( net60 net46 0 0)  nfet  L=7.56E-6 W=6.60E-6
T12 ( 0 net15 net60 0)  nfet  L=7.56E-6 W=6.60E-6
CM arch: 4
Netlist: 
R14 ( net42 net95)  R=0.4E3
T15 ( net95 net27 vdd! vdd!)  pfet  L=0.94E-6 W=7.60E-6
T16 ( net106 net27 vdd! vdd!)  pfet  L=0.94E-6 W=7.60E-6
T17 ( 0 net95 net27 vdd!)  pfet  L=0.94E-6 W=7.60E-6
CM arch: 3
Netlist: 
R19 ( net50 net101)  R=3.0E6
T20 ( net101 net67 vdd! vdd!)  pfet  L=1.95E-6 W=0.20E-6
T21 ( net64 net67 vdd! vdd!)  pfet  L=1.95E-6 W=0.20E-6
T22 ( vdd! net101 net64 vdd!)  pfet  L=1.95E-6 W=0.20E-6
CM arch: 3
Netlist: 
R25 ( net85 net66)  R=5.4E1
T26 ( net66 net71 vdd! vdd!)  pfet  L=9.01E-6 W=9.63E-6
T27 ( net49 net71 vdd! vdd!)  pfet  L=9.01E-6 W=9.63E-6
T28 ( net108 net66 net49 vdd!)  pfet  L=9.01E-6 W=9.63E-6
CM arch: 5
Netlist: 
R35 ( net10 net83)  R=8.7E3
T36 ( net83 net83 net59 vdd!)  pfet  L=7.99E-6 W=3.73E-6
T37 ( net59 net58 vdd! vdd!)  pfet  L=7.99E-6 W=3.73E-6
T38 ( net58 net58 vdd! vdd!)  pfet  L=7.99E-6 W=3.73E-6
T39 ( net5 net83 net58 vdd!)  pfet  L=7.99E-6 W=3.73E-6
CM arch: 4
Netlist: 
R41 ( 0 net11)  R=5.1E0
T42 ( net11 net97 vdd! vdd!)  pfet  L=6.66E-6 W=7.79E-6
T43 ( net94 net97 vdd! vdd!)  pfet  L=6.66E-6 W=7.79E-6
T44 ( 0 net11 net97 vdd!)  pfet  L=6.66E-6 W=7.79E-6
CM arch: 2
Netlist: 
R46 ( net3 net39)  R=4.4E2
T47 ( net39 net39 0 0)  nfet  L=1.26E-6 W=9.96E-6
T48 ( net90 net39 0 0)  nfet  L=1.26E-6 W=9.96E-6
CM arch: 3
Netlist: 
R50 ( net29 net91)  R=7.6E1
T51 ( net91 net21 vdd! vdd!)  pfet  L=4.70E-6 W=5.92E-6
T52 ( net51 net21 vdd! vdd!)  pfet  L=4.70E-6 W=5.92E-6
T53 ( net43 net91 net51 vdd!)  pfet  L=4.70E-6 W=5.92E-6
CM arch: 3
Netlist: 
R55 ( net110 net30)  R=3.0E2
T56 ( net30 net89 vdd! vdd!)  pfet  L=6.63E-6 W=8.15E-6
T57 ( net70 net89 vdd! vdd!)  pfet  L=6.63E-6 W=8.15E-6
T58 ( net78 net30 net70 vdd!)  pfet  L=6.63E-6 W=8.15E-6
CM arch: 3
Netlist: 
R60 ( net6 net99)  R=0.2E2
T61 ( net99 net23 vdd! vdd!)  pfet  L=5.02E-6 W=4.42E-6
T62 ( net115 net23 vdd! vdd!)  pfet  L=5.02E-6 W=4.42E-6
T63 ( net112 net99 net115 vdd!)  pfet  L=5.02E-6 W=4.42E-6
CM arch: 2
Netlist: 
R66 ( net13 net25)  R=6.8E1
T67 ( net25 net25 vdd! vdd!)  pfet  L=2.35E-6 W=2.45E-6
T68 ( 0 net25 vdd! vdd!)  pfet  L=2.35E-6 W=2.45E-6
CM arch: 1
Netlist: 
T70 ( net61 net61 0 0)  nfet  L=4.57E-6 W=4.68E-6
T71 ( net41 net61 0 0)  nfet  L=4.57E-6 W=4.68E-6
R72 ( net41 net103)  R=9.0E4
CM arch: 1
Netlist: 
T74 ( 0 0 vdd! vdd!)  pfet  L=8.82E-6 W=8.69E-6
T75 ( net44 0 vdd! vdd!)  pfet  L=8.82E-6 W=8.69E-6
R76 ( net44 net37)  R=1.4E3
CM arch: 4
Netlist: 
R78 ( net85 net6)  R=1.7E2
T79 ( net6 net107 vdd! vdd!)  pfet  L=1.76E-6 W=1.40E-6
T80 ( net98 net107 vdd! vdd!)  pfet  L=1.76E-6 W=1.40E-6
T81 ( 0 net6 net107 vdd!)  pfet  L=1.76E-6 W=1.40E-6
CM arch: 1
Netlist: 
T83 ( net57 net57 0 0)  nfet  L=2.09E-6 W=4.50E-6
T84 ( net3 net57 0 0)  nfet  L=2.09E-6 W=4.50E-6
R85 ( net3 net4)  R=1.9E6
CM arch: 3
Netlist: 
R88 ( net77 net31)  R=9.0E0
T89 ( net31 net62 vdd! vdd!)  pfet  L=8.53E-6 W=3.51E-6
T90 ( net72 net62 vdd! vdd!)  pfet  L=8.53E-6 W=3.51E-6
T91 ( net109 net31 net72 vdd!)  pfet  L=8.53E-6 W=3.51E-6
CM arch: 5
Netlist: 
R93 ( net96 net10)  R=7.1E5
T94 ( net10 net10 net17 vdd!)  pfet  L=2.73E-6 W=6.63E-6
T95 ( net17 net7 vdd! vdd!)  pfet  L=2.73E-6 W=6.63E-6
T96 ( net7 net7 vdd! vdd!)  pfet  L=2.73E-6 W=6.63E-6
T97 ( net109 net10 net7 vdd!)  pfet  L=2.73E-6 W=6.63E-6
CM arch: 5
Netlist: 
R100 ( net74 net54)  R=5.9E4
T101 ( net54 net54 net77 vdd!)  pfet  L=3.36E-6 W=9.00E-6
T102 ( net77 net28 vdd! vdd!)  pfet  L=3.36E-6 W=9.00E-6
T103 ( net28 net28 vdd! vdd!)  pfet  L=3.36E-6 W=9.00E-6
T104 ( net116 net54 net28 vdd!)  pfet  L=3.36E-6 W=9.00E-6
CM arch: 1
Netlist: 
T106 ( net34 net34 0 0)  nfet  L=4.62E-6 W=6.35E-6
T107 ( net88 net34 0 0)  nfet  L=4.62E-6 W=6.35E-6
R108 ( net88 vdd!)  R=3.1E4
