CM arch: 4
Netlist: 
R1 ( vdd! net204)  R=4.0E2
T2 ( net204 net132 0 0)  nfet  L=4.14E-6 W=3.13E-6
T3 ( net107 net132 0 0)  nfet  L=4.14E-6 W=3.13E-6
T4 ( vdd! net204 net132 0)  nfet  L=4.14E-6 W=3.13E-6
CM arch: 5
Netlist: 
R7 ( net213 net160)  R=5.1E4
T8 ( net160 net160 net51 vdd!)  pfet  L=3.61E-6 W=8.35E-6
T9 ( net51 net96 vdd! vdd!)  pfet  L=3.61E-6 W=8.35E-6
T10 ( net96 net96 vdd! vdd!)  pfet  L=3.61E-6 W=8.35E-6
T11 ( net280 net160 net96 vdd!)  pfet  L=3.61E-6 W=8.35E-6
CM arch: 3
Netlist: 
R14 ( net9 net186)  R=8.9E2
T15 ( net186 net130 0 0)  nfet  L=1.40E-6 W=5.52E-6
T16 ( net284 net130 0 0)  nfet  L=1.40E-6 W=5.52E-6
T17 ( vdd! net186 net284 0)  nfet  L=1.40E-6 W=5.52E-6
CM arch: 2
Netlist: 
R19 ( net18 net107)  R=1.1E4
T20 ( net107 net107 vdd! vdd!)  pfet  L=1.46E-6 W=5.69E-6
T21 ( net215 net107 vdd! vdd!)  pfet  L=1.46E-6 W=5.69E-6
CM arch: 1
Netlist: 
T23 ( net102 net102 0 0)  nfet  L=0.65E-6 W=7.59E-6
T24 ( net103 net102 0 0)  nfet  L=0.65E-6 W=7.59E-6
R25 ( net103 net222)  R=3.8E0
CM arch: 5
Netlist: 
R27 ( net44 net143)  R=8.7E1
T28 ( net143 net143 net217 0)  nfet  L=9.53E-6 W=4.38E-6
T29 ( net217 net243 0 0)  nfet  L=9.53E-6 W=4.38E-6
T30 ( net243 net243 0 0)  nfet  L=9.53E-6 W=4.38E-6
T31 ( net188 net143 net243 0)  nfet  L=9.53E-6 W=4.38E-6
CM arch: 4
Netlist: 
R35 ( net281 net241)  R=8.0E4
T36 ( net241 net290 0 0)  nfet  L=4.79E-6 W=0.67E-6
T37 ( net176 net290 0 0)  nfet  L=4.79E-6 W=0.67E-6
T38 ( vdd! net241 net290 0)  nfet  L=4.79E-6 W=0.67E-6
CM arch: 1
Netlist: 
T40 ( net145 net145 0 0)  nfet  L=8.05E-6 W=0.21E-6
T41 ( net172 net145 0 0)  nfet  L=8.05E-6 W=0.21E-6
R42 ( net172 net102)  R=6.2E3
CM arch: 2
Netlist: 
R48 ( 0 net179)  R=6.0E1
T49 ( net179 net179 0 0)  nfet  L=6.58E-6 W=9.92E-6
T50 ( net206 net179 0 0)  nfet  L=6.58E-6 W=9.92E-6
CM arch: 3
Netlist: 
R52 ( net104 net89)  R=3.6E3
T53 ( net89 net23 0 0)  nfet  L=2.86E-6 W=3.83E-6
T54 ( net281 net23 0 0)  nfet  L=2.86E-6 W=3.83E-6
T55 ( net67 net89 net281 0)  nfet  L=2.86E-6 W=3.83E-6
CM arch: 1
Netlist: 
T58 ( net288 net288 0 0)  nfet  L=7.41E-6 W=8.30E-6
T59 ( net168 net288 0 0)  nfet  L=7.41E-6 W=8.30E-6
R60 ( net168 net154)  R=9.6E4
CM arch: 1
Netlist: 
T62 ( net211 net211 0 0)  nfet  L=4.80E-6 W=6.82E-6
T63 ( net239 net211 0 0)  nfet  L=4.80E-6 W=6.82E-6
R64 ( net239 net223)  R=4.9E6
CM arch: 4
Netlist: 
R66 ( net55 net86)  R=1.2E5
T67 ( net86 net31 vdd! vdd!)  pfet  L=6.17E-6 W=7.10E-6
T68 ( net26 net31 vdd! vdd!)  pfet  L=6.17E-6 W=7.10E-6
T69 ( 0 net86 net31 vdd!)  pfet  L=6.17E-6 W=7.10E-6
CM arch: 3
Netlist: 
R75 ( net49 net249)  R=4.5E6
T76 ( net249 net263 0 0)  nfet  L=1.52E-6 W=6.52E-6
T77 ( net188 net263 0 0)  nfet  L=1.52E-6 W=6.52E-6
T78 ( net113 net249 net188 0)  nfet  L=1.52E-6 W=6.52E-6
CM arch: 3
Netlist: 
R83 ( net127 net230)  R=0.7E5
T84 ( net230 net37 vdd! vdd!)  pfet  L=9.28E-6 W=3.79E-6
T85 ( net115 net37 vdd! vdd!)  pfet  L=9.28E-6 W=3.79E-6
T86 ( vdd! net230 net115 vdd!)  pfet  L=9.28E-6 W=3.79E-6
CM arch: 2
Netlist: 
R89 ( vdd! net291)  R=7.8E1
T90 ( net291 net291 vdd! vdd!)  pfet  L=8.40E-6 W=9.17E-6
T91 ( net248 net291 vdd! vdd!)  pfet  L=8.40E-6 W=9.17E-6
CM arch: 1
Netlist: 
T94 ( net205 net205 0 0)  nfet  L=8.25E-6 W=2.37E-6
T95 ( net57 net205 0 0)  nfet  L=8.25E-6 W=2.37E-6
R96 ( net57 net30)  R=2.5E2
CM arch: 3
Netlist: 
R98 ( net25 net106)  R=9.5E4
T99 ( net106 net82 vdd! vdd!)  pfet  L=4.53E-6 W=1.83E-6
T100 ( net29 net82 vdd! vdd!)  pfet  L=4.53E-6 W=1.83E-6
T101 ( net92 net106 net29 vdd!)  pfet  L=4.53E-6 W=1.83E-6
CM arch: 3
Netlist: 
R106 ( net205 net164)  R=0.3E3
T107 ( net164 net182 0 0)  nfet  L=0.21E-6 W=8.27E-6
T108 ( net1 net182 0 0)  nfet  L=0.21E-6 W=8.27E-6
T109 ( net206 net164 net1 0)  nfet  L=0.21E-6 W=8.27E-6
CM arch: 1
Netlist: 
T111 ( net193 net193 vdd! vdd!)  pfet  L=4.01E-6 W=8.50E-6
T112 ( net203 net193 vdd! vdd!)  pfet  L=4.01E-6 W=8.50E-6
R113 ( net203 net135)  R=8.0E5
