CM arch: 1
Netlist: 
T1 ( net6 net6 vdd! vdd!)  pfet  L=3.51E-6 W=3.29E-6
T2 ( net68 net6 vdd! vdd!)  pfet  L=3.51E-6 W=3.29E-6
R3 ( net68 0)  R=9.1E0
CM arch: 4
Netlist: 
R5 ( net122 net63)  R=3.9E5
T6 ( net63 net25 0 0)  nfet  L=1.78E-6 W=4.17E-6
T7 ( net15 net25 0 0)  nfet  L=1.78E-6 W=4.17E-6
T8 ( vdd! net63 net25 0)  nfet  L=1.78E-6 W=4.17E-6
CM arch: 1
Netlist: 
T11 ( net75 net75 vdd! vdd!)  pfet  L=8.12E-6 W=3.13E-6
T12 ( net135 net75 vdd! vdd!)  pfet  L=8.12E-6 W=3.13E-6
R13 ( net135 net39)  R=1.0E4
CM arch: 2
Netlist: 
R16 ( net84 net122)  R=1.0E1
T17 ( net122 net122 0 0)  nfet  L=2.82E-6 W=5.22E-6
T18 ( net75 net122 0 0)  nfet  L=2.82E-6 W=5.22E-6
CM arch: 2
Netlist: 
R20 ( net133 net125)  R=3.6E4
T21 ( net125 net125 vdd! vdd!)  pfet  L=1.23E-6 W=9.39E-6
T22 ( 0 net125 vdd! vdd!)  pfet  L=1.23E-6 W=9.39E-6
CM arch: 5
Netlist: 
R24 ( net98 net114)  R=0.5E4
T25 ( net114 net114 net96 0)  nfet  L=4.40E-6 W=5.41E-6
T26 ( net96 net37 0 0)  nfet  L=4.40E-6 W=5.41E-6
T27 ( net37 net37 0 0)  nfet  L=4.40E-6 W=5.41E-6
T28 ( net85 net114 net37 0)  nfet  L=4.40E-6 W=5.41E-6
CM arch: 5
Netlist: 
R30 ( net70 net10)  R=1.2E0
T31 ( net10 net10 net99 0)  nfet  L=4.65E-6 W=6.72E-6
T32 ( net99 net89 0 0)  nfet  L=4.65E-6 W=6.72E-6
T33 ( net89 net89 0 0)  nfet  L=4.65E-6 W=6.72E-6
T34 ( 0 net10 net89 0)  nfet  L=4.65E-6 W=6.72E-6
CM arch: 1
Netlist: 
T39 ( net18 net18 0 0)  nfet  L=6.54E-6 W=9.77E-6
T40 ( net77 net18 0 0)  nfet  L=6.54E-6 W=9.77E-6
R41 ( net77 net121)  R=5.5E4
CM arch: 3
Netlist: 
R44 ( 0 net95)  R=2.7E1
T45 ( net95 net49 0 0)  nfet  L=1.98E-6 W=5.05E-6
T46 ( net5 net49 0 0)  nfet  L=1.98E-6 W=5.05E-6
T47 ( net100 net95 net5 0)  nfet  L=1.98E-6 W=5.05E-6
CM arch: 3
Netlist: 
R49 ( net94 net30)  R=4.8E3
T50 ( net30 net55 0 0)  nfet  L=9.62E-6 W=1.48E-6
T51 ( net38 net55 0 0)  nfet  L=9.62E-6 W=1.48E-6
T52 ( net144 net30 net38 0)  nfet  L=9.62E-6 W=1.48E-6
CM arch: 1
Netlist: 
T59 ( net46 net46 vdd! vdd!)  pfet  L=5.45E-6 W=3.51E-6
T60 ( net23 net46 vdd! vdd!)  pfet  L=5.45E-6 W=3.51E-6
R61 ( net23 net79)  R=4.0E1
CM arch: 4
Netlist: 
R63 ( net121 net87)  R=3.7E4
T64 ( net87 net17 0 0)  nfet  L=1.31E-6 W=8.12E-6
T65 ( net66 net17 0 0)  nfet  L=1.31E-6 W=8.12E-6
T66 ( vdd! net87 net17 0)  nfet  L=1.31E-6 W=8.12E-6
CM arch: 2
Netlist: 
R68 ( net74 net36)  R=3.3E0
T69 ( net36 net36 0 0)  nfet  L=6.29E-6 W=4.91E-6
T70 ( net35 net36 0 0)  nfet  L=6.29E-6 W=4.91E-6
CM arch: 5
Netlist: 
R72 ( vdd! net28)  R=8.6E2
T73 ( net28 net28 net19 vdd!)  pfet  L=4.92E-6 W=4.45E-6
T74 ( net19 net9 vdd! vdd!)  pfet  L=4.92E-6 W=4.45E-6
T75 ( net9 net9 vdd! vdd!)  pfet  L=4.92E-6 W=4.45E-6
T76 ( 0 net28 net9 vdd!)  pfet  L=4.92E-6 W=4.45E-6
CM arch: 2
Netlist: 
R79 ( net4 net150)  R=5.2E6
T80 ( net150 net150 0 0)  nfet  L=3.96E-6 W=8.73E-6
T81 ( net3 net150 0 0)  nfet  L=3.96E-6 W=8.73E-6
CM arch: 2
Netlist: 
R83 ( net145 net86)  R=8.3E5
T84 ( net86 net86 vdd! vdd!)  pfet  L=1.78E-6 W=1.23E-6
T85 ( net91 net86 vdd! vdd!)  pfet  L=1.78E-6 W=1.23E-6
CM arch: 2
Netlist: 
R87 ( net151 net20)  R=6.8E5
T88 ( net20 net20 0 0)  nfet  L=1.44E-6 W=2.85E-6
T89 ( net102 net20 0 0)  nfet  L=1.44E-6 W=2.85E-6
CM arch: 2
Netlist: 
R92 ( net126 net57)  R=8.1E4
T93 ( net57 net57 0 0)  nfet  L=9.88E-6 W=5.53E-6
T94 ( net131 net57 0 0)  nfet  L=9.88E-6 W=5.53E-6
CM arch: 3
Netlist: 
R96 ( net136 net132)  R=9.3E1
T97 ( net132 net144 vdd! vdd!)  pfet  L=9.63E-6 W=7.20E-6
T98 ( net14 net144 vdd! vdd!)  pfet  L=9.63E-6 W=7.20E-6
T99 ( vdd! net132 net14 vdd!)  pfet  L=9.63E-6 W=7.20E-6
CM arch: 5
Netlist: 
R101 ( net126 net74)  R=6.4E0
T102 ( net74 net74 net82 0)  nfet  L=9.09E-6 W=1.42E-6
T103 ( net82 net91 0 0)  nfet  L=9.09E-6 W=1.42E-6
T104 ( net91 net91 0 0)  nfet  L=9.09E-6 W=1.42E-6
T105 ( net149 net74 net91 0)  nfet  L=9.09E-6 W=1.42E-6
