CM arch: 4
Netlist: 
R1 ( net18 net37)  R=9.2E2
T2 ( net37 net96 vdd! vdd!)  pfet  L=0.28E-6 W=1.90E-6
T3 ( net90 net96 vdd! vdd!)  pfet  L=0.28E-6 W=1.90E-6
T4 ( 0 net37 net96 vdd!)  pfet  L=0.28E-6 W=1.90E-6
CM arch: 3
Netlist: 
R6 ( 0 net99)  R=0.6E1
T7 ( net99 net20 vdd! vdd!)  pfet  L=8.81E-6 W=1.92E-6
T8 ( net88 net20 vdd! vdd!)  pfet  L=8.81E-6 W=1.92E-6
T9 ( net100 net99 net88 vdd!)  pfet  L=8.81E-6 W=1.92E-6
CM arch: 2
Netlist: 
R14 ( vdd! net56)  R=5.0E6
T15 ( net56 net56 vdd! vdd!)  pfet  L=3.83E-6 W=1.73E-6
T16 ( net1 net56 vdd! vdd!)  pfet  L=3.83E-6 W=1.73E-6
CM arch: 4
Netlist: 
R18 ( net22 net25)  R=5.7E0
T19 ( net25 net91 0 0)  nfet  L=6.75E-6 W=1.45E-6
T20 ( net10 net91 0 0)  nfet  L=6.75E-6 W=1.45E-6
T21 ( vdd! net25 net91 0)  nfet  L=6.75E-6 W=1.45E-6
CM arch: 3
Netlist: 
R23 ( net101 net32)  R=8.5E3
T24 ( net32 net16 vdd! vdd!)  pfet  L=7.36E-6 W=3.26E-6
T25 ( net83 net16 vdd! vdd!)  pfet  L=7.36E-6 W=3.26E-6
T26 ( net71 net32 net83 vdd!)  pfet  L=7.36E-6 W=3.26E-6
CM arch: 2
Netlist: 
R28 ( net46 net26)  R=8.7E3
T29 ( net26 net26 0 0)  nfet  L=8.52E-6 W=8.56E-6
T30 ( net11 net26 0 0)  nfet  L=8.52E-6 W=8.56E-6
CM arch: 1
Netlist: 
T35 ( net108 net108 vdd! vdd!)  pfet  L=4.02E-6 W=2.77E-6
T36 ( net42 net108 vdd! vdd!)  pfet  L=4.02E-6 W=2.77E-6
R37 ( net42 net94)  R=0.2E2
CM arch: 5
Netlist: 
R41 ( net29 net85)  R=1.9E5
T42 ( net85 net85 net94 0)  nfet  L=8.35E-6 W=4.33E-6
T43 ( net94 net50 0 0)  nfet  L=8.35E-6 W=4.33E-6
T44 ( net50 net50 0 0)  nfet  L=8.35E-6 W=4.33E-6
T45 ( net74 net85 net50 0)  nfet  L=8.35E-6 W=4.33E-6
CM arch: 2
Netlist: 
R48 ( net105 net29)  R=2.7E4
T49 ( net29 net29 vdd! vdd!)  pfet  L=7.41E-6 W=2.30E-6
T50 ( net114 net29 vdd! vdd!)  pfet  L=7.41E-6 W=2.30E-6
CM arch: 1
Netlist: 
T52 ( net3 net3 0 0)  nfet  L=9.21E-6 W=8.40E-6
T53 ( net45 net3 0 0)  nfet  L=9.21E-6 W=8.40E-6
R54 ( net45 0)  R=1.5E6
CM arch: 3
Netlist: 
R58 ( net113 net28)  R=3.5E1
T59 ( net28 net98 0 0)  nfet  L=2.00E-6 W=6.98E-6
T60 ( net7 net98 0 0)  nfet  L=2.00E-6 W=6.98E-6
T61 ( net72 net28 net7 0)  nfet  L=2.00E-6 W=6.98E-6
