CM arch: 2
Netlist: 
R1 ( net28 net194)  R=6.2E0
T2 ( net194 net194 0 0)  nfet  L=6.96E-6 W=0.86E-6
T3 ( net147 net194 0 0)  nfet  L=6.96E-6 W=0.86E-6
CM arch: 4
Netlist: 
R5 ( net80 net92)  R=6.5E6
T6 ( net92 net107 0 0)  nfet  L=7.62E-6 W=6.49E-6
T7 ( net165 net107 0 0)  nfet  L=7.62E-6 W=6.49E-6
T8 ( vdd! net92 net107 0)  nfet  L=7.62E-6 W=6.49E-6
CM arch: 1
Netlist: 
T10 ( net81 net81 vdd! vdd!)  pfet  L=8.77E-6 W=1.30E-6
T11 ( net251 net81 vdd! vdd!)  pfet  L=8.77E-6 W=1.30E-6
R12 ( net251 net23)  R=7.0E4
CM arch: 5
Netlist: 
R16 ( net171 net216)  R=3.1E2
T17 ( net216 net216 net255 0)  nfet  L=6.73E-6 W=6.65E-6
T18 ( net255 net2 0 0)  nfet  L=6.73E-6 W=6.65E-6
T19 ( net2 net2 0 0)  nfet  L=6.73E-6 W=6.65E-6
T20 ( net109 net216 net2 0)  nfet  L=6.73E-6 W=6.65E-6
CM arch: 5
Netlist: 
R23 ( net172 net240)  R=2.4E5
T24 ( net240 net240 net46 vdd!)  pfet  L=6.59E-6 W=9.96E-6
T25 ( net46 net238 vdd! vdd!)  pfet  L=6.59E-6 W=9.96E-6
T26 ( net238 net238 vdd! vdd!)  pfet  L=6.59E-6 W=9.96E-6
T27 ( net212 net240 net238 vdd!)  pfet  L=6.59E-6 W=9.96E-6
CM arch: 4
Netlist: 
R30 ( net205 net187)  R=9.5E3
T31 ( net187 net183 0 0)  nfet  L=9.35E-6 W=1.01E-6
T32 ( net231 net183 0 0)  nfet  L=9.35E-6 W=1.01E-6
T33 ( vdd! net187 net183 0)  nfet  L=9.35E-6 W=1.01E-6
CM arch: 4
Netlist: 
R35 ( net280 net1)  R=7.3E3
T36 ( net1 net108 0 0)  nfet  L=7.30E-6 W=9.36E-6
T37 ( net97 net108 0 0)  nfet  L=7.30E-6 W=9.36E-6
T38 ( vdd! net1 net108 0)  nfet  L=7.30E-6 W=9.36E-6
CM arch: 3
Netlist: 
R41 ( net276 net87)  R=4.6E4
T42 ( net87 net53 0 0)  nfet  L=7.38E-6 W=9.43E-6
T43 ( net179 net53 0 0)  nfet  L=7.38E-6 W=9.43E-6
T44 ( net231 net87 net179 0)  nfet  L=7.38E-6 W=9.43E-6
CM arch: 3
Netlist: 
R48 ( net175 net266)  R=7.7E0
T49 ( net266 net114 0 0)  nfet  L=4.76E-6 W=2.12E-6
T50 ( net95 net114 0 0)  nfet  L=4.76E-6 W=2.12E-6
T51 ( net154 net266 net95 0)  nfet  L=4.76E-6 W=2.12E-6
CM arch: 2
Netlist: 
R53 ( net166 net205)  R=3.6E2
T54 ( net205 net205 0 0)  nfet  L=7.90E-6 W=4.54E-6
T55 ( net264 net205 0 0)  nfet  L=7.90E-6 W=4.54E-6
CM arch: 4
Netlist: 
R57 ( net126 net143)  R=9.3E6
T58 ( net143 net286 0 0)  nfet  L=7.97E-6 W=4.50E-6
T59 ( net214 net286 0 0)  nfet  L=7.97E-6 W=4.50E-6
T60 ( vdd! net143 net286 0)  nfet  L=7.97E-6 W=4.50E-6
CM arch: 1
Netlist: 
T63 ( net249 net249 0 0)  nfet  L=8.16E-6 W=9.28E-6
T64 ( net257 net249 0 0)  nfet  L=8.16E-6 W=9.28E-6
R65 ( net257 net72)  R=5.9E1
CM arch: 4
Netlist: 
R70 ( net67 net180)  R=6.1E1
T71 ( net180 net182 0 0)  nfet  L=8.82E-6 W=3.34E-6
T72 ( net158 net182 0 0)  nfet  L=8.82E-6 W=3.34E-6
T73 ( vdd! net180 net182 0)  nfet  L=8.82E-6 W=3.34E-6
CM arch: 2
Netlist: 
R79 ( net96 net90)  R=2.8E5
T80 ( net90 net90 0 0)  nfet  L=7.09E-6 W=1.35E-6
T81 ( net142 net90 0 0)  nfet  L=7.09E-6 W=1.35E-6
CM arch: 5
Netlist: 
R83 ( net243 net34)  R=9.8E2
T84 ( net34 net34 net279 vdd!)  pfet  L=4.40E-6 W=0.94E-6
T85 ( net279 net236 vdd! vdd!)  pfet  L=4.40E-6 W=0.94E-6
T86 ( net236 net236 vdd! vdd!)  pfet  L=4.40E-6 W=0.94E-6
T87 ( net120 net34 net236 vdd!)  pfet  L=4.40E-6 W=0.94E-6
CM arch: 2
Netlist: 
R94 ( 0 net144)  R=8.4E2
T95 ( net144 net144 0 0)  nfet  L=1.83E-6 W=5.50E-6
T96 ( vdd! net144 0 0)  nfet  L=1.83E-6 W=5.50E-6
CM arch: 1
Netlist: 
T98 ( net189 net189 0 0)  nfet  L=7.31E-6 W=2.02E-6
T99 ( net42 net189 0 0)  nfet  L=7.31E-6 W=2.02E-6
R100 ( net42 net58)  R=2.1E6
CM arch: 4
Netlist: 
R102 ( net122 net45)  R=1.9E3
T103 ( net45 net12 vdd! vdd!)  pfet  L=8.94E-6 W=7.79E-6
T104 ( net8 net12 vdd! vdd!)  pfet  L=8.94E-6 W=7.79E-6
T105 ( 0 net45 net12 vdd!)  pfet  L=8.94E-6 W=7.79E-6
CM arch: 3
Netlist: 
R107 ( net28 net185)  R=5.9E5
T108 ( net185 net201 vdd! vdd!)  pfet  L=9.76E-6 W=3.78E-6
T109 ( net129 net201 vdd! vdd!)  pfet  L=9.76E-6 W=3.78E-6
T110 ( net265 net185 net129 vdd!)  pfet  L=9.76E-6 W=3.78E-6
CM arch: 1
Netlist: 
T113 ( 0 0 vdd! vdd!)  pfet  L=5.70E-6 W=9.55E-6
T114 ( net152 0 vdd! vdd!)  pfet  L=5.70E-6 W=9.55E-6
R115 ( net152 vdd!)  R=4.8E1
