CM arch: 5
Netlist: 
R1 ( net30 net20)  R=8.5E1
T2 ( net20 net20 net26 0)  nfet  L=3.57E-6 W=5.90E-6
T3 ( net26 net23 0 0)  nfet  L=3.57E-6 W=5.90E-6
T4 ( net23 net23 0 0)  nfet  L=3.57E-6 W=5.90E-6
T5 ( net32 net20 net23 0)  nfet  L=3.57E-6 W=5.90E-6
CM arch: 2
Netlist: 
R8 ( net39 net19)  R=6.0E3
T9 ( net19 net19 0 0)  nfet  L=0.79E-6 W=2.57E-6
T10 ( net41 net19 0 0)  nfet  L=0.79E-6 W=2.57E-6
CM arch: 2
Netlist: 
R14 ( net37 net34)  R=4.5E4
T15 ( net34 net34 vdd! vdd!)  pfet  L=2.69E-6 W=0.84E-6
T16 ( net2 net34 vdd! vdd!)  pfet  L=2.69E-6 W=0.84E-6
CM arch: 4
Netlist: 
R19 ( net37 net22)  R=0.5E3
T20 ( net22 net10 vdd! vdd!)  pfet  L=4.45E-6 W=2.66E-6
T21 ( net1 net10 vdd! vdd!)  pfet  L=4.45E-6 W=2.66E-6
T22 ( 0 net22 net10 vdd!)  pfet  L=4.45E-6 W=2.66E-6
