CM arch: 3
Netlist: 
R2 ( net14 net5)  R=2.2E2
T3 ( net5 net2 0 0)  nfet  L=7.47E-6 W=5.99E-6
T4 ( net3 net2 0 0)  nfet  L=7.47E-6 W=5.99E-6
T5 ( net29 net5 net3 0)  nfet  L=7.47E-6 W=5.99E-6
CM arch: 5
Netlist: 
R7 ( vdd! net9)  R=2.3E5
T8 ( net9 net9 net1 vdd!)  pfet  L=8.26E-6 W=5.11E-6
T9 ( net1 net4 vdd! vdd!)  pfet  L=8.26E-6 W=5.11E-6
T10 ( net4 net4 vdd! vdd!)  pfet  L=8.26E-6 W=5.11E-6
T11 ( net32 net9 net4 vdd!)  pfet  L=8.26E-6 W=5.11E-6
CM arch: 3
Netlist: 
R15 ( net15 net7)  R=9.5E3
T16 ( net7 net31 0 0)  nfet  L=6.96E-6 W=9.57E-6
T17 ( net12 net31 0 0)  nfet  L=6.96E-6 W=9.57E-6
T18 ( net26 net7 net12 0)  nfet  L=6.96E-6 W=9.57E-6
CM arch: 2
Netlist: 
R22 ( net22 net16)  R=1.8E6
T23 ( net16 net16 vdd! vdd!)  pfet  L=4.24E-6 W=9.61E-6
T24 ( net22 net16 vdd! vdd!)  pfet  L=4.24E-6 W=9.61E-6
