CM arch: 1
Netlist: 
T2 ( net4 net4 0 0)  nfet  L=3.52E-6 W=1.30E-6
T3 ( net32 net4 0 0)  nfet  L=3.52E-6 W=1.30E-6
R4 ( net32 vdd!)  R=2.5E5
CM arch: 4
Netlist: 
R6 ( net9 net21)  R=0.8E4
T7 ( net21 net16 vdd! vdd!)  pfet  L=4.09E-6 W=5.06E-6
T8 ( net25 net16 vdd! vdd!)  pfet  L=4.09E-6 W=5.06E-6
T9 ( 0 net21 net16 vdd!)  pfet  L=4.09E-6 W=5.06E-6
CM arch: 5
Netlist: 
R12 ( net15 net9)  R=7.5E5
T13 ( net9 net9 net25 0)  nfet  L=7.73E-6 W=2.65E-6
T14 ( net25 net34 0 0)  nfet  L=7.73E-6 W=2.65E-6
T15 ( net34 net34 0 0)  nfet  L=7.73E-6 W=2.65E-6
T16 ( net23 net9 net34 0)  nfet  L=7.73E-6 W=2.65E-6
CM arch: 5
Netlist: 
R20 ( net29 net19)  R=9.8E6
T21 ( net19 net19 net26 0)  nfet  L=2.46E-6 W=2.04E-6
T22 ( net26 net36 0 0)  nfet  L=2.46E-6 W=2.04E-6
T23 ( net36 net36 0 0)  nfet  L=2.46E-6 W=2.04E-6
T24 ( net20 net19 net36 0)  nfet  L=2.46E-6 W=2.04E-6
