CM arch: 5
Netlist: 
R1 ( net22 net8)  R=8.5E2
T2 ( net8 net8 net6 vdd!)  pfet  L=2.83E-6 W=8.44E-6
T3 ( net6 net18 vdd! vdd!)  pfet  L=2.83E-6 W=8.44E-6
T4 ( net18 net18 vdd! vdd!)  pfet  L=2.83E-6 W=8.44E-6
T5 ( net12 net8 net18 vdd!)  pfet  L=2.83E-6 W=8.44E-6
CM arch: 2
Netlist: 
R7 ( net14 net15)  R=6.0E3
T8 ( net15 net15 0 0)  nfet  L=6.11E-6 W=6.28E-6
T9 ( net17 net15 0 0)  nfet  L=6.11E-6 W=6.28E-6
CM arch: 2
Netlist: 
R12 ( net24 net23)  R=0.8E1
T13 ( net23 net23 vdd! vdd!)  pfet  L=2.15E-6 W=2.02E-6
T14 ( net16 net23 vdd! vdd!)  pfet  L=2.15E-6 W=2.02E-6
CM arch: 2
Netlist: 
R16 ( net22 net20)  R=5.0E2
T17 ( net20 net20 vdd! vdd!)  pfet  L=0.91E-6 W=5.12E-6
T18 ( vdd! net20 vdd! vdd!)  pfet  L=0.91E-6 W=5.12E-6
