CM arch: 2
Netlist: 
R1 ( net19 net29)  R=5.3E4
T2 ( net29 net29 0 0)  nfet  L=2.47E-6 W=8.33E-6
T3 ( net23 net29 0 0)  nfet  L=2.47E-6 W=8.33E-6
CM arch: 1
Netlist: 
T5 ( 0 0 0 0)  nfet  L=7.20E-6 W=6.57E-6
T6 ( net10 0 0 0)  nfet  L=7.20E-6 W=6.57E-6
R7 ( net10 net34)  R=5.7E6
CM arch: 3
Netlist: 
R9 ( net39 net12)  R=7.1E2
T10 ( net12 net19 vdd! vdd!)  pfet  L=2.23E-6 W=8.97E-6
T11 ( net26 net19 vdd! vdd!)  pfet  L=2.23E-6 W=8.97E-6
T12 ( net38 net12 net26 vdd!)  pfet  L=2.23E-6 W=8.97E-6
CM arch: 5
Netlist: 
R14 ( net5 net4)  R=8.9E2
T15 ( net4 net4 net1 0)  nfet  L=6.28E-6 W=6.74E-6
T16 ( net1 net17 0 0)  nfet  L=6.28E-6 W=6.74E-6
T17 ( net17 net17 0 0)  nfet  L=6.28E-6 W=6.74E-6
T18 ( net35 net4 net17 0)  nfet  L=6.28E-6 W=6.74E-6
