CM arch: 4
Netlist: 
R1 ( net31 net1)  R=9.5E4
T2 ( net1 net28 0 0)  nfet  L=5.54E-6 W=2.97E-6
T3 ( net3 net28 0 0)  nfet  L=5.54E-6 W=2.97E-6
T4 ( vdd! net1 net28 0)  nfet  L=5.54E-6 W=2.97E-6
CM arch: 5
Netlist: 
R6 ( net25 net2)  R=8.4E2
T7 ( net2 net2 net19 vdd!)  pfet  L=3.68E-6 W=9.04E-6
T8 ( net19 net23 vdd! vdd!)  pfet  L=3.68E-6 W=9.04E-6
T9 ( net23 net23 vdd! vdd!)  pfet  L=3.68E-6 W=9.04E-6
T10 ( net14 net2 net23 vdd!)  pfet  L=3.68E-6 W=9.04E-6
CM arch: 3
Netlist: 
R14 ( net29 net17)  R=2.7E0
T15 ( net17 net16 vdd! vdd!)  pfet  L=5.05E-6 W=9.47E-6
T16 ( net15 net16 vdd! vdd!)  pfet  L=5.05E-6 W=9.47E-6
T17 ( net14 net17 net15 vdd!)  pfet  L=5.05E-6 W=9.47E-6
CM arch: 4
Netlist: 
R19 ( net12 net33)  R=7.8E0
T20 ( net33 net31 0 0)  nfet  L=0.44E-6 W=1.00E-6
T21 ( net9 net31 0 0)  nfet  L=0.44E-6 W=1.00E-6
T22 ( vdd! net33 net31 0)  nfet  L=0.44E-6 W=1.00E-6
