CM arch: 1
Netlist: 
T1 ( net32 net32 0 0)  nfet  L=6.93E-6 W=9.40E-6
T2 ( net17 net32 0 0)  nfet  L=6.93E-6 W=9.40E-6
R3 ( net17 net20)  R=4.4E6
CM arch: 4
Netlist: 
R6 ( net11 net14)  R=6.9E4
T7 ( net14 net22 0 0)  nfet  L=4.21E-6 W=6.36E-6
T8 ( net16 net22 0 0)  nfet  L=4.21E-6 W=6.36E-6
T9 ( vdd! net14 net22 0)  nfet  L=4.21E-6 W=6.36E-6
CM arch: 4
Netlist: 
R11 ( net30 net16)  R=6.8E3
T12 ( net16 net24 vdd! vdd!)  pfet  L=0.70E-6 W=6.56E-6
T13 ( vdd! net24 vdd! vdd!)  pfet  L=0.70E-6 W=6.56E-6
T14 ( 0 net16 net24 vdd!)  pfet  L=0.70E-6 W=6.56E-6
CM arch: 3
Netlist: 
R17 ( net33 net13)  R=4.0E1
T18 ( net13 net3 0 0)  nfet  L=4.34E-6 W=0.25E-6
T19 ( net12 net3 0 0)  nfet  L=4.34E-6 W=0.25E-6
T20 ( net10 net13 net12 0)  nfet  L=4.34E-6 W=0.25E-6
