CM arch: 3
Netlist: 
R1 ( net25 net12)  R=7.6E2
T2 ( net12 net4 vdd! vdd!)  pfet  L=6.91E-6 W=5.25E-6
T3 ( net9 net4 vdd! vdd!)  pfet  L=6.91E-6 W=5.25E-6
T4 ( net12 net12 net9 vdd!)  pfet  L=6.91E-6 W=5.25E-6
CM arch: 5
Netlist: 
R6 ( net11 net3)  R=3.3E6
T7 ( net3 net3 net24 0)  nfet  L=6.70E-6 W=4.97E-6
T8 ( net24 net21 0 0)  nfet  L=6.70E-6 W=4.97E-6
T9 ( net21 net21 0 0)  nfet  L=6.70E-6 W=4.97E-6
T10 ( net18 net3 net21 0)  nfet  L=6.70E-6 W=4.97E-6
CM arch: 1
Netlist: 
T13 ( net6 net6 vdd! vdd!)  pfet  L=2.03E-6 W=9.53E-6
T14 ( net25 net6 vdd! vdd!)  pfet  L=2.03E-6 W=9.53E-6
R15 ( net25 net5)  R=4.3E1
CM arch: 5
Netlist: 
R17 ( net6 net20)  R=6.1E4
T18 ( net20 net20 net1 0)  nfet  L=1.98E-6 W=0.14E-6
T19 ( net1 net15 0 0)  nfet  L=1.98E-6 W=0.14E-6
T20 ( net15 net15 0 0)  nfet  L=1.98E-6 W=0.14E-6
T21 ( net6 net20 net15 0)  nfet  L=1.98E-6 W=0.14E-6
