CM arch: 5
Netlist: 
R1 ( net38 net43)  R=2.5E1
T2 ( net43 net43 net18 0)  nfet  L=2.18E-6 W=9.62E-6
T3 ( net18 net10 0 0)  nfet  L=2.18E-6 W=9.62E-6
T4 ( net10 net10 0 0)  nfet  L=2.18E-6 W=9.62E-6
T5 ( net24 net43 net10 0)  nfet  L=2.18E-6 W=9.62E-6
CM arch: 2
Netlist: 
R11 ( net38 net31)  R=5.3E5
T12 ( net31 net31 vdd! vdd!)  pfet  L=5.16E-6 W=7.36E-6
T13 ( net2 net31 vdd! vdd!)  pfet  L=5.16E-6 W=7.36E-6
CM arch: 4
Netlist: 
R15 ( 0 net44)  R=6.8E3
T16 ( net44 net32 0 0)  nfet  L=0.83E-6 W=2.96E-6
T17 ( net2 net32 0 0)  nfet  L=0.83E-6 W=2.96E-6
T18 ( vdd! net44 net32 0)  nfet  L=0.83E-6 W=2.96E-6
CM arch: 2
Netlist: 
R20 ( net2 net26)  R=4.0E3
T21 ( net26 net26 vdd! vdd!)  pfet  L=9.37E-6 W=6.55E-6
T22 ( net35 net26 vdd! vdd!)  pfet  L=9.37E-6 W=6.55E-6
