CM arch: 2
Netlist: 
R2 ( net24 net16)  R=2.8E3
T3 ( net16 net16 vdd! vdd!)  pfet  L=2.55E-6 W=1.29E-6
T4 ( net22 net16 vdd! vdd!)  pfet  L=2.55E-6 W=1.29E-6
CM arch: 3
Netlist: 
R7 ( net7 net28)  R=4.7E6
T8 ( net28 net29 vdd! vdd!)  pfet  L=3.72E-6 W=6.92E-6
T9 ( net20 net29 vdd! vdd!)  pfet  L=3.72E-6 W=6.92E-6
T10 ( net13 net28 net20 vdd!)  pfet  L=3.72E-6 W=6.92E-6
CM arch: 1
Netlist: 
T13 ( net21 net21 vdd! vdd!)  pfet  L=8.36E-6 W=3.89E-6
T14 ( net8 net21 vdd! vdd!)  pfet  L=8.36E-6 W=3.89E-6
R15 ( net8 0)  R=8.1E6
CM arch: 3
Netlist: 
R17 ( net32 net35)  R=1.4E2
T18 ( net35 net31 0 0)  nfet  L=5.06E-6 W=4.94E-6
T19 ( net5 net31 0 0)  nfet  L=5.06E-6 W=4.94E-6
T20 ( net42 net35 net5 0)  nfet  L=5.06E-6 W=4.94E-6
