CM arch: 3
Netlist: 
R1 ( net7 net465)  R=3.6E2
T2 ( net465 net984 0 0)  nfet  L=8.39E-6 W=2.84E-6
T3 ( net1179 net984 0 0)  nfet  L=8.39E-6 W=2.84E-6
T4 ( net359 net465 net1179 0)  nfet  L=8.39E-6 W=2.84E-6
CM arch: 3
Netlist: 
R6 ( net7 net195)  R=0.1E5
T7 ( net195 net627 0 0)  nfet  L=9.57E-6 W=7.71E-6
T8 ( net1090 net627 0 0)  nfet  L=9.57E-6 W=7.71E-6
T9 ( net1117 net195 net1090 0)  nfet  L=9.57E-6 W=7.71E-6
CM arch: 3
Netlist: 
R13 ( net1331 net11)  R=8.4E3
T14 ( net11 net641 0 0)  nfet  L=1.32E-6 W=7.88E-6
T15 ( net1459 net641 0 0)  nfet  L=1.32E-6 W=7.88E-6
T16 ( net455 net11 net1459 0)  nfet  L=1.32E-6 W=7.88E-6
CM arch: 1
Netlist: 
T25 ( net86 net86 vdd! vdd!)  pfet  L=7.34E-6 W=0.31E-6
T26 ( net347 net86 vdd! vdd!)  pfet  L=7.34E-6 W=0.31E-6
R27 ( net347 net143)  R=0.4E6
CM arch: 2
Netlist: 
R32 ( net1547 net1049)  R=0.2E3
T33 ( net1049 net1049 vdd! vdd!)  pfet  L=0.87E-6 W=0.66E-6
T34 ( net1520 net1049 vdd! vdd!)  pfet  L=0.87E-6 W=0.66E-6
CM arch: 5
Netlist: 
R36 ( net1144 net247)  R=5.5E6
T37 ( net247 net247 net1400 0)  nfet  L=1.01E-6 W=5.30E-6
T38 ( net1400 net476 0 0)  nfet  L=1.01E-6 W=5.30E-6
T39 ( net476 net476 0 0)  nfet  L=1.01E-6 W=5.30E-6
T40 ( net93 net247 net476 0)  nfet  L=1.01E-6 W=5.30E-6
CM arch: 3
Netlist: 
R42 ( net1315 net776)  R=6.6E3
T43 ( net776 net1126 vdd! vdd!)  pfet  L=0.93E-6 W=7.75E-6
T44 ( net149 net1126 vdd! vdd!)  pfet  L=0.93E-6 W=7.75E-6
T45 ( net1476 net776 net149 vdd!)  pfet  L=0.93E-6 W=7.75E-6
CM arch: 2
Netlist: 
R47 ( net134 net988)  R=1.3E2
T48 ( net988 net988 vdd! vdd!)  pfet  L=5.27E-6 W=7.77E-6
T49 ( vdd! net988 vdd! vdd!)  pfet  L=5.27E-6 W=7.77E-6
CM arch: 5
Netlist: 
R51 ( net1465 net940)  R=6.1E2
T52 ( net940 net940 net450 0)  nfet  L=2.89E-6 W=8.32E-6
T53 ( net450 net632 0 0)  nfet  L=2.89E-6 W=8.32E-6
T54 ( net632 net632 0 0)  nfet  L=2.89E-6 W=8.32E-6
T55 ( net1319 net940 net632 0)  nfet  L=2.89E-6 W=8.32E-6
CM arch: 4
Netlist: 
R57 ( net91 net836)  R=5.2E0
T58 ( net836 net278 0 0)  nfet  L=5.12E-6 W=4.89E-6
T59 ( net1221 net278 0 0)  nfet  L=5.12E-6 W=4.89E-6
T60 ( vdd! net836 net278 0)  nfet  L=5.12E-6 W=4.89E-6
CM arch: 5
Netlist: 
R62 ( net642 net1596)  R=2.1E2
T63 ( net1596 net1596 net973 vdd!)  pfet  L=0.68E-6 W=8.58E-6
T64 ( net973 net65 vdd! vdd!)  pfet  L=0.68E-6 W=8.58E-6
T65 ( net65 net65 vdd! vdd!)  pfet  L=0.68E-6 W=8.58E-6
T66 ( net656 net1596 net65 vdd!)  pfet  L=0.68E-6 W=8.58E-6
CM arch: 4
Netlist: 
R68 ( net1221 net1084)  R=4.4E1
T69 ( net1084 net1442 0 0)  nfet  L=4.59E-6 W=3.94E-6
T70 ( net453 net1442 0 0)  nfet  L=4.59E-6 W=3.94E-6
T71 ( vdd! net1084 net1442 0)  nfet  L=4.59E-6 W=3.94E-6
CM arch: 5
Netlist: 
R74 ( net496 net644)  R=9.0E5
T75 ( net644 net644 net259 0)  nfet  L=2.33E-6 W=5.46E-6
T76 ( net259 net166 0 0)  nfet  L=2.33E-6 W=5.46E-6
T77 ( net166 net166 0 0)  nfet  L=2.33E-6 W=5.46E-6
T78 ( net705 net644 net166 0)  nfet  L=2.33E-6 W=5.46E-6
CM arch: 2
Netlist: 
R81 ( net508 net1108)  R=9.0E5
T82 ( net1108 net1108 vdd! vdd!)  pfet  L=4.90E-6 W=3.41E-6
T83 ( net188 net1108 vdd! vdd!)  pfet  L=4.90E-6 W=3.41E-6
CM arch: 5
Netlist: 
R88 ( net388 net1115)  R=1.4E4
T89 ( net1115 net1115 net520 0)  nfet  L=4.55E-6 W=1.14E-6
T90 ( net520 net1196 0 0)  nfet  L=4.55E-6 W=1.14E-6
T91 ( net1196 net1196 0 0)  nfet  L=4.55E-6 W=1.14E-6
T92 ( net57 net1115 net1196 0)  nfet  L=4.55E-6 W=1.14E-6
CM arch: 4
Netlist: 
R94 ( net1526 net762)  R=1.6E5
T95 ( net762 net604 0 0)  nfet  L=4.10E-6 W=4.70E-6
T96 ( net615 net604 0 0)  nfet  L=4.10E-6 W=4.70E-6
T97 ( vdd! net762 net604 0)  nfet  L=4.10E-6 W=4.70E-6
CM arch: 5
Netlist: 
R101 ( net191 net303)  R=8.0E0
T102 ( net303 net303 net1420 vdd!)  pfet  L=7.79E-6 W=6.60E-6
T103 ( net1420 net819 vdd! vdd!)  pfet  L=7.79E-6 W=6.60E-6
T104 ( net819 net819 vdd! vdd!)  pfet  L=7.79E-6 W=6.60E-6
T105 ( net1560 net303 net819 vdd!)  pfet  L=7.79E-6 W=6.60E-6
CM arch: 4
Netlist: 
R110 ( net76 net69)  R=3.3E3
T111 ( net69 net922 0 0)  nfet  L=5.77E-6 W=8.24E-6
T112 ( net1296 net922 0 0)  nfet  L=5.77E-6 W=8.24E-6
T113 ( vdd! net69 net922 0)  nfet  L=5.77E-6 W=8.24E-6
CM arch: 4
Netlist: 
R117 ( vdd! net943)  R=8.2E3
T118 ( net943 net808 vdd! vdd!)  pfet  L=5.49E-6 W=0.24E-6
T119 ( net1218 net808 vdd! vdd!)  pfet  L=5.49E-6 W=0.24E-6
T120 ( 0 net943 net808 vdd!)  pfet  L=5.49E-6 W=0.24E-6
CM arch: 5
Netlist: 
R123 ( net9 net931)  R=4.8E0
T124 ( net931 net931 net1221 vdd!)  pfet  L=6.90E-6 W=3.25E-6
T125 ( net1221 net684 vdd! vdd!)  pfet  L=6.90E-6 W=3.25E-6
T126 ( net684 net684 vdd! vdd!)  pfet  L=6.90E-6 W=3.25E-6
T127 ( net101 net931 net684 vdd!)  pfet  L=6.90E-6 W=3.25E-6
CM arch: 1
Netlist: 
T129 ( net1302 net1302 0 0)  nfet  L=0.73E-6 W=5.53E-6
T130 ( net418 net1302 0 0)  nfet  L=0.73E-6 W=5.53E-6
R131 ( net418 net1248)  R=1.5E4
CM arch: 1
Netlist: 
T135 ( net1074 net1074 vdd! vdd!)  pfet  L=1.29E-6 W=7.55E-6
T136 ( net1077 net1074 vdd! vdd!)  pfet  L=1.29E-6 W=7.55E-6
R137 ( net1077 net815)  R=7.7E0
CM arch: 3
Netlist: 
R142 ( net106 net1610)  R=0.9E3
T143 ( net1610 net1461 0 0)  nfet  L=2.71E-6 W=1.88E-6
T144 ( net1278 net1461 0 0)  nfet  L=2.71E-6 W=1.88E-6
T145 ( net847 net1610 net1278 0)  nfet  L=2.71E-6 W=1.88E-6
CM arch: 1
Netlist: 
T147 ( net1 net1 0 0)  nfet  L=9.56E-6 W=8.32E-6
T148 ( net763 net1 0 0)  nfet  L=9.56E-6 W=8.32E-6
R149 ( net763 net813)  R=7.7E4
CM arch: 2
Netlist: 
R151 ( net1605 net950)  R=7.6E3
T152 ( net950 net950 vdd! vdd!)  pfet  L=3.11E-6 W=9.74E-6
T153 ( net596 net950 vdd! vdd!)  pfet  L=3.11E-6 W=9.74E-6
CM arch: 3
Netlist: 
R156 ( net780 net343)  R=5.9E2
T157 ( net343 net26 vdd! vdd!)  pfet  L=4.58E-6 W=0.94E-6
T158 ( net73 net26 vdd! vdd!)  pfet  L=4.58E-6 W=0.94E-6
T159 ( net300 net343 net73 vdd!)  pfet  L=4.58E-6 W=0.94E-6
CM arch: 4
Netlist: 
R162 ( 0 net761)  R=8.3E5
T163 ( net761 net1143 0 0)  nfet  L=8.24E-6 W=7.55E-6
T164 ( net369 net1143 0 0)  nfet  L=8.24E-6 W=7.55E-6
T165 ( vdd! net761 net1143 0)  nfet  L=8.24E-6 W=7.55E-6
CM arch: 3
Netlist: 
R169 ( net893 net481)  R=7.3E3
T170 ( net481 net1402 0 0)  nfet  L=1.10E-6 W=3.67E-6
T171 ( net333 net1402 0 0)  nfet  L=1.10E-6 W=3.67E-6
T172 ( net1513 net481 net333 0)  nfet  L=1.10E-6 W=3.67E-6
CM arch: 1
Netlist: 
T174 ( net1568 net1568 vdd! vdd!)  pfet  L=3.30E-6 W=2.46E-6
T175 ( net864 net1568 vdd! vdd!)  pfet  L=3.30E-6 W=2.46E-6
R176 ( net864 net104)  R=4.6E4
CM arch: 5
Netlist: 
R180 ( net1255 net735)  R=8.3E6
T181 ( net735 net735 net186 0)  nfet  L=0.20E-6 W=8.68E-6
T182 ( net186 net1010 0 0)  nfet  L=0.20E-6 W=8.68E-6
T183 ( net1010 net1010 0 0)  nfet  L=0.20E-6 W=8.68E-6
T184 ( net866 net735 net1010 0)  nfet  L=0.20E-6 W=8.68E-6
CM arch: 1
Netlist: 
T189 ( vdd! vdd! vdd! vdd!)  pfet  L=8.15E-6 W=7.92E-6
T190 ( net402 vdd! vdd! vdd!)  pfet  L=8.15E-6 W=7.92E-6
R191 ( net402 net1191)  R=0.6E4
CM arch: 4
Netlist: 
R195 ( net902 net828)  R=5.5E5
T196 ( net828 net675 0 0)  nfet  L=8.37E-6 W=2.13E-6
T197 ( net1357 net675 0 0)  nfet  L=8.37E-6 W=2.13E-6
T198 ( vdd! net828 net675 0)  nfet  L=8.37E-6 W=2.13E-6
CM arch: 5
Netlist: 
R202 ( net772 net926)  R=5.8E4
T203 ( net926 net926 net200 vdd!)  pfet  L=1.88E-6 W=2.10E-6
T204 ( net200 net34 vdd! vdd!)  pfet  L=1.88E-6 W=2.10E-6
T205 ( net34 net34 vdd! vdd!)  pfet  L=1.88E-6 W=2.10E-6
T206 ( net646 net926 net34 vdd!)  pfet  L=1.88E-6 W=2.10E-6
CM arch: 2
Netlist: 
R212 ( net657 net47)  R=9.7E4
T213 ( net47 net47 0 0)  nfet  L=4.55E-6 W=6.88E-6
T214 ( net921 net47 0 0)  nfet  L=4.55E-6 W=6.88E-6
CM arch: 2
Netlist: 
R216 ( net1469 net1194)  R=5.5E3
T217 ( net1194 net1194 0 0)  nfet  L=5.09E-6 W=1.88E-6
T218 ( net716 net1194 0 0)  nfet  L=5.09E-6 W=1.88E-6
CM arch: 4
Netlist: 
R220 ( net1022 net1251)  R=1.5E6
T221 ( net1251 net295 vdd! vdd!)  pfet  L=9.66E-6 W=0.94E-6
T222 ( net123 net295 vdd! vdd!)  pfet  L=9.66E-6 W=0.94E-6
T223 ( 0 net1251 net295 vdd!)  pfet  L=9.66E-6 W=0.94E-6
CM arch: 3
Netlist: 
R226 ( net1624 net162)  R=0.4E4
T227 ( net162 net439 0 0)  nfet  L=8.76E-6 W=4.76E-6
T228 ( net1018 net439 0 0)  nfet  L=8.76E-6 W=4.76E-6
T229 ( vdd! net162 net1018 0)  nfet  L=8.76E-6 W=4.76E-6
CM arch: 2
Netlist: 
R233 ( net1092 net117)  R=1.5E0
T234 ( net117 net117 vdd! vdd!)  pfet  L=0.83E-6 W=1.25E-6
T235 ( net140 net117 vdd! vdd!)  pfet  L=0.83E-6 W=1.25E-6
CM arch: 4
Netlist: 
R237 ( net1076 net719)  R=2.7E5
T238 ( net719 net497 0 0)  nfet  L=3.43E-6 W=6.26E-6
T239 ( net861 net497 0 0)  nfet  L=3.43E-6 W=6.26E-6
T240 ( vdd! net719 net497 0)  nfet  L=3.43E-6 W=6.26E-6
CM arch: 5
Netlist: 
R243 ( net534 net981)  R=5.5E2
T244 ( net981 net981 net1370 vdd!)  pfet  L=8.45E-6 W=1.24E-6
T245 ( net1370 net1302 vdd! vdd!)  pfet  L=8.45E-6 W=1.24E-6
T246 ( net1302 net1302 vdd! vdd!)  pfet  L=8.45E-6 W=1.24E-6
T247 ( net352 net981 net1302 vdd!)  pfet  L=8.45E-6 W=1.24E-6
CM arch: 3
Netlist: 
R249 ( net1463 net113)  R=2.1E0
T250 ( net113 net1611 0 0)  nfet  L=0.19E-6 W=3.71E-6
T251 ( net460 net1611 0 0)  nfet  L=0.19E-6 W=3.71E-6
T252 ( net1546 net113 net460 0)  nfet  L=0.19E-6 W=3.71E-6
CM arch: 5
Netlist: 
R254 ( net1617 net1498)  R=6.5E2
T255 ( net1498 net1498 net288 0)  nfet  L=5.52E-6 W=0.55E-6
T256 ( net288 net605 0 0)  nfet  L=5.52E-6 W=0.55E-6
T257 ( net605 net605 0 0)  nfet  L=5.52E-6 W=0.55E-6
T258 ( net16 net1498 net605 0)  nfet  L=5.52E-6 W=0.55E-6
CM arch: 2
Netlist: 
R260 ( net1394 net1502)  R=0.5E4
T261 ( net1502 net1502 vdd! vdd!)  pfet  L=7.97E-6 W=9.87E-6
T262 ( net917 net1502 vdd! vdd!)  pfet  L=7.97E-6 W=9.87E-6
CM arch: 3
Netlist: 
R264 ( vdd! net468)  R=0.3E2
T265 ( net468 net921 0 0)  nfet  L=0.22E-6 W=4.64E-6
T266 ( net1199 net921 0 0)  nfet  L=0.22E-6 W=4.64E-6
T267 ( net592 net468 net1199 0)  nfet  L=0.22E-6 W=4.64E-6
CM arch: 2
Netlist: 
R270 ( net612 net1146)  R=1.0E0
T271 ( net1146 net1146 vdd! vdd!)  pfet  L=2.50E-6 W=4.27E-6
T272 ( net1489 net1146 vdd! vdd!)  pfet  L=2.50E-6 W=4.27E-6
CM arch: 3
Netlist: 
R274 ( net1116 net216)  R=7.8E1
T275 ( net216 net369 0 0)  nfet  L=5.84E-6 W=2.20E-6
T276 ( net976 net369 0 0)  nfet  L=5.84E-6 W=2.20E-6
T277 ( net757 net216 net976 0)  nfet  L=5.84E-6 W=2.20E-6
CM arch: 5
Netlist: 
R279 ( net208 net279)  R=0.6E5
T280 ( net279 net279 net1503 vdd!)  pfet  L=7.76E-6 W=6.34E-6
T281 ( net1503 net996 vdd! vdd!)  pfet  L=7.76E-6 W=6.34E-6
T282 ( net996 net996 vdd! vdd!)  pfet  L=7.76E-6 W=6.34E-6
T283 ( net334 net279 net996 vdd!)  pfet  L=7.76E-6 W=6.34E-6
CM arch: 2
Netlist: 
R287 ( net804 net121)  R=8.3E1
T288 ( net121 net121 0 0)  nfet  L=6.39E-6 W=3.54E-6
T289 ( net1545 net121 0 0)  nfet  L=6.39E-6 W=3.54E-6
CM arch: 4
Netlist: 
R291 ( net106 net1309)  R=8.4E3
T292 ( net1309 net1520 vdd! vdd!)  pfet  L=6.97E-6 W=4.23E-6
T293 ( net1475 net1520 vdd! vdd!)  pfet  L=6.97E-6 W=4.23E-6
T294 ( 0 net1309 net1520 vdd!)  pfet  L=6.97E-6 W=4.23E-6
CM arch: 5
Netlist: 
R296 ( net825 net225)  R=5.5E5
T297 ( net225 net225 net441 0)  nfet  L=8.12E-6 W=0.41E-6
T298 ( net441 net1245 0 0)  nfet  L=8.12E-6 W=0.41E-6
T299 ( net1245 net1245 0 0)  nfet  L=8.12E-6 W=0.41E-6
T300 ( net1206 net225 net1245 0)  nfet  L=8.12E-6 W=0.41E-6
