CM arch: 2
Netlist: 
R1 ( net54 net29)  R=8.5E5
T2 ( net29 net29 vdd! vdd!)  pfet  L=2.79E-6 W=0.62E-6
T3 ( net282 net29 vdd! vdd!)  pfet  L=2.79E-6 W=0.62E-6
CM arch: 4
Netlist: 
R5 ( net204 net120)  R=1.5E6
T6 ( net120 net262 vdd! vdd!)  pfet  L=1.47E-6 W=2.33E-6
T7 ( net96 net262 vdd! vdd!)  pfet  L=1.47E-6 W=2.33E-6
T8 ( 0 net120 net262 vdd!)  pfet  L=1.47E-6 W=2.33E-6
CM arch: 5
Netlist: 
R11 ( net92 net203)  R=9.3E3
T12 ( net203 net203 net144 0)  nfet  L=6.80E-6 W=5.47E-6
T13 ( net144 net223 0 0)  nfet  L=6.80E-6 W=5.47E-6
T14 ( net223 net223 0 0)  nfet  L=6.80E-6 W=5.47E-6
T15 ( net51 net203 net223 0)  nfet  L=6.80E-6 W=5.47E-6
CM arch: 2
Netlist: 
R18 ( vdd! net45)  R=0.2E3
T19 ( net45 net45 0 0)  nfet  L=1.13E-6 W=6.27E-6
T20 ( net38 net45 0 0)  nfet  L=1.13E-6 W=6.27E-6
CM arch: 1
Netlist: 
T22 ( net1 net1 vdd! vdd!)  pfet  L=3.47E-6 W=4.38E-6
T23 ( net85 net1 vdd! vdd!)  pfet  L=3.47E-6 W=4.38E-6
R24 ( net85 net230)  R=4.3E1
CM arch: 4
Netlist: 
R27 ( net291 net130)  R=5.6E6
T28 ( net130 net219 vdd! vdd!)  pfet  L=8.84E-6 W=9.00E-6
T29 ( net269 net219 vdd! vdd!)  pfet  L=8.84E-6 W=9.00E-6
T30 ( 0 net130 net219 vdd!)  pfet  L=8.84E-6 W=9.00E-6
CM arch: 5
Netlist: 
R32 ( net179 net152)  R=0.5E5
T33 ( net152 net152 net149 0)  nfet  L=6.67E-6 W=9.87E-6
T34 ( net149 net178 0 0)  nfet  L=6.67E-6 W=9.87E-6
T35 ( net178 net178 0 0)  nfet  L=6.67E-6 W=9.87E-6
T36 ( net290 net152 net178 0)  nfet  L=6.67E-6 W=9.87E-6
CM arch: 5
Netlist: 
R38 ( 0 net148)  R=5.3E6
T39 ( net148 net148 net3 0)  nfet  L=0.39E-6 W=3.29E-6
T40 ( net3 net217 0 0)  nfet  L=0.39E-6 W=3.29E-6
T41 ( net217 net217 0 0)  nfet  L=0.39E-6 W=3.29E-6
T42 ( net145 net148 net217 0)  nfet  L=0.39E-6 W=3.29E-6
CM arch: 3
Netlist: 
R45 ( net175 net8)  R=0.1E0
T46 ( net8 net167 0 0)  nfet  L=3.32E-6 W=7.39E-6
T47 ( net20 net167 0 0)  nfet  L=3.32E-6 W=7.39E-6
T48 ( 0 net8 net20 0)  nfet  L=3.32E-6 W=7.39E-6
CM arch: 5
Netlist: 
R52 ( 0 net171)  R=1.1E5
T53 ( net171 net171 net55 vdd!)  pfet  L=0.71E-6 W=7.54E-6
T54 ( net55 net33 vdd! vdd!)  pfet  L=0.71E-6 W=7.54E-6
T55 ( net33 net33 vdd! vdd!)  pfet  L=0.71E-6 W=7.54E-6
T56 ( net296 net171 net33 vdd!)  pfet  L=0.71E-6 W=7.54E-6
CM arch: 2
Netlist: 
R60 ( net169 net237)  R=5.0E4
T61 ( net237 net237 0 0)  nfet  L=9.80E-6 W=4.75E-6
T62 ( net22 net237 0 0)  nfet  L=9.80E-6 W=4.75E-6
CM arch: 2
Netlist: 
R66 ( net7 net160)  R=2.8E5
T67 ( net160 net160 vdd! vdd!)  pfet  L=3.77E-6 W=6.63E-6
T68 ( net274 net160 vdd! vdd!)  pfet  L=3.77E-6 W=6.63E-6
CM arch: 2
Netlist: 
R72 ( net289 net38)  R=2.3E2
T73 ( net38 net38 0 0)  nfet  L=5.53E-6 W=2.71E-6
T74 ( net185 net38 0 0)  nfet  L=5.53E-6 W=2.71E-6
CM arch: 2
Netlist: 
R76 ( net39 net43)  R=5.4E3
T77 ( net43 net43 vdd! vdd!)  pfet  L=1.60E-6 W=2.70E-6
T78 ( net10 net43 vdd! vdd!)  pfet  L=1.60E-6 W=2.70E-6
CM arch: 5
Netlist: 
R81 ( net280 net220)  R=8.2E2
T82 ( net220 net220 net103 vdd!)  pfet  L=2.02E-6 W=9.41E-6
T83 ( net103 net283 vdd! vdd!)  pfet  L=2.02E-6 W=9.41E-6
T84 ( net283 net283 vdd! vdd!)  pfet  L=2.02E-6 W=9.41E-6
T85 ( net88 net220 net283 vdd!)  pfet  L=2.02E-6 W=9.41E-6
CM arch: 1
Netlist: 
T87 ( net169 net169 vdd! vdd!)  pfet  L=3.88E-6 W=5.55E-6
T88 ( net181 net169 vdd! vdd!)  pfet  L=3.88E-6 W=5.55E-6
R89 ( net181 net297)  R=9.1E4
CM arch: 4
Netlist: 
R91 ( net96 net212)  R=5.9E5
T92 ( net212 net264 0 0)  nfet  L=2.92E-6 W=5.36E-6
T93 ( net105 net264 0 0)  nfet  L=2.92E-6 W=5.36E-6
T94 ( vdd! net212 net264 0)  nfet  L=2.92E-6 W=5.36E-6
CM arch: 3
Netlist: 
R96 ( vdd! net73)  R=6.8E0
T97 ( net73 net100 vdd! vdd!)  pfet  L=5.25E-6 W=9.21E-6
T98 ( net277 net100 vdd! vdd!)  pfet  L=5.25E-6 W=9.21E-6
T99 ( net9 net73 net277 vdd!)  pfet  L=5.25E-6 W=9.21E-6
CM arch: 3
Netlist: 
R101 ( net284 net70)  R=9.4E6
T102 ( net70 net231 vdd! vdd!)  pfet  L=0.89E-6 W=2.51E-6
T103 ( net269 net231 vdd! vdd!)  pfet  L=0.89E-6 W=2.51E-6
T104 ( net129 net70 net269 vdd!)  pfet  L=0.89E-6 W=2.51E-6
CM arch: 3
Netlist: 
R106 ( net98 net139)  R=8.1E2
T107 ( net139 net179 0 0)  nfet  L=7.43E-6 W=2.19E-6
T108 ( net291 net179 0 0)  nfet  L=7.43E-6 W=2.19E-6
T109 ( net124 net139 net291 0)  nfet  L=7.43E-6 W=2.19E-6
CM arch: 2
Netlist: 
R112 ( net154 net248)  R=3.1E3
T113 ( net248 net248 0 0)  nfet  L=2.63E-6 W=3.24E-6
T114 ( net119 net248 0 0)  nfet  L=2.63E-6 W=3.24E-6
CM arch: 3
Netlist: 
R116 ( net260 net118)  R=3.8E5
T117 ( net118 net169 vdd! vdd!)  pfet  L=5.53E-6 W=0.57E-6
T118 ( net91 net169 vdd! vdd!)  pfet  L=5.53E-6 W=0.57E-6
T119 ( net112 net118 net91 vdd!)  pfet  L=5.53E-6 W=0.57E-6
CM arch: 2
Netlist: 
R123 ( net107 net44)  R=7.5E0
T124 ( net44 net44 0 0)  nfet  L=8.62E-6 W=6.30E-6
T125 ( net216 net44 0 0)  nfet  L=8.62E-6 W=6.30E-6
CM arch: 5
Netlist: 
R129 ( net187 net202)  R=6.8E6
T130 ( net202 net202 net226 0)  nfet  L=6.59E-6 W=3.34E-6
T131 ( net226 net127 0 0)  nfet  L=6.59E-6 W=3.34E-6
T132 ( net127 net127 0 0)  nfet  L=6.59E-6 W=3.34E-6
T133 ( net165 net202 net127 0)  nfet  L=6.59E-6 W=3.34E-6
CM arch: 5
Netlist: 
R136 ( net47 net112)  R=5.2E2
T137 ( net112 net112 net60 0)  nfet  L=4.83E-6 W=7.69E-6
T138 ( net60 net150 0 0)  nfet  L=4.83E-6 W=7.69E-6
T139 ( net150 net150 0 0)  nfet  L=4.83E-6 W=7.69E-6
T140 ( net274 net112 net150 0)  nfet  L=4.83E-6 W=7.69E-6
CM arch: 3
Netlist: 
R144 ( net278 net204)  R=3.6E3
T145 ( net204 net238 vdd! vdd!)  pfet  L=6.28E-6 W=4.58E-6
T146 ( net117 net238 vdd! vdd!)  pfet  L=6.28E-6 W=4.58E-6
T147 ( vdd! net204 net117 vdd!)  pfet  L=6.28E-6 W=4.58E-6
CM arch: 2
Netlist: 
R149 ( net157 net155)  R=8.8E6
T150 ( net155 net155 0 0)  nfet  L=0.72E-6 W=7.22E-6
T151 ( net126 net155 0 0)  nfet  L=0.72E-6 W=7.22E-6
CM arch: 5
Netlist: 
R155 ( vdd! net184)  R=1.8E5
T156 ( net184 net184 net252 vdd!)  pfet  L=1.70E-6 W=9.63E-6
T157 ( net252 net257 vdd! vdd!)  pfet  L=1.70E-6 W=9.63E-6
T158 ( net257 net257 vdd! vdd!)  pfet  L=1.70E-6 W=9.63E-6
T159 ( 0 net184 net257 vdd!)  pfet  L=1.70E-6 W=9.63E-6
CM arch: 4
Netlist: 
R161 ( net98 net80)  R=0.2E4
T162 ( net80 net201 0 0)  nfet  L=8.69E-6 W=8.69E-6
T163 ( net263 net201 0 0)  nfet  L=8.69E-6 W=8.69E-6
T164 ( vdd! net80 net201 0)  nfet  L=8.69E-6 W=8.69E-6
CM arch: 4
Netlist: 
R166 ( net251 net56)  R=2.4E4
T167 ( net56 net172 0 0)  nfet  L=7.05E-6 W=8.28E-6
T168 ( vdd! net172 0 0)  nfet  L=7.05E-6 W=8.28E-6
T169 ( vdd! net56 net172 0)  nfet  L=7.05E-6 W=8.28E-6
CM arch: 4
Netlist: 
R172 ( net270 net37)  R=5.5E1
T173 ( net37 net19 vdd! vdd!)  pfet  L=1.59E-6 W=6.52E-6
T174 ( vdd! net19 vdd! vdd!)  pfet  L=1.59E-6 W=6.52E-6
T175 ( 0 net37 net19 vdd!)  pfet  L=1.59E-6 W=6.52E-6
CM arch: 1
Netlist: 
T177 ( net196 net196 vdd! vdd!)  pfet  L=4.07E-6 W=1.61E-6
T178 ( net21 net196 vdd! vdd!)  pfet  L=4.07E-6 W=1.61E-6
R179 ( net21 net245)  R=0.2E1
CM arch: 3
Netlist: 
R181 ( net211 net4)  R=4.0E0
T182 ( net4 net35 0 0)  nfet  L=5.92E-6 W=8.58E-6
T183 ( net199 net35 0 0)  nfet  L=5.92E-6 W=8.58E-6
T184 ( net191 net4 net199 0)  nfet  L=5.92E-6 W=8.58E-6
CM arch: 2
Netlist: 
R187 ( net208 net22)  R=8.1E5
T188 ( net22 net22 0 0)  nfet  L=4.45E-6 W=4.56E-6
T189 ( net224 net22 0 0)  nfet  L=4.45E-6 W=4.56E-6
CM arch: 2
Netlist: 
R192 ( net240 net113)  R=4.7E6
T193 ( net113 net113 0 0)  nfet  L=1.32E-6 W=9.46E-6
T194 ( net98 net113 0 0)  nfet  L=1.32E-6 W=9.46E-6
CM arch: 2
Netlist: 
R203 ( net165 net116)  R=6.6E2
T204 ( net116 net116 0 0)  nfet  L=8.22E-6 W=1.58E-6
T205 ( net68 net116 0 0)  nfet  L=8.22E-6 W=1.58E-6
CM arch: 4
Netlist: 
R208 ( net6 net159)  R=3.9E0
T209 ( net159 net27 vdd! vdd!)  pfet  L=5.78E-6 W=9.63E-6
T210 ( net57 net27 vdd! vdd!)  pfet  L=5.78E-6 W=9.63E-6
T211 ( 0 net159 net27 vdd!)  pfet  L=5.78E-6 W=9.63E-6
CM arch: 2
Netlist: 
R213 ( net293 net273)  R=5.9E1
T214 ( net273 net273 vdd! vdd!)  pfet  L=6.01E-6 W=6.14E-6
T215 ( net131 net273 vdd! vdd!)  pfet  L=6.01E-6 W=6.14E-6
CM arch: 1
Netlist: 
T217 ( net285 net285 0 0)  nfet  L=3.27E-6 W=4.53E-6
T218 ( net261 net285 0 0)  nfet  L=3.27E-6 W=4.53E-6
R219 ( net261 net42)  R=4.4E1
CM arch: 3
Netlist: 
R222 ( vdd! net12)  R=8.0E1
T223 ( net12 net58 0 0)  nfet  L=9.15E-6 W=5.87E-6
T224 ( net198 net58 0 0)  nfet  L=9.15E-6 W=5.87E-6
T225 ( net136 net12 net198 0)  nfet  L=9.15E-6 W=5.87E-6
CM arch: 5
Netlist: 
R227 ( net94 net200)  R=5.4E2
T228 ( net200 net200 net75 vdd!)  pfet  L=8.57E-6 W=2.00E-6
T229 ( net75 net78 vdd! vdd!)  pfet  L=8.57E-6 W=2.00E-6
T230 ( net78 net78 vdd! vdd!)  pfet  L=8.57E-6 W=2.00E-6
T231 ( net13 net200 net78 vdd!)  pfet  L=8.57E-6 W=2.00E-6
CM arch: 5
Netlist: 
R235 ( 0 net289)  R=2.5E0
T236 ( net289 net289 net158 0)  nfet  L=2.61E-6 W=5.38E-6
T237 ( net158 net121 0 0)  nfet  L=2.61E-6 W=5.38E-6
T238 ( net121 net121 0 0)  nfet  L=2.61E-6 W=5.38E-6
T239 ( net53 net289 net121 0)  nfet  L=2.61E-6 W=5.38E-6
CM arch: 4
Netlist: 
R242 ( net166 net189)  R=8.5E6
T243 ( net189 net229 0 0)  nfet  L=2.04E-6 W=1.00E-6
T244 ( net28 net229 0 0)  nfet  L=2.04E-6 W=1.00E-6
T245 ( vdd! net189 net229 0)  nfet  L=2.04E-6 W=1.00E-6
CM arch: 4
Netlist: 
R248 ( net176 net126)  R=0.6E6
T249 ( net126 net162 vdd! vdd!)  pfet  L=7.65E-6 W=7.21E-6
T250 ( net132 net162 vdd! vdd!)  pfet  L=7.65E-6 W=7.21E-6
T251 ( 0 net126 net162 vdd!)  pfet  L=7.65E-6 W=7.21E-6
CM arch: 4
Netlist: 
R253 ( net293 net218)  R=0.2E4
T254 ( net218 net114 0 0)  nfet  L=8.78E-6 W=4.96E-6
T255 ( net180 net114 0 0)  nfet  L=8.78E-6 W=4.96E-6
T256 ( vdd! net218 net114 0)  nfet  L=8.78E-6 W=4.96E-6
CM arch: 5
Netlist: 
R258 ( net11 net228)  R=3.7E4
T259 ( net228 net228 net224 0)  nfet  L=9.10E-6 W=3.61E-6
T260 ( net224 net2 0 0)  nfet  L=9.10E-6 W=3.61E-6
T261 ( net2 net2 0 0)  nfet  L=9.10E-6 W=3.61E-6
T262 ( net147 net228 net2 0)  nfet  L=9.10E-6 W=3.61E-6
CM arch: 2
Netlist: 
R264 ( net154 net137)  R=5.5E0
T265 ( net137 net137 0 0)  nfet  L=4.52E-6 W=5.84E-6
T266 ( 0 net137 0 0)  nfet  L=4.52E-6 W=5.84E-6
CM arch: 1
Netlist: 
T269 ( net183 net183 vdd! vdd!)  pfet  L=7.06E-6 W=3.52E-6
T270 ( net282 net183 vdd! vdd!)  pfet  L=7.06E-6 W=3.52E-6
R271 ( net282 net166)  R=5.5E2
CM arch: 4
Netlist: 
R273 ( net214 net156)  R=8.9E5
T274 ( net156 net124 vdd! vdd!)  pfet  L=6.14E-6 W=7.16E-6
T275 ( net26 net124 vdd! vdd!)  pfet  L=6.14E-6 W=7.16E-6
T276 ( 0 net156 net124 vdd!)  pfet  L=6.14E-6 W=7.16E-6
CM arch: 3
Netlist: 
R278 ( net278 net186)  R=6.3E0
T279 ( net186 net10 vdd! vdd!)  pfet  L=8.77E-6 W=7.43E-6
T280 ( net255 net10 vdd! vdd!)  pfet  L=8.77E-6 W=7.43E-6
T281 ( net211 net186 net255 vdd!)  pfet  L=8.77E-6 W=7.43E-6
