CM arch: 5
Netlist: 
R2 ( net940 net670)  R=5.9E4
T3 ( net670 net670 net1362 0)  nfet  L=0.38E-6 W=8.51E-6
T4 ( net1362 net1088 0 0)  nfet  L=0.38E-6 W=8.51E-6
T5 ( net1088 net1088 0 0)  nfet  L=0.38E-6 W=8.51E-6
T6 ( net652 net670 net1088 0)  nfet  L=0.38E-6 W=8.51E-6
CM arch: 3
Netlist: 
R11 ( 0 net1480)  R=0.3E5
T12 ( net1480 net323 vdd! vdd!)  pfet  L=0.45E-6 W=1.03E-6
T13 ( net1173 net323 vdd! vdd!)  pfet  L=0.45E-6 W=1.03E-6
T14 ( net552 net1480 net1173 vdd!)  pfet  L=0.45E-6 W=1.03E-6
CM arch: 5
Netlist: 
R17 ( net1388 net495)  R=1.1E3
T18 ( net495 net495 net194 vdd!)  pfet  L=6.73E-6 W=1.43E-6
T19 ( net194 net386 vdd! vdd!)  pfet  L=6.73E-6 W=1.43E-6
T20 ( net386 net386 vdd! vdd!)  pfet  L=6.73E-6 W=1.43E-6
T21 ( 0 net495 net386 vdd!)  pfet  L=6.73E-6 W=1.43E-6
CM arch: 2
Netlist: 
R24 ( net1500 net1031)  R=1.8E1
T25 ( net1031 net1031 vdd! vdd!)  pfet  L=0.26E-6 W=2.91E-6
T26 ( net331 net1031 vdd! vdd!)  pfet  L=0.26E-6 W=2.91E-6
CM arch: 1
Netlist: 
T29 ( net1136 net1136 vdd! vdd!)  pfet  L=6.59E-6 W=0.16E-6
T30 ( net1215 net1136 vdd! vdd!)  pfet  L=6.59E-6 W=0.16E-6
R31 ( net1215 net389)  R=1.6E3
CM arch: 2
Netlist: 
R37 ( net1004 net1466)  R=5.6E4
T38 ( net1466 net1466 0 0)  nfet  L=5.95E-6 W=4.05E-6
T39 ( net1300 net1466 0 0)  nfet  L=5.95E-6 W=4.05E-6
CM arch: 4
Netlist: 
R42 ( net1547 net1224)  R=1.8E3
T43 ( net1224 net1038 0 0)  nfet  L=3.61E-6 W=1.65E-6
T44 ( net1000 net1038 0 0)  nfet  L=3.61E-6 W=1.65E-6
T45 ( vdd! net1224 net1038 0)  nfet  L=3.61E-6 W=1.65E-6
CM arch: 3
Netlist: 
R47 ( net1091 net47)  R=2.9E5
T48 ( net47 net1190 vdd! vdd!)  pfet  L=3.90E-6 W=9.60E-6
T49 ( net508 net1190 vdd! vdd!)  pfet  L=3.90E-6 W=9.60E-6
T50 ( net1352 net47 net508 vdd!)  pfet  L=3.90E-6 W=9.60E-6
CM arch: 2
Netlist: 
R54 ( net263 net1208)  R=1.2E3
T55 ( net1208 net1208 vdd! vdd!)  pfet  L=1.56E-6 W=2.58E-6
T56 ( net618 net1208 vdd! vdd!)  pfet  L=1.56E-6 W=2.58E-6
CM arch: 1
Netlist: 
T59 ( net821 net821 0 0)  nfet  L=7.30E-6 W=3.41E-6
T60 ( net1584 net821 0 0)  nfet  L=7.30E-6 W=3.41E-6
R61 ( net1584 net114)  R=3.2E4
CM arch: 3
Netlist: 
R63 ( net1037 net1231)  R=0.3E1
T64 ( net1231 net579 vdd! vdd!)  pfet  L=7.52E-6 W=7.83E-6
T65 ( net902 net579 vdd! vdd!)  pfet  L=7.52E-6 W=7.83E-6
T66 ( net586 net1231 net902 vdd!)  pfet  L=7.52E-6 W=7.83E-6
CM arch: 4
Netlist: 
R72 ( net82 net1124)  R=5.8E0
T73 ( net1124 net280 vdd! vdd!)  pfet  L=4.13E-6 W=0.53E-6
T74 ( net1382 net280 vdd! vdd!)  pfet  L=4.13E-6 W=0.53E-6
T75 ( 0 net1124 net280 vdd!)  pfet  L=4.13E-6 W=0.53E-6
CM arch: 5
Netlist: 
R77 ( net136 net900)  R=6.7E3
T78 ( net900 net900 net234 vdd!)  pfet  L=3.06E-6 W=7.82E-6
T79 ( net234 net415 vdd! vdd!)  pfet  L=3.06E-6 W=7.82E-6
T80 ( net415 net415 vdd! vdd!)  pfet  L=3.06E-6 W=7.82E-6
T81 ( net878 net900 net415 vdd!)  pfet  L=3.06E-6 W=7.82E-6
CM arch: 5
Netlist: 
R83 ( net252 net837)  R=5.7E1
T84 ( net837 net837 net258 vdd!)  pfet  L=5.20E-6 W=3.91E-6
T85 ( net258 net548 vdd! vdd!)  pfet  L=5.20E-6 W=3.91E-6
T86 ( net548 net548 vdd! vdd!)  pfet  L=5.20E-6 W=3.91E-6
T87 ( net1140 net837 net548 vdd!)  pfet  L=5.20E-6 W=3.91E-6
CM arch: 3
Netlist: 
R89 ( net784 net93)  R=2.7E0
T90 ( net93 net562 0 0)  nfet  L=8.52E-6 W=6.65E-6
T91 ( net660 net562 0 0)  nfet  L=8.52E-6 W=6.65E-6
T92 ( net708 net93 net660 0)  nfet  L=8.52E-6 W=6.65E-6
CM arch: 5
Netlist: 
R98 ( net1277 net752)  R=3.6E4
T99 ( net752 net752 net1119 vdd!)  pfet  L=1.25E-6 W=6.19E-6
T100 ( net1119 net201 vdd! vdd!)  pfet  L=1.25E-6 W=6.19E-6
T101 ( net201 net201 vdd! vdd!)  pfet  L=1.25E-6 W=6.19E-6
T102 ( net1141 net752 net201 vdd!)  pfet  L=1.25E-6 W=6.19E-6
CM arch: 3
Netlist: 
R105 ( vdd! net1022)  R=7.4E4
T106 ( net1022 net1103 0 0)  nfet  L=8.12E-6 W=5.83E-6
T107 ( net797 net1103 0 0)  nfet  L=8.12E-6 W=5.83E-6
T108 ( net543 net1022 net797 0)  nfet  L=8.12E-6 W=5.83E-6
CM arch: 1
Netlist: 
T111 ( net32 net32 vdd! vdd!)  pfet  L=4.43E-6 W=7.36E-6
T112 ( net910 net32 vdd! vdd!)  pfet  L=4.43E-6 W=7.36E-6
R113 ( net910 net132)  R=1.0E2
CM arch: 5
Netlist: 
R115 ( 0 net7)  R=8.3E6
T116 ( net7 net7 net642 vdd!)  pfet  L=8.92E-6 W=7.00E-6
T117 ( net642 net510 vdd! vdd!)  pfet  L=8.92E-6 W=7.00E-6
T118 ( net510 net510 vdd! vdd!)  pfet  L=8.92E-6 W=7.00E-6
T119 ( net1033 net7 net510 vdd!)  pfet  L=8.92E-6 W=7.00E-6
CM arch: 5
Netlist: 
R121 ( net1213 net1324)  R=6.2E2
T122 ( net1324 net1324 net1037 0)  nfet  L=0.72E-6 W=1.28E-6
T123 ( net1037 net452 0 0)  nfet  L=0.72E-6 W=1.28E-6
T124 ( net452 net452 0 0)  nfet  L=0.72E-6 W=1.28E-6
T125 ( net1253 net1324 net452 0)  nfet  L=0.72E-6 W=1.28E-6
CM arch: 5
Netlist: 
R127 ( net733 net1284)  R=3.4E3
T128 ( net1284 net1284 net1125 vdd!)  pfet  L=0.86E-6 W=1.95E-6
T129 ( net1125 net530 vdd! vdd!)  pfet  L=0.86E-6 W=1.95E-6
T130 ( net530 net530 vdd! vdd!)  pfet  L=0.86E-6 W=1.95E-6
T131 ( vdd! net1284 net530 vdd!)  pfet  L=0.86E-6 W=1.95E-6
CM arch: 1
Netlist: 
T134 ( net1164 net1164 vdd! vdd!)  pfet  L=9.95E-6 W=5.24E-6
T135 ( net955 net1164 vdd! vdd!)  pfet  L=9.95E-6 W=5.24E-6
R136 ( net955 net928)  R=9.0E6
CM arch: 4
Netlist: 
R138 ( net1255 net202)  R=8.3E0
T139 ( net202 net634 vdd! vdd!)  pfet  L=0.41E-6 W=3.57E-6
T140 ( net143 net634 vdd! vdd!)  pfet  L=0.41E-6 W=3.57E-6
T141 ( 0 net202 net634 vdd!)  pfet  L=0.41E-6 W=3.57E-6
CM arch: 4
Netlist: 
R143 ( net950 net539)  R=9.2E0
T144 ( net539 net1076 0 0)  nfet  L=0.10E-6 W=7.30E-6
T145 ( net447 net1076 0 0)  nfet  L=0.10E-6 W=7.30E-6
T146 ( vdd! net539 net1076 0)  nfet  L=0.10E-6 W=7.30E-6
CM arch: 5
Netlist: 
R148 ( net152 net828)  R=7.9E0
T149 ( net828 net828 net1046 vdd!)  pfet  L=4.64E-6 W=7.12E-6
T150 ( net1046 net696 vdd! vdd!)  pfet  L=4.64E-6 W=7.12E-6
T151 ( net696 net696 vdd! vdd!)  pfet  L=4.64E-6 W=7.12E-6
T152 ( net1444 net828 net696 vdd!)  pfet  L=4.64E-6 W=7.12E-6
CM arch: 3
Netlist: 
R158 ( net177 net824)  R=8.0E0
T159 ( net824 net292 0 0)  nfet  L=2.75E-6 W=9.14E-6
T160 ( net786 net292 0 0)  nfet  L=2.75E-6 W=9.14E-6
T161 ( net1614 net824 net786 0)  nfet  L=2.75E-6 W=9.14E-6
CM arch: 1
Netlist: 
T166 ( net28 net28 vdd! vdd!)  pfet  L=9.32E-6 W=0.37E-6
T167 ( net681 net28 vdd! vdd!)  pfet  L=9.32E-6 W=0.37E-6
R168 ( net681 net1420)  R=4.4E3
CM arch: 1
Netlist: 
T171 ( 0 0 0 0)  nfet  L=0.36E-6 W=5.62E-6
T172 ( net187 0 0 0)  nfet  L=0.36E-6 W=5.62E-6
R173 ( net187 net1599)  R=9.1E4
CM arch: 1
Netlist: 
T175 ( net161 net161 0 0)  nfet  L=7.51E-6 W=4.60E-6
T176 ( net998 net161 0 0)  nfet  L=7.51E-6 W=4.60E-6
R177 ( net998 vdd!)  R=5.4E5
CM arch: 4
Netlist: 
R179 ( net455 net664)  R=2.0E5
T180 ( net664 net640 vdd! vdd!)  pfet  L=6.71E-6 W=5.91E-6
T181 ( net655 net640 vdd! vdd!)  pfet  L=6.71E-6 W=5.91E-6
T182 ( 0 net664 net640 vdd!)  pfet  L=6.71E-6 W=5.91E-6
CM arch: 2
Netlist: 
R185 ( net420 net1263)  R=7.5E0
T186 ( net1263 net1263 0 0)  nfet  L=4.01E-6 W=3.58E-6
T187 ( net956 net1263 0 0)  nfet  L=4.01E-6 W=3.58E-6
CM arch: 2
Netlist: 
R195 ( net838 net1530)  R=5.4E5
T196 ( net1530 net1530 0 0)  nfet  L=9.32E-6 W=7.85E-6
T197 ( net597 net1530 0 0)  nfet  L=9.32E-6 W=7.85E-6
CM arch: 4
Netlist: 
R200 ( net241 net1176)  R=3.5E0
T201 ( net1176 net762 0 0)  nfet  L=4.75E-6 W=7.56E-6
T202 ( net559 net762 0 0)  nfet  L=4.75E-6 W=7.56E-6
T203 ( vdd! net1176 net762 0)  nfet  L=4.75E-6 W=7.56E-6
CM arch: 4
Netlist: 
R206 ( net507 net1274)  R=8.6E2
T207 ( net1274 net504 0 0)  nfet  L=0.37E-6 W=8.33E-6
T208 ( net182 net504 0 0)  nfet  L=0.37E-6 W=8.33E-6
T209 ( vdd! net1274 net504 0)  nfet  L=0.37E-6 W=8.33E-6
CM arch: 3
Netlist: 
R211 ( net1458 net365)  R=3.1E5
T212 ( net365 net1223 vdd! vdd!)  pfet  L=9.67E-6 W=8.06E-6
T213 ( net1019 net1223 vdd! vdd!)  pfet  L=9.67E-6 W=8.06E-6
T214 ( net254 net365 net1019 vdd!)  pfet  L=9.67E-6 W=8.06E-6
CM arch: 3
Netlist: 
R218 ( net1380 net1421)  R=9.9E2
T219 ( net1421 net496 0 0)  nfet  L=5.12E-6 W=7.03E-6
T220 ( net484 net496 0 0)  nfet  L=5.12E-6 W=7.03E-6
T221 ( net1517 net1421 net484 0)  nfet  L=5.12E-6 W=7.03E-6
CM arch: 3
Netlist: 
R224 ( net376 net791)  R=0.3E3
T225 ( net791 net1134 0 0)  nfet  L=2.99E-6 W=6.77E-6
T226 ( net618 net1134 0 0)  nfet  L=2.99E-6 W=6.77E-6
T227 ( net1477 net791 net618 0)  nfet  L=2.99E-6 W=6.77E-6
CM arch: 3
Netlist: 
R229 ( net810 net462)  R=4.7E6
T230 ( net462 net680 vdd! vdd!)  pfet  L=9.27E-6 W=4.04E-6
T231 ( net1100 net680 vdd! vdd!)  pfet  L=9.27E-6 W=4.04E-6
T232 ( net1356 net462 net1100 vdd!)  pfet  L=9.27E-6 W=4.04E-6
CM arch: 5
Netlist: 
R235 ( net1235 net250)  R=9.0E2
T236 ( net250 net250 net370 vdd!)  pfet  L=0.77E-6 W=2.73E-6
T237 ( net370 net1269 vdd! vdd!)  pfet  L=0.77E-6 W=2.73E-6
T238 ( net1269 net1269 vdd! vdd!)  pfet  L=0.77E-6 W=2.73E-6
T239 ( net1563 net250 net1269 vdd!)  pfet  L=0.77E-6 W=2.73E-6
CM arch: 4
Netlist: 
R242 ( net559 net987)  R=8.7E3
T243 ( net987 net726 0 0)  nfet  L=6.77E-6 W=7.50E-6
T244 ( net1350 net726 0 0)  nfet  L=6.77E-6 W=7.50E-6
T245 ( vdd! net987 net726 0)  nfet  L=6.77E-6 W=7.50E-6
CM arch: 5
Netlist: 
R249 ( net1375 net151)  R=9.9E6
T250 ( net151 net151 net1135 vdd!)  pfet  L=4.04E-6 W=9.56E-6
T251 ( net1135 net5 vdd! vdd!)  pfet  L=4.04E-6 W=9.56E-6
T252 ( net5 net5 vdd! vdd!)  pfet  L=4.04E-6 W=9.56E-6
T253 ( net521 net151 net5 vdd!)  pfet  L=4.04E-6 W=9.56E-6
CM arch: 4
Netlist: 
R256 ( net1049 net689)  R=8.7E2
T257 ( net689 net1562 vdd! vdd!)  pfet  L=4.04E-6 W=1.04E-6
T258 ( net1099 net1562 vdd! vdd!)  pfet  L=4.04E-6 W=1.04E-6
T259 ( 0 net689 net1562 vdd!)  pfet  L=4.04E-6 W=1.04E-6
CM arch: 3
Netlist: 
R261 ( net771 net1312)  R=0.6E4
T262 ( net1312 net399 vdd! vdd!)  pfet  L=7.15E-6 W=6.83E-6
T263 ( net1216 net399 vdd! vdd!)  pfet  L=7.15E-6 W=6.83E-6
T264 ( net1298 net1312 net1216 vdd!)  pfet  L=7.15E-6 W=6.83E-6
CM arch: 3
Netlist: 
R266 ( net1382 net91)  R=1.4E6
T267 ( net91 net1244 vdd! vdd!)  pfet  L=1.62E-6 W=0.81E-6
T268 ( net1403 net1244 vdd! vdd!)  pfet  L=1.62E-6 W=0.81E-6
T269 ( net633 net91 net1403 vdd!)  pfet  L=1.62E-6 W=0.81E-6
CM arch: 2
Netlist: 
R271 ( net1439 net1060)  R=4.9E5
T272 ( net1060 net1060 vdd! vdd!)  pfet  L=6.72E-6 W=5.92E-6
T273 ( net626 net1060 vdd! vdd!)  pfet  L=6.72E-6 W=5.92E-6
CM arch: 2
Netlist: 
R275 ( net315 net1083)  R=6.2E6
T276 ( net1083 net1083 vdd! vdd!)  pfet  L=8.61E-6 W=3.80E-6
T277 ( net435 net1083 vdd! vdd!)  pfet  L=8.61E-6 W=3.80E-6
CM arch: 4
Netlist: 
R279 ( vdd! net137)  R=0.1E2
T280 ( net137 net503 vdd! vdd!)  pfet  L=3.05E-6 W=7.17E-6
T281 ( net213 net503 vdd! vdd!)  pfet  L=3.05E-6 W=7.17E-6
T282 ( 0 net137 net503 vdd!)  pfet  L=3.05E-6 W=7.17E-6
CM arch: 4
Netlist: 
R289 ( net1588 net1441)  R=1.9E2
T290 ( net1441 net229 vdd! vdd!)  pfet  L=4.37E-6 W=2.67E-6
T291 ( net1175 net229 vdd! vdd!)  pfet  L=4.37E-6 W=2.67E-6
T292 ( 0 net1441 net229 vdd!)  pfet  L=4.37E-6 W=2.67E-6
CM arch: 1
Netlist: 
T294 ( net53 net53 0 0)  nfet  L=4.18E-6 W=3.40E-6
T295 ( net391 net53 0 0)  nfet  L=4.18E-6 W=3.40E-6
R296 ( net391 net1472)  R=4.7E3
CM arch: 1
Netlist: 
T298 ( net749 net749 0 0)  nfet  L=5.41E-6 W=3.95E-6
T299 ( net1484 net749 0 0)  nfet  L=5.41E-6 W=3.95E-6
R300 ( net1484 net477)  R=4.7E4
