CM arch: 1
Netlist: 
T1 ( net285 net285 0 0)  nfet  L=6.78E-6 W=8.65E-6
T2 ( net84 net285 0 0)  nfet  L=6.78E-6 W=8.65E-6
R3 ( net84 net59)  R=8.8E3
CM arch: 3
Netlist: 
R5 ( net74 net116)  R=5.4E6
T6 ( net116 net174 0 0)  nfet  L=9.98E-6 W=1.68E-6
T7 ( net104 net174 0 0)  nfet  L=9.98E-6 W=1.68E-6
T8 ( net50 net116 net104 0)  nfet  L=9.98E-6 W=1.68E-6
CM arch: 4
Netlist: 
R11 ( net65 net139)  R=9.4E3
T12 ( net139 net251 vdd! vdd!)  pfet  L=9.13E-6 W=3.19E-6
T13 ( net236 net251 vdd! vdd!)  pfet  L=9.13E-6 W=3.19E-6
T14 ( 0 net139 net251 vdd!)  pfet  L=9.13E-6 W=3.19E-6
CM arch: 4
Netlist: 
R16 ( net181 net92)  R=8.2E0
T17 ( net92 net119 vdd! vdd!)  pfet  L=9.34E-6 W=3.23E-6
T18 ( net168 net119 vdd! vdd!)  pfet  L=9.34E-6 W=3.23E-6
T19 ( 0 net92 net119 vdd!)  pfet  L=9.34E-6 W=3.23E-6
CM arch: 2
Netlist: 
R21 ( 0 net90)  R=5.1E6
T22 ( net90 net90 vdd! vdd!)  pfet  L=0.15E-6 W=2.65E-6
T23 ( net259 net90 vdd! vdd!)  pfet  L=0.15E-6 W=2.65E-6
CM arch: 5
Netlist: 
R25 ( net283 net36)  R=4.2E3
T26 ( net36 net36 net74 vdd!)  pfet  L=6.46E-6 W=9.18E-6
T27 ( net74 net154 vdd! vdd!)  pfet  L=6.46E-6 W=9.18E-6
T28 ( net154 net154 vdd! vdd!)  pfet  L=6.46E-6 W=9.18E-6
T29 ( net143 net36 net154 vdd!)  pfet  L=6.46E-6 W=9.18E-6
CM arch: 2
Netlist: 
R31 ( net128 net121)  R=7.9E3
T32 ( net121 net121 0 0)  nfet  L=7.20E-6 W=9.17E-6
T33 ( net3 net121 0 0)  nfet  L=7.20E-6 W=9.17E-6
CM arch: 1
Netlist: 
T36 ( net255 net255 vdd! vdd!)  pfet  L=2.06E-6 W=9.98E-6
T37 ( net7 net255 vdd! vdd!)  pfet  L=2.06E-6 W=9.98E-6
R38 ( net7 net170)  R=7.4E2
CM arch: 4
Netlist: 
R42 ( 0 net97)  R=3.2E1
T43 ( net97 net129 0 0)  nfet  L=8.28E-6 W=9.42E-6
T44 ( net253 net129 0 0)  nfet  L=8.28E-6 W=9.42E-6
T45 ( vdd! net97 net129 0)  nfet  L=8.28E-6 W=9.42E-6
CM arch: 4
Netlist: 
R47 ( net24 net135)  R=8.4E5
T48 ( net135 net176 0 0)  nfet  L=7.36E-6 W=5.90E-6
T49 ( net296 net176 0 0)  nfet  L=7.36E-6 W=5.90E-6
T50 ( vdd! net135 net176 0)  nfet  L=7.36E-6 W=5.90E-6
CM arch: 5
Netlist: 
R54 ( net299 net131)  R=2.0E0
T55 ( net131 net131 net120 0)  nfet  L=4.40E-6 W=2.09E-6
T56 ( net120 net52 0 0)  nfet  L=4.40E-6 W=2.09E-6
T57 ( net52 net52 0 0)  nfet  L=4.40E-6 W=2.09E-6
T58 ( net315 net131 net52 0)  nfet  L=4.40E-6 W=2.09E-6
CM arch: 3
Netlist: 
R61 ( net204 net194)  R=9.8E1
T62 ( net194 net156 0 0)  nfet  L=3.26E-6 W=8.18E-6
T63 ( net331 net156 0 0)  nfet  L=3.26E-6 W=8.18E-6
T64 ( net253 net194 net331 0)  nfet  L=3.26E-6 W=8.18E-6
CM arch: 5
Netlist: 
R66 ( net316 net59)  R=9.5E6
T67 ( net59 net59 net57 0)  nfet  L=7.87E-6 W=5.25E-6
T68 ( net57 net133 0 0)  nfet  L=7.87E-6 W=5.25E-6
T69 ( net133 net133 0 0)  nfet  L=7.87E-6 W=5.25E-6
T70 ( net91 net59 net133 0)  nfet  L=7.87E-6 W=5.25E-6
CM arch: 2
Netlist: 
R73 ( 0 net167)  R=6.2E0
T74 ( net167 net167 0 0)  nfet  L=3.10E-6 W=9.53E-6
T75 ( net213 net167 0 0)  nfet  L=3.10E-6 W=9.53E-6
CM arch: 1
Netlist: 
T79 ( net287 net287 0 0)  nfet  L=0.37E-6 W=1.15E-6
T80 ( net299 net287 0 0)  nfet  L=0.37E-6 W=1.15E-6
R81 ( net299 net247)  R=8.9E2
CM arch: 5
Netlist: 
R83 ( net287 net159)  R=0.6E6
T84 ( net159 net159 net82 vdd!)  pfet  L=2.99E-6 W=6.86E-6
T85 ( net82 net103 vdd! vdd!)  pfet  L=2.99E-6 W=6.86E-6
T86 ( net103 net103 vdd! vdd!)  pfet  L=2.99E-6 W=6.86E-6
T87 ( net42 net159 net103 vdd!)  pfet  L=2.99E-6 W=6.86E-6
CM arch: 4
Netlist: 
R89 ( net187 net213)  R=3.8E3
T90 ( net213 net24 0 0)  nfet  L=0.87E-6 W=2.82E-6
T91 ( net182 net24 0 0)  nfet  L=0.87E-6 W=2.82E-6
T92 ( vdd! net213 net24 0)  nfet  L=0.87E-6 W=2.82E-6
CM arch: 3
Netlist: 
R95 ( net307 net201)  R=3.3E6
T96 ( net201 net189 vdd! vdd!)  pfet  L=3.31E-6 W=8.72E-6
T97 ( net118 net189 vdd! vdd!)  pfet  L=3.31E-6 W=8.72E-6
T98 ( net147 net201 net118 vdd!)  pfet  L=3.31E-6 W=8.72E-6
CM arch: 5
Netlist: 
R100 ( net95 net252)  R=8.1E6
T101 ( net252 net252 net100 vdd!)  pfet  L=8.69E-6 W=6.77E-6
T102 ( net100 net123 vdd! vdd!)  pfet  L=8.69E-6 W=6.77E-6
T103 ( net123 net123 vdd! vdd!)  pfet  L=8.69E-6 W=6.77E-6
T104 ( net246 net252 net123 vdd!)  pfet  L=8.69E-6 W=6.77E-6
CM arch: 3
Netlist: 
R107 ( 0 net236)  R=6.9E1
T108 ( net236 net134 vdd! vdd!)  pfet  L=5.31E-6 W=8.33E-6
T109 ( net144 net134 vdd! vdd!)  pfet  L=5.31E-6 W=8.33E-6
T110 ( 0 net236 net144 vdd!)  pfet  L=5.31E-6 W=8.33E-6
CM arch: 2
Netlist: 
R112 ( vdd! net54)  R=7.9E3
T113 ( net54 net54 vdd! vdd!)  pfet  L=7.81E-6 W=8.46E-6
T114 ( net62 net54 vdd! vdd!)  pfet  L=7.81E-6 W=8.46E-6
CM arch: 5
Netlist: 
R123 ( net79 net75)  R=3.6E3
T124 ( net75 net75 net282 vdd!)  pfet  L=1.94E-6 W=0.64E-6
T125 ( net282 net180 vdd! vdd!)  pfet  L=1.94E-6 W=0.64E-6
T126 ( net180 net180 vdd! vdd!)  pfet  L=1.94E-6 W=0.64E-6
T127 ( net151 net75 net180 vdd!)  pfet  L=1.94E-6 W=0.64E-6
CM arch: 3
Netlist: 
R129 ( net257 net197)  R=8.8E4
T130 ( net197 net259 vdd! vdd!)  pfet  L=9.65E-6 W=2.10E-6
T131 ( net301 net259 vdd! vdd!)  pfet  L=9.65E-6 W=2.10E-6
T132 ( net181 net197 net301 vdd!)  pfet  L=9.65E-6 W=2.10E-6
CM arch: 3
Netlist: 
R135 ( 0 net244)  R=2.9E2
T136 ( net244 net173 vdd! vdd!)  pfet  L=6.22E-6 W=5.89E-6
T137 ( net219 net173 vdd! vdd!)  pfet  L=6.22E-6 W=5.89E-6
T138 ( net241 net244 net219 vdd!)  pfet  L=6.22E-6 W=5.89E-6
CM arch: 2
Netlist: 
R143 ( net260 net258)  R=8.7E6
T144 ( net258 net258 0 0)  nfet  L=4.04E-6 W=0.42E-6
T145 ( net300 net258 0 0)  nfet  L=4.04E-6 W=0.42E-6
CM arch: 5
Netlist: 
R149 ( net204 net60)  R=2.3E2
T150 ( net60 net60 net192 0)  nfet  L=5.73E-6 W=4.70E-6
T151 ( net192 net318 0 0)  nfet  L=5.73E-6 W=4.70E-6
T152 ( net318 net318 0 0)  nfet  L=5.73E-6 W=4.70E-6
T153 ( net298 net60 net318 0)  nfet  L=5.73E-6 W=4.70E-6
CM arch: 4
Netlist: 
R156 ( net42 net64)  R=9.8E2
T157 ( net64 net332 0 0)  nfet  L=2.17E-6 W=3.57E-6
T158 ( net113 net332 0 0)  nfet  L=2.17E-6 W=3.57E-6
T159 ( vdd! net64 net332 0)  nfet  L=2.17E-6 W=3.57E-6
CM arch: 5
Netlist: 
R162 ( net35 net191)  R=2.2E2
T163 ( net191 net191 net287 0)  nfet  L=7.66E-6 W=6.63E-6
T164 ( net287 net215 0 0)  nfet  L=7.66E-6 W=6.63E-6
T165 ( net215 net215 0 0)  nfet  L=7.66E-6 W=6.63E-6
T166 ( net29 net191 net215 0)  nfet  L=7.66E-6 W=6.63E-6
CM arch: 3
Netlist: 
R168 ( net113 net250)  R=8.0E2
T169 ( net250 net188 vdd! vdd!)  pfet  L=0.94E-6 W=8.73E-6
T170 ( net263 net188 vdd! vdd!)  pfet  L=0.94E-6 W=8.73E-6
T171 ( net246 net250 net263 vdd!)  pfet  L=0.94E-6 W=8.73E-6
CM arch: 3
Netlist: 
R174 ( 0 net208)  R=3.3E6
T175 ( net208 net73 0 0)  nfet  L=2.20E-6 W=3.62E-6
T176 ( net304 net73 0 0)  nfet  L=2.20E-6 W=3.62E-6
T177 ( net311 net208 net304 0)  nfet  L=2.20E-6 W=3.62E-6
CM arch: 4
Netlist: 
R179 ( net327 net278)  R=8.3E1
T180 ( net278 net94 0 0)  nfet  L=0.54E-6 W=1.59E-6
T181 ( net83 net94 0 0)  nfet  L=0.54E-6 W=1.59E-6
T182 ( vdd! net278 net94 0)  nfet  L=0.54E-6 W=1.59E-6
CM arch: 3
Netlist: 
R186 ( net137 net106)  R=2.0E3
T187 ( net106 net39 0 0)  nfet  L=9.65E-6 W=8.16E-6
T188 ( net309 net39 0 0)  nfet  L=9.65E-6 W=8.16E-6
T189 ( net34 net106 net309 0)  nfet  L=9.65E-6 W=8.16E-6
CM arch: 2
Netlist: 
R192 ( net50 net114)  R=5.6E1
T193 ( net114 net114 vdd! vdd!)  pfet  L=9.84E-6 W=0.77E-6
T194 ( net101 net114 vdd! vdd!)  pfet  L=9.84E-6 W=0.77E-6
CM arch: 3
Netlist: 
R196 ( net152 net61)  R=6.9E2
T197 ( net61 net264 0 0)  nfet  L=0.17E-6 W=0.80E-6
T198 ( net275 net264 0 0)  nfet  L=0.17E-6 W=0.80E-6
T199 ( net68 net61 net275 0)  nfet  L=0.17E-6 W=0.80E-6
CM arch: 4
Netlist: 
R201 ( net262 net81)  R=8.7E6
T202 ( net81 net143 0 0)  nfet  L=6.84E-6 W=5.33E-6
T203 ( net69 net143 0 0)  nfet  L=6.84E-6 W=5.33E-6
T204 ( vdd! net81 net143 0)  nfet  L=6.84E-6 W=5.33E-6
CM arch: 4
Netlist: 
R207 ( vdd! net279)  R=8.0E5
T208 ( net279 net5 0 0)  nfet  L=0.80E-6 W=7.50E-6
T209 ( net99 net5 0 0)  nfet  L=0.80E-6 W=7.50E-6
T210 ( vdd! net279 net5 0)  nfet  L=0.80E-6 W=7.50E-6
CM arch: 1
Netlist: 
T212 ( net312 net312 vdd! vdd!)  pfet  L=8.09E-6 W=7.39E-6
T213 ( net184 net312 vdd! vdd!)  pfet  L=8.09E-6 W=7.39E-6
R214 ( net184 net30)  R=7.1E1
CM arch: 1
Netlist: 
T217 ( net87 net87 vdd! vdd!)  pfet  L=8.53E-6 W=8.06E-6
T218 ( net216 net87 vdd! vdd!)  pfet  L=8.53E-6 W=8.06E-6
R219 ( net216 net12)  R=8.2E1
CM arch: 5
Netlist: 
R221 ( net214 net150)  R=8.0E3
T222 ( net150 net150 net235 vdd!)  pfet  L=5.60E-6 W=7.88E-6
T223 ( net235 net268 vdd! vdd!)  pfet  L=5.60E-6 W=7.88E-6
T224 ( net268 net268 vdd! vdd!)  pfet  L=5.60E-6 W=7.88E-6
T225 ( net47 net150 net268 vdd!)  pfet  L=5.60E-6 W=7.88E-6
