CM arch: 4
Netlist: 
R2 ( net1 net30)  R=4.9E6
T3 ( net30 net129 vdd! vdd!)  pfet  L=5.96E-6 W=5.61E-6
T4 ( net152 net129 vdd! vdd!)  pfet  L=5.96E-6 W=5.61E-6
T5 ( 0 net30 net129 vdd!)  pfet  L=5.96E-6 W=5.61E-6
CM arch: 2
Netlist: 
R7 ( vdd! net95)  R=9.9E6
T8 ( net95 net95 0 0)  nfet  L=7.09E-6 W=4.90E-6
T9 ( net37 net95 0 0)  nfet  L=7.09E-6 W=4.90E-6
CM arch: 4
Netlist: 
R13 ( net199 net178)  R=6.5E6
T14 ( net178 net5 0 0)  nfet  L=1.33E-6 W=1.03E-6
T15 ( net66 net5 0 0)  nfet  L=1.33E-6 W=1.03E-6
T16 ( vdd! net178 net5 0)  nfet  L=1.33E-6 W=1.03E-6
CM arch: 1
Netlist: 
T19 ( net11 net11 vdd! vdd!)  pfet  L=2.45E-6 W=1.94E-6
T20 ( net175 net11 vdd! vdd!)  pfet  L=2.45E-6 W=1.94E-6
R21 ( net175 vdd!)  R=7.5E3
CM arch: 5
Netlist: 
R27 ( net49 net23)  R=0.7E2
T28 ( net23 net23 net238 vdd!)  pfet  L=8.49E-6 W=9.22E-6
T29 ( net238 net98 vdd! vdd!)  pfet  L=8.49E-6 W=9.22E-6
T30 ( net98 net98 vdd! vdd!)  pfet  L=8.49E-6 W=9.22E-6
T31 ( net104 net23 net98 vdd!)  pfet  L=8.49E-6 W=9.22E-6
CM arch: 1
Netlist: 
T35 ( net246 net246 vdd! vdd!)  pfet  L=8.31E-6 W=8.59E-6
T36 ( net213 net246 vdd! vdd!)  pfet  L=8.31E-6 W=8.59E-6
R37 ( net213 net31)  R=1.8E2
CM arch: 3
Netlist: 
R41 ( net151 net168)  R=0.2E0
T42 ( net168 net171 vdd! vdd!)  pfet  L=3.60E-6 W=0.20E-6
T43 ( net90 net171 vdd! vdd!)  pfet  L=3.60E-6 W=0.20E-6
T44 ( net126 net168 net90 vdd!)  pfet  L=3.60E-6 W=0.20E-6
CM arch: 2
Netlist: 
R46 ( net230 net112)  R=2.0E5
T47 ( net112 net112 0 0)  nfet  L=7.19E-6 W=4.41E-6
T48 ( net93 net112 0 0)  nfet  L=7.19E-6 W=4.41E-6
CM arch: 2
Netlist: 
R51 ( net203 net75)  R=8.3E1
T52 ( net75 net75 0 0)  nfet  L=3.09E-6 W=0.46E-6
T53 ( net202 net75 0 0)  nfet  L=3.09E-6 W=0.46E-6
CM arch: 3
Netlist: 
R56 ( net69 net17)  R=9.4E5
T57 ( net17 net216 0 0)  nfet  L=8.54E-6 W=6.93E-6
T58 ( net125 net216 0 0)  nfet  L=8.54E-6 W=6.93E-6
T59 ( net22 net17 net125 0)  nfet  L=8.54E-6 W=6.93E-6
CM arch: 3
Netlist: 
R61 ( net239 net116)  R=0.4E4
T62 ( net116 net135 0 0)  nfet  L=4.01E-6 W=8.10E-6
T63 ( net173 net135 0 0)  nfet  L=4.01E-6 W=8.10E-6
T64 ( net60 net116 net173 0)  nfet  L=4.01E-6 W=8.10E-6
CM arch: 1
Netlist: 
T69 ( net210 net210 0 0)  nfet  L=7.93E-6 W=6.28E-6
T70 ( net108 net210 0 0)  nfet  L=7.93E-6 W=6.28E-6
R71 ( net108 net32)  R=1.0E0
