CM arch: 4
Netlist: 
R2 ( net180 net188)  R=7.5E3
T3 ( net188 net189 0 0)  nfet  L=9.25E-6 W=3.35E-6
T4 ( net4 net189 0 0)  nfet  L=9.25E-6 W=3.35E-6
T5 ( vdd! net188 net189 0)  nfet  L=9.25E-6 W=3.35E-6
CM arch: 1
Netlist: 
T8 ( net99 net99 vdd! vdd!)  pfet  L=4.38E-6 W=5.04E-6
T9 ( net325 net99 vdd! vdd!)  pfet  L=4.38E-6 W=5.04E-6
R10 ( net325 net102)  R=9.8E4
CM arch: 3
Netlist: 
R13 ( net182 net341)  R=3.1E3
T14 ( net341 net13 0 0)  nfet  L=6.04E-6 W=9.05E-6
T15 ( net69 net13 0 0)  nfet  L=6.04E-6 W=9.05E-6
T16 ( net179 net341 net69 0)  nfet  L=6.04E-6 W=9.05E-6
CM arch: 2
Netlist: 
R18 ( net287 net91)  R=7.1E1
T19 ( net91 net91 vdd! vdd!)  pfet  L=9.24E-6 W=3.81E-6
T20 ( net217 net91 vdd! vdd!)  pfet  L=9.24E-6 W=3.81E-6
CM arch: 5
Netlist: 
R24 ( 0 net190)  R=1.5E3
T25 ( net190 net190 net114 vdd!)  pfet  L=3.81E-6 W=9.51E-6
T26 ( net114 net150 vdd! vdd!)  pfet  L=3.81E-6 W=9.51E-6
T27 ( net150 net150 vdd! vdd!)  pfet  L=3.81E-6 W=9.51E-6
T28 ( net43 net190 net150 vdd!)  pfet  L=3.81E-6 W=9.51E-6
CM arch: 1
Netlist: 
T31 ( net36 net36 vdd! vdd!)  pfet  L=9.53E-6 W=0.85E-6
T32 ( net321 net36 vdd! vdd!)  pfet  L=9.53E-6 W=0.85E-6
R33 ( net321 net103)  R=2.1E3
CM arch: 1
Netlist: 
T35 ( net229 net229 vdd! vdd!)  pfet  L=1.57E-6 W=3.65E-6
T36 ( net12 net229 vdd! vdd!)  pfet  L=1.57E-6 W=3.65E-6
R37 ( net12 net17)  R=4.2E2
CM arch: 4
Netlist: 
R42 ( vdd! net240)  R=0.2E5
T43 ( net240 net227 vdd! vdd!)  pfet  L=4.16E-6 W=8.67E-6
T44 ( net89 net227 vdd! vdd!)  pfet  L=4.16E-6 W=8.67E-6
T45 ( 0 net240 net227 vdd!)  pfet  L=4.16E-6 W=8.67E-6
CM arch: 3
Netlist: 
R47 ( net173 net208)  R=7.7E0
T48 ( net208 net218 0 0)  nfet  L=0.25E-6 W=7.12E-6
T49 ( net275 net218 0 0)  nfet  L=0.25E-6 W=7.12E-6
T50 ( net197 net208 net275 0)  nfet  L=0.25E-6 W=7.12E-6
CM arch: 3
Netlist: 
R52 ( net267 net293)  R=3.2E6
T53 ( net293 net322 vdd! vdd!)  pfet  L=3.90E-6 W=4.77E-6
T54 ( net213 net322 vdd! vdd!)  pfet  L=3.90E-6 W=4.77E-6
T55 ( net180 net293 net213 vdd!)  pfet  L=3.90E-6 W=4.77E-6
CM arch: 3
Netlist: 
R60 ( net25 net154)  R=8.5E3
T61 ( net154 net327 vdd! vdd!)  pfet  L=5.29E-6 W=0.63E-6
T62 ( net108 net327 vdd! vdd!)  pfet  L=5.29E-6 W=0.63E-6
T63 ( net88 net154 net108 vdd!)  pfet  L=5.29E-6 W=0.63E-6
CM arch: 3
Netlist: 
R65 ( net300 net10)  R=5.9E5
T66 ( net10 net7 0 0)  nfet  L=4.87E-6 W=7.34E-6
T67 ( net30 net7 0 0)  nfet  L=4.87E-6 W=7.34E-6
T68 ( net347 net10 net30 0)  nfet  L=4.87E-6 W=7.34E-6
CM arch: 5
Netlist: 
R71 ( net270 net287)  R=1.7E4
T72 ( net287 net287 net269 0)  nfet  L=5.23E-6 W=1.47E-6
T73 ( net269 net24 0 0)  nfet  L=5.23E-6 W=1.47E-6
T74 ( net24 net24 0 0)  nfet  L=5.23E-6 W=1.47E-6
T75 ( net70 net287 net24 0)  nfet  L=5.23E-6 W=1.47E-6
CM arch: 1
Netlist: 
T77 ( net251 net251 0 0)  nfet  L=6.76E-6 W=9.96E-6
T78 ( net164 net251 0 0)  nfet  L=6.76E-6 W=9.96E-6
R79 ( net164 net144)  R=3.2E0
CM arch: 5
Netlist: 
R81 ( net27 net20)  R=0.2E2
T82 ( net20 net20 net109 vdd!)  pfet  L=2.97E-6 W=2.35E-6
T83 ( net109 net335 vdd! vdd!)  pfet  L=2.97E-6 W=2.35E-6
T84 ( net335 net335 vdd! vdd!)  pfet  L=2.97E-6 W=2.35E-6
T85 ( net210 net20 net335 vdd!)  pfet  L=2.97E-6 W=2.35E-6
CM arch: 5
Netlist: 
R88 ( net351 net46)  R=4.4E5
T89 ( net46 net46 net161 0)  nfet  L=4.28E-6 W=2.98E-6
T90 ( net161 net41 0 0)  nfet  L=4.28E-6 W=2.98E-6
T91 ( net41 net41 0 0)  nfet  L=4.28E-6 W=2.98E-6
T92 ( net272 net46 net41 0)  nfet  L=4.28E-6 W=2.98E-6
CM arch: 4
Netlist: 
R94 ( net242 net246)  R=5.4E1
T95 ( net246 net139 vdd! vdd!)  pfet  L=7.50E-6 W=0.44E-6
T96 ( net34 net139 vdd! vdd!)  pfet  L=7.50E-6 W=0.44E-6
T97 ( 0 net246 net139 vdd!)  pfet  L=7.50E-6 W=0.44E-6
CM arch: 1
Netlist: 
T104 ( net70 net70 0 0)  nfet  L=7.82E-6 W=2.92E-6
T105 ( net97 net70 0 0)  nfet  L=7.82E-6 W=2.92E-6
R106 ( net97 net93)  R=4.7E1
CM arch: 3
Netlist: 
R108 ( net147 net104)  R=3.4E6
T109 ( net104 net61 0 0)  nfet  L=6.26E-6 W=2.20E-6
T110 ( net135 net61 0 0)  nfet  L=6.26E-6 W=2.20E-6
T111 ( net106 net104 net135 0)  nfet  L=6.26E-6 W=2.20E-6
CM arch: 2
Netlist: 
R113 ( net334 net68)  R=5.4E6
T114 ( net68 net68 0 0)  nfet  L=3.24E-6 W=4.72E-6
T115 ( net302 net68 0 0)  nfet  L=3.24E-6 W=4.72E-6
CM arch: 2
Netlist: 
R117 ( net260 net5)  R=6.0E3
T118 ( net5 net5 vdd! vdd!)  pfet  L=0.80E-6 W=1.10E-6
T119 ( net103 net5 vdd! vdd!)  pfet  L=0.80E-6 W=1.10E-6
CM arch: 2
Netlist: 
R125 ( net175 net64)  R=9.8E0
T126 ( net64 net64 0 0)  nfet  L=9.87E-6 W=6.64E-6
T127 ( net260 net64 0 0)  nfet  L=9.87E-6 W=6.64E-6
CM arch: 3
Netlist: 
R130 ( net63 net93)  R=4.7E2
T131 ( net93 net302 vdd! vdd!)  pfet  L=6.46E-6 W=6.43E-6
T132 ( net101 net302 vdd! vdd!)  pfet  L=6.46E-6 W=6.43E-6
T133 ( net343 net93 net101 vdd!)  pfet  L=6.46E-6 W=6.43E-6
CM arch: 4
Netlist: 
R135 ( net103 net191)  R=1.2E3
T136 ( net191 net221 0 0)  nfet  L=3.96E-6 W=4.71E-6
T137 ( 0 net221 0 0)  nfet  L=3.96E-6 W=4.71E-6
T138 ( vdd! net191 net221 0)  nfet  L=3.96E-6 W=4.71E-6
CM arch: 4
Netlist: 
R142 ( net211 net4)  R=9.3E5
T143 ( net4 net128 0 0)  nfet  L=6.70E-6 W=1.53E-6
T144 ( net247 net128 0 0)  nfet  L=6.70E-6 W=1.53E-6
T145 ( vdd! net4 net128 0)  nfet  L=6.70E-6 W=1.53E-6
CM arch: 4
Netlist: 
R147 ( net89 net226)  R=8.6E2
T148 ( net226 net207 0 0)  nfet  L=6.18E-6 W=1.14E-6
T149 ( net25 net207 0 0)  nfet  L=6.18E-6 W=1.14E-6
T150 ( vdd! net226 net207 0)  nfet  L=6.18E-6 W=1.14E-6
CM arch: 5
Netlist: 
R152 ( net165 net142)  R=1.3E0
T153 ( net142 net142 net186 vdd!)  pfet  L=3.66E-6 W=3.79E-6
T154 ( net186 net57 vdd! vdd!)  pfet  L=3.66E-6 W=3.79E-6
T155 ( net57 net57 vdd! vdd!)  pfet  L=3.66E-6 W=3.79E-6
T156 ( net233 net142 net57 vdd!)  pfet  L=3.66E-6 W=3.79E-6
CM arch: 5
Netlist: 
R158 ( net67 net96)  R=2.1E1
T159 ( net96 net96 net211 0)  nfet  L=4.90E-6 W=9.01E-6
T160 ( net211 net295 0 0)  nfet  L=4.90E-6 W=9.01E-6
T161 ( net295 net295 0 0)  nfet  L=4.90E-6 W=9.01E-6
T162 ( net251 net96 net295 0)  nfet  L=4.90E-6 W=9.01E-6
CM arch: 2
Netlist: 
R165 ( net160 net62)  R=3.9E1
T166 ( net62 net62 vdd! vdd!)  pfet  L=9.42E-6 W=2.92E-6
T167 ( net92 net62 vdd! vdd!)  pfet  L=9.42E-6 W=2.92E-6
CM arch: 3
Netlist: 
R169 ( net312 net297)  R=5.3E3
T170 ( net297 net192 vdd! vdd!)  pfet  L=2.99E-6 W=2.99E-6
T171 ( net284 net192 vdd! vdd!)  pfet  L=2.99E-6 W=2.99E-6
T172 ( net183 net297 net284 vdd!)  pfet  L=2.99E-6 W=2.99E-6
CM arch: 4
Netlist: 
R181 ( net271 net143)  R=1.1E0
T182 ( net143 net267 vdd! vdd!)  pfet  L=4.96E-6 W=6.00E-6
T183 ( net72 net267 vdd! vdd!)  pfet  L=4.96E-6 W=6.00E-6
T184 ( 0 net143 net267 vdd!)  pfet  L=4.96E-6 W=6.00E-6
CM arch: 5
Netlist: 
R187 ( net6 net18)  R=1.5E2
T188 ( net18 net18 net200 0)  nfet  L=7.77E-6 W=0.81E-6
T189 ( net200 net35 0 0)  nfet  L=7.77E-6 W=0.81E-6
T190 ( net35 net35 0 0)  nfet  L=7.77E-6 W=0.81E-6
T191 ( net236 net18 net35 0)  nfet  L=7.77E-6 W=0.81E-6
CM arch: 5
Netlist: 
R193 ( 0 net155)  R=1.7E6
T194 ( net155 net155 net193 0)  nfet  L=7.47E-6 W=1.47E-6
T195 ( net193 net264 0 0)  nfet  L=7.47E-6 W=1.47E-6
T196 ( net264 net264 0 0)  nfet  L=7.47E-6 W=1.47E-6
T197 ( net234 net155 net264 0)  nfet  L=7.47E-6 W=1.47E-6
CM arch: 1
Netlist: 
T201 ( net168 net168 0 0)  nfet  L=6.59E-6 W=3.28E-6
T202 ( net170 net168 0 0)  nfet  L=6.59E-6 W=3.28E-6
R203 ( net170 net156)  R=8.0E6
CM arch: 4
Netlist: 
R206 ( net113 net219)  R=1.3E1
T207 ( net219 net47 vdd! vdd!)  pfet  L=1.60E-6 W=2.18E-6
T208 ( net40 net47 vdd! vdd!)  pfet  L=1.60E-6 W=2.18E-6
T209 ( 0 net219 net47 vdd!)  pfet  L=1.60E-6 W=2.18E-6
CM arch: 5
Netlist: 
R211 ( net173 net121)  R=8.1E4
T212 ( net121 net121 net309 vdd!)  pfet  L=4.54E-6 W=3.07E-6
T213 ( net309 net16 vdd! vdd!)  pfet  L=4.54E-6 W=3.07E-6
T214 ( net16 net16 vdd! vdd!)  pfet  L=4.54E-6 W=3.07E-6
T215 ( net121 net121 net16 vdd!)  pfet  L=4.54E-6 W=3.07E-6
CM arch: 5
Netlist: 
R217 ( net268 net222)  R=9.6E2
T218 ( net222 net222 net204 0)  nfet  L=7.36E-6 W=6.32E-6
T219 ( net204 net157 0 0)  nfet  L=7.36E-6 W=6.32E-6
T220 ( net157 net157 0 0)  nfet  L=7.36E-6 W=6.32E-6
T221 ( net228 net222 net157 0)  nfet  L=7.36E-6 W=6.32E-6
CM arch: 4
Netlist: 
R225 ( net220 net311)  R=7.1E0
T226 ( net311 net44 0 0)  nfet  L=4.63E-6 W=0.83E-6
T227 ( net134 net44 0 0)  nfet  L=4.63E-6 W=0.83E-6
T228 ( vdd! net311 net44 0)  nfet  L=4.63E-6 W=0.83E-6
CM arch: 2
Netlist: 
R233 ( net254 net176)  R=4.6E1
T234 ( net176 net176 vdd! vdd!)  pfet  L=9.60E-6 W=2.10E-6
T235 ( net124 net176 vdd! vdd!)  pfet  L=9.60E-6 W=2.10E-6
CM arch: 4
Netlist: 
R237 ( net27 net25)  R=9.7E2
T238 ( net25 net28 vdd! vdd!)  pfet  L=0.26E-6 W=3.08E-6
T239 ( net266 net28 vdd! vdd!)  pfet  L=0.26E-6 W=3.08E-6
T240 ( 0 net25 net28 vdd!)  pfet  L=0.26E-6 W=3.08E-6
CM arch: 1
Netlist: 
T243 ( net228 net228 vdd! vdd!)  pfet  L=8.78E-6 W=9.05E-6
T244 ( net349 net228 vdd! vdd!)  pfet  L=8.78E-6 W=9.05E-6
R245 ( net349 net205)  R=7.0E1
CM arch: 1
Netlist: 
T248 ( net199 net199 0 0)  nfet  L=4.13E-6 W=1.89E-6
T249 ( net76 net199 0 0)  nfet  L=4.13E-6 W=1.89E-6
R250 ( net76 net244)  R=1.6E2
CM arch: 2
Netlist: 
R253 ( net134 net316)  R=5.7E5
T254 ( net316 net316 0 0)  nfet  L=1.77E-6 W=3.62E-6
T255 ( net84 net316 0 0)  nfet  L=1.77E-6 W=3.62E-6
CM arch: 3
Netlist: 
R258 ( net265 net199)  R=7.5E5
T259 ( net199 net212 0 0)  nfet  L=7.00E-6 W=1.70E-6
T260 ( net252 net212 0 0)  nfet  L=7.00E-6 W=1.70E-6
T261 ( net136 net199 net252 0)  nfet  L=7.00E-6 W=1.70E-6
CM arch: 4
Netlist: 
R263 ( net103 net65)  R=3.5E2
T264 ( net65 net118 vdd! vdd!)  pfet  L=1.72E-6 W=0.91E-6
T265 ( net137 net118 vdd! vdd!)  pfet  L=1.72E-6 W=0.91E-6
T266 ( 0 net65 net118 vdd!)  pfet  L=1.72E-6 W=0.91E-6
CM arch: 1
Netlist: 
T268 ( net216 net216 0 0)  nfet  L=0.63E-6 W=2.90E-6
T269 ( net342 net216 0 0)  nfet  L=0.63E-6 W=2.90E-6
R270 ( net342 net234)  R=5.3E4
CM arch: 4
Netlist: 
R273 ( net45 net39)  R=0.3E3
T274 ( net39 net51 vdd! vdd!)  pfet  L=7.80E-6 W=6.67E-6
T275 ( net282 net51 vdd! vdd!)  pfet  L=7.80E-6 W=6.67E-6
T276 ( 0 net39 net51 vdd!)  pfet  L=7.80E-6 W=6.67E-6
CM arch: 2
Netlist: 
R284 ( net78 net209)  R=2.3E3
T285 ( net209 net209 vdd! vdd!)  pfet  L=2.74E-6 W=9.19E-6
T286 ( net33 net209 vdd! vdd!)  pfet  L=2.74E-6 W=9.19E-6
CM arch: 2
Netlist: 
R288 ( net229 net194)  R=9.1E3
T289 ( net194 net194 0 0)  nfet  L=9.21E-6 W=5.43E-6
T290 ( net312 net194 0 0)  nfet  L=9.21E-6 W=5.43E-6
CM arch: 1
Netlist: 
T292 ( net261 net261 vdd! vdd!)  pfet  L=9.14E-6 W=9.68E-6
T293 ( net265 net261 vdd! vdd!)  pfet  L=9.14E-6 W=9.68E-6
R294 ( net265 net223)  R=0.7E4
