CM arch: 1
Netlist: 
T1 ( net327 net327 vdd! vdd!)  pfet  L=4.00E-6 W=1.68E-6
T2 ( net827 net327 vdd! vdd!)  pfet  L=4.00E-6 W=1.68E-6
R3 ( net827 net748)  R=0.2E5
CM arch: 5
Netlist: 
R5 ( net396 net319)  R=3.8E2
T6 ( net319 net319 net19 0)  nfet  L=7.61E-6 W=7.40E-6
T7 ( net19 net470 0 0)  nfet  L=7.61E-6 W=7.40E-6
T8 ( net470 net470 0 0)  nfet  L=7.61E-6 W=7.40E-6
T9 ( net103 net319 net470 0)  nfet  L=7.61E-6 W=7.40E-6
CM arch: 1
Netlist: 
T13 ( net904 net904 0 0)  nfet  L=4.10E-6 W=9.55E-6
T14 ( net208 net904 0 0)  nfet  L=4.10E-6 W=9.55E-6
R15 ( net208 net374)  R=6.0E3
CM arch: 3
Netlist: 
R17 ( net210 net169)  R=9.7E4
T18 ( net169 net372 vdd! vdd!)  pfet  L=7.79E-6 W=0.79E-6
T19 ( net286 net372 vdd! vdd!)  pfet  L=7.79E-6 W=0.79E-6
T20 ( net112 net169 net286 vdd!)  pfet  L=7.79E-6 W=0.79E-6
CM arch: 4
Netlist: 
R23 ( 0 net86)  R=6.9E2
T24 ( net86 net4 0 0)  nfet  L=1.46E-6 W=5.96E-6
T25 ( net680 net4 0 0)  nfet  L=1.46E-6 W=5.96E-6
T26 ( vdd! net86 net4 0)  nfet  L=1.46E-6 W=5.96E-6
CM arch: 5
Netlist: 
R28 ( net810 net472)  R=5.9E3
T29 ( net472 net472 net241 0)  nfet  L=9.69E-6 W=3.71E-6
T30 ( net241 net763 0 0)  nfet  L=9.69E-6 W=3.71E-6
T31 ( net763 net763 0 0)  nfet  L=9.69E-6 W=3.71E-6
T32 ( net547 net472 net763 0)  nfet  L=9.69E-6 W=3.71E-6
CM arch: 5
Netlist: 
R34 ( net906 net565)  R=9.8E6
T35 ( net565 net565 net321 vdd!)  pfet  L=9.40E-6 W=5.44E-6
T36 ( net321 net244 vdd! vdd!)  pfet  L=9.40E-6 W=5.44E-6
T37 ( net244 net244 vdd! vdd!)  pfet  L=9.40E-6 W=5.44E-6
T38 ( net413 net565 net244 vdd!)  pfet  L=9.40E-6 W=5.44E-6
CM arch: 1
Netlist: 
T45 ( net457 net457 vdd! vdd!)  pfet  L=0.30E-6 W=7.16E-6
T46 ( net543 net457 vdd! vdd!)  pfet  L=0.30E-6 W=7.16E-6
R47 ( net543 0)  R=8.7E3
CM arch: 2
Netlist: 
R51 ( net647 net610)  R=2.4E0
T52 ( net610 net610 0 0)  nfet  L=1.58E-6 W=7.83E-6
T53 ( net363 net610 0 0)  nfet  L=1.58E-6 W=7.83E-6
CM arch: 1
Netlist: 
T55 ( net25 net25 0 0)  nfet  L=7.47E-6 W=4.28E-6
T56 ( net507 net25 0 0)  nfet  L=7.47E-6 W=4.28E-6
R57 ( net507 net234)  R=1.7E1
CM arch: 2
Netlist: 
R59 ( net205 net236)  R=5.8E1
T60 ( net236 net236 0 0)  nfet  L=6.91E-6 W=4.91E-6
T61 ( net581 net236 0 0)  nfet  L=6.91E-6 W=4.91E-6
CM arch: 4
Netlist: 
R65 ( 0 net465)  R=5.2E6
T66 ( net465 net852 0 0)  nfet  L=7.95E-6 W=5.56E-6
T67 ( net100 net852 0 0)  nfet  L=7.95E-6 W=5.56E-6
T68 ( vdd! net465 net852 0)  nfet  L=7.95E-6 W=5.56E-6
CM arch: 5
Netlist: 
R70 ( net230 net160)  R=6.0E6
T71 ( net160 net160 net781 vdd!)  pfet  L=3.51E-6 W=4.16E-6
T72 ( net781 net848 vdd! vdd!)  pfet  L=3.51E-6 W=4.16E-6
T73 ( net848 net848 vdd! vdd!)  pfet  L=3.51E-6 W=4.16E-6
T74 ( net160 net160 net848 vdd!)  pfet  L=3.51E-6 W=4.16E-6
CM arch: 2
Netlist: 
R77 ( net209 net783)  R=8.1E1
T78 ( net783 net783 vdd! vdd!)  pfet  L=4.91E-6 W=0.84E-6
T79 ( net85 net783 vdd! vdd!)  pfet  L=4.91E-6 W=0.84E-6
CM arch: 5
Netlist: 
R81 ( net378 net45)  R=5.2E5
T82 ( net45 net45 net804 vdd!)  pfet  L=9.42E-6 W=4.38E-6
T83 ( net804 net636 vdd! vdd!)  pfet  L=9.42E-6 W=4.38E-6
T84 ( net636 net636 vdd! vdd!)  pfet  L=9.42E-6 W=4.38E-6
T85 ( net466 net45 net636 vdd!)  pfet  L=9.42E-6 W=4.38E-6
CM arch: 2
Netlist: 
R87 ( net410 net217)  R=6.6E4
T88 ( net217 net217 0 0)  nfet  L=8.25E-6 W=4.77E-6
T89 ( net200 net217 0 0)  nfet  L=8.25E-6 W=4.77E-6
CM arch: 3
Netlist: 
R91 ( net117 net203)  R=9.9E1
T92 ( net203 net753 vdd! vdd!)  pfet  L=7.58E-6 W=0.20E-6
T93 ( net919 net753 vdd! vdd!)  pfet  L=7.58E-6 W=0.20E-6
T94 ( vdd! net203 net919 vdd!)  pfet  L=7.58E-6 W=0.20E-6
CM arch: 1
Netlist: 
T100 ( net48 net48 vdd! vdd!)  pfet  L=0.26E-6 W=4.09E-6
T101 ( net294 net48 vdd! vdd!)  pfet  L=0.26E-6 W=4.09E-6
R102 ( net294 net22)  R=2.5E2
CM arch: 1
Netlist: 
T104 ( net898 net898 0 0)  nfet  L=9.82E-6 W=8.99E-6
T105 ( net746 net898 0 0)  nfet  L=9.82E-6 W=8.99E-6
R106 ( net746 net928)  R=5.2E1
CM arch: 1
Netlist: 
T108 ( net471 net471 vdd! vdd!)  pfet  L=7.68E-6 W=0.10E-6
T109 ( net923 net471 vdd! vdd!)  pfet  L=7.68E-6 W=0.10E-6
R110 ( net923 net343)  R=4.4E6
CM arch: 5
Netlist: 
R114 ( net821 net862)  R=9.2E4
T115 ( net862 net862 net938 0)  nfet  L=5.80E-6 W=5.93E-6
T116 ( net938 net360 0 0)  nfet  L=5.80E-6 W=5.93E-6
T117 ( net360 net360 0 0)  nfet  L=5.80E-6 W=5.93E-6
T118 ( net925 net862 net360 0)  nfet  L=5.80E-6 W=5.93E-6
CM arch: 3
Netlist: 
R121 ( net334 net591)  R=5.5E6
T122 ( net591 net145 0 0)  nfet  L=4.77E-6 W=9.69E-6
T123 ( net51 net145 0 0)  nfet  L=4.77E-6 W=9.69E-6
T124 ( net665 net591 net51 0)  nfet  L=4.77E-6 W=9.69E-6
CM arch: 3
Netlist: 
R129 ( net193 net641)  R=1.0E6
T130 ( net641 net937 0 0)  nfet  L=0.69E-6 W=6.37E-6
T131 ( net756 net937 0 0)  nfet  L=0.69E-6 W=6.37E-6
T132 ( net194 net641 net756 0)  nfet  L=0.69E-6 W=6.37E-6
CM arch: 3
Netlist: 
R138 ( net315 net564)  R=5.7E0
T139 ( net564 net866 0 0)  nfet  L=6.50E-6 W=3.54E-6
T140 ( net557 net866 0 0)  nfet  L=6.50E-6 W=3.54E-6
T141 ( net67 net564 net557 0)  nfet  L=6.50E-6 W=3.54E-6
CM arch: 2
Netlist: 
R144 ( net275 net100)  R=8.0E3
T145 ( net100 net100 vdd! vdd!)  pfet  L=9.44E-6 W=3.78E-6
T146 ( net412 net100 vdd! vdd!)  pfet  L=9.44E-6 W=3.78E-6
CM arch: 1
Netlist: 
T149 ( net113 net113 vdd! vdd!)  pfet  L=7.69E-6 W=3.70E-6
T150 ( net121 net113 vdd! vdd!)  pfet  L=7.69E-6 W=3.70E-6
R151 ( net121 net554)  R=9.1E3
CM arch: 4
Netlist: 
R161 ( net124 net433)  R=2.8E3
T162 ( net433 net638 0 0)  nfet  L=1.40E-6 W=9.72E-6
T163 ( net718 net638 0 0)  nfet  L=1.40E-6 W=9.72E-6
T164 ( vdd! net433 net638 0)  nfet  L=1.40E-6 W=9.72E-6
CM arch: 3
Netlist: 
R166 ( net676 net299)  R=6.5E0
T167 ( net299 net71 0 0)  nfet  L=4.70E-6 W=7.98E-6
T168 ( net157 net71 0 0)  nfet  L=4.70E-6 W=7.98E-6
T169 ( vdd! net299 net157 0)  nfet  L=4.70E-6 W=7.98E-6
CM arch: 4
Netlist: 
R173 ( net21 net741)  R=8.5E5
T174 ( net741 net141 vdd! vdd!)  pfet  L=5.08E-6 W=2.14E-6
T175 ( net348 net141 vdd! vdd!)  pfet  L=5.08E-6 W=2.14E-6
T176 ( 0 net741 net141 vdd!)  pfet  L=5.08E-6 W=2.14E-6
CM arch: 3
Netlist: 
R181 ( net280 net713)  R=1.6E5
T182 ( net713 net884 vdd! vdd!)  pfet  L=9.46E-6 W=8.11E-6
T183 ( net267 net884 vdd! vdd!)  pfet  L=9.46E-6 W=8.11E-6
T184 ( net861 net713 net267 vdd!)  pfet  L=9.46E-6 W=8.11E-6
CM arch: 1
Netlist: 
T186 ( net79 net79 vdd! vdd!)  pfet  L=0.43E-6 W=2.13E-6
T187 ( net830 net79 vdd! vdd!)  pfet  L=0.43E-6 W=2.13E-6
R188 ( net830 net853)  R=8.9E3
CM arch: 5
Netlist: 
R190 ( net332 net253)  R=1.9E5
T191 ( net253 net253 net367 vdd!)  pfet  L=7.22E-6 W=9.29E-6
T192 ( net367 net427 vdd! vdd!)  pfet  L=7.22E-6 W=9.29E-6
T193 ( net427 net427 vdd! vdd!)  pfet  L=7.22E-6 W=9.29E-6
T194 ( net264 net253 net427 vdd!)  pfet  L=7.22E-6 W=9.29E-6
CM arch: 5
Netlist: 
R196 ( net278 net178)  R=5.1E4
T197 ( net178 net178 net303 0)  nfet  L=3.31E-6 W=3.88E-6
T198 ( net303 net624 0 0)  nfet  L=3.31E-6 W=3.88E-6
T199 ( net624 net624 0 0)  nfet  L=3.31E-6 W=3.88E-6
T200 ( net906 net178 net624 0)  nfet  L=3.31E-6 W=3.88E-6
CM arch: 1
Netlist: 
T204 ( net199 net199 vdd! vdd!)  pfet  L=8.45E-6 W=2.39E-6
T205 ( net440 net199 vdd! vdd!)  pfet  L=8.45E-6 W=2.39E-6
R206 ( net440 net530)  R=8.3E5
CM arch: 4
Netlist: 
R212 ( net161 net819)  R=2.0E4
T213 ( net819 net194 vdd! vdd!)  pfet  L=8.63E-6 W=4.04E-6
T214 ( net324 net194 vdd! vdd!)  pfet  L=8.63E-6 W=4.04E-6
T215 ( 0 net819 net194 vdd!)  pfet  L=8.63E-6 W=4.04E-6
CM arch: 3
Netlist: 
R217 ( net700 net341)  R=4.5E1
T218 ( net341 net364 vdd! vdd!)  pfet  L=9.51E-6 W=3.31E-6
T219 ( net354 net364 vdd! vdd!)  pfet  L=9.51E-6 W=3.31E-6
T220 ( net679 net341 net354 vdd!)  pfet  L=9.51E-6 W=3.31E-6
CM arch: 2
Netlist: 
R223 ( net342 net841)  R=7.6E3
T224 ( net841 net841 0 0)  nfet  L=8.63E-6 W=0.76E-6
T225 ( net308 net841 0 0)  nfet  L=8.63E-6 W=0.76E-6
CM arch: 4
Netlist: 
R227 ( 0 net469)  R=4.6E3
T228 ( net469 net486 vdd! vdd!)  pfet  L=1.85E-6 W=8.55E-6
T229 ( vdd! net486 vdd! vdd!)  pfet  L=1.85E-6 W=8.55E-6
T230 ( 0 net469 net486 vdd!)  pfet  L=1.85E-6 W=8.55E-6
CM arch: 1
Netlist: 
T232 ( net579 net579 vdd! vdd!)  pfet  L=1.63E-6 W=2.66E-6
T233 ( net292 net579 vdd! vdd!)  pfet  L=1.63E-6 W=2.66E-6
R234 ( net292 net90)  R=7.0E1
CM arch: 2
Netlist: 
R236 ( net252 net257)  R=2.9E1
T237 ( net257 net257 vdd! vdd!)  pfet  L=3.76E-6 W=4.50E-6
T238 ( net824 net257 vdd! vdd!)  pfet  L=3.76E-6 W=4.50E-6
CM arch: 4
Netlist: 
R244 ( net325 net165)  R=4.9E2
T245 ( net165 net895 vdd! vdd!)  pfet  L=5.46E-6 W=9.05E-6
T246 ( net556 net895 vdd! vdd!)  pfet  L=5.46E-6 W=9.05E-6
T247 ( 0 net165 net895 vdd!)  pfet  L=5.46E-6 W=9.05E-6
CM arch: 5
Netlist: 
R250 ( net598 net749)  R=1.5E2
T251 ( net749 net749 net855 0)  nfet  L=5.85E-6 W=3.07E-6
T252 ( net855 net808 0 0)  nfet  L=5.85E-6 W=3.07E-6
T253 ( net808 net808 0 0)  nfet  L=5.85E-6 W=3.07E-6
T254 ( net655 net749 net808 0)  nfet  L=5.85E-6 W=3.07E-6
CM arch: 5
Netlist: 
R261 ( net889 net40)  R=1.6E6
T262 ( net40 net40 net474 vdd!)  pfet  L=0.43E-6 W=1.09E-6
T263 ( net474 net59 vdd! vdd!)  pfet  L=0.43E-6 W=1.09E-6
T264 ( net59 net59 vdd! vdd!)  pfet  L=0.43E-6 W=1.09E-6
T265 ( net276 net40 net59 vdd!)  pfet  L=0.43E-6 W=1.09E-6
CM arch: 1
Netlist: 
T269 ( net449 net449 vdd! vdd!)  pfet  L=8.47E-6 W=9.20E-6
T270 ( net740 net449 vdd! vdd!)  pfet  L=8.47E-6 W=9.20E-6
R271 ( net740 net670)  R=9.3E4
CM arch: 3
Netlist: 
R273 ( net635 net76)  R=5.2E5
T274 ( net76 net452 vdd! vdd!)  pfet  L=6.87E-6 W=7.42E-6
T275 ( net876 net452 vdd! vdd!)  pfet  L=6.87E-6 W=7.42E-6
T276 ( net393 net76 net876 vdd!)  pfet  L=6.87E-6 W=7.42E-6
CM arch: 1
Netlist: 
T278 ( net764 net764 0 0)  nfet  L=8.89E-6 W=0.42E-6
T279 ( net606 net764 0 0)  nfet  L=8.89E-6 W=0.42E-6
R280 ( net606 net510)  R=5.2E1
CM arch: 4
Netlist: 
R287 ( net164 net274)  R=5.8E1
T288 ( net274 net256 0 0)  nfet  L=6.71E-6 W=8.57E-6
T289 ( net66 net256 0 0)  nfet  L=6.71E-6 W=8.57E-6
T290 ( vdd! net274 net256 0)  nfet  L=6.71E-6 W=8.57E-6
CM arch: 1
Netlist: 
T296 ( net381 net381 vdd! vdd!)  pfet  L=9.77E-6 W=6.63E-6
T297 ( net708 net381 vdd! vdd!)  pfet  L=9.77E-6 W=6.63E-6
R298 ( net708 net612)  R=7.1E6
CM arch: 1
Netlist: 
T305 ( net466 net466 0 0)  nfet  L=9.23E-6 W=6.98E-6
T306 ( net924 net466 0 0)  nfet  L=9.23E-6 W=6.98E-6
R307 ( net924 net654)  R=1.7E5
CM arch: 2
Netlist: 
R311 ( net939 net139)  R=2.8E0
T312 ( net139 net139 vdd! vdd!)  pfet  L=1.46E-6 W=3.27E-6
T313 ( net56 net139 vdd! vdd!)  pfet  L=1.46E-6 W=3.27E-6
