CM arch: 3
Netlist: 
R2 ( net376 net45)  R=3.3E5
T3 ( net45 net191 0 0)  nfet  L=5.90E-6 W=1.22E-6
T4 ( net433 net191 0 0)  nfet  L=5.90E-6 W=1.22E-6
T5 ( net34 net45 net433 0)  nfet  L=5.90E-6 W=1.22E-6
CM arch: 5
Netlist: 
R9 ( net575 net359)  R=0.2E6
T10 ( net359 net359 net367 0)  nfet  L=5.90E-6 W=5.89E-6
T11 ( net367 net405 0 0)  nfet  L=5.90E-6 W=5.89E-6
T12 ( net405 net405 0 0)  nfet  L=5.90E-6 W=5.89E-6
T13 ( net241 net359 net405 0)  nfet  L=5.90E-6 W=5.89E-6
CM arch: 5
Netlist: 
R17 ( net436 net561)  R=8.1E1
T18 ( net561 net561 net20 vdd!)  pfet  L=6.31E-6 W=3.75E-6
T19 ( net20 net213 vdd! vdd!)  pfet  L=6.31E-6 W=3.75E-6
T20 ( net213 net213 vdd! vdd!)  pfet  L=6.31E-6 W=3.75E-6
T21 ( net451 net561 net213 vdd!)  pfet  L=6.31E-6 W=3.75E-6
CM arch: 2
Netlist: 
R25 ( net36 net27)  R=0.6E3
T26 ( net27 net27 0 0)  nfet  L=4.19E-6 W=3.95E-6
T27 ( net235 net27 0 0)  nfet  L=4.19E-6 W=3.95E-6
CM arch: 3
Netlist: 
R31 ( net281 net107)  R=6.1E5
T32 ( net107 net467 vdd! vdd!)  pfet  L=5.48E-6 W=7.65E-6
T33 ( net469 net467 vdd! vdd!)  pfet  L=5.48E-6 W=7.65E-6
T34 ( net3 net107 net469 vdd!)  pfet  L=5.48E-6 W=7.65E-6
CM arch: 2
Netlist: 
R37 ( net306 net354)  R=6.1E4
T38 ( net354 net354 vdd! vdd!)  pfet  L=9.12E-6 W=3.44E-6
T39 ( net362 net354 vdd! vdd!)  pfet  L=9.12E-6 W=3.44E-6
CM arch: 4
Netlist: 
R41 ( net527 net204)  R=0.2E0
T42 ( net204 net228 vdd! vdd!)  pfet  L=9.34E-6 W=8.93E-6
T43 ( net565 net228 vdd! vdd!)  pfet  L=9.34E-6 W=8.93E-6
T44 ( 0 net204 net228 vdd!)  pfet  L=9.34E-6 W=8.93E-6
CM arch: 2
Netlist: 
R46 ( net489 net13)  R=6.0E1
T47 ( net13 net13 vdd! vdd!)  pfet  L=4.02E-6 W=4.70E-6
T48 ( net567 net13 vdd! vdd!)  pfet  L=4.02E-6 W=4.70E-6
CM arch: 4
Netlist: 
R50 ( net254 net424)  R=10.0E5
T51 ( net424 net390 vdd! vdd!)  pfet  L=1.85E-6 W=3.53E-6
T52 ( net311 net390 vdd! vdd!)  pfet  L=1.85E-6 W=3.53E-6
T53 ( 0 net424 net390 vdd!)  pfet  L=1.85E-6 W=3.53E-6
CM arch: 1
Netlist: 
T55 ( net298 net298 0 0)  nfet  L=1.43E-6 W=5.56E-6
T56 ( net481 net298 0 0)  nfet  L=1.43E-6 W=5.56E-6
R57 ( net481 net181)  R=7.2E1
CM arch: 4
Netlist: 
R61 ( net328 net392)  R=3.6E4
T62 ( net392 net560 vdd! vdd!)  pfet  L=9.80E-6 W=8.46E-6
T63 ( net169 net560 vdd! vdd!)  pfet  L=9.80E-6 W=8.46E-6
T64 ( 0 net392 net560 vdd!)  pfet  L=9.80E-6 W=8.46E-6
CM arch: 4
Netlist: 
R72 ( net168 net277)  R=7.6E4
T73 ( net277 net113 0 0)  nfet  L=1.43E-6 W=2.68E-6
T74 ( vdd! net113 0 0)  nfet  L=1.43E-6 W=2.68E-6
T75 ( vdd! net277 net113 0)  nfet  L=1.43E-6 W=2.68E-6
CM arch: 1
Netlist: 
T78 ( net475 net475 0 0)  nfet  L=8.02E-6 W=3.57E-6
T79 ( net121 net475 0 0)  nfet  L=8.02E-6 W=3.57E-6
R80 ( net121 net413)  R=3.5E5
CM arch: 4
Netlist: 
R84 ( net547 net347)  R=2.6E4
T85 ( net347 net486 0 0)  nfet  L=9.72E-6 W=3.64E-6
T86 ( net146 net486 0 0)  nfet  L=9.72E-6 W=3.64E-6
T87 ( vdd! net347 net486 0)  nfet  L=9.72E-6 W=3.64E-6
CM arch: 3
Netlist: 
R90 ( net428 net130)  R=1.4E0
T91 ( net130 net451 0 0)  nfet  L=9.52E-6 W=0.79E-6
T92 ( net495 net451 0 0)  nfet  L=9.52E-6 W=0.79E-6
T93 ( net368 net130 net495 0)  nfet  L=9.52E-6 W=0.79E-6
CM arch: 5
Netlist: 
R95 ( net499 net168)  R=4.6E1
T96 ( net168 net168 net565 0)  nfet  L=8.54E-6 W=2.75E-6
T97 ( net565 net274 0 0)  nfet  L=8.54E-6 W=2.75E-6
T98 ( net274 net274 0 0)  nfet  L=8.54E-6 W=2.75E-6
T99 ( net471 net168 net274 0)  nfet  L=8.54E-6 W=2.75E-6
CM arch: 3
Netlist: 
R101 ( net251 net522)  R=8.0E3
T102 ( net522 net423 0 0)  nfet  L=5.51E-6 W=9.36E-6
T103 ( net51 net423 0 0)  nfet  L=5.51E-6 W=9.36E-6
T104 ( net452 net522 net51 0)  nfet  L=5.51E-6 W=9.36E-6
CM arch: 1
Netlist: 
T107 ( net157 net157 0 0)  nfet  L=5.80E-6 W=6.81E-6
T108 ( net537 net157 0 0)  nfet  L=5.80E-6 W=6.81E-6
R109 ( net537 net554)  R=3.8E3
CM arch: 2
Netlist: 
R114 ( net339 net31)  R=8.4E0
T115 ( net31 net31 vdd! vdd!)  pfet  L=5.62E-6 W=5.75E-6
T116 ( net457 net31 vdd! vdd!)  pfet  L=5.62E-6 W=5.75E-6
CM arch: 5
Netlist: 
R119 ( net349 net194)  R=0.4E2
T120 ( net194 net194 net173 vdd!)  pfet  L=5.88E-6 W=4.54E-6
T121 ( net173 net139 vdd! vdd!)  pfet  L=5.88E-6 W=4.54E-6
T122 ( net139 net139 vdd! vdd!)  pfet  L=5.88E-6 W=4.54E-6
T123 ( net362 net194 net139 vdd!)  pfet  L=5.88E-6 W=4.54E-6
CM arch: 2
Netlist: 
R126 ( net93 net136)  R=8.4E3
T127 ( net136 net136 0 0)  nfet  L=6.49E-6 W=1.65E-6
T128 ( net237 net136 0 0)  nfet  L=6.49E-6 W=1.65E-6
CM arch: 2
Netlist: 
R130 ( net46 net548)  R=0.7E4
T131 ( net548 net548 vdd! vdd!)  pfet  L=5.43E-6 W=4.43E-6
T132 ( net92 net548 vdd! vdd!)  pfet  L=5.43E-6 W=4.43E-6
CM arch: 3
Netlist: 
R137 ( net326 net111)  R=0.7E0
T138 ( net111 net57 vdd! vdd!)  pfet  L=5.86E-6 W=9.88E-6
T139 ( net142 net57 vdd! vdd!)  pfet  L=5.86E-6 W=9.88E-6
T140 ( net513 net111 net142 vdd!)  pfet  L=5.86E-6 W=9.88E-6
CM arch: 2
Netlist: 
R142 ( net69 net216)  R=2.1E5
T143 ( net216 net216 vdd! vdd!)  pfet  L=2.77E-6 W=2.54E-6
T144 ( net420 net216 vdd! vdd!)  pfet  L=2.77E-6 W=2.54E-6
CM arch: 1
Netlist: 
T146 ( vdd! vdd! 0 0)  nfet  L=4.31E-6 W=2.52E-6
T147 ( net412 vdd! 0 0)  nfet  L=4.31E-6 W=2.52E-6
R148 ( net412 net123)  R=9.2E2
CM arch: 2
Netlist: 
R150 ( net436 net503)  R=9.8E5
T151 ( net503 net503 vdd! vdd!)  pfet  L=7.73E-6 W=1.56E-6
T152 ( vdd! net503 vdd! vdd!)  pfet  L=7.73E-6 W=1.56E-6
CM arch: 3
Netlist: 
R155 ( net1 net485)  R=2.4E3
T156 ( net485 net149 vdd! vdd!)  pfet  L=6.20E-6 W=2.74E-6
T157 ( net409 net149 vdd! vdd!)  pfet  L=6.20E-6 W=2.74E-6
T158 ( net93 net485 net409 vdd!)  pfet  L=6.20E-6 W=2.74E-6
CM arch: 5
Netlist: 
R161 ( net342 net252)  R=6.6E5
T162 ( net252 net252 net383 vdd!)  pfet  L=2.44E-6 W=1.64E-6
T163 ( net383 net231 vdd! vdd!)  pfet  L=2.44E-6 W=1.64E-6
T164 ( net231 net231 vdd! vdd!)  pfet  L=2.44E-6 W=1.64E-6
T165 ( net261 net252 net231 vdd!)  pfet  L=2.44E-6 W=1.64E-6
CM arch: 3
Netlist: 
R172 ( net201 net374)  R=3.5E5
T173 ( net374 net364 vdd! vdd!)  pfet  L=1.87E-6 W=4.17E-6
T174 ( net434 net364 vdd! vdd!)  pfet  L=1.87E-6 W=4.17E-6
T175 ( net100 net374 net434 vdd!)  pfet  L=1.87E-6 W=4.17E-6
CM arch: 2
Netlist: 
R177 ( vdd! net577)  R=8.6E3
T178 ( net577 net577 0 0)  nfet  L=0.52E-6 W=8.53E-6
T179 ( net523 net577 0 0)  nfet  L=0.52E-6 W=8.53E-6
CM arch: 2
Netlist: 
R181 ( net237 net450)  R=5.4E5
T182 ( net450 net450 vdd! vdd!)  pfet  L=1.47E-6 W=2.16E-6
T183 ( net167 net450 vdd! vdd!)  pfet  L=1.47E-6 W=2.16E-6
CM arch: 3
Netlist: 
R187 ( net310 net276)  R=4.2E0
T188 ( net276 net536 0 0)  nfet  L=4.74E-6 W=7.15E-6
T189 ( net425 net536 0 0)  nfet  L=4.74E-6 W=7.15E-6
T190 ( net496 net276 net425 0)  nfet  L=4.74E-6 W=7.15E-6
CM arch: 4
Netlist: 
R196 ( net12 net5)  R=0.2E2
T197 ( net5 net510 0 0)  nfet  L=6.40E-6 W=4.13E-6
T198 ( net395 net510 0 0)  nfet  L=6.40E-6 W=4.13E-6
T199 ( vdd! net5 net510 0)  nfet  L=6.40E-6 W=4.13E-6
CM arch: 5
Netlist: 
R206 ( net179 net209)  R=7.3E4
T207 ( net209 net209 net381 vdd!)  pfet  L=2.23E-6 W=0.24E-6
T208 ( net381 net144 vdd! vdd!)  pfet  L=2.23E-6 W=0.24E-6
T209 ( net144 net144 vdd! vdd!)  pfet  L=2.23E-6 W=0.24E-6
T210 ( net165 net209 net144 vdd!)  pfet  L=2.23E-6 W=0.24E-6
CM arch: 1
Netlist: 
T215 ( net297 net297 0 0)  nfet  L=4.42E-6 W=4.82E-6
T216 ( net260 net297 0 0)  nfet  L=4.42E-6 W=4.82E-6
R217 ( net260 net92)  R=7.9E3
CM arch: 1
Netlist: 
T219 ( net278 net278 vdd! vdd!)  pfet  L=2.06E-6 W=7.54E-6
T220 ( net335 net278 vdd! vdd!)  pfet  L=2.06E-6 W=7.54E-6
R221 ( net335 net169)  R=6.2E4
CM arch: 3
Netlist: 
R224 ( net336 net47)  R=4.2E5
T225 ( net47 net523 0 0)  nfet  L=1.05E-6 W=9.72E-6
T226 ( net77 net523 0 0)  nfet  L=1.05E-6 W=9.72E-6
T227 ( net386 net47 net77 0)  nfet  L=1.05E-6 W=9.72E-6
CM arch: 3
Netlist: 
R229 ( net407 net174)  R=7.4E0
T230 ( net174 net288 0 0)  nfet  L=5.00E-6 W=5.89E-6
T231 ( net272 net288 0 0)  nfet  L=5.00E-6 W=5.89E-6
T232 ( net331 net174 net272 0)  nfet  L=5.00E-6 W=5.89E-6
CM arch: 1
Netlist: 
T234 ( net356 net356 0 0)  nfet  L=8.58E-6 W=1.78E-6
T235 ( net223 net356 0 0)  nfet  L=8.58E-6 W=1.78E-6
R236 ( net223 net527)  R=5.9E2
CM arch: 2
Netlist: 
R238 ( net247 net442)  R=6.4E6
T239 ( net442 net442 0 0)  nfet  L=7.54E-6 W=3.66E-6
T240 ( net421 net442 0 0)  nfet  L=7.54E-6 W=3.66E-6
CM arch: 4
Netlist: 
R242 ( net264 net84)  R=0.6E5
T243 ( net84 net115 vdd! vdd!)  pfet  L=6.52E-6 W=3.59E-6
T244 ( net358 net115 vdd! vdd!)  pfet  L=6.52E-6 W=3.59E-6
T245 ( 0 net84 net115 vdd!)  pfet  L=6.52E-6 W=3.59E-6
CM arch: 1
Netlist: 
T248 ( net123 net123 vdd! vdd!)  pfet  L=5.01E-6 W=1.00E-6
T249 ( net156 net123 vdd! vdd!)  pfet  L=5.01E-6 W=1.00E-6
R250 ( net156 net297)  R=3.4E2
CM arch: 1
Netlist: 
T253 ( net70 net70 0 0)  nfet  L=9.63E-6 W=0.91E-6
T254 ( net241 net70 0 0)  nfet  L=9.63E-6 W=0.91E-6
R255 ( net241 net164)  R=5.6E0
CM arch: 5
Netlist: 
R258 ( net206 net25)  R=2.6E4
T259 ( net25 net25 net346 0)  nfet  L=0.47E-6 W=4.92E-6
T260 ( net346 net500 0 0)  nfet  L=0.47E-6 W=4.92E-6
T261 ( net500 net500 0 0)  nfet  L=0.47E-6 W=4.92E-6
T262 ( net141 net25 net500 0)  nfet  L=0.47E-6 W=4.92E-6
CM arch: 4
Netlist: 
R264 ( net397 net137)  R=6.6E1
T265 ( net137 net70 vdd! vdd!)  pfet  L=6.22E-6 W=4.60E-6
T266 ( net527 net70 vdd! vdd!)  pfet  L=6.22E-6 W=4.60E-6
T267 ( 0 net137 net70 vdd!)  pfet  L=6.22E-6 W=4.60E-6
CM arch: 5
Netlist: 
R270 ( net33 net508)  R=2.3E2
T271 ( net508 net508 net134 0)  nfet  L=0.35E-6 W=7.34E-6
T272 ( net134 net473 0 0)  nfet  L=0.35E-6 W=7.34E-6
T273 ( net473 net473 0 0)  nfet  L=0.35E-6 W=7.34E-6
T274 ( net215 net508 net473 0)  nfet  L=0.35E-6 W=7.34E-6
CM arch: 3
Netlist: 
R276 ( net2 net103)  R=8.2E4
T277 ( net103 net279 0 0)  nfet  L=8.59E-6 W=9.94E-6
T278 ( net344 net279 0 0)  nfet  L=8.59E-6 W=9.94E-6
T279 ( net22 net103 net344 0)  nfet  L=8.59E-6 W=9.94E-6
CM arch: 1
Netlist: 
T281 ( net365 net365 vdd! vdd!)  pfet  L=3.87E-6 W=3.95E-6
T282 ( net575 net365 vdd! vdd!)  pfet  L=3.87E-6 W=3.95E-6
R283 ( net575 net529)  R=2.4E4
CM arch: 1
Netlist: 
T287 ( net454 net454 vdd! vdd!)  pfet  L=5.32E-6 W=8.35E-6
T288 ( net164 net454 vdd! vdd!)  pfet  L=5.32E-6 W=8.35E-6
R289 ( net164 net501)  R=8.3E3
CM arch: 1
Netlist: 
T291 ( net402 net402 vdd! vdd!)  pfet  L=4.70E-6 W=5.73E-6
T292 ( net251 net402 vdd! vdd!)  pfet  L=4.70E-6 W=5.73E-6
R293 ( net251 net219)  R=7.9E3
