CM arch: 5
Netlist: 
R1 ( net410 net219)  R=4.0E6
T2 ( net219 net219 net377 vdd!)  pfet  L=2.81E-6 W=7.82E-6
T3 ( net377 net37 vdd! vdd!)  pfet  L=2.81E-6 W=7.82E-6
T4 ( net37 net37 vdd! vdd!)  pfet  L=2.81E-6 W=7.82E-6
T5 ( net195 net219 net37 vdd!)  pfet  L=2.81E-6 W=7.82E-6
CM arch: 3
Netlist: 
R7 ( net358 net341)  R=9.6E4
T8 ( net341 net370 vdd! vdd!)  pfet  L=8.64E-6 W=6.70E-6
T9 ( net494 net370 vdd! vdd!)  pfet  L=8.64E-6 W=6.70E-6
T10 ( 0 net341 net494 vdd!)  pfet  L=8.64E-6 W=6.70E-6
CM arch: 3
Netlist: 
R16 ( net248 net110)  R=10.0E6
T17 ( net110 net209 vdd! vdd!)  pfet  L=4.01E-6 W=4.29E-6
T18 ( net457 net209 vdd! vdd!)  pfet  L=4.01E-6 W=4.29E-6
T19 ( net188 net110 net457 vdd!)  pfet  L=4.01E-6 W=4.29E-6
CM arch: 1
Netlist: 
T24 ( net441 net441 0 0)  nfet  L=5.76E-6 W=9.06E-6
T25 ( net395 net441 0 0)  nfet  L=5.76E-6 W=9.06E-6
R26 ( net395 net245)  R=3.0E3
CM arch: 5
Netlist: 
R28 ( net98 net463)  R=1.8E0
T29 ( net463 net463 net354 vdd!)  pfet  L=6.48E-6 W=5.56E-6
T30 ( net354 net207 vdd! vdd!)  pfet  L=6.48E-6 W=5.56E-6
T31 ( net207 net207 vdd! vdd!)  pfet  L=6.48E-6 W=5.56E-6
T32 ( 0 net463 net207 vdd!)  pfet  L=6.48E-6 W=5.56E-6
CM arch: 2
Netlist: 
R36 ( net220 net270)  R=5.3E2
T37 ( net270 net270 0 0)  nfet  L=5.84E-6 W=7.13E-6
T38 ( net198 net270 0 0)  nfet  L=5.84E-6 W=7.13E-6
CM arch: 2
Netlist: 
R41 ( net479 net114)  R=5.6E6
T42 ( net114 net114 0 0)  nfet  L=5.79E-6 W=2.50E-6
T43 ( net88 net114 0 0)  nfet  L=5.79E-6 W=2.50E-6
CM arch: 2
Netlist: 
R46 ( 0 net51)  R=2.2E3
T47 ( net51 net51 vdd! vdd!)  pfet  L=9.57E-6 W=3.14E-6
T48 ( vdd! net51 vdd! vdd!)  pfet  L=9.57E-6 W=3.14E-6
CM arch: 2
Netlist: 
R51 ( net93 net9)  R=7.6E2
T52 ( net9 net9 0 0)  nfet  L=0.16E-6 W=0.79E-6
T53 ( net71 net9 0 0)  nfet  L=0.16E-6 W=0.79E-6
CM arch: 3
Netlist: 
R56 ( net237 net447)  R=1.9E3
T57 ( net447 net315 vdd! vdd!)  pfet  L=3.63E-6 W=5.63E-6
T58 ( net236 net315 vdd! vdd!)  pfet  L=3.63E-6 W=5.63E-6
T59 ( net301 net447 net236 vdd!)  pfet  L=3.63E-6 W=5.63E-6
CM arch: 3
Netlist: 
R61 ( net142 net459)  R=2.3E6
T62 ( net459 net104 vdd! vdd!)  pfet  L=4.52E-6 W=2.27E-6
T63 ( net303 net104 vdd! vdd!)  pfet  L=4.52E-6 W=2.27E-6
T64 ( net271 net459 net303 vdd!)  pfet  L=4.52E-6 W=2.27E-6
CM arch: 3
Netlist: 
R66 ( 0 net357)  R=4.8E5
T67 ( net357 net22 0 0)  nfet  L=9.22E-6 W=2.73E-6
T68 ( net241 net22 0 0)  nfet  L=9.22E-6 W=2.73E-6
T69 ( net419 net357 net241 0)  nfet  L=9.22E-6 W=2.73E-6
CM arch: 1
Netlist: 
T71 ( net20 net20 vdd! vdd!)  pfet  L=5.82E-6 W=3.79E-6
T72 ( net294 net20 vdd! vdd!)  pfet  L=5.82E-6 W=3.79E-6
R73 ( net294 net453)  R=6.2E0
CM arch: 3
Netlist: 
R75 ( net230 net54)  R=8.5E2
T76 ( net54 net176 vdd! vdd!)  pfet  L=9.03E-6 W=9.21E-6
T77 ( net415 net176 vdd! vdd!)  pfet  L=9.03E-6 W=9.21E-6
T78 ( net258 net54 net415 vdd!)  pfet  L=9.03E-6 W=9.21E-6
CM arch: 4
Netlist: 
R81 ( net466 net211)  R=9.1E6
T82 ( net211 net507 vdd! vdd!)  pfet  L=3.08E-6 W=0.72E-6
T83 ( net422 net507 vdd! vdd!)  pfet  L=3.08E-6 W=0.72E-6
T84 ( 0 net211 net507 vdd!)  pfet  L=3.08E-6 W=0.72E-6
CM arch: 2
Netlist: 
R86 ( net169 net280)  R=9.2E3
T87 ( net280 net280 vdd! vdd!)  pfet  L=1.58E-6 W=2.34E-6
T88 ( net172 net280 vdd! vdd!)  pfet  L=1.58E-6 W=2.34E-6
CM arch: 3
Netlist: 
R93 ( net479 net17)  R=5.7E2
T94 ( net17 net443 0 0)  nfet  L=1.40E-6 W=2.16E-6
T95 ( net421 net443 0 0)  nfet  L=1.40E-6 W=2.16E-6
T96 ( net394 net17 net421 0)  nfet  L=1.40E-6 W=2.16E-6
CM arch: 5
Netlist: 
R98 ( net381 net150)  R=4.0E2
T99 ( net150 net150 net81 0)  nfet  L=6.29E-6 W=0.79E-6
T100 ( net81 net310 0 0)  nfet  L=6.29E-6 W=0.79E-6
T101 ( net310 net310 0 0)  nfet  L=6.29E-6 W=0.79E-6
T102 ( net252 net150 net310 0)  nfet  L=6.29E-6 W=0.79E-6
CM arch: 3
Netlist: 
R105 ( net163 net327)  R=0.3E6
T106 ( net327 net152 vdd! vdd!)  pfet  L=9.94E-6 W=7.51E-6
T107 ( net274 net152 vdd! vdd!)  pfet  L=9.94E-6 W=7.51E-6
T108 ( net283 net327 net274 vdd!)  pfet  L=9.94E-6 W=7.51E-6
CM arch: 2
Netlist: 
R110 ( net70 net10)  R=2.8E1
T111 ( net10 net10 vdd! vdd!)  pfet  L=5.20E-6 W=2.31E-6
T112 ( net197 net10 vdd! vdd!)  pfet  L=5.20E-6 W=2.31E-6
CM arch: 4
Netlist: 
R114 ( net181 net233)  R=5.3E6
T115 ( net233 net468 0 0)  nfet  L=8.30E-6 W=4.01E-6
T116 ( net385 net468 0 0)  nfet  L=8.30E-6 W=4.01E-6
T117 ( vdd! net233 net468 0)  nfet  L=8.30E-6 W=4.01E-6
CM arch: 4
Netlist: 
R120 ( net208 net16)  R=2.8E0
T121 ( net16 net286 vdd! vdd!)  pfet  L=4.29E-6 W=9.91E-6
T122 ( net167 net286 vdd! vdd!)  pfet  L=4.29E-6 W=9.91E-6
T123 ( 0 net16 net286 vdd!)  pfet  L=4.29E-6 W=9.91E-6
CM arch: 4
Netlist: 
R128 ( net302 net35)  R=5.4E2
T129 ( net35 net276 vdd! vdd!)  pfet  L=2.04E-6 W=1.41E-6
T130 ( net254 net276 vdd! vdd!)  pfet  L=2.04E-6 W=1.41E-6
T131 ( 0 net35 net276 vdd!)  pfet  L=2.04E-6 W=1.41E-6
CM arch: 2
Netlist: 
R139 ( vdd! net330)  R=4.5E2
T140 ( net330 net330 vdd! vdd!)  pfet  L=1.02E-6 W=5.41E-6
T141 ( net491 net330 vdd! vdd!)  pfet  L=1.02E-6 W=5.41E-6
CM arch: 3
Netlist: 
R143 ( net436 net240)  R=0.4E5
T144 ( net240 net144 vdd! vdd!)  pfet  L=0.79E-6 W=7.27E-6
T145 ( net245 net144 vdd! vdd!)  pfet  L=0.79E-6 W=7.27E-6
T146 ( net73 net240 net245 vdd!)  pfet  L=0.79E-6 W=7.27E-6
CM arch: 5
Netlist: 
R149 ( net203 net485)  R=4.7E5
T150 ( net485 net485 net445 vdd!)  pfet  L=2.67E-6 W=9.59E-6
T151 ( net445 net381 vdd! vdd!)  pfet  L=2.67E-6 W=9.59E-6
T152 ( net381 net381 vdd! vdd!)  pfet  L=2.67E-6 W=9.59E-6
T153 ( vdd! net485 net381 vdd!)  pfet  L=2.67E-6 W=9.59E-6
CM arch: 4
Netlist: 
R155 ( net229 net336)  R=6.0E2
T156 ( net336 net179 0 0)  nfet  L=9.29E-6 W=7.78E-6
T157 ( net355 net179 0 0)  nfet  L=9.29E-6 W=7.78E-6
T158 ( vdd! net336 net179 0)  nfet  L=9.29E-6 W=7.78E-6
CM arch: 1
Netlist: 
T162 ( net461 net461 vdd! vdd!)  pfet  L=1.08E-6 W=9.17E-6
T163 ( net154 net461 vdd! vdd!)  pfet  L=1.08E-6 W=9.17E-6
R164 ( net154 net250)  R=3.7E1
CM arch: 4
Netlist: 
R167 ( 0 net383)  R=7.3E2
T168 ( net383 net141 0 0)  nfet  L=5.22E-6 W=2.40E-6
T169 ( 0 net141 0 0)  nfet  L=5.22E-6 W=2.40E-6
T170 ( vdd! net383 net141 0)  nfet  L=5.22E-6 W=2.40E-6
CM arch: 2
Netlist: 
R172 ( vdd! net221)  R=5.9E1
T173 ( net221 net221 vdd! vdd!)  pfet  L=8.99E-6 W=0.44E-6
T174 ( net373 net221 vdd! vdd!)  pfet  L=8.99E-6 W=0.44E-6
CM arch: 1
Netlist: 
T177 ( net299 net299 vdd! vdd!)  pfet  L=8.92E-6 W=5.00E-6
T178 ( net295 net299 vdd! vdd!)  pfet  L=8.92E-6 W=5.00E-6
R179 ( net295 net367)  R=3.4E0
CM arch: 5
Netlist: 
R181 ( net501 net48)  R=8.7E1
T182 ( net48 net48 net212 vdd!)  pfet  L=4.30E-6 W=7.64E-6
T183 ( net212 net82 vdd! vdd!)  pfet  L=4.30E-6 W=7.64E-6
T184 ( net82 net82 vdd! vdd!)  pfet  L=4.30E-6 W=7.64E-6
T185 ( net290 net48 net82 vdd!)  pfet  L=4.30E-6 W=7.64E-6
CM arch: 1
Netlist: 
T189 ( net216 net216 0 0)  nfet  L=6.58E-6 W=6.62E-6
T190 ( net412 net216 0 0)  nfet  L=6.58E-6 W=6.62E-6
R191 ( net412 net488)  R=4.1E5
CM arch: 2
Netlist: 
R193 ( net49 net506)  R=6.0E4
T194 ( net506 net506 vdd! vdd!)  pfet  L=9.67E-6 W=1.83E-6
T195 ( 0 net506 vdd! vdd!)  pfet  L=9.67E-6 W=1.83E-6
CM arch: 2
Netlist: 
R197 ( net191 net478)  R=0.3E5
T198 ( net478 net478 0 0)  nfet  L=3.92E-6 W=8.41E-6
T199 ( net495 net478 0 0)  nfet  L=3.92E-6 W=8.41E-6
CM arch: 1
Netlist: 
T201 ( net307 net307 0 0)  nfet  L=3.66E-6 W=0.95E-6
T202 ( net46 net307 0 0)  nfet  L=3.66E-6 W=0.95E-6
R203 ( net46 net427)  R=6.7E0
CM arch: 4
Netlist: 
R205 ( net57 net105)  R=8.7E4
T206 ( net105 net213 vdd! vdd!)  pfet  L=6.68E-6 W=1.36E-6
T207 ( net161 net213 vdd! vdd!)  pfet  L=6.68E-6 W=1.36E-6
T208 ( 0 net105 net213 vdd!)  pfet  L=6.68E-6 W=1.36E-6
CM arch: 4
Netlist: 
R210 ( net394 net191)  R=9.6E1
T211 ( net191 net41 vdd! vdd!)  pfet  L=2.99E-6 W=5.70E-6
T212 ( net378 net41 vdd! vdd!)  pfet  L=2.99E-6 W=5.70E-6
T213 ( 0 net191 net41 vdd!)  pfet  L=2.99E-6 W=5.70E-6
CM arch: 5
Netlist: 
R215 ( net23 net195)  R=4.1E5
T216 ( net195 net195 net61 vdd!)  pfet  L=7.48E-6 W=8.22E-6
T217 ( net61 net261 vdd! vdd!)  pfet  L=7.48E-6 W=8.22E-6
T218 ( net261 net261 vdd! vdd!)  pfet  L=7.48E-6 W=8.22E-6
T219 ( net129 net195 net261 vdd!)  pfet  L=7.48E-6 W=8.22E-6
CM arch: 4
Netlist: 
R222 ( net367 net335)  R=1.7E3
T223 ( net335 net256 vdd! vdd!)  pfet  L=4.80E-6 W=5.77E-6
T224 ( vdd! net256 vdd! vdd!)  pfet  L=4.80E-6 W=5.77E-6
T225 ( 0 net335 net256 vdd!)  pfet  L=4.80E-6 W=5.77E-6
CM arch: 4
Netlist: 
R227 ( net347 net309)  R=2.1E4
T228 ( net309 net314 0 0)  nfet  L=6.85E-6 W=2.29E-6
T229 ( net318 net314 0 0)  nfet  L=6.85E-6 W=2.29E-6
T230 ( vdd! net309 net314 0)  nfet  L=6.85E-6 W=2.29E-6
CM arch: 1
Netlist: 
T232 ( net164 net164 0 0)  nfet  L=7.20E-6 W=8.95E-6
T233 ( net1 net164 0 0)  nfet  L=7.20E-6 W=8.95E-6
R234 ( net1 net426)  R=1.0E1
CM arch: 5
Netlist: 
R237 ( net461 net38)  R=9.7E6
T238 ( net38 net38 net360 vdd!)  pfet  L=8.38E-6 W=6.95E-6
T239 ( net360 net223 vdd! vdd!)  pfet  L=8.38E-6 W=6.95E-6
T240 ( net223 net223 vdd! vdd!)  pfet  L=8.38E-6 W=6.95E-6
T241 ( net288 net38 net223 vdd!)  pfet  L=8.38E-6 W=6.95E-6
CM arch: 2
Netlist: 
R244 ( net160 net194)  R=2.3E4
T245 ( net194 net194 0 0)  nfet  L=2.77E-6 W=6.74E-6
T246 ( net289 net194 0 0)  nfet  L=2.77E-6 W=6.74E-6
CM arch: 1
Netlist: 
T248 ( net190 net190 0 0)  nfet  L=7.30E-6 W=9.87E-6
T249 ( net170 net190 0 0)  nfet  L=7.30E-6 W=9.87E-6
R250 ( net170 net471)  R=1.0E0
CM arch: 5
Netlist: 
R252 ( net455 net20)  R=8.7E1
T253 ( net20 net20 net71 vdd!)  pfet  L=3.91E-6 W=3.66E-6
T254 ( net71 net175 vdd! vdd!)  pfet  L=3.91E-6 W=3.66E-6
T255 ( net175 net175 vdd! vdd!)  pfet  L=3.91E-6 W=3.66E-6
T256 ( net87 net20 net175 vdd!)  pfet  L=3.91E-6 W=3.66E-6
CM arch: 1
Netlist: 
T258 ( net148 net148 vdd! vdd!)  pfet  L=9.55E-6 W=4.03E-6
T259 ( net178 net148 vdd! vdd!)  pfet  L=9.55E-6 W=4.03E-6
R260 ( net178 net111)  R=1.8E3
CM arch: 2
Netlist: 
R262 ( net128 net264)  R=6.6E0
T263 ( net264 net264 vdd! vdd!)  pfet  L=8.44E-6 W=5.11E-6
T264 ( net225 net264 vdd! vdd!)  pfet  L=8.44E-6 W=5.11E-6
CM arch: 1
Netlist: 
T266 ( net234 net234 0 0)  nfet  L=6.38E-6 W=8.41E-6
T267 ( net502 net234 0 0)  nfet  L=6.38E-6 W=8.41E-6
R268 ( net502 net226)  R=8.7E0
CM arch: 3
Netlist: 
R270 ( net368 net435)  R=1.0E2
T271 ( net435 net95 vdd! vdd!)  pfet  L=8.72E-6 W=4.06E-6
T272 ( net464 net95 vdd! vdd!)  pfet  L=8.72E-6 W=4.06E-6
T273 ( net419 net435 net464 vdd!)  pfet  L=8.72E-6 W=4.06E-6
