CM arch: 5
Netlist: 
R2 ( net102 net322)  R=6.0E5
T3 ( net322 net322 net418 vdd!)  pfet  L=1.65E-6 W=8.76E-6
T4 ( net418 net364 vdd! vdd!)  pfet  L=1.65E-6 W=8.76E-6
T5 ( net364 net364 vdd! vdd!)  pfet  L=1.65E-6 W=8.76E-6
T6 ( net296 net322 net364 vdd!)  pfet  L=1.65E-6 W=8.76E-6
CM arch: 2
Netlist: 
R8 ( net7 net379)  R=2.0E5
T9 ( net379 net379 vdd! vdd!)  pfet  L=6.22E-6 W=6.20E-6
T10 ( net60 net379 vdd! vdd!)  pfet  L=6.22E-6 W=6.20E-6
CM arch: 4
Netlist: 
R13 ( net162 net173)  R=7.3E0
T14 ( net173 net201 0 0)  nfet  L=2.18E-6 W=8.83E-6
T15 ( net94 net201 0 0)  nfet  L=2.18E-6 W=8.83E-6
T16 ( vdd! net173 net201 0)  nfet  L=2.18E-6 W=8.83E-6
CM arch: 3
Netlist: 
R21 ( net31 net186)  R=7.0E5
T22 ( net186 net415 vdd! vdd!)  pfet  L=4.08E-6 W=6.05E-6
T23 ( net150 net415 vdd! vdd!)  pfet  L=4.08E-6 W=6.05E-6
T24 ( net336 net186 net150 vdd!)  pfet  L=4.08E-6 W=6.05E-6
CM arch: 4
Netlist: 
R27 ( net60 net33)  R=5.3E4
T28 ( net33 net371 0 0)  nfet  L=2.08E-6 W=8.38E-6
T29 ( net106 net371 0 0)  nfet  L=2.08E-6 W=8.38E-6
T30 ( vdd! net33 net371 0)  nfet  L=2.08E-6 W=8.38E-6
CM arch: 2
Netlist: 
R33 ( vdd! net187)  R=4.9E6
T34 ( net187 net187 0 0)  nfet  L=0.40E-6 W=5.53E-6
T35 ( net7 net187 0 0)  nfet  L=0.40E-6 W=5.53E-6
CM arch: 3
Netlist: 
R39 ( 0 net165)  R=9.0E2
T40 ( net165 net95 vdd! vdd!)  pfet  L=2.44E-6 W=7.74E-6
T41 ( net163 net95 vdd! vdd!)  pfet  L=2.44E-6 W=7.74E-6
T42 ( net340 net165 net163 vdd!)  pfet  L=2.44E-6 W=7.74E-6
CM arch: 4
Netlist: 
R44 ( net272 net15)  R=1.7E4
T45 ( net15 net132 0 0)  nfet  L=4.99E-6 W=7.18E-6
T46 ( net388 net132 0 0)  nfet  L=4.99E-6 W=7.18E-6
T47 ( vdd! net15 net132 0)  nfet  L=4.99E-6 W=7.18E-6
CM arch: 4
Netlist: 
R50 ( net329 net321)  R=9.4E0
T51 ( net321 net192 0 0)  nfet  L=2.11E-6 W=1.58E-6
T52 ( net159 net192 0 0)  nfet  L=2.11E-6 W=1.58E-6
T53 ( vdd! net321 net192 0)  nfet  L=2.11E-6 W=1.58E-6
CM arch: 5
Netlist: 
R59 ( net143 net32)  R=4.1E2
T60 ( net32 net32 net310 vdd!)  pfet  L=3.98E-6 W=7.33E-6
T61 ( net310 net164 vdd! vdd!)  pfet  L=3.98E-6 W=7.33E-6
T62 ( net164 net164 vdd! vdd!)  pfet  L=3.98E-6 W=7.33E-6
T63 ( net246 net32 net164 vdd!)  pfet  L=3.98E-6 W=7.33E-6
CM arch: 3
Netlist: 
R65 ( net148 net38)  R=5.5E1
T66 ( net38 net330 vdd! vdd!)  pfet  L=6.16E-6 W=6.15E-6
T67 ( net236 net330 vdd! vdd!)  pfet  L=6.16E-6 W=6.15E-6
T68 ( net408 net38 net236 vdd!)  pfet  L=6.16E-6 W=6.15E-6
CM arch: 4
Netlist: 
R71 ( vdd! net370)  R=8.8E0
T72 ( net370 net114 0 0)  nfet  L=0.67E-6 W=5.81E-6
T73 ( net145 net114 0 0)  nfet  L=0.67E-6 W=5.81E-6
T74 ( vdd! net370 net114 0)  nfet  L=0.67E-6 W=5.81E-6
CM arch: 3
Netlist: 
R76 ( 0 net265)  R=8.6E2
T77 ( net265 net42 0 0)  nfet  L=1.58E-6 W=0.29E-6
T78 ( net410 net42 0 0)  nfet  L=1.58E-6 W=0.29E-6
T79 ( net189 net265 net410 0)  nfet  L=1.58E-6 W=0.29E-6
CM arch: 5
Netlist: 
R81 ( net356 net176)  R=8.1E1
T82 ( net176 net176 net318 0)  nfet  L=1.52E-6 W=6.20E-6
T83 ( net318 net145 0 0)  nfet  L=1.52E-6 W=6.20E-6
T84 ( net145 net145 0 0)  nfet  L=1.52E-6 W=6.20E-6
T85 ( net231 net176 net145 0)  nfet  L=1.52E-6 W=6.20E-6
CM arch: 2
Netlist: 
R89 ( net123 net281)  R=1.4E4
T90 ( net281 net281 0 0)  nfet  L=0.89E-6 W=8.09E-6
T91 ( net210 net281 0 0)  nfet  L=0.89E-6 W=8.09E-6
CM arch: 5
Netlist: 
R93 ( vdd! net170)  R=4.9E1
T94 ( net170 net170 net93 0)  nfet  L=7.98E-6 W=8.78E-6
T95 ( net93 net218 0 0)  nfet  L=7.98E-6 W=8.78E-6
T96 ( net218 net218 0 0)  nfet  L=7.98E-6 W=8.78E-6
T97 ( 0 net170 net218 0)  nfet  L=7.98E-6 W=8.78E-6
CM arch: 1
Netlist: 
T100 ( net367 net367 vdd! vdd!)  pfet  L=8.04E-6 W=6.06E-6
T101 ( net25 net367 vdd! vdd!)  pfet  L=8.04E-6 W=6.06E-6
R102 ( net25 net213)  R=4.2E6
CM arch: 5
Netlist: 
R104 ( net356 net61)  R=3.4E3
T105 ( net61 net61 net224 vdd!)  pfet  L=1.98E-6 W=1.31E-6
T106 ( net224 net64 vdd! vdd!)  pfet  L=1.98E-6 W=1.31E-6
T107 ( net64 net64 vdd! vdd!)  pfet  L=1.98E-6 W=1.31E-6
T108 ( net229 net61 net64 vdd!)  pfet  L=1.98E-6 W=1.31E-6
CM arch: 5
Netlist: 
R110 ( 0 net234)  R=5.7E1
T111 ( net234 net234 net299 vdd!)  pfet  L=7.99E-6 W=2.39E-6
T112 ( net299 net86 vdd! vdd!)  pfet  L=7.99E-6 W=2.39E-6
T113 ( net86 net86 vdd! vdd!)  pfet  L=7.99E-6 W=2.39E-6
T114 ( net333 net234 net86 vdd!)  pfet  L=7.99E-6 W=2.39E-6
CM arch: 5
Netlist: 
R117 ( net326 net17)  R=7.2E5
T118 ( net17 net17 net184 vdd!)  pfet  L=6.05E-6 W=4.45E-6
T119 ( net184 net75 vdd! vdd!)  pfet  L=6.05E-6 W=4.45E-6
T120 ( net75 net75 vdd! vdd!)  pfet  L=6.05E-6 W=4.45E-6
T121 ( net287 net17 net75 vdd!)  pfet  L=6.05E-6 W=4.45E-6
CM arch: 4
Netlist: 
R123 ( net221 net414)  R=9.8E2
T124 ( net414 net168 vdd! vdd!)  pfet  L=7.80E-6 W=7.43E-6
T125 ( 0 net168 vdd! vdd!)  pfet  L=7.80E-6 W=7.43E-6
T126 ( 0 net414 net168 vdd!)  pfet  L=7.80E-6 W=7.43E-6
CM arch: 4
Netlist: 
R128 ( net251 net292)  R=0.6E4
T129 ( net292 net348 0 0)  nfet  L=5.02E-6 W=8.04E-6
T130 ( net407 net348 0 0)  nfet  L=5.02E-6 W=8.04E-6
T131 ( vdd! net292 net348 0)  nfet  L=5.02E-6 W=8.04E-6
CM arch: 3
Netlist: 
R133 ( net282 net4)  R=6.7E3
T134 ( net4 net60 vdd! vdd!)  pfet  L=9.16E-6 W=1.75E-6
T135 ( net34 net60 vdd! vdd!)  pfet  L=9.16E-6 W=1.75E-6
T136 ( net172 net4 net34 vdd!)  pfet  L=9.16E-6 W=1.75E-6
CM arch: 5
Netlist: 
R139 ( net203 net13)  R=5.7E5
T140 ( net13 net13 net160 0)  nfet  L=4.90E-6 W=2.80E-6
T141 ( net160 net107 0 0)  nfet  L=4.90E-6 W=2.80E-6
T142 ( net107 net107 0 0)  nfet  L=4.90E-6 W=2.80E-6
T143 ( net179 net13 net107 0)  nfet  L=4.90E-6 W=2.80E-6
CM arch: 4
Netlist: 
R145 ( net135 net11)  R=8.4E4
T146 ( net11 net302 vdd! vdd!)  pfet  L=0.82E-6 W=3.68E-6
T147 ( 0 net302 vdd! vdd!)  pfet  L=0.82E-6 W=3.68E-6
T148 ( 0 net11 net302 vdd!)  pfet  L=0.82E-6 W=3.68E-6
CM arch: 4
Netlist: 
R152 ( 0 net378)  R=4.1E1
T153 ( net378 net190 vdd! vdd!)  pfet  L=2.00E-6 W=1.41E-6
T154 ( net113 net190 vdd! vdd!)  pfet  L=2.00E-6 W=1.41E-6
T155 ( 0 net378 net190 vdd!)  pfet  L=2.00E-6 W=1.41E-6
CM arch: 3
Netlist: 
R157 ( net103 net87)  R=0.4E3
T158 ( net87 net214 vdd! vdd!)  pfet  L=9.22E-6 W=4.96E-6
T159 ( net388 net214 vdd! vdd!)  pfet  L=9.22E-6 W=4.96E-6
T160 ( net29 net87 net388 vdd!)  pfet  L=9.22E-6 W=4.96E-6
CM arch: 1
Netlist: 
T164 ( net342 net342 0 0)  nfet  L=4.07E-6 W=7.15E-6
T165 ( net14 net342 0 0)  nfet  L=4.07E-6 W=7.15E-6
R166 ( net14 net58)  R=6.4E5
CM arch: 5
Netlist: 
R169 ( net267 net404)  R=1.5E2
T170 ( net404 net404 net247 0)  nfet  L=1.98E-6 W=2.70E-6
T171 ( net247 net221 0 0)  nfet  L=1.98E-6 W=2.70E-6
T172 ( net221 net221 0 0)  nfet  L=1.98E-6 W=2.70E-6
T173 ( net195 net404 net221 0)  nfet  L=1.98E-6 W=2.70E-6
CM arch: 5
Netlist: 
R178 ( 0 net230)  R=0.8E2
T179 ( net230 net230 net109 0)  nfet  L=1.46E-6 W=6.00E-6
T180 ( net109 net178 0 0)  nfet  L=1.46E-6 W=6.00E-6
T181 ( net178 net178 0 0)  nfet  L=1.46E-6 W=6.00E-6
T182 ( net400 net230 net178 0)  nfet  L=1.46E-6 W=6.00E-6
CM arch: 2
Netlist: 
R186 ( net245 net211)  R=5.4E5
T187 ( net211 net211 0 0)  nfet  L=4.20E-6 W=0.94E-6
T188 ( net169 net211 0 0)  nfet  L=4.20E-6 W=0.94E-6
CM arch: 1
Netlist: 
T190 ( net70 net70 0 0)  nfet  L=0.73E-6 W=6.33E-6
T191 ( net98 net70 0 0)  nfet  L=0.73E-6 W=6.33E-6
R192 ( net98 vdd!)  R=5.2E0
CM arch: 3
Netlist: 
R195 ( net55 net110)  R=5.0E3
T196 ( net110 net308 0 0)  nfet  L=0.83E-6 W=6.93E-6
T197 ( net136 net308 0 0)  nfet  L=0.83E-6 W=6.93E-6
T198 ( net167 net110 net136 0)  nfet  L=0.83E-6 W=6.93E-6
CM arch: 1
Netlist: 
T201 ( net83 net83 vdd! vdd!)  pfet  L=9.86E-6 W=2.42E-6
T202 ( net251 net83 vdd! vdd!)  pfet  L=9.86E-6 W=2.42E-6
R203 ( net251 net396)  R=0.7E2
CM arch: 2
Netlist: 
R205 ( net90 net260)  R=2.4E3
T206 ( net260 net260 0 0)  nfet  L=2.53E-6 W=2.55E-6
T207 ( net393 net260 0 0)  nfet  L=2.53E-6 W=2.55E-6
CM arch: 4
Netlist: 
R210 ( net237 net339)  R=0.3E0
T211 ( net339 net423 vdd! vdd!)  pfet  L=5.90E-6 W=5.37E-6
T212 ( net413 net423 vdd! vdd!)  pfet  L=5.90E-6 W=5.37E-6
T213 ( 0 net339 net423 vdd!)  pfet  L=5.90E-6 W=5.37E-6
CM arch: 2
Netlist: 
R216 ( net256 net102)  R=4.4E6
T217 ( net102 net102 vdd! vdd!)  pfet  L=4.32E-6 W=4.73E-6
T218 ( net400 net102 vdd! vdd!)  pfet  L=4.32E-6 W=4.73E-6
CM arch: 3
Netlist: 
R220 ( net406 net295)  R=7.2E0
T221 ( net295 net46 vdd! vdd!)  pfet  L=8.63E-6 W=6.61E-6
T222 ( net271 net46 vdd! vdd!)  pfet  L=8.63E-6 W=6.61E-6
T223 ( net335 net295 net271 vdd!)  pfet  L=8.63E-6 W=6.61E-6
CM arch: 1
Netlist: 
T226 ( net340 net340 vdd! vdd!)  pfet  L=3.73E-6 W=5.57E-6
T227 ( net71 net340 vdd! vdd!)  pfet  L=3.73E-6 W=5.57E-6
R228 ( net71 vdd!)  R=1.2E1
CM arch: 5
Netlist: 
R231 ( net401 net222)  R=7.5E4
T232 ( net222 net222 net287 vdd!)  pfet  L=3.80E-6 W=9.34E-6
T233 ( net287 net6 vdd! vdd!)  pfet  L=3.80E-6 W=9.34E-6
T234 ( net6 net6 vdd! vdd!)  pfet  L=3.80E-6 W=9.34E-6
T235 ( net225 net222 net6 vdd!)  pfet  L=3.80E-6 W=9.34E-6
CM arch: 2
Netlist: 
R239 ( net376 net262)  R=0.3E1
T240 ( net262 net262 0 0)  nfet  L=8.23E-6 W=7.00E-6
T241 ( net336 net262 0 0)  nfet  L=8.23E-6 W=7.00E-6
CM arch: 3
Netlist: 
R243 ( net205 net81)  R=8.7E6
T244 ( net81 net284 vdd! vdd!)  pfet  L=9.84E-6 W=0.49E-6
T245 ( net41 net284 vdd! vdd!)  pfet  L=9.84E-6 W=0.49E-6
T246 ( net99 net81 net41 vdd!)  pfet  L=9.84E-6 W=0.49E-6
CM arch: 5
Netlist: 
R251 ( net273 net352)  R=3.7E3
T252 ( net352 net352 net301 0)  nfet  L=8.41E-6 W=1.18E-6
T253 ( net301 net327 0 0)  nfet  L=8.41E-6 W=1.18E-6
T254 ( net327 net327 0 0)  nfet  L=8.41E-6 W=1.18E-6
T255 ( net9 net352 net327 0)  nfet  L=8.41E-6 W=1.18E-6
CM arch: 5
Netlist: 
R257 ( net207 net158)  R=0.3E1
T258 ( net158 net158 net154 vdd!)  pfet  L=3.31E-6 W=4.11E-6
T259 ( net154 net398 vdd! vdd!)  pfet  L=3.31E-6 W=4.11E-6
T260 ( net398 net398 vdd! vdd!)  pfet  L=3.31E-6 W=4.11E-6
T261 ( net112 net158 net398 vdd!)  pfet  L=3.31E-6 W=4.11E-6
CM arch: 1
Netlist: 
T264 ( net166 net166 0 0)  nfet  L=2.79E-6 W=5.74E-6
T265 ( net252 net166 0 0)  nfet  L=2.79E-6 W=5.74E-6
R266 ( net252 net188)  R=5.1E4
CM arch: 5
Netlist: 
R268 ( vdd! net241)  R=4.3E6
T269 ( net241 net241 net345 vdd!)  pfet  L=5.58E-6 W=4.49E-6
T270 ( net345 net106 vdd! vdd!)  pfet  L=5.58E-6 W=4.49E-6
T271 ( net106 net106 vdd! vdd!)  pfet  L=5.58E-6 W=4.49E-6
T272 ( net373 net241 net106 vdd!)  pfet  L=5.58E-6 W=4.49E-6
CM arch: 1
Netlist: 
T274 ( net72 net72 vdd! vdd!)  pfet  L=8.22E-6 W=9.63E-6
T275 ( net231 net72 vdd! vdd!)  pfet  L=8.22E-6 W=9.63E-6
R276 ( net231 net342)  R=3.4E0
CM arch: 3
Netlist: 
R278 ( net245 net27)  R=3.7E4
T279 ( net27 net83 0 0)  nfet  L=8.61E-6 W=0.28E-6
T280 ( net244 net83 0 0)  nfet  L=8.61E-6 W=0.28E-6
T281 ( net204 net27 net244 0)  nfet  L=8.61E-6 W=0.28E-6
CM arch: 5
Netlist: 
R283 ( net198 net338)  R=8.9E3
T284 ( net338 net338 net311 vdd!)  pfet  L=1.80E-6 W=7.97E-6
T285 ( net311 net412 vdd! vdd!)  pfet  L=1.80E-6 W=7.97E-6
T286 ( net412 net412 vdd! vdd!)  pfet  L=1.80E-6 W=7.97E-6
T287 ( net174 net338 net412 vdd!)  pfet  L=1.80E-6 W=7.97E-6
CM arch: 3
Netlist: 
R297 ( net325 net340)  R=3.2E3
T298 ( net340 net191 vdd! vdd!)  pfet  L=4.84E-6 W=8.93E-6
T299 ( net10 net191 vdd! vdd!)  pfet  L=4.84E-6 W=8.93E-6
T300 ( net341 net340 net10 vdd!)  pfet  L=4.84E-6 W=8.93E-6
