CM arch: 5
Netlist: 
R1 ( net218 net123)  R=1.0E4
T2 ( net123 net123 net510 vdd!)  pfet  L=5.61E-6 W=8.99E-6
T3 ( net510 net369 vdd! vdd!)  pfet  L=5.61E-6 W=8.99E-6
T4 ( net369 net369 vdd! vdd!)  pfet  L=5.61E-6 W=8.99E-6
T5 ( net165 net123 net369 vdd!)  pfet  L=5.61E-6 W=8.99E-6
CM arch: 2
Netlist: 
R7 ( net530 net494)  R=6.8E6
T8 ( net494 net494 0 0)  nfet  L=4.16E-6 W=8.21E-6
T9 ( net431 net494 0 0)  nfet  L=4.16E-6 W=8.21E-6
CM arch: 1
Netlist: 
T11 ( net462 net462 vdd! vdd!)  pfet  L=9.01E-6 W=6.01E-6
T12 ( net421 net462 vdd! vdd!)  pfet  L=9.01E-6 W=6.01E-6
R13 ( net421 vdd!)  R=8.5E4
CM arch: 4
Netlist: 
R16 ( net247 net190)  R=6.8E4
T17 ( net190 net439 0 0)  nfet  L=5.55E-6 W=6.13E-6
T18 ( vdd! net439 0 0)  nfet  L=5.55E-6 W=6.13E-6
T19 ( vdd! net190 net439 0)  nfet  L=5.55E-6 W=6.13E-6
CM arch: 1
Netlist: 
T21 ( net393 net393 0 0)  nfet  L=4.00E-6 W=6.27E-6
T22 ( net487 net393 0 0)  nfet  L=4.00E-6 W=6.27E-6
R23 ( net487 net208)  R=4.6E6
CM arch: 5
Netlist: 
R25 ( net57 net124)  R=5.1E5
T26 ( net124 net124 net294 vdd!)  pfet  L=3.25E-6 W=3.88E-6
T27 ( net294 net217 vdd! vdd!)  pfet  L=3.25E-6 W=3.88E-6
T28 ( net217 net217 vdd! vdd!)  pfet  L=3.25E-6 W=3.88E-6
T29 ( 0 net124 net217 vdd!)  pfet  L=3.25E-6 W=3.88E-6
CM arch: 1
Netlist: 
T31 ( net248 net248 vdd! vdd!)  pfet  L=2.28E-6 W=2.47E-6
T32 ( net9 net248 vdd! vdd!)  pfet  L=2.28E-6 W=2.47E-6
R33 ( net9 net330)  R=2.7E2
CM arch: 1
Netlist: 
T35 ( net329 net329 vdd! vdd!)  pfet  L=7.78E-6 W=9.32E-6
T36 ( net391 net329 vdd! vdd!)  pfet  L=7.78E-6 W=9.32E-6
R37 ( net391 net249)  R=4.2E6
CM arch: 5
Netlist: 
R39 ( net533 net64)  R=1.5E1
T40 ( net64 net64 net227 0)  nfet  L=1.77E-6 W=8.67E-6
T41 ( net227 net130 0 0)  nfet  L=1.77E-6 W=8.67E-6
T42 ( net130 net130 0 0)  nfet  L=1.77E-6 W=8.67E-6
T43 ( net341 net64 net130 0)  nfet  L=1.77E-6 W=8.67E-6
CM arch: 4
Netlist: 
R45 ( net453 net56)  R=8.5E6
T46 ( net56 net338 0 0)  nfet  L=5.70E-6 W=4.66E-6
T47 ( net354 net338 0 0)  nfet  L=5.70E-6 W=4.66E-6
T48 ( vdd! net56 net338 0)  nfet  L=5.70E-6 W=4.66E-6
CM arch: 3
Netlist: 
R51 ( net10 net285)  R=9.3E6
T52 ( net285 net532 vdd! vdd!)  pfet  L=9.87E-6 W=1.56E-6
T53 ( net241 net532 vdd! vdd!)  pfet  L=9.87E-6 W=1.56E-6
T54 ( net42 net285 net241 vdd!)  pfet  L=9.87E-6 W=1.56E-6
CM arch: 2
Netlist: 
R61 ( net442 net263)  R=5.7E4
T62 ( net263 net263 0 0)  nfet  L=2.95E-6 W=8.68E-6
T63 ( net42 net263 0 0)  nfet  L=2.95E-6 W=8.68E-6
CM arch: 2
Netlist: 
R65 ( net358 net142)  R=6.1E0
T66 ( net142 net142 vdd! vdd!)  pfet  L=1.36E-6 W=4.09E-6
T67 ( net499 net142 vdd! vdd!)  pfet  L=1.36E-6 W=4.09E-6
CM arch: 3
Netlist: 
R72 ( net515 net283)  R=1.3E5
T73 ( net283 net410 0 0)  nfet  L=2.68E-6 W=9.72E-6
T74 ( net48 net410 0 0)  nfet  L=2.68E-6 W=9.72E-6
T75 ( net396 net283 net48 0)  nfet  L=2.68E-6 W=9.72E-6
CM arch: 2
Netlist: 
R77 ( net143 net131)  R=8.3E0
T78 ( net131 net131 0 0)  nfet  L=3.91E-6 W=0.95E-6
T79 ( 0 net131 0 0)  nfet  L=3.91E-6 W=0.95E-6
CM arch: 1
Netlist: 
T81 ( net167 net167 vdd! vdd!)  pfet  L=1.47E-6 W=0.17E-6
T82 ( net472 net167 vdd! vdd!)  pfet  L=1.47E-6 W=0.17E-6
R83 ( net472 net434)  R=3.9E3
CM arch: 4
Netlist: 
R87 ( net318 net469)  R=6.6E2
T88 ( net469 net249 0 0)  nfet  L=0.84E-6 W=2.65E-6
T89 ( net436 net249 0 0)  nfet  L=0.84E-6 W=2.65E-6
T90 ( vdd! net469 net249 0)  nfet  L=0.84E-6 W=2.65E-6
CM arch: 5
Netlist: 
R92 ( net183 net66)  R=7.1E5
T93 ( net66 net66 net307 vdd!)  pfet  L=3.57E-6 W=3.73E-6
T94 ( net307 net440 vdd! vdd!)  pfet  L=3.57E-6 W=3.73E-6
T95 ( net440 net440 vdd! vdd!)  pfet  L=3.57E-6 W=3.73E-6
T96 ( net331 net66 net440 vdd!)  pfet  L=3.57E-6 W=3.73E-6
CM arch: 4
Netlist: 
R100 ( net324 net10)  R=3.5E5
T101 ( net10 net435 vdd! vdd!)  pfet  L=7.15E-6 W=0.36E-6
T102 ( net265 net435 vdd! vdd!)  pfet  L=7.15E-6 W=0.36E-6
T103 ( 0 net10 net435 vdd!)  pfet  L=7.15E-6 W=0.36E-6
CM arch: 1
Netlist: 
T106 ( 0 0 vdd! vdd!)  pfet  L=9.42E-6 W=5.53E-6
T107 ( net204 0 vdd! vdd!)  pfet  L=9.42E-6 W=5.53E-6
R108 ( net204 0)  R=6.0E1
CM arch: 2
Netlist: 
R112 ( net232 net430)  R=8.8E5
T113 ( net430 net430 0 0)  nfet  L=0.89E-6 W=6.59E-6
T114 ( net371 net430 0 0)  nfet  L=0.89E-6 W=6.59E-6
CM arch: 4
Netlist: 
R117 ( net324 net153)  R=9.7E1
T118 ( net153 net85 0 0)  nfet  L=9.87E-6 W=7.03E-6
T119 ( net393 net85 0 0)  nfet  L=9.87E-6 W=7.03E-6
T120 ( vdd! net153 net85 0)  nfet  L=9.87E-6 W=7.03E-6
CM arch: 3
Netlist: 
R122 ( net22 net230)  R=8.5E2
T123 ( net230 net258 vdd! vdd!)  pfet  L=3.76E-6 W=0.77E-6
T124 ( net347 net258 vdd! vdd!)  pfet  L=3.76E-6 W=0.77E-6
T125 ( net67 net230 net347 vdd!)  pfet  L=3.76E-6 W=0.77E-6
CM arch: 3
Netlist: 
R127 ( 0 net330)  R=5.6E3
T128 ( net330 net200 vdd! vdd!)  pfet  L=2.87E-6 W=6.84E-6
T129 ( net414 net200 vdd! vdd!)  pfet  L=2.87E-6 W=6.84E-6
T130 ( net214 net330 net414 vdd!)  pfet  L=2.87E-6 W=6.84E-6
CM arch: 3
Netlist: 
R135 ( net426 net172)  R=6.2E0
T136 ( net172 net397 0 0)  nfet  L=3.86E-6 W=3.05E-6
T137 ( net518 net397 0 0)  nfet  L=3.86E-6 W=3.05E-6
T138 ( net362 net172 net518 0)  nfet  L=3.86E-6 W=3.05E-6
CM arch: 2
Netlist: 
R141 ( net161 net313)  R=9.0E2
T142 ( net313 net313 0 0)  nfet  L=7.79E-6 W=7.78E-6
T143 ( net104 net313 0 0)  nfet  L=7.79E-6 W=7.78E-6
CM arch: 1
Netlist: 
T146 ( net57 net57 0 0)  nfet  L=9.30E-6 W=6.43E-6
T147 ( net403 net57 0 0)  nfet  L=9.30E-6 W=6.43E-6
R148 ( net403 net388)  R=9.2E0
CM arch: 1
Netlist: 
T150 ( vdd! vdd! vdd! vdd!)  pfet  L=6.57E-6 W=8.42E-6
T151 ( net183 vdd! vdd! vdd!)  pfet  L=6.57E-6 W=8.42E-6
R152 ( net183 net205)  R=8.3E2
CM arch: 2
Netlist: 
R154 ( vdd! net441)  R=7.7E2
T155 ( net441 net441 0 0)  nfet  L=7.26E-6 W=0.45E-6
T156 ( vdd! net441 0 0)  nfet  L=7.26E-6 W=0.45E-6
CM arch: 4
Netlist: 
R158 ( net305 net238)  R=1.0E4
T159 ( net238 net156 vdd! vdd!)  pfet  L=0.31E-6 W=0.69E-6
T160 ( net166 net156 vdd! vdd!)  pfet  L=0.31E-6 W=0.69E-6
T161 ( 0 net238 net156 vdd!)  pfet  L=0.31E-6 W=0.69E-6
CM arch: 4
Netlist: 
R163 ( vdd! net32)  R=0.3E5
T164 ( net32 net340 0 0)  nfet  L=9.83E-6 W=8.16E-6
T165 ( net242 net340 0 0)  nfet  L=9.83E-6 W=8.16E-6
T166 ( vdd! net32 net340 0)  nfet  L=9.83E-6 W=8.16E-6
CM arch: 1
Netlist: 
T171 ( net468 net468 vdd! vdd!)  pfet  L=1.19E-6 W=9.79E-6
T172 ( net346 net468 vdd! vdd!)  pfet  L=1.19E-6 W=9.79E-6
R173 ( net346 0)  R=1.2E3
CM arch: 2
Netlist: 
R175 ( net278 net14)  R=7.5E1
T176 ( net14 net14 0 0)  nfet  L=2.31E-6 W=8.98E-6
T177 ( net322 net14 0 0)  nfet  L=2.31E-6 W=8.98E-6
CM arch: 2
Netlist: 
R180 ( net422 net298)  R=9.6E5
T181 ( net298 net298 0 0)  nfet  L=4.20E-6 W=5.98E-6
T182 ( vdd! net298 0 0)  nfet  L=4.20E-6 W=5.98E-6
CM arch: 2
Netlist: 
R184 ( net24 net262)  R=5.2E1
T185 ( net262 net262 0 0)  nfet  L=5.73E-6 W=0.42E-6
T186 ( vdd! net262 0 0)  nfet  L=5.73E-6 W=0.42E-6
CM arch: 4
Netlist: 
R188 ( net519 net140)  R=1.6E6
T189 ( net140 net167 0 0)  nfet  L=7.61E-6 W=7.12E-6
T190 ( net239 net167 0 0)  nfet  L=7.61E-6 W=7.12E-6
T191 ( vdd! net140 net167 0)  nfet  L=7.61E-6 W=7.12E-6
CM arch: 1
Netlist: 
T193 ( net134 net134 0 0)  nfet  L=9.26E-6 W=7.04E-6
T194 ( net127 net134 0 0)  nfet  L=9.26E-6 W=7.04E-6
R195 ( net127 net89)  R=8.9E3
CM arch: 3
Netlist: 
R200 ( net28 net295)  R=7.3E5
T201 ( net295 net371 0 0)  nfet  L=2.52E-6 W=8.06E-6
T202 ( net5 net371 0 0)  nfet  L=2.52E-6 W=8.06E-6
T203 ( net193 net295 net5 0)  nfet  L=2.52E-6 W=8.06E-6
CM arch: 3
Netlist: 
R205 ( net344 net184)  R=2.2E0
T206 ( net184 net213 vdd! vdd!)  pfet  L=5.87E-6 W=3.87E-6
T207 ( net416 net213 vdd! vdd!)  pfet  L=5.87E-6 W=3.87E-6
T208 ( net389 net184 net416 vdd!)  pfet  L=5.87E-6 W=3.87E-6
CM arch: 1
Netlist: 
T212 ( net533 net533 0 0)  nfet  L=6.75E-6 W=0.85E-6
T213 ( net201 net533 0 0)  nfet  L=6.75E-6 W=0.85E-6
R214 ( net201 net287)  R=6.7E2
CM arch: 2
Netlist: 
R216 ( vdd! net222)  R=2.8E2
T217 ( net222 net222 vdd! vdd!)  pfet  L=0.29E-6 W=5.36E-6
T218 ( net393 net222 vdd! vdd!)  pfet  L=0.29E-6 W=5.36E-6
CM arch: 5
Netlist: 
R220 ( vdd! net419)  R=3.1E6
T221 ( net419 net419 net210 vdd!)  pfet  L=2.65E-6 W=4.95E-6
T222 ( net210 net355 vdd! vdd!)  pfet  L=2.65E-6 W=4.95E-6
T223 ( net355 net355 vdd! vdd!)  pfet  L=2.65E-6 W=4.95E-6
T224 ( net276 net419 net355 vdd!)  pfet  L=2.65E-6 W=4.95E-6
CM arch: 4
Netlist: 
R226 ( net80 net311)  R=2.0E1
T227 ( net311 net198 vdd! vdd!)  pfet  L=4.33E-6 W=8.39E-6
T228 ( net325 net198 vdd! vdd!)  pfet  L=4.33E-6 W=8.39E-6
T229 ( 0 net311 net198 vdd!)  pfet  L=4.33E-6 W=8.39E-6
CM arch: 4
Netlist: 
R233 ( net359 net46)  R=4.9E1
T234 ( net46 net147 0 0)  nfet  L=0.61E-6 W=7.16E-6
T235 ( net247 net147 0 0)  nfet  L=0.61E-6 W=7.16E-6
T236 ( vdd! net46 net147 0)  nfet  L=0.61E-6 W=7.16E-6
CM arch: 4
Netlist: 
R240 ( net145 net406)  R=3.7E0
T241 ( net406 net105 0 0)  nfet  L=1.96E-6 W=9.16E-6
T242 ( net102 net105 0 0)  nfet  L=1.96E-6 W=9.16E-6
T243 ( vdd! net406 net105 0)  nfet  L=1.96E-6 W=9.16E-6
CM arch: 1
Netlist: 
T245 ( net450 net450 0 0)  nfet  L=2.83E-6 W=1.64E-6
T246 ( net334 net450 0 0)  nfet  L=2.83E-6 W=1.64E-6
R247 ( net334 net51)  R=5.0E6
CM arch: 4
Netlist: 
R252 ( net225 net207)  R=6.6E0
T253 ( net207 net320 vdd! vdd!)  pfet  L=9.87E-6 W=7.90E-6
T254 ( net536 net320 vdd! vdd!)  pfet  L=9.87E-6 W=7.90E-6
T255 ( 0 net207 net320 vdd!)  pfet  L=9.87E-6 W=7.90E-6
CM arch: 2
Netlist: 
R259 ( net448 net492)  R=1.6E0
T260 ( net492 net492 vdd! vdd!)  pfet  L=8.14E-6 W=4.84E-6
T261 ( net534 net492 vdd! vdd!)  pfet  L=8.14E-6 W=4.84E-6
CM arch: 5
Netlist: 
R263 ( net259 net234)  R=0.5E2
T264 ( net234 net234 net383 vdd!)  pfet  L=3.81E-6 W=6.97E-6
T265 ( net383 net515 vdd! vdd!)  pfet  L=3.81E-6 W=6.97E-6
T266 ( net515 net515 vdd! vdd!)  pfet  L=3.81E-6 W=6.97E-6
T267 ( net305 net234 net515 vdd!)  pfet  L=3.81E-6 W=6.97E-6
CM arch: 2
Netlist: 
R269 ( vdd! net462)  R=8.0E0
T270 ( net462 net462 0 0)  nfet  L=5.30E-6 W=9.19E-6
T271 ( net366 net462 0 0)  nfet  L=5.30E-6 W=9.19E-6
