CM arch: 3
Netlist: 
R1 ( net396 net258)  R=1.1E3
T2 ( net258 net123 vdd! vdd!)  pfet  L=6.91E-6 W=6.67E-6
T3 ( net7 net123 vdd! vdd!)  pfet  L=6.91E-6 W=6.67E-6
T4 ( net447 net258 net7 vdd!)  pfet  L=6.91E-6 W=6.67E-6
CM arch: 4
Netlist: 
R8 ( net305 net66)  R=5.7E2
T9 ( net66 net535 0 0)  nfet  L=5.33E-6 W=2.66E-6
T10 ( net490 net535 0 0)  nfet  L=5.33E-6 W=2.66E-6
T11 ( vdd! net66 net535 0)  nfet  L=5.33E-6 W=2.66E-6
CM arch: 4
Netlist: 
R13 ( net356 net341)  R=9.9E4
T14 ( net341 net443 vdd! vdd!)  pfet  L=3.40E-6 W=9.62E-6
T15 ( net430 net443 vdd! vdd!)  pfet  L=3.40E-6 W=9.62E-6
T16 ( 0 net341 net443 vdd!)  pfet  L=3.40E-6 W=9.62E-6
CM arch: 4
Netlist: 
R19 ( net337 net319)  R=5.5E5
T20 ( net319 net53 0 0)  nfet  L=0.18E-6 W=3.46E-6
T21 ( net89 net53 0 0)  nfet  L=0.18E-6 W=3.46E-6
T22 ( vdd! net319 net53 0)  nfet  L=0.18E-6 W=3.46E-6
CM arch: 1
Netlist: 
T25 ( net210 net210 vdd! vdd!)  pfet  L=6.99E-6 W=7.24E-6
T26 ( net403 net210 vdd! vdd!)  pfet  L=6.99E-6 W=7.24E-6
R27 ( net403 net406)  R=7.5E3
CM arch: 4
Netlist: 
R29 ( net393 net254)  R=5.7E1
T30 ( net254 net343 0 0)  nfet  L=1.30E-6 W=9.57E-6
T31 ( net48 net343 0 0)  nfet  L=1.30E-6 W=9.57E-6
T32 ( vdd! net254 net343 0)  nfet  L=1.30E-6 W=9.57E-6
CM arch: 2
Netlist: 
R37 ( net76 net346)  R=6.6E1
T38 ( net346 net346 vdd! vdd!)  pfet  L=9.74E-6 W=4.34E-6
T39 ( net548 net346 vdd! vdd!)  pfet  L=9.74E-6 W=4.34E-6
CM arch: 2
Netlist: 
R44 ( net488 net361)  R=0.6E2
T45 ( net361 net361 0 0)  nfet  L=6.41E-6 W=9.80E-6
T46 ( net430 net361 0 0)  nfet  L=6.41E-6 W=9.80E-6
CM arch: 3
Netlist: 
R52 ( net320 net38)  R=4.4E5
T53 ( net38 net282 0 0)  nfet  L=5.67E-6 W=3.00E-6
T54 ( net235 net282 0 0)  nfet  L=5.67E-6 W=3.00E-6
T55 ( net189 net38 net235 0)  nfet  L=5.67E-6 W=3.00E-6
CM arch: 5
Netlist: 
R58 ( net108 net481)  R=3.9E5
T59 ( net481 net481 net90 0)  nfet  L=3.65E-6 W=2.80E-6
T60 ( net90 net96 0 0)  nfet  L=3.65E-6 W=2.80E-6
T61 ( net96 net96 0 0)  nfet  L=3.65E-6 W=2.80E-6
T62 ( net217 net481 net96 0)  nfet  L=3.65E-6 W=2.80E-6
CM arch: 1
Netlist: 
T66 ( net145 net145 vdd! vdd!)  pfet  L=6.70E-6 W=1.57E-6
T67 ( net474 net145 vdd! vdd!)  pfet  L=6.70E-6 W=1.57E-6
R68 ( net474 net451)  R=7.7E4
CM arch: 2
Netlist: 
R70 ( net257 net307)  R=4.7E6
T71 ( net307 net307 0 0)  nfet  L=9.45E-6 W=2.09E-6
T72 ( net95 net307 0 0)  nfet  L=9.45E-6 W=2.09E-6
CM arch: 3
Netlist: 
R74 ( net216 net460)  R=9.0E1
T75 ( net460 net148 0 0)  nfet  L=1.91E-6 W=2.46E-6
T76 ( net498 net148 0 0)  nfet  L=1.91E-6 W=2.46E-6
T77 ( net551 net460 net498 0)  nfet  L=1.91E-6 W=2.46E-6
CM arch: 4
Netlist: 
R79 ( net291 net357)  R=5.9E4
T80 ( net357 net117 vdd! vdd!)  pfet  L=0.72E-6 W=1.50E-6
T81 ( net43 net117 vdd! vdd!)  pfet  L=0.72E-6 W=1.50E-6
T82 ( 0 net357 net117 vdd!)  pfet  L=0.72E-6 W=1.50E-6
CM arch: 4
Netlist: 
R87 ( vdd! net30)  R=2.0E4
T88 ( net30 net220 vdd! vdd!)  pfet  L=1.46E-6 W=3.46E-6
T89 ( net45 net220 vdd! vdd!)  pfet  L=1.46E-6 W=3.46E-6
T90 ( 0 net30 net220 vdd!)  pfet  L=1.46E-6 W=3.46E-6
CM arch: 4
Netlist: 
R94 ( net373 net399)  R=9.2E4
T95 ( net399 net310 0 0)  nfet  L=4.84E-6 W=9.27E-6
T96 ( net452 net310 0 0)  nfet  L=4.84E-6 W=9.27E-6
T97 ( vdd! net399 net310 0)  nfet  L=4.84E-6 W=9.27E-6
CM arch: 5
Netlist: 
R99 ( net167 net347)  R=3.9E3
T100 ( net347 net347 net349 vdd!)  pfet  L=3.38E-6 W=7.15E-6
T101 ( net349 net338 vdd! vdd!)  pfet  L=3.38E-6 W=7.15E-6
T102 ( net338 net338 vdd! vdd!)  pfet  L=3.38E-6 W=7.15E-6
T103 ( net26 net347 net338 vdd!)  pfet  L=3.38E-6 W=7.15E-6
CM arch: 1
Netlist: 
T105 ( net556 net556 vdd! vdd!)  pfet  L=0.60E-6 W=1.53E-6
T106 ( net87 net556 vdd! vdd!)  pfet  L=0.60E-6 W=1.53E-6
R107 ( net87 net247)  R=1.8E4
CM arch: 3
Netlist: 
R112 ( net212 net228)  R=6.3E1
T113 ( net228 net447 0 0)  nfet  L=2.15E-6 W=5.51E-6
T114 ( net387 net447 0 0)  nfet  L=2.15E-6 W=5.51E-6
T115 ( net224 net228 net387 0)  nfet  L=2.15E-6 W=5.51E-6
CM arch: 4
Netlist: 
R117 ( net309 net195)  R=9.5E5
T118 ( net195 net252 vdd! vdd!)  pfet  L=8.20E-6 W=6.71E-6
T119 ( net158 net252 vdd! vdd!)  pfet  L=8.20E-6 W=6.71E-6
T120 ( 0 net195 net252 vdd!)  pfet  L=8.20E-6 W=6.71E-6
CM arch: 3
Netlist: 
R122 ( net547 net360)  R=8.3E1
T123 ( net360 net291 vdd! vdd!)  pfet  L=3.33E-6 W=8.56E-6
T124 ( net537 net291 vdd! vdd!)  pfet  L=3.33E-6 W=8.56E-6
T125 ( net522 net360 net537 vdd!)  pfet  L=3.33E-6 W=8.56E-6
CM arch: 4
Netlist: 
R127 ( net279 net60)  R=1.6E2
T128 ( net60 net397 0 0)  nfet  L=5.15E-6 W=4.36E-6
T129 ( net463 net397 0 0)  nfet  L=5.15E-6 W=4.36E-6
T130 ( vdd! net60 net397 0)  nfet  L=5.15E-6 W=4.36E-6
CM arch: 5
Netlist: 
R135 ( net479 net107)  R=4.3E6
T136 ( net107 net107 net32 0)  nfet  L=1.67E-6 W=7.79E-6
T137 ( net32 net36 0 0)  nfet  L=1.67E-6 W=7.79E-6
T138 ( net36 net36 0 0)  nfet  L=1.67E-6 W=7.79E-6
T139 ( net413 net107 net36 0)  nfet  L=1.67E-6 W=7.79E-6
CM arch: 3
Netlist: 
R141 ( net306 net464)  R=1.7E5
T142 ( net464 net64 vdd! vdd!)  pfet  L=0.13E-6 W=9.51E-6
T143 ( net317 net64 vdd! vdd!)  pfet  L=0.13E-6 W=9.51E-6
T144 ( net529 net464 net317 vdd!)  pfet  L=0.13E-6 W=9.51E-6
CM arch: 5
Netlist: 
R146 ( net197 net438)  R=0.7E6
T147 ( net438 net438 net23 0)  nfet  L=2.24E-6 W=7.70E-6
T148 ( net23 net314 0 0)  nfet  L=2.24E-6 W=7.70E-6
T149 ( net314 net314 0 0)  nfet  L=2.24E-6 W=7.70E-6
T150 ( net170 net438 net314 0)  nfet  L=2.24E-6 W=7.70E-6
CM arch: 2
Netlist: 
R153 ( net332 net142)  R=6.5E6
T154 ( net142 net142 vdd! vdd!)  pfet  L=4.24E-6 W=6.49E-6
T155 ( net138 net142 vdd! vdd!)  pfet  L=4.24E-6 W=6.49E-6
CM arch: 3
Netlist: 
R158 ( net263 net503)  R=5.4E3
T159 ( net503 net210 0 0)  nfet  L=3.92E-6 W=7.79E-6
T160 ( net295 net210 0 0)  nfet  L=3.92E-6 W=7.79E-6
T161 ( net276 net503 net295 0)  nfet  L=3.92E-6 W=7.79E-6
CM arch: 3
Netlist: 
R166 ( net225 net560)  R=2.2E6
T167 ( net560 net510 0 0)  nfet  L=3.77E-6 W=9.81E-6
T168 ( net493 net510 0 0)  nfet  L=3.77E-6 W=9.81E-6
T169 ( net106 net560 net493 0)  nfet  L=3.77E-6 W=9.81E-6
CM arch: 3
Netlist: 
R172 ( net59 net83)  R=4.8E1
T173 ( net83 net275 0 0)  nfet  L=6.72E-6 W=1.37E-6
T174 ( net344 net275 0 0)  nfet  L=6.72E-6 W=1.37E-6
T175 ( net212 net83 net344 0)  nfet  L=6.72E-6 W=1.37E-6
CM arch: 3
Netlist: 
R177 ( net174 net147)  R=1.6E4
T178 ( net147 net8 0 0)  nfet  L=1.69E-6 W=8.66E-6
T179 ( net186 net8 0 0)  nfet  L=1.69E-6 W=8.66E-6
T180 ( net504 net147 net186 0)  nfet  L=1.69E-6 W=8.66E-6
CM arch: 2
Netlist: 
R182 ( net205 net391)  R=3.8E2
T183 ( net391 net391 0 0)  nfet  L=9.52E-6 W=4.51E-6
T184 ( net437 net391 0 0)  nfet  L=9.52E-6 W=4.51E-6
CM arch: 3
Netlist: 
R187 ( net494 net203)  R=9.4E3
T188 ( net203 net513 vdd! vdd!)  pfet  L=5.34E-6 W=3.60E-6
T189 ( net208 net513 vdd! vdd!)  pfet  L=5.34E-6 W=3.60E-6
T190 ( net356 net203 net208 vdd!)  pfet  L=5.34E-6 W=3.60E-6
CM arch: 5
Netlist: 
R192 ( net402 net371)  R=9.1E6
T193 ( net371 net371 net116 vdd!)  pfet  L=5.21E-6 W=3.59E-6
T194 ( net116 net110 vdd! vdd!)  pfet  L=5.21E-6 W=3.59E-6
T195 ( net110 net110 vdd! vdd!)  pfet  L=5.21E-6 W=3.59E-6
T196 ( net159 net371 net110 vdd!)  pfet  L=5.21E-6 W=3.59E-6
CM arch: 5
Netlist: 
R200 ( net410 net149)  R=3.1E6
T201 ( net149 net149 net491 0)  nfet  L=1.33E-6 W=8.71E-6
T202 ( net491 net383 0 0)  nfet  L=1.33E-6 W=8.71E-6
T203 ( net383 net383 0 0)  nfet  L=1.33E-6 W=8.71E-6
T204 ( net492 net149 net383 0)  nfet  L=1.33E-6 W=8.71E-6
CM arch: 4
Netlist: 
R208 ( net248 net268)  R=5.1E6
T209 ( net268 net243 vdd! vdd!)  pfet  L=8.25E-6 W=5.94E-6
T210 ( net84 net243 vdd! vdd!)  pfet  L=8.25E-6 W=5.94E-6
T211 ( 0 net268 net243 vdd!)  pfet  L=8.25E-6 W=5.94E-6
CM arch: 5
Netlist: 
R214 ( vdd! net215)  R=9.8E5
T215 ( net215 net215 net466 0)  nfet  L=0.56E-6 W=0.12E-6
T216 ( net466 net324 0 0)  nfet  L=0.56E-6 W=0.12E-6
T217 ( net324 net324 0 0)  nfet  L=0.56E-6 W=0.12E-6
T218 ( net315 net215 net324 0)  nfet  L=0.56E-6 W=0.12E-6
CM arch: 2
Netlist: 
R220 ( net318 net236)  R=1.6E4
T221 ( net236 net236 vdd! vdd!)  pfet  L=1.06E-6 W=0.58E-6
T222 ( net157 net236 vdd! vdd!)  pfet  L=1.06E-6 W=0.58E-6
CM arch: 5
Netlist: 
R226 ( net430 net190)  R=2.3E6
T227 ( net190 net190 net125 0)  nfet  L=9.77E-6 W=4.07E-6
T228 ( net125 net217 0 0)  nfet  L=9.77E-6 W=4.07E-6
T229 ( net217 net217 0 0)  nfet  L=9.77E-6 W=4.07E-6
T230 ( vdd! net190 net217 0)  nfet  L=9.77E-6 W=4.07E-6
CM arch: 5
Netlist: 
R232 ( vdd! net95)  R=6.0E4
T233 ( net95 net95 net412 vdd!)  pfet  L=0.52E-6 W=8.60E-6
T234 ( net412 net2 vdd! vdd!)  pfet  L=0.52E-6 W=8.60E-6
T235 ( net2 net2 vdd! vdd!)  pfet  L=0.52E-6 W=8.60E-6
T236 ( net201 net95 net2 vdd!)  pfet  L=0.52E-6 W=8.60E-6
CM arch: 2
Netlist: 
R238 ( net100 net273)  R=1.0E6
T239 ( net273 net273 vdd! vdd!)  pfet  L=9.99E-6 W=9.66E-6
T240 ( net511 net273 vdd! vdd!)  pfet  L=9.99E-6 W=9.66E-6
CM arch: 2
Netlist: 
R242 ( net15 net47)  R=8.5E2
T243 ( net47 net47 0 0)  nfet  L=1.75E-6 W=9.07E-6
T244 ( vdd! net47 0 0)  nfet  L=1.75E-6 W=9.07E-6
CM arch: 5
Netlist: 
R246 ( net388 net280)  R=9.4E6
T247 ( net280 net280 net330 vdd!)  pfet  L=4.20E-6 W=7.77E-6
T248 ( net330 net427 vdd! vdd!)  pfet  L=4.20E-6 W=7.77E-6
T249 ( net427 net427 vdd! vdd!)  pfet  L=4.20E-6 W=7.77E-6
T250 ( net128 net280 net427 vdd!)  pfet  L=4.20E-6 W=7.77E-6
CM arch: 4
Netlist: 
R254 ( net550 net406)  R=8.1E2
T255 ( net406 net88 0 0)  nfet  L=3.16E-6 W=8.03E-6
T256 ( net240 net88 0 0)  nfet  L=3.16E-6 W=8.03E-6
T257 ( vdd! net406 net88 0)  nfet  L=3.16E-6 W=8.03E-6
CM arch: 4
Netlist: 
R260 ( net151 net274)  R=0.1E1
T261 ( net274 net224 vdd! vdd!)  pfet  L=1.21E-6 W=1.36E-6
T262 ( net456 net224 vdd! vdd!)  pfet  L=1.21E-6 W=1.36E-6
T263 ( 0 net274 net224 vdd!)  pfet  L=1.21E-6 W=1.36E-6
CM arch: 5
Netlist: 
R266 ( net325 net242)  R=3.1E3
T267 ( net242 net242 net121 vdd!)  pfet  L=7.91E-6 W=8.35E-6
T268 ( net121 net205 vdd! vdd!)  pfet  L=7.91E-6 W=8.35E-6
T269 ( net205 net205 vdd! vdd!)  pfet  L=7.91E-6 W=8.35E-6
T270 ( net234 net242 net205 vdd!)  pfet  L=7.91E-6 W=8.35E-6
CM arch: 2
Netlist: 
R275 ( net471 net480)  R=6.9E0
T276 ( net480 net480 vdd! vdd!)  pfet  L=3.00E-6 W=6.39E-6
T277 ( net292 net480 vdd! vdd!)  pfet  L=3.00E-6 W=6.39E-6
CM arch: 1
Netlist: 
T280 ( net222 net222 vdd! vdd!)  pfet  L=9.20E-6 W=7.90E-6
T281 ( net369 net222 vdd! vdd!)  pfet  L=9.20E-6 W=7.90E-6
R282 ( net369 net478)  R=2.9E5
CM arch: 2
Netlist: 
R284 ( net124 net153)  R=1.0E2
T285 ( net153 net153 0 0)  nfet  L=6.37E-6 W=5.07E-6
T286 ( net244 net153 0 0)  nfet  L=6.37E-6 W=5.07E-6
CM arch: 3
Netlist: 
R291 ( net245 net259)  R=6.5E1
T292 ( net259 net559 0 0)  nfet  L=9.77E-6 W=3.92E-6
T293 ( net91 net559 0 0)  nfet  L=9.77E-6 W=3.92E-6
T294 ( net80 net259 net91 0)  nfet  L=9.77E-6 W=3.92E-6
CM arch: 5
Netlist: 
R296 ( net538 net506)  R=1.8E1
T297 ( net506 net506 net416 0)  nfet  L=7.05E-6 W=7.85E-6
T298 ( net416 net550 0 0)  nfet  L=7.05E-6 W=7.85E-6
T299 ( net550 net550 0 0)  nfet  L=7.05E-6 W=7.85E-6
T300 ( net367 net506 net550 0)  nfet  L=7.05E-6 W=7.85E-6
