CM arch: 1
Netlist: 
T1 ( net100 net100 0 0)  nfet  L=2.85E-6 W=3.16E-6
T2 ( net415 net100 0 0)  nfet  L=2.85E-6 W=3.16E-6
R3 ( net415 net464)  R=1.1E3
CM arch: 3
Netlist: 
R6 ( net115 net145)  R=0.7E1
T7 ( net145 net113 vdd! vdd!)  pfet  L=2.93E-6 W=1.44E-6
T8 ( net374 net113 vdd! vdd!)  pfet  L=2.93E-6 W=1.44E-6
T9 ( net60 net145 net374 vdd!)  pfet  L=2.93E-6 W=1.44E-6
CM arch: 5
Netlist: 
R11 ( net406 net83)  R=5.6E6
T12 ( net83 net83 net21 vdd!)  pfet  L=1.40E-6 W=4.43E-6
T13 ( net21 net370 vdd! vdd!)  pfet  L=1.40E-6 W=4.43E-6
T14 ( net370 net370 vdd! vdd!)  pfet  L=1.40E-6 W=4.43E-6
T15 ( net219 net83 net370 vdd!)  pfet  L=1.40E-6 W=4.43E-6
CM arch: 1
Netlist: 
T17 ( net133 net133 vdd! vdd!)  pfet  L=0.82E-6 W=3.99E-6
T18 ( net149 net133 vdd! vdd!)  pfet  L=0.82E-6 W=3.99E-6
R19 ( net149 net262)  R=7.9E0
CM arch: 4
Netlist: 
R21 ( net69 net47)  R=4.9E5
T22 ( net47 net423 vdd! vdd!)  pfet  L=3.82E-6 W=7.76E-6
T23 ( net484 net423 vdd! vdd!)  pfet  L=3.82E-6 W=7.76E-6
T24 ( 0 net47 net423 vdd!)  pfet  L=3.82E-6 W=7.76E-6
CM arch: 5
Netlist: 
R26 ( net321 net401)  R=6.3E3
T27 ( net401 net401 net301 vdd!)  pfet  L=9.09E-6 W=8.43E-6
T28 ( net301 net146 vdd! vdd!)  pfet  L=9.09E-6 W=8.43E-6
T29 ( net146 net146 vdd! vdd!)  pfet  L=9.09E-6 W=8.43E-6
T30 ( net358 net401 net146 vdd!)  pfet  L=9.09E-6 W=8.43E-6
CM arch: 5
Netlist: 
R32 ( net353 net361)  R=9.6E1
T33 ( net361 net361 net188 vdd!)  pfet  L=7.19E-6 W=7.94E-6
T34 ( net188 net199 vdd! vdd!)  pfet  L=7.19E-6 W=7.94E-6
T35 ( net199 net199 vdd! vdd!)  pfet  L=7.19E-6 W=7.94E-6
T36 ( 0 net361 net199 vdd!)  pfet  L=7.19E-6 W=7.94E-6
CM arch: 3
Netlist: 
R40 ( vdd! net262)  R=0.2E6
T41 ( net262 net405 vdd! vdd!)  pfet  L=6.05E-6 W=0.27E-6
T42 ( net364 net405 vdd! vdd!)  pfet  L=6.05E-6 W=0.27E-6
T43 ( net124 net262 net364 vdd!)  pfet  L=6.05E-6 W=0.27E-6
CM arch: 2
Netlist: 
R45 ( net135 net181)  R=9.6E1
T46 ( net181 net181 vdd! vdd!)  pfet  L=9.12E-6 W=3.58E-6
T47 ( net197 net181 vdd! vdd!)  pfet  L=9.12E-6 W=3.58E-6
CM arch: 4
Netlist: 
R53 ( net62 net391)  R=5.9E2
T54 ( net391 net489 0 0)  nfet  L=8.74E-6 W=8.19E-6
T55 ( net220 net489 0 0)  nfet  L=8.74E-6 W=8.19E-6
T56 ( vdd! net391 net489 0)  nfet  L=8.74E-6 W=8.19E-6
CM arch: 3
Netlist: 
R59 ( net338 net307)  R=1.8E3
T60 ( net307 net475 vdd! vdd!)  pfet  L=4.88E-6 W=1.42E-6
T61 ( net470 net475 vdd! vdd!)  pfet  L=4.88E-6 W=1.42E-6
T62 ( net110 net307 net470 vdd!)  pfet  L=4.88E-6 W=1.42E-6
CM arch: 2
Netlist: 
R64 ( net154 net319)  R=9.9E4
T65 ( net319 net319 0 0)  nfet  L=6.45E-6 W=1.46E-6
T66 ( net214 net319 0 0)  nfet  L=6.45E-6 W=1.46E-6
CM arch: 4
Netlist: 
R71 ( net209 net385)  R=0.9E0
T72 ( net385 net98 0 0)  nfet  L=2.35E-6 W=4.08E-6
T73 ( net256 net98 0 0)  nfet  L=2.35E-6 W=4.08E-6
T74 ( vdd! net385 net98 0)  nfet  L=2.35E-6 W=4.08E-6
CM arch: 1
Netlist: 
T77 ( net365 net365 0 0)  nfet  L=9.01E-6 W=7.13E-6
T78 ( net93 net365 0 0)  nfet  L=9.01E-6 W=7.13E-6
R79 ( net93 net131)  R=8.4E4
CM arch: 4
Netlist: 
R81 ( net308 net443)  R=2.8E4
T82 ( net443 net33 vdd! vdd!)  pfet  L=2.53E-6 W=8.00E-6
T83 ( net444 net33 vdd! vdd!)  pfet  L=2.53E-6 W=8.00E-6
T84 ( 0 net443 net33 vdd!)  pfet  L=2.53E-6 W=8.00E-6
CM arch: 3
Netlist: 
R87 ( net159 net9)  R=9.4E0
T88 ( net9 net57 vdd! vdd!)  pfet  L=4.02E-6 W=4.74E-6
T89 ( net227 net57 vdd! vdd!)  pfet  L=4.02E-6 W=4.74E-6
T90 ( net154 net9 net227 vdd!)  pfet  L=4.02E-6 W=4.74E-6
CM arch: 2
Netlist: 
R93 ( net24 net220)  R=5.0E1
T94 ( net220 net220 vdd! vdd!)  pfet  L=6.68E-6 W=3.04E-6
T95 ( net506 net220 vdd! vdd!)  pfet  L=6.68E-6 W=3.04E-6
CM arch: 4
Netlist: 
R98 ( net165 net86)  R=8.8E1
T99 ( net86 net42 0 0)  nfet  L=9.23E-6 W=3.45E-6
T100 ( net85 net42 0 0)  nfet  L=9.23E-6 W=3.45E-6
T101 ( vdd! net86 net42 0)  nfet  L=9.23E-6 W=3.45E-6
CM arch: 3
Netlist: 
R108 ( net318 net37)  R=8.7E2
T109 ( net37 net163 0 0)  nfet  L=0.54E-6 W=2.44E-6
T110 ( net48 net163 0 0)  nfet  L=0.54E-6 W=2.44E-6
T111 ( net213 net37 net48 0)  nfet  L=0.54E-6 W=2.44E-6
CM arch: 4
Netlist: 
R115 ( net202 net4)  R=4.2E5
T116 ( net4 net256 vdd! vdd!)  pfet  L=7.47E-6 W=1.80E-6
T117 ( net139 net256 vdd! vdd!)  pfet  L=7.47E-6 W=1.80E-6
T118 ( 0 net4 net256 vdd!)  pfet  L=7.47E-6 W=1.80E-6
CM arch: 5
Netlist: 
R124 ( net173 net254)  R=1.1E6
T125 ( net254 net254 net465 0)  nfet  L=3.07E-6 W=0.36E-6
T126 ( net465 net58 0 0)  nfet  L=3.07E-6 W=0.36E-6
T127 ( net58 net58 0 0)  nfet  L=3.07E-6 W=0.36E-6
T128 ( net334 net254 net58 0)  nfet  L=3.07E-6 W=0.36E-6
CM arch: 5
Netlist: 
R131 ( net363 net106)  R=9.6E1
T132 ( net106 net106 net442 0)  nfet  L=7.15E-6 W=1.04E-6
T133 ( net442 net240 0 0)  nfet  L=7.15E-6 W=1.04E-6
T134 ( net240 net240 0 0)  nfet  L=7.15E-6 W=1.04E-6
T135 ( net64 net106 net240 0)  nfet  L=7.15E-6 W=1.04E-6
CM arch: 1
Netlist: 
T138 ( net238 net238 vdd! vdd!)  pfet  L=1.20E-6 W=1.34E-6
T139 ( net289 net238 vdd! vdd!)  pfet  L=1.20E-6 W=1.34E-6
R140 ( net289 net230)  R=3.3E0
CM arch: 5
Netlist: 
R142 ( net243 net341)  R=8.4E2
T143 ( net341 net341 net180 vdd!)  pfet  L=8.64E-6 W=2.67E-6
T144 ( net180 net459 vdd! vdd!)  pfet  L=8.64E-6 W=2.67E-6
T145 ( net459 net459 vdd! vdd!)  pfet  L=8.64E-6 W=2.67E-6
T146 ( net350 net341 net459 vdd!)  pfet  L=8.64E-6 W=2.67E-6
CM arch: 2
Netlist: 
R150 ( net393 net275)  R=2.0E0
T151 ( net275 net275 vdd! vdd!)  pfet  L=7.94E-6 W=9.66E-6
T152 ( net427 net275 vdd! vdd!)  pfet  L=7.94E-6 W=9.66E-6
CM arch: 1
Netlist: 
T154 ( net120 net120 vdd! vdd!)  pfet  L=3.91E-6 W=4.14E-6
T155 ( net196 net120 vdd! vdd!)  pfet  L=3.91E-6 W=4.14E-6
R156 ( net196 net380)  R=3.8E2
CM arch: 5
Netlist: 
R158 ( net12 net479)  R=4.0E5
T159 ( net479 net479 net63 0)  nfet  L=0.84E-6 W=9.99E-6
T160 ( net63 net346 0 0)  nfet  L=0.84E-6 W=9.99E-6
T161 ( net346 net346 0 0)  nfet  L=0.84E-6 W=9.99E-6
T162 ( net15 net479 net346 0)  nfet  L=0.84E-6 W=9.99E-6
CM arch: 1
Netlist: 
T164 ( net234 net234 0 0)  nfet  L=3.97E-6 W=0.54E-6
T165 ( net308 net234 0 0)  nfet  L=3.97E-6 W=0.54E-6
R166 ( net308 net209)  R=5.7E6
CM arch: 1
Netlist: 
T169 ( net160 net160 0 0)  nfet  L=8.45E-6 W=4.60E-6
T170 ( net211 net160 0 0)  nfet  L=8.45E-6 W=4.60E-6
R171 ( net211 net462)  R=3.5E4
CM arch: 1
Netlist: 
T174 ( net213 net213 vdd! vdd!)  pfet  L=0.73E-6 W=3.89E-6
T175 ( net248 net213 vdd! vdd!)  pfet  L=0.73E-6 W=3.89E-6
R176 ( net248 net44)  R=5.5E0
CM arch: 2
Netlist: 
R178 ( net464 net416)  R=6.7E1
T179 ( net416 net416 0 0)  nfet  L=3.64E-6 W=4.51E-6
T180 ( net94 net416 0 0)  nfet  L=3.64E-6 W=4.51E-6
CM arch: 4
Netlist: 
R183 ( net224 net422)  R=1.0E0
T184 ( net422 net243 0 0)  nfet  L=1.03E-6 W=0.64E-6
T185 ( net201 net243 0 0)  nfet  L=1.03E-6 W=0.64E-6
T186 ( vdd! net422 net243 0)  nfet  L=1.03E-6 W=0.64E-6
CM arch: 1
Netlist: 
T189 ( net158 net158 vdd! vdd!)  pfet  L=4.02E-6 W=2.13E-6
T190 ( net55 net158 vdd! vdd!)  pfet  L=4.02E-6 W=2.13E-6
R191 ( net55 net226)  R=3.0E0
CM arch: 4
Netlist: 
R194 ( 0 net388)  R=6.4E1
T195 ( net388 net69 vdd! vdd!)  pfet  L=7.19E-6 W=8.43E-6
T196 ( net255 net69 vdd! vdd!)  pfet  L=7.19E-6 W=8.43E-6
T197 ( 0 net388 net69 vdd!)  pfet  L=7.19E-6 W=8.43E-6
CM arch: 1
Netlist: 
T200 ( net147 net147 0 0)  nfet  L=7.79E-6 W=2.17E-6
T201 ( net309 net147 0 0)  nfet  L=7.79E-6 W=2.17E-6
R202 ( net309 net51)  R=6.1E4
CM arch: 1
Netlist: 
T204 ( net430 net430 0 0)  nfet  L=6.55E-6 W=1.96E-6
T205 ( net314 net430 0 0)  nfet  L=6.55E-6 W=1.96E-6
R206 ( net314 net428)  R=7.4E6
CM arch: 5
Netlist: 
R209 ( 0 net261)  R=4.0E5
T210 ( net261 net261 net438 vdd!)  pfet  L=4.53E-6 W=8.47E-6
T211 ( net438 net3 vdd! vdd!)  pfet  L=4.53E-6 W=8.47E-6
T212 ( net3 net3 vdd! vdd!)  pfet  L=4.53E-6 W=8.47E-6
T213 ( net39 net261 net3 vdd!)  pfet  L=4.53E-6 W=8.47E-6
CM arch: 3
Netlist: 
R215 ( net107 net101)  R=9.9E4
T216 ( net101 net328 0 0)  nfet  L=8.01E-6 W=2.13E-6
T217 ( net487 net328 0 0)  nfet  L=8.01E-6 W=2.13E-6
T218 ( net480 net101 net487 0)  nfet  L=8.01E-6 W=2.13E-6
CM arch: 4
Netlist: 
R224 ( net250 net68)  R=4.4E2
T225 ( net68 net249 vdd! vdd!)  pfet  L=9.67E-6 W=5.83E-6
T226 ( net378 net249 vdd! vdd!)  pfet  L=9.67E-6 W=5.83E-6
T227 ( 0 net68 net249 vdd!)  pfet  L=9.67E-6 W=5.83E-6
CM arch: 5
Netlist: 
R229 ( net61 net451)  R=6.8E5
T230 ( net451 net451 net414 0)  nfet  L=3.54E-6 W=0.49E-6
T231 ( net414 net79 0 0)  nfet  L=3.54E-6 W=0.49E-6
T232 ( net79 net79 0 0)  nfet  L=3.54E-6 W=0.49E-6
T233 ( net36 net451 net79 0)  nfet  L=3.54E-6 W=0.49E-6
CM arch: 3
Netlist: 
R236 ( net506 net32)  R=0.6E5
T237 ( net32 net8 vdd! vdd!)  pfet  L=1.11E-6 W=5.81E-6
T238 ( net43 net8 vdd! vdd!)  pfet  L=1.11E-6 W=5.81E-6
T239 ( net335 net32 net43 vdd!)  pfet  L=1.11E-6 W=5.81E-6
CM arch: 5
Netlist: 
R241 ( net162 net103)  R=6.1E1
T242 ( net103 net103 net245 vdd!)  pfet  L=9.19E-6 W=6.97E-6
T243 ( net245 net464 vdd! vdd!)  pfet  L=9.19E-6 W=6.97E-6
T244 ( net464 net464 vdd! vdd!)  pfet  L=9.19E-6 W=6.97E-6
T245 ( net87 net103 net464 vdd!)  pfet  L=9.19E-6 W=6.97E-6
CM arch: 5
Netlist: 
R247 ( net277 net397)  R=7.0E3
T248 ( net397 net397 net395 0)  nfet  L=6.48E-6 W=2.25E-6
T249 ( net395 net310 0 0)  nfet  L=6.48E-6 W=2.25E-6
T250 ( net310 net310 0 0)  nfet  L=6.48E-6 W=2.25E-6
T251 ( net285 net397 net310 0)  nfet  L=6.48E-6 W=2.25E-6
CM arch: 1
Netlist: 
T253 ( net28 net28 vdd! vdd!)  pfet  L=4.84E-6 W=4.15E-6
T254 ( net445 net28 vdd! vdd!)  pfet  L=4.84E-6 W=4.15E-6
R255 ( net445 net472)  R=0.4E4
CM arch: 1
Netlist: 
T259 ( net92 net92 0 0)  nfet  L=8.60E-6 W=5.87E-6
T260 ( net281 net92 0 0)  nfet  L=8.60E-6 W=5.87E-6
R261 ( net281 net225)  R=6.7E1
CM arch: 5
Netlist: 
R263 ( net359 net325)  R=4.8E6
T264 ( net325 net325 net185 vdd!)  pfet  L=8.95E-6 W=4.62E-6
T265 ( net185 net265 vdd! vdd!)  pfet  L=8.95E-6 W=4.62E-6
T266 ( net265 net265 vdd! vdd!)  pfet  L=8.95E-6 W=4.62E-6
T267 ( vdd! net325 net265 vdd!)  pfet  L=8.95E-6 W=4.62E-6
CM arch: 1
Netlist: 
T270 ( net264 net264 vdd! vdd!)  pfet  L=3.12E-6 W=1.28E-6
T271 ( net396 net264 vdd! vdd!)  pfet  L=3.12E-6 W=1.28E-6
R272 ( net396 net469)  R=6.5E5
CM arch: 1
Netlist: 
T275 ( net253 net253 0 0)  nfet  L=9.51E-6 W=8.97E-6
T276 ( net17 net253 0 0)  nfet  L=9.51E-6 W=8.97E-6
R277 ( net17 net207)  R=6.6E1
CM arch: 1
Netlist: 
T280 ( net28 net28 0 0)  nfet  L=2.14E-6 W=9.51E-6
T281 ( net493 net28 0 0)  nfet  L=2.14E-6 W=9.51E-6
R282 ( net493 net363)  R=5.6E5
CM arch: 3
Netlist: 
R284 ( net463 net2)  R=5.2E4
T285 ( net2 net141 vdd! vdd!)  pfet  L=5.68E-6 W=2.12E-6
T286 ( net247 net141 vdd! vdd!)  pfet  L=5.68E-6 W=2.12E-6
T287 ( net192 net2 net247 vdd!)  pfet  L=5.68E-6 W=2.12E-6
