CM arch: 4
Netlist: 
R1 ( net252 net140)  R=5.0E6
T2 ( net140 net4 0 0)  nfet  L=0.82E-6 W=5.49E-6
T3 ( net48 net4 0 0)  nfet  L=0.82E-6 W=5.49E-6
T4 ( vdd! net140 net4 0)  nfet  L=0.82E-6 W=5.49E-6
CM arch: 4
Netlist: 
R9 ( net32 net9)  R=1.5E2
T10 ( net9 net190 vdd! vdd!)  pfet  L=9.96E-6 W=5.94E-6
T11 ( net8 net190 vdd! vdd!)  pfet  L=9.96E-6 W=5.94E-6
T12 ( 0 net9 net190 vdd!)  pfet  L=9.96E-6 W=5.94E-6
CM arch: 2
Netlist: 
R16 ( net10 net210)  R=5.6E6
T17 ( net210 net210 vdd! vdd!)  pfet  L=3.00E-6 W=6.99E-6
T18 ( 0 net210 vdd! vdd!)  pfet  L=3.00E-6 W=6.99E-6
CM arch: 4
Netlist: 
R20 ( net242 net184)  R=1.9E3
T21 ( net184 net26 0 0)  nfet  L=4.99E-6 W=3.33E-6
T22 ( net142 net26 0 0)  nfet  L=4.99E-6 W=3.33E-6
T23 ( vdd! net184 net26 0)  nfet  L=4.99E-6 W=3.33E-6
CM arch: 1
Netlist: 
T25 ( net69 net69 vdd! vdd!)  pfet  L=5.88E-6 W=9.89E-6
T26 ( net117 net69 vdd! vdd!)  pfet  L=5.88E-6 W=9.89E-6
R27 ( net117 0)  R=9.7E6
CM arch: 2
Netlist: 
R30 ( net38 net221)  R=5.7E0
T31 ( net221 net221 0 0)  nfet  L=8.81E-6 W=7.56E-6
T32 ( net132 net221 0 0)  nfet  L=8.81E-6 W=7.56E-6
CM arch: 4
Netlist: 
R35 ( net48 net64)  R=5.4E1
T36 ( net64 net219 vdd! vdd!)  pfet  L=4.36E-6 W=9.09E-6
T37 ( net257 net219 vdd! vdd!)  pfet  L=4.36E-6 W=9.09E-6
T38 ( 0 net64 net219 vdd!)  pfet  L=4.36E-6 W=9.09E-6
CM arch: 4
Netlist: 
R44 ( net48 net201)  R=7.8E2
T45 ( net201 net160 0 0)  nfet  L=2.48E-6 W=3.51E-6
T46 ( net28 net160 0 0)  nfet  L=2.48E-6 W=3.51E-6
T47 ( vdd! net201 net160 0)  nfet  L=2.48E-6 W=3.51E-6
