CM arch: 5
Netlist: 
R1 ( net69 net273)  R=7.8E4
T2 ( net273 net273 net175 vdd!)  pfet  L=0.68E-6 W=2.96E-6
T3 ( net175 net259 vdd! vdd!)  pfet  L=0.68E-6 W=2.96E-6
T4 ( net259 net259 vdd! vdd!)  pfet  L=0.68E-6 W=2.96E-6
T5 ( net182 net273 net259 vdd!)  pfet  L=0.68E-6 W=2.96E-6
CM arch: 1
Netlist: 
T9 ( net144 net144 vdd! vdd!)  pfet  L=4.14E-6 W=8.87E-6
T10 ( net140 net144 vdd! vdd!)  pfet  L=4.14E-6 W=8.87E-6
R11 ( net140 net171)  R=9.9E5
CM arch: 1
Netlist: 
T13 ( net341 net341 0 0)  nfet  L=8.74E-6 W=2.49E-6
T14 ( net342 net341 0 0)  nfet  L=8.74E-6 W=2.49E-6
R15 ( net342 net202)  R=9.3E0
CM arch: 1
Netlist: 
T18 ( net344 net344 0 0)  nfet  L=4.16E-6 W=7.71E-6
T19 ( net116 net344 0 0)  nfet  L=4.16E-6 W=7.71E-6
R20 ( net116 net52)  R=8.4E2
CM arch: 3
Netlist: 
R22 ( net265 net322)  R=2.1E0
T23 ( net322 net6 vdd! vdd!)  pfet  L=6.85E-6 W=0.43E-6
T24 ( net123 net6 vdd! vdd!)  pfet  L=6.85E-6 W=0.43E-6
T25 ( net341 net322 net123 vdd!)  pfet  L=6.85E-6 W=0.43E-6
CM arch: 3
Netlist: 
R28 ( net59 net1)  R=5.0E5
T29 ( net1 net122 vdd! vdd!)  pfet  L=2.59E-6 W=3.97E-6
T30 ( net337 net122 vdd! vdd!)  pfet  L=2.59E-6 W=3.97E-6
T31 ( vdd! net1 net337 vdd!)  pfet  L=2.59E-6 W=3.97E-6
CM arch: 1
Netlist: 
T35 ( net227 net227 0 0)  nfet  L=0.66E-6 W=8.08E-6
T36 ( net110 net227 0 0)  nfet  L=0.66E-6 W=8.08E-6
R37 ( net110 net64)  R=5.7E2
CM arch: 3
Netlist: 
R40 ( net161 net318)  R=6.0E3
T41 ( net318 net148 0 0)  nfet  L=6.03E-6 W=6.80E-6
T42 ( net115 net148 0 0)  nfet  L=6.03E-6 W=6.80E-6
T43 ( net118 net318 net115 0)  nfet  L=6.03E-6 W=6.80E-6
CM arch: 3
Netlist: 
R47 ( net220 net176)  R=5.1E0
T48 ( net176 net108 0 0)  nfet  L=0.43E-6 W=2.38E-6
T49 ( net204 net108 0 0)  nfet  L=0.43E-6 W=2.38E-6
T50 ( net99 net176 net204 0)  nfet  L=0.43E-6 W=2.38E-6
CM arch: 5
Netlist: 
R53 ( net288 net57)  R=8.2E3
T54 ( net57 net57 net198 0)  nfet  L=7.80E-6 W=2.88E-6
T55 ( net198 net338 0 0)  nfet  L=7.80E-6 W=2.88E-6
T56 ( net338 net338 0 0)  nfet  L=7.80E-6 W=2.88E-6
T57 ( net333 net57 net338 0)  nfet  L=7.80E-6 W=2.88E-6
CM arch: 3
Netlist: 
R60 ( net254 net181)  R=8.8E5
T61 ( net181 net91 vdd! vdd!)  pfet  L=6.05E-6 W=3.27E-6
T62 ( net72 net91 vdd! vdd!)  pfet  L=6.05E-6 W=3.27E-6
T63 ( net73 net181 net72 vdd!)  pfet  L=6.05E-6 W=3.27E-6
CM arch: 1
Netlist: 
T72 ( net2 net2 vdd! vdd!)  pfet  L=1.71E-6 W=2.54E-6
T73 ( net180 net2 vdd! vdd!)  pfet  L=1.71E-6 W=2.54E-6
R74 ( net180 net289)  R=5.6E2
CM arch: 3
Netlist: 
R76 ( net243 net265)  R=2.8E3
T77 ( net265 net20 vdd! vdd!)  pfet  L=7.30E-6 W=9.15E-6
T78 ( net293 net20 vdd! vdd!)  pfet  L=7.30E-6 W=9.15E-6
T79 ( net214 net265 net293 vdd!)  pfet  L=7.30E-6 W=9.15E-6
CM arch: 1
Netlist: 
T85 ( net347 net347 vdd! vdd!)  pfet  L=0.47E-6 W=0.86E-6
T86 ( net162 net347 vdd! vdd!)  pfet  L=0.47E-6 W=0.86E-6
R87 ( net162 net317)  R=4.0E2
CM arch: 5
Netlist: 
R93 ( net131 net98)  R=9.0E1
T94 ( net98 net98 net348 0)  nfet  L=2.40E-6 W=9.28E-6
T95 ( net348 net208 0 0)  nfet  L=2.40E-6 W=9.28E-6
T96 ( net208 net208 0 0)  nfet  L=2.40E-6 W=9.28E-6
T97 ( net158 net98 net208 0)  nfet  L=2.40E-6 W=9.28E-6
CM arch: 3
Netlist: 
R99 ( net264 net261)  R=2.8E5
T100 ( net261 net272 vdd! vdd!)  pfet  L=4.70E-6 W=2.48E-6
T101 ( net200 net272 vdd! vdd!)  pfet  L=4.70E-6 W=2.48E-6
T102 ( net270 net261 net200 vdd!)  pfet  L=4.70E-6 W=2.48E-6
CM arch: 4
Netlist: 
R107 ( net171 net94)  R=4.5E6
T108 ( net94 net267 vdd! vdd!)  pfet  L=0.16E-6 W=6.61E-6
T109 ( vdd! net267 vdd! vdd!)  pfet  L=0.16E-6 W=6.61E-6
T110 ( 0 net94 net267 vdd!)  pfet  L=0.16E-6 W=6.61E-6
CM arch: 4
Netlist: 
R112 ( net158 net188)  R=1.6E5
T113 ( net188 net157 0 0)  nfet  L=5.77E-6 W=3.97E-6
T114 ( net206 net157 0 0)  nfet  L=5.77E-6 W=3.97E-6
T115 ( vdd! net188 net157 0)  nfet  L=5.77E-6 W=3.97E-6
CM arch: 1
Netlist: 
T117 ( net229 net229 vdd! vdd!)  pfet  L=9.69E-6 W=3.69E-6
T118 ( net312 net229 vdd! vdd!)  pfet  L=9.69E-6 W=3.69E-6
R119 ( net312 net59)  R=7.4E4
CM arch: 4
Netlist: 
R122 ( 0 net32)  R=1.1E2
T123 ( net32 net263 0 0)  nfet  L=5.05E-6 W=6.51E-6
T124 ( net89 net263 0 0)  nfet  L=5.05E-6 W=6.51E-6
T125 ( vdd! net32 net263 0)  nfet  L=5.05E-6 W=6.51E-6
CM arch: 5
Netlist: 
R129 ( net327 net30)  R=4.8E3
T130 ( net30 net30 net58 vdd!)  pfet  L=0.34E-6 W=5.59E-6
T131 ( net58 net237 vdd! vdd!)  pfet  L=0.34E-6 W=5.59E-6
T132 ( net237 net237 vdd! vdd!)  pfet  L=0.34E-6 W=5.59E-6
T133 ( net62 net30 net237 vdd!)  pfet  L=0.34E-6 W=5.59E-6
CM arch: 3
Netlist: 
R135 ( net97 net34)  R=5.6E4
T136 ( net34 net52 vdd! vdd!)  pfet  L=9.10E-6 W=4.97E-6
T137 ( net269 net52 vdd! vdd!)  pfet  L=9.10E-6 W=4.97E-6
T138 ( net86 net34 net269 vdd!)  pfet  L=9.10E-6 W=4.97E-6
CM arch: 1
Netlist: 
T144 ( net185 net185 0 0)  nfet  L=5.11E-6 W=9.18E-6
T145 ( net316 net185 0 0)  nfet  L=5.11E-6 W=9.18E-6
R146 ( net316 net25)  R=2.1E3
CM arch: 3
Netlist: 
R148 ( net289 net161)  R=4.4E4
T149 ( net161 net100 0 0)  nfet  L=2.42E-6 W=4.56E-6
T150 ( net104 net100 0 0)  nfet  L=2.42E-6 W=4.56E-6
T151 ( net18 net161 net104 0)  nfet  L=2.42E-6 W=4.56E-6
CM arch: 2
Netlist: 
R156 ( vdd! net339)  R=6.3E2
T157 ( net339 net339 vdd! vdd!)  pfet  L=3.01E-6 W=6.57E-6
T158 ( net256 net339 vdd! vdd!)  pfet  L=3.01E-6 W=6.57E-6
CM arch: 2
Netlist: 
R160 ( net76 net35)  R=4.6E0
T161 ( net35 net35 vdd! vdd!)  pfet  L=7.31E-6 W=3.76E-6
T162 ( net307 net35 vdd! vdd!)  pfet  L=7.31E-6 W=3.76E-6
CM arch: 4
Netlist: 
R165 ( net120 net99)  R=4.3E4
T166 ( net99 net289 0 0)  nfet  L=6.80E-6 W=4.97E-6
T167 ( net344 net289 0 0)  nfet  L=6.80E-6 W=4.97E-6
T168 ( vdd! net99 net289 0)  nfet  L=6.80E-6 W=4.97E-6
CM arch: 1
Netlist: 
T170 ( net287 net287 0 0)  nfet  L=4.10E-6 W=9.30E-6
T171 ( net238 net287 0 0)  nfet  L=4.10E-6 W=9.30E-6
R172 ( net238 net41)  R=7.9E1
CM arch: 4
Netlist: 
R174 ( net305 net192)  R=3.7E2
T175 ( net192 net75 0 0)  nfet  L=6.01E-6 W=4.25E-6
T176 ( net282 net75 0 0)  nfet  L=6.01E-6 W=4.25E-6
T177 ( vdd! net192 net75 0)  nfet  L=6.01E-6 W=4.25E-6
