CM arch: 4
Netlist: 
R1 ( net415 net102)  R=6.9E5
T2 ( net102 net41 0 0)  nfet  L=2.57E-6 W=6.51E-6
T3 ( net482 net41 0 0)  nfet  L=2.57E-6 W=6.51E-6
T4 ( vdd! net102 net41 0)  nfet  L=2.57E-6 W=6.51E-6
CM arch: 2
Netlist: 
R6 ( net461 net450)  R=9.2E1
T7 ( net450 net450 0 0)  nfet  L=8.97E-6 W=1.24E-6
T8 ( net476 net450 0 0)  nfet  L=8.97E-6 W=1.24E-6
CM arch: 1
Netlist: 
T11 ( vdd! vdd! 0 0)  nfet  L=6.31E-6 W=3.23E-6
T12 ( net226 vdd! 0 0)  nfet  L=6.31E-6 W=3.23E-6
R13 ( net226 net50)  R=4.5E5
CM arch: 1
Netlist: 
T15 ( net17 net17 vdd! vdd!)  pfet  L=8.07E-6 W=9.02E-6
T16 ( net292 net17 vdd! vdd!)  pfet  L=8.07E-6 W=9.02E-6
R17 ( net292 net178)  R=1.1E1
CM arch: 5
Netlist: 
R22 ( net426 net401)  R=3.5E0
T23 ( net401 net401 net27 0)  nfet  L=4.79E-6 W=2.52E-6
T24 ( net27 net238 0 0)  nfet  L=4.79E-6 W=2.52E-6
T25 ( net238 net238 0 0)  nfet  L=4.79E-6 W=2.52E-6
T26 ( net446 net401 net238 0)  nfet  L=4.79E-6 W=2.52E-6
CM arch: 4
Netlist: 
R30 ( net306 net79)  R=5.2E4
T31 ( net79 net379 vdd! vdd!)  pfet  L=2.00E-6 W=3.60E-6
T32 ( net13 net379 vdd! vdd!)  pfet  L=2.00E-6 W=3.60E-6
T33 ( 0 net79 net379 vdd!)  pfet  L=2.00E-6 W=3.60E-6
CM arch: 3
Netlist: 
R35 ( net403 net152)  R=4.9E4
T36 ( net152 net333 0 0)  nfet  L=4.10E-6 W=9.74E-6
T37 ( net491 net333 0 0)  nfet  L=4.10E-6 W=9.74E-6
T38 ( 0 net152 net491 0)  nfet  L=4.10E-6 W=9.74E-6
CM arch: 4
Netlist: 
R41 ( net321 net349)  R=5.5E2
T42 ( net349 net330 vdd! vdd!)  pfet  L=5.08E-6 W=2.11E-6
T43 ( net405 net330 vdd! vdd!)  pfet  L=5.08E-6 W=2.11E-6
T44 ( 0 net349 net330 vdd!)  pfet  L=5.08E-6 W=2.11E-6
CM arch: 5
Netlist: 
R47 ( net29 net51)  R=1.5E2
T48 ( net51 net51 net297 0)  nfet  L=4.58E-6 W=7.53E-6
T49 ( net297 net247 0 0)  nfet  L=4.58E-6 W=7.53E-6
T50 ( net247 net247 0 0)  nfet  L=4.58E-6 W=7.53E-6
T51 ( net334 net51 net247 0)  nfet  L=4.58E-6 W=7.53E-6
CM arch: 5
Netlist: 
R54 ( net355 net180)  R=8.2E1
T55 ( net180 net180 net458 vdd!)  pfet  L=8.80E-6 W=6.07E-6
T56 ( net458 net231 vdd! vdd!)  pfet  L=8.80E-6 W=6.07E-6
T57 ( net231 net231 vdd! vdd!)  pfet  L=8.80E-6 W=6.07E-6
T58 ( 0 net180 net231 vdd!)  pfet  L=8.80E-6 W=6.07E-6
CM arch: 2
Netlist: 
R60 ( net22 net201)  R=4.5E5
T61 ( net201 net201 vdd! vdd!)  pfet  L=1.90E-6 W=6.10E-6
T62 ( net165 net201 vdd! vdd!)  pfet  L=1.90E-6 W=6.10E-6
CM arch: 5
Netlist: 
R64 ( net434 net205)  R=8.2E0
T65 ( net205 net205 net377 vdd!)  pfet  L=6.37E-6 W=4.34E-6
T66 ( net377 net278 vdd! vdd!)  pfet  L=6.37E-6 W=4.34E-6
T67 ( net278 net278 vdd! vdd!)  pfet  L=6.37E-6 W=4.34E-6
T68 ( net196 net205 net278 vdd!)  pfet  L=6.37E-6 W=4.34E-6
CM arch: 5
Netlist: 
R70 ( net225 net108)  R=3.3E5
T71 ( net108 net108 net113 0)  nfet  L=5.92E-6 W=3.72E-6
T72 ( net113 net203 0 0)  nfet  L=5.92E-6 W=3.72E-6
T73 ( net203 net203 0 0)  nfet  L=5.92E-6 W=3.72E-6
T74 ( net228 net108 net203 0)  nfet  L=5.92E-6 W=3.72E-6
CM arch: 1
Netlist: 
T78 ( net343 net343 vdd! vdd!)  pfet  L=3.52E-6 W=2.79E-6
T79 ( net93 net343 vdd! vdd!)  pfet  L=3.52E-6 W=2.79E-6
R80 ( net93 net296)  R=8.0E4
CM arch: 1
Netlist: 
T85 ( net300 net300 vdd! vdd!)  pfet  L=0.16E-6 W=0.95E-6
T86 ( net421 net300 vdd! vdd!)  pfet  L=0.16E-6 W=0.95E-6
R87 ( net421 net139)  R=2.0E4
CM arch: 3
Netlist: 
R89 ( net234 net157)  R=7.7E6
T90 ( net157 net295 vdd! vdd!)  pfet  L=5.70E-6 W=7.20E-6
T91 ( net317 net295 vdd! vdd!)  pfet  L=5.70E-6 W=7.20E-6
T92 ( net107 net157 net317 vdd!)  pfet  L=5.70E-6 W=7.20E-6
CM arch: 3
Netlist: 
R94 ( net217 net439)  R=6.7E6
T95 ( net439 net376 0 0)  nfet  L=7.33E-6 W=1.35E-6
T96 ( net355 net376 0 0)  nfet  L=7.33E-6 W=1.35E-6
T97 ( net218 net439 net355 0)  nfet  L=7.33E-6 W=1.35E-6
CM arch: 1
Netlist: 
T99 ( net309 net309 vdd! vdd!)  pfet  L=6.18E-6 W=6.72E-6
T100 ( net163 net309 vdd! vdd!)  pfet  L=6.18E-6 W=6.72E-6
R101 ( net163 net502)  R=9.6E6
CM arch: 5
Netlist: 
R109 ( net440 net142)  R=8.1E3
T110 ( net142 net142 net470 0)  nfet  L=5.80E-6 W=0.16E-6
T111 ( net470 net373 0 0)  nfet  L=5.80E-6 W=0.16E-6
T112 ( net373 net373 0 0)  nfet  L=5.80E-6 W=0.16E-6
T113 ( net294 net142 net373 0)  nfet  L=5.80E-6 W=0.16E-6
CM arch: 3
Netlist: 
R116 ( net240 net345)  R=8.5E0
T117 ( net345 net75 vdd! vdd!)  pfet  L=2.94E-6 W=0.15E-6
T118 ( net182 net75 vdd! vdd!)  pfet  L=2.94E-6 W=0.15E-6
T119 ( net392 net345 net182 vdd!)  pfet  L=2.94E-6 W=0.15E-6
CM arch: 5
Netlist: 
R125 ( vdd! net204)  R=0.4E6
T126 ( net204 net204 net438 0)  nfet  L=9.27E-6 W=5.43E-6
T127 ( net438 net444 0 0)  nfet  L=9.27E-6 W=5.43E-6
T128 ( net444 net444 0 0)  nfet  L=9.27E-6 W=5.43E-6
T129 ( net131 net204 net444 0)  nfet  L=9.27E-6 W=5.43E-6
CM arch: 4
Netlist: 
R131 ( net427 net448)  R=2.8E5
T132 ( net448 net31 vdd! vdd!)  pfet  L=2.99E-6 W=7.27E-6
T133 ( net71 net31 vdd! vdd!)  pfet  L=2.99E-6 W=7.27E-6
T134 ( 0 net448 net31 vdd!)  pfet  L=2.99E-6 W=7.27E-6
CM arch: 5
Netlist: 
R137 ( net282 net402)  R=5.9E1
T138 ( net402 net402 net124 vdd!)  pfet  L=3.01E-6 W=8.86E-6
T139 ( net124 net56 vdd! vdd!)  pfet  L=3.01E-6 W=8.86E-6
T140 ( net56 net56 vdd! vdd!)  pfet  L=3.01E-6 W=8.86E-6
T141 ( 0 net402 net56 vdd!)  pfet  L=3.01E-6 W=8.86E-6
CM arch: 4
Netlist: 
R143 ( net479 net217)  R=1.9E5
T144 ( net217 net13 0 0)  nfet  L=1.14E-6 W=0.32E-6
T145 ( net30 net13 0 0)  nfet  L=1.14E-6 W=0.32E-6
T146 ( vdd! net217 net13 0)  nfet  L=1.14E-6 W=0.32E-6
CM arch: 5
Netlist: 
R148 ( net370 net462)  R=8.7E0
T149 ( net462 net462 net219 0)  nfet  L=4.44E-6 W=5.36E-6
T150 ( net219 net60 0 0)  nfet  L=4.44E-6 W=5.36E-6
T151 ( net60 net60 0 0)  nfet  L=4.44E-6 W=5.36E-6
T152 ( net371 net462 net60 0)  nfet  L=4.44E-6 W=5.36E-6
CM arch: 1
Netlist: 
T156 ( net200 net200 vdd! vdd!)  pfet  L=4.75E-6 W=6.99E-6
T157 ( net474 net200 vdd! vdd!)  pfet  L=4.75E-6 W=6.99E-6
R158 ( net474 net103)  R=5.5E1
CM arch: 1
Netlist: 
T160 ( net344 net344 0 0)  nfet  L=7.05E-6 W=1.95E-6
T161 ( net316 net344 0 0)  nfet  L=7.05E-6 W=1.95E-6
R162 ( net316 net408)  R=5.7E2
CM arch: 1
Netlist: 
T166 ( net498 net498 vdd! vdd!)  pfet  L=1.71E-6 W=7.49E-6
T167 ( net484 net498 vdd! vdd!)  pfet  L=1.71E-6 W=7.49E-6
R168 ( net484 net489)  R=4.7E0
CM arch: 4
Netlist: 
R171 ( net190 net304)  R=7.1E4
T172 ( net304 net246 vdd! vdd!)  pfet  L=1.85E-6 W=2.59E-6
T173 ( net72 net246 vdd! vdd!)  pfet  L=1.85E-6 W=2.59E-6
T174 ( 0 net304 net246 vdd!)  pfet  L=1.85E-6 W=2.59E-6
CM arch: 1
Netlist: 
T177 ( 0 0 vdd! vdd!)  pfet  L=3.55E-6 W=6.54E-6
T178 ( net305 0 vdd! vdd!)  pfet  L=3.55E-6 W=6.54E-6
R179 ( net305 net159)  R=4.6E2
CM arch: 5
Netlist: 
R185 ( vdd! net232)  R=4.0E2
T186 ( net232 net232 net351 vdd!)  pfet  L=2.01E-6 W=0.34E-6
T187 ( net351 net25 vdd! vdd!)  pfet  L=2.01E-6 W=0.34E-6
T188 ( net25 net25 vdd! vdd!)  pfet  L=2.01E-6 W=0.34E-6
T189 ( net404 net232 net25 vdd!)  pfet  L=2.01E-6 W=0.34E-6
CM arch: 4
Netlist: 
R192 ( net340 net403)  R=5.4E6
T193 ( net403 net393 vdd! vdd!)  pfet  L=4.34E-6 W=9.89E-6
T194 ( net63 net393 vdd! vdd!)  pfet  L=4.34E-6 W=9.89E-6
T195 ( 0 net403 net393 vdd!)  pfet  L=4.34E-6 W=9.89E-6
CM arch: 5
Netlist: 
R197 ( net390 net331)  R=7.4E3
T198 ( net331 net331 net266 0)  nfet  L=9.32E-6 W=2.82E-6
T199 ( net266 net363 0 0)  nfet  L=9.32E-6 W=2.82E-6
T200 ( net363 net363 0 0)  nfet  L=9.32E-6 W=2.82E-6
T201 ( net96 net331 net363 0)  nfet  L=9.32E-6 W=2.82E-6
CM arch: 3
Netlist: 
R203 ( net437 net126)  R=9.9E4
T204 ( net126 net77 vdd! vdd!)  pfet  L=5.58E-6 W=3.55E-6
T205 ( net492 net77 vdd! vdd!)  pfet  L=5.58E-6 W=3.55E-6
T206 ( net144 net126 net492 vdd!)  pfet  L=5.58E-6 W=3.55E-6
CM arch: 1
Netlist: 
T210 ( net21 net21 vdd! vdd!)  pfet  L=7.22E-6 W=5.55E-6
T211 ( net128 net21 vdd! vdd!)  pfet  L=7.22E-6 W=5.55E-6
R212 ( net128 net325)  R=0.8E2
CM arch: 1
Netlist: 
T215 ( vdd! vdd! 0 0)  nfet  L=1.12E-6 W=1.15E-6
T216 ( net254 vdd! 0 0)  nfet  L=1.12E-6 W=1.15E-6
R217 ( net254 net404)  R=1.2E4
CM arch: 3
Netlist: 
R220 ( net268 net57)  R=3.3E3
T221 ( net57 net394 0 0)  nfet  L=9.46E-6 W=3.91E-6
T222 ( net322 net394 0 0)  nfet  L=9.46E-6 W=3.91E-6
T223 ( net14 net57 net322 0)  nfet  L=9.46E-6 W=3.91E-6
CM arch: 1
Netlist: 
T228 ( net341 net341 vdd! vdd!)  pfet  L=0.36E-6 W=1.45E-6
T229 ( net59 net341 vdd! vdd!)  pfet  L=0.36E-6 W=1.45E-6
R230 ( net59 net44)  R=3.5E5
CM arch: 4
Netlist: 
R232 ( net415 net493)  R=1.3E0
T233 ( net493 net39 vdd! vdd!)  pfet  L=6.43E-6 W=0.92E-6
T234 ( net101 net39 vdd! vdd!)  pfet  L=6.43E-6 W=0.92E-6
T235 ( 0 net493 net39 vdd!)  pfet  L=6.43E-6 W=0.92E-6
CM arch: 3
Netlist: 
R237 ( net488 net176)  R=8.3E1
T238 ( net176 net135 0 0)  nfet  L=7.06E-6 W=3.06E-6
T239 ( net256 net135 0 0)  nfet  L=7.06E-6 W=3.06E-6
T240 ( net237 net176 net256 0)  nfet  L=7.06E-6 W=3.06E-6
CM arch: 1
Netlist: 
T242 ( net221 net221 0 0)  nfet  L=3.74E-6 W=5.32E-6
T243 ( net121 net221 0 0)  nfet  L=3.74E-6 W=5.32E-6
R244 ( net121 net338)  R=3.4E0
CM arch: 2
Netlist: 
R247 ( net270 net406)  R=5.4E0
T248 ( net406 net406 0 0)  nfet  L=9.79E-6 W=7.71E-6
T249 ( net456 net406 0 0)  nfet  L=9.79E-6 W=7.71E-6
CM arch: 5
Netlist: 
R251 ( net426 net384)  R=0.7E4
T252 ( net384 net384 net494 vdd!)  pfet  L=0.72E-6 W=1.38E-6
T253 ( net494 net321 vdd! vdd!)  pfet  L=0.72E-6 W=1.38E-6
T254 ( net321 net321 vdd! vdd!)  pfet  L=0.72E-6 W=1.38E-6
T255 ( net464 net384 net321 vdd!)  pfet  L=0.72E-6 W=1.38E-6
CM arch: 3
Netlist: 
R257 ( 0 net198)  R=0.5E2
T258 ( net198 net332 0 0)  nfet  L=4.65E-6 W=5.75E-6
T259 ( net170 net332 0 0)  nfet  L=4.65E-6 W=5.75E-6
T260 ( net504 net198 net170 0)  nfet  L=4.65E-6 W=5.75E-6
CM arch: 2
Netlist: 
R264 ( net186 net480)  R=2.7E0
T265 ( net480 net480 0 0)  nfet  L=9.47E-6 W=4.65E-6
T266 ( net340 net480 0 0)  nfet  L=9.47E-6 W=4.65E-6
CM arch: 1
Netlist: 
T269 ( net156 net156 vdd! vdd!)  pfet  L=3.99E-6 W=3.03E-6
T270 ( net99 net156 vdd! vdd!)  pfet  L=3.99E-6 W=3.03E-6
R271 ( net99 net118)  R=4.2E3
CM arch: 2
Netlist: 
R277 ( net122 net97)  R=3.7E4
T278 ( net97 net97 0 0)  nfet  L=2.49E-6 W=2.49E-6
T279 ( vdd! net97 0 0)  nfet  L=2.49E-6 W=2.49E-6
CM arch: 1
Netlist: 
T283 ( net129 net129 0 0)  nfet  L=8.85E-6 W=5.88E-6
T284 ( net433 net129 0 0)  nfet  L=8.85E-6 W=5.88E-6
R285 ( net433 net83)  R=4.4E0
CM arch: 2
Netlist: 
R287 ( net223 net260)  R=6.5E5
T288 ( net260 net260 0 0)  nfet  L=6.81E-6 W=8.19E-6
T289 ( net29 net260 0 0)  nfet  L=6.81E-6 W=8.19E-6
CM arch: 5
Netlist: 
R291 ( net47 net188)  R=8.5E0
T292 ( net188 net188 net369 vdd!)  pfet  L=2.13E-6 W=3.81E-6
T293 ( net369 net209 vdd! vdd!)  pfet  L=2.13E-6 W=3.81E-6
T294 ( net209 net209 vdd! vdd!)  pfet  L=2.13E-6 W=3.81E-6
T295 ( net193 net188 net209 vdd!)  pfet  L=2.13E-6 W=3.81E-6
