CM arch: 3
Netlist: 
R1 ( net599 net359)  R=1.0E0
T2 ( net359 net430 vdd! vdd!)  pfet  L=1.93E-6 W=4.66E-6
T3 ( net426 net430 vdd! vdd!)  pfet  L=1.93E-6 W=4.66E-6
T4 ( net356 net359 net426 vdd!)  pfet  L=1.93E-6 W=4.66E-6
CM arch: 3
Netlist: 
R6 ( net576 net516)  R=5.7E5
T7 ( net516 net416 0 0)  nfet  L=5.03E-6 W=6.06E-6
T8 ( net580 net416 0 0)  nfet  L=5.03E-6 W=6.06E-6
T9 ( net346 net516 net580 0)  nfet  L=5.03E-6 W=6.06E-6
CM arch: 4
Netlist: 
R12 ( net515 net20)  R=0.8E4
T13 ( net20 net130 vdd! vdd!)  pfet  L=5.06E-6 W=1.00E-6
T14 ( net383 net130 vdd! vdd!)  pfet  L=5.06E-6 W=1.00E-6
T15 ( 0 net20 net130 vdd!)  pfet  L=5.06E-6 W=1.00E-6
CM arch: 3
Netlist: 
R19 ( net236 net515)  R=7.1E0
T20 ( net515 net538 0 0)  nfet  L=9.44E-6 W=3.08E-6
T21 ( net116 net538 0 0)  nfet  L=9.44E-6 W=3.08E-6
T22 ( net329 net515 net116 0)  nfet  L=9.44E-6 W=3.08E-6
CM arch: 4
Netlist: 
R25 ( net468 net153)  R=10.0E0
T26 ( net153 net476 0 0)  nfet  L=9.86E-6 W=2.44E-6
T27 ( net200 net476 0 0)  nfet  L=9.86E-6 W=2.44E-6
T28 ( vdd! net153 net476 0)  nfet  L=9.86E-6 W=2.44E-6
CM arch: 2
Netlist: 
R31 ( vdd! net231)  R=3.3E5
T32 ( net231 net231 0 0)  nfet  L=7.99E-6 W=1.31E-6
T33 ( vdd! net231 0 0)  nfet  L=7.99E-6 W=1.31E-6
CM arch: 4
Netlist: 
R35 ( net582 net487)  R=4.0E6
T36 ( net487 net97 vdd! vdd!)  pfet  L=8.78E-6 W=7.88E-6
T37 ( net108 net97 vdd! vdd!)  pfet  L=8.78E-6 W=7.88E-6
T38 ( 0 net487 net97 vdd!)  pfet  L=8.78E-6 W=7.88E-6
CM arch: 2
Netlist: 
R42 ( net182 net100)  R=2.9E1
T43 ( net100 net100 vdd! vdd!)  pfet  L=8.49E-6 W=0.94E-6
T44 ( net465 net100 vdd! vdd!)  pfet  L=8.49E-6 W=0.94E-6
CM arch: 2
Netlist: 
R47 ( net13 net297)  R=3.1E1
T48 ( net297 net297 0 0)  nfet  L=2.32E-6 W=4.07E-6
T49 ( vdd! net297 0 0)  nfet  L=2.32E-6 W=4.07E-6
CM arch: 2
Netlist: 
R54 ( net33 net389)  R=9.3E6
T55 ( net389 net389 0 0)  nfet  L=7.52E-6 W=5.30E-6
T56 ( net324 net389 0 0)  nfet  L=7.52E-6 W=5.30E-6
CM arch: 2
Netlist: 
R58 ( net120 net423)  R=7.0E0
T59 ( net423 net423 vdd! vdd!)  pfet  L=8.42E-6 W=9.28E-6
T60 ( net188 net423 vdd! vdd!)  pfet  L=8.42E-6 W=9.28E-6
CM arch: 3
Netlist: 
R68 ( net78 net34)  R=7.5E4
T69 ( net34 net601 0 0)  nfet  L=1.20E-6 W=9.66E-6
T70 ( net96 net601 0 0)  nfet  L=1.20E-6 W=9.66E-6
T71 ( net71 net34 net96 0)  nfet  L=1.20E-6 W=9.66E-6
CM arch: 1
Netlist: 
T73 ( net167 net167 vdd! vdd!)  pfet  L=3.04E-6 W=2.64E-6
T74 ( net307 net167 vdd! vdd!)  pfet  L=3.04E-6 W=2.64E-6
R75 ( net307 net192)  R=2.6E6
CM arch: 2
Netlist: 
R77 ( net431 net574)  R=3.0E4
T78 ( net574 net574 0 0)  nfet  L=5.27E-6 W=3.11E-6
T79 ( net512 net574 0 0)  nfet  L=5.27E-6 W=3.11E-6
CM arch: 2
Netlist: 
R82 ( net253 net76)  R=1.7E3
T83 ( net76 net76 0 0)  nfet  L=8.90E-6 W=4.44E-6
T84 ( net109 net76 0 0)  nfet  L=8.90E-6 W=4.44E-6
CM arch: 4
Netlist: 
R89 ( net276 net452)  R=5.0E2
T90 ( net452 net251 0 0)  nfet  L=4.44E-6 W=2.95E-6
T91 ( net549 net251 0 0)  nfet  L=4.44E-6 W=2.95E-6
T92 ( vdd! net452 net251 0)  nfet  L=4.44E-6 W=2.95E-6
CM arch: 1
Netlist: 
T95 ( net434 net434 0 0)  nfet  L=3.38E-6 W=3.53E-6
T96 ( net499 net434 0 0)  nfet  L=3.38E-6 W=3.53E-6
R97 ( net499 net484)  R=3.5E2
CM arch: 3
Netlist: 
R99 ( net521 net203)  R=4.7E6
T100 ( net203 net382 vdd! vdd!)  pfet  L=6.29E-6 W=9.79E-6
T101 ( net248 net382 vdd! vdd!)  pfet  L=6.29E-6 W=9.79E-6
T102 ( net283 net203 net248 vdd!)  pfet  L=6.29E-6 W=9.79E-6
CM arch: 1
Netlist: 
T104 ( net441 net441 vdd! vdd!)  pfet  L=9.14E-6 W=2.71E-6
T105 ( net103 net441 vdd! vdd!)  pfet  L=9.14E-6 W=2.71E-6
R106 ( net103 net264)  R=8.3E6
CM arch: 4
Netlist: 
R108 ( net511 net340)  R=5.4E4
T109 ( net340 net230 vdd! vdd!)  pfet  L=3.66E-6 W=6.03E-6
T110 ( net374 net230 vdd! vdd!)  pfet  L=3.66E-6 W=6.03E-6
T111 ( 0 net340 net230 vdd!)  pfet  L=3.66E-6 W=6.03E-6
CM arch: 4
Netlist: 
R113 ( 0 net75)  R=7.3E5
T114 ( net75 net94 vdd! vdd!)  pfet  L=7.26E-6 W=9.20E-6
T115 ( net513 net94 vdd! vdd!)  pfet  L=7.26E-6 W=9.20E-6
T116 ( 0 net75 net94 vdd!)  pfet  L=7.26E-6 W=9.20E-6
CM arch: 2
Netlist: 
R121 ( net19 net119)  R=5.6E1
T122 ( net119 net119 vdd! vdd!)  pfet  L=5.15E-6 W=5.08E-6
T123 ( net254 net119 vdd! vdd!)  pfet  L=5.15E-6 W=5.08E-6
CM arch: 4
Netlist: 
R125 ( net488 net422)  R=8.0E0
T126 ( net422 net425 vdd! vdd!)  pfet  L=7.91E-6 W=2.07E-6
T127 ( net139 net425 vdd! vdd!)  pfet  L=7.91E-6 W=2.07E-6
T128 ( 0 net422 net425 vdd!)  pfet  L=7.91E-6 W=2.07E-6
CM arch: 5
Netlist: 
R131 ( net529 net584)  R=1.7E6
T132 ( net584 net584 net225 0)  nfet  L=2.92E-6 W=6.25E-6
T133 ( net225 net239 0 0)  nfet  L=2.92E-6 W=6.25E-6
T134 ( net239 net239 0 0)  nfet  L=2.92E-6 W=6.25E-6
T135 ( net195 net584 net239 0)  nfet  L=2.92E-6 W=6.25E-6
CM arch: 3
Netlist: 
R138 ( net511 net509)  R=2.5E3
T139 ( net509 net122 vdd! vdd!)  pfet  L=5.84E-6 W=3.83E-6
T140 ( net597 net122 vdd! vdd!)  pfet  L=5.84E-6 W=3.83E-6
T141 ( net432 net509 net597 vdd!)  pfet  L=5.84E-6 W=3.83E-6
CM arch: 2
Netlist: 
R144 ( net321 net1)  R=5.7E3
T145 ( net1 net1 vdd! vdd!)  pfet  L=5.93E-6 W=0.26E-6
T146 ( net36 net1 vdd! vdd!)  pfet  L=5.93E-6 W=0.26E-6
CM arch: 5
Netlist: 
R150 ( net109 net114)  R=9.8E3
T151 ( net114 net114 net354 vdd!)  pfet  L=0.58E-6 W=8.31E-6
T152 ( net354 net91 vdd! vdd!)  pfet  L=0.58E-6 W=8.31E-6
T153 ( net91 net91 vdd! vdd!)  pfet  L=0.58E-6 W=8.31E-6
T154 ( net507 net114 net91 vdd!)  pfet  L=0.58E-6 W=8.31E-6
CM arch: 5
Netlist: 
R156 ( net13 net505)  R=8.2E2
T157 ( net505 net505 net59 vdd!)  pfet  L=5.29E-6 W=4.51E-6
T158 ( net59 net518 vdd! vdd!)  pfet  L=5.29E-6 W=4.51E-6
T159 ( net518 net518 vdd! vdd!)  pfet  L=5.29E-6 W=4.51E-6
T160 ( net581 net505 net518 vdd!)  pfet  L=5.29E-6 W=4.51E-6
CM arch: 4
Netlist: 
R162 ( net32 net92)  R=3.4E0
T163 ( net92 net449 vdd! vdd!)  pfet  L=3.02E-6 W=4.25E-6
T164 ( net48 net449 vdd! vdd!)  pfet  L=3.02E-6 W=4.25E-6
T165 ( 0 net92 net449 vdd!)  pfet  L=3.02E-6 W=4.25E-6
CM arch: 2
Netlist: 
R167 ( net544 net392)  R=6.0E1
T168 ( net392 net392 vdd! vdd!)  pfet  L=3.91E-6 W=5.05E-6
T169 ( net154 net392 vdd! vdd!)  pfet  L=3.91E-6 W=5.05E-6
CM arch: 3
Netlist: 
R171 ( net603 net525)  R=6.8E1
T172 ( net525 net278 0 0)  nfet  L=2.19E-6 W=1.49E-6
T173 ( net25 net278 0 0)  nfet  L=2.19E-6 W=1.49E-6
T174 ( net325 net525 net25 0)  nfet  L=2.19E-6 W=1.49E-6
CM arch: 4
Netlist: 
R181 ( net166 net533)  R=3.2E5
T182 ( net533 net160 0 0)  nfet  L=7.07E-6 W=6.56E-6
T183 ( net156 net160 0 0)  nfet  L=7.07E-6 W=6.56E-6
T184 ( vdd! net533 net160 0)  nfet  L=7.07E-6 W=6.56E-6
CM arch: 3
Netlist: 
R191 ( net312 net548)  R=5.8E6
T192 ( net548 net224 0 0)  nfet  L=3.58E-6 W=2.55E-6
T193 ( net447 net224 0 0)  nfet  L=3.58E-6 W=2.55E-6
T194 ( vdd! net548 net447 0)  nfet  L=3.58E-6 W=2.55E-6
CM arch: 2
Netlist: 
R196 ( net105 net247)  R=4.4E3
T197 ( net247 net247 vdd! vdd!)  pfet  L=1.37E-6 W=1.16E-6
T198 ( net534 net247 vdd! vdd!)  pfet  L=1.37E-6 W=1.16E-6
CM arch: 5
Netlist: 
R200 ( net483 net362)  R=3.5E4
T201 ( net362 net362 net141 vdd!)  pfet  L=9.80E-6 W=8.81E-6
T202 ( net141 net124 vdd! vdd!)  pfet  L=9.80E-6 W=8.81E-6
T203 ( net124 net124 vdd! vdd!)  pfet  L=9.80E-6 W=8.81E-6
T204 ( net234 net362 net124 vdd!)  pfet  L=9.80E-6 W=8.81E-6
CM arch: 4
Netlist: 
R206 ( net432 net403)  R=3.5E5
T207 ( net403 net508 0 0)  nfet  L=1.25E-6 W=3.36E-6
T208 ( 0 net508 0 0)  nfet  L=1.25E-6 W=3.36E-6
T209 ( vdd! net403 net508 0)  nfet  L=1.25E-6 W=3.36E-6
CM arch: 1
Netlist: 
T211 ( net258 net258 vdd! vdd!)  pfet  L=6.40E-6 W=1.35E-6
T212 ( net563 net258 vdd! vdd!)  pfet  L=6.40E-6 W=1.35E-6
R213 ( net563 net154)  R=1.9E6
CM arch: 4
Netlist: 
R218 ( net328 net284)  R=9.4E3
T219 ( net284 net24 vdd! vdd!)  pfet  L=8.94E-6 W=1.84E-6
T220 ( net346 net24 vdd! vdd!)  pfet  L=8.94E-6 W=1.84E-6
T221 ( 0 net284 net24 vdd!)  pfet  L=8.94E-6 W=1.84E-6
CM arch: 2
Netlist: 
R224 ( 0 net573)  R=7.7E3
T225 ( net573 net573 0 0)  nfet  L=9.39E-6 W=2.92E-6
T226 ( net256 net573 0 0)  nfet  L=9.39E-6 W=2.92E-6
CM arch: 2
Netlist: 
R228 ( net246 net117)  R=2.7E5
T229 ( net117 net117 vdd! vdd!)  pfet  L=5.09E-6 W=4.96E-6
T230 ( net380 net117 vdd! vdd!)  pfet  L=5.09E-6 W=4.96E-6
CM arch: 3
Netlist: 
R232 ( net184 net180)  R=4.5E3
T233 ( net180 net305 vdd! vdd!)  pfet  L=3.75E-6 W=9.96E-6
T234 ( net424 net305 vdd! vdd!)  pfet  L=3.75E-6 W=9.96E-6
T235 ( net383 net180 net424 vdd!)  pfet  L=3.75E-6 W=9.96E-6
CM arch: 3
Netlist: 
R237 ( net526 net47)  R=8.6E5
T238 ( net47 net144 0 0)  nfet  L=9.65E-6 W=4.75E-6
T239 ( net456 net144 0 0)  nfet  L=9.65E-6 W=4.75E-6
T240 ( net63 net47 net456 0)  nfet  L=9.65E-6 W=4.75E-6
CM arch: 4
Netlist: 
R242 ( net191 net69)  R=1.0E0
T243 ( net69 net273 vdd! vdd!)  pfet  L=2.93E-6 W=8.04E-6
T244 ( net555 net273 vdd! vdd!)  pfet  L=2.93E-6 W=8.04E-6
T245 ( 0 net69 net273 vdd!)  pfet  L=2.93E-6 W=8.04E-6
CM arch: 3
Netlist: 
R248 ( net9 net473)  R=3.1E0
T249 ( net473 net377 0 0)  nfet  L=7.98E-6 W=2.57E-6
T250 ( net136 net377 0 0)  nfet  L=7.98E-6 W=2.57E-6
T251 ( net90 net473 net136 0)  nfet  L=7.98E-6 W=2.57E-6
CM arch: 3
Netlist: 
R253 ( net89 net142)  R=0.3E3
T254 ( net142 net192 vdd! vdd!)  pfet  L=9.26E-6 W=10.00E-6
T255 ( net564 net192 vdd! vdd!)  pfet  L=9.26E-6 W=10.00E-6
T256 ( net147 net142 net564 vdd!)  pfet  L=9.26E-6 W=10.00E-6
CM arch: 3
Netlist: 
R262 ( net210 net240)  R=2.8E1
T263 ( net240 net536 0 0)  nfet  L=7.10E-6 W=1.20E-6
T264 ( net596 net536 0 0)  nfet  L=7.10E-6 W=1.20E-6
T265 ( net356 net240 net596 0)  nfet  L=7.10E-6 W=1.20E-6
CM arch: 3
Netlist: 
R270 ( net218 net161)  R=7.1E0
T271 ( net161 net131 0 0)  nfet  L=7.46E-6 W=6.12E-6
T272 ( net169 net131 0 0)  nfet  L=7.46E-6 W=6.12E-6
T273 ( vdd! net161 net169 0)  nfet  L=7.46E-6 W=6.12E-6
CM arch: 3
Netlist: 
R275 ( net242 net539)  R=9.7E0
T276 ( net539 net481 0 0)  nfet  L=1.34E-6 W=9.90E-6
T277 ( net245 net481 0 0)  nfet  L=1.34E-6 W=9.90E-6
T278 ( 0 net539 net245 0)  nfet  L=1.34E-6 W=9.90E-6
CM arch: 4
Netlist: 
R280 ( net89 net296)  R=5.5E2
T281 ( net296 net332 vdd! vdd!)  pfet  L=1.63E-6 W=3.15E-6
T282 ( vdd! net332 vdd! vdd!)  pfet  L=1.63E-6 W=3.15E-6
T283 ( 0 net296 net332 vdd!)  pfet  L=1.63E-6 W=3.15E-6
CM arch: 5
Netlist: 
R285 ( net417 net184)  R=2.6E6
T286 ( net184 net184 net290 0)  nfet  L=9.64E-6 W=0.35E-6
T287 ( net290 net318 0 0)  nfet  L=9.64E-6 W=0.35E-6
T288 ( net318 net318 0 0)  nfet  L=9.64E-6 W=0.35E-6
T289 ( net372 net184 net318 0)  nfet  L=9.64E-6 W=0.35E-6
