CM arch: 1
Netlist: 
T2 ( net364 net364 vdd! vdd!)  pfet  L=2.94E-6 W=9.19E-6
T3 ( net179 net364 vdd! vdd!)  pfet  L=2.94E-6 W=9.19E-6
R4 ( net179 net223)  R=4.7E6
CM arch: 2
Netlist: 
R12 ( net96 net213)  R=4.0E1
T13 ( net213 net213 0 0)  nfet  L=6.09E-6 W=4.57E-6
T14 ( net48 net213 0 0)  nfet  L=6.09E-6 W=4.57E-6
CM arch: 3
Netlist: 
R17 ( net262 net66)  R=2.7E5
T18 ( net66 net227 vdd! vdd!)  pfet  L=4.48E-6 W=9.84E-6
T19 ( net29 net227 vdd! vdd!)  pfet  L=4.48E-6 W=9.84E-6
T20 ( net318 net66 net29 vdd!)  pfet  L=4.48E-6 W=9.84E-6
CM arch: 5
Netlist: 
R24 ( net6 net163)  R=0.5E5
T25 ( net163 net163 net126 vdd!)  pfet  L=6.38E-6 W=7.08E-6
T26 ( net126 net308 vdd! vdd!)  pfet  L=6.38E-6 W=7.08E-6
T27 ( net308 net308 vdd! vdd!)  pfet  L=6.38E-6 W=7.08E-6
T28 ( net224 net163 net308 vdd!)  pfet  L=6.38E-6 W=7.08E-6
CM arch: 1
Netlist: 
T31 ( net57 net57 0 0)  nfet  L=5.62E-6 W=4.44E-6
T32 ( net301 net57 0 0)  nfet  L=5.62E-6 W=4.44E-6
R33 ( net301 net136)  R=8.5E1
CM arch: 4
Netlist: 
R42 ( net38 net223)  R=1.5E0
T43 ( net223 net45 vdd! vdd!)  pfet  L=8.05E-6 W=5.36E-6
T44 ( 0 net45 vdd! vdd!)  pfet  L=8.05E-6 W=5.36E-6
T45 ( 0 net223 net45 vdd!)  pfet  L=8.05E-6 W=5.36E-6
CM arch: 3
Netlist: 
R48 ( net146 net314)  R=4.2E2
T49 ( net314 net212 0 0)  nfet  L=5.71E-6 W=5.58E-6
T50 ( net315 net212 0 0)  nfet  L=5.71E-6 W=5.58E-6
T51 ( net157 net314 net315 0)  nfet  L=5.71E-6 W=5.58E-6
CM arch: 1
Netlist: 
T53 ( net347 net347 0 0)  nfet  L=8.70E-6 W=2.03E-6
T54 ( net87 net347 0 0)  nfet  L=8.70E-6 W=2.03E-6
R55 ( net87 net18)  R=5.7E6
CM arch: 5
Netlist: 
R59 ( net220 net250)  R=9.4E2
T60 ( net250 net250 net10 vdd!)  pfet  L=9.62E-6 W=1.78E-6
T61 ( net10 net293 vdd! vdd!)  pfet  L=9.62E-6 W=1.78E-6
T62 ( net293 net293 vdd! vdd!)  pfet  L=9.62E-6 W=1.78E-6
T63 ( vdd! net250 net293 vdd!)  pfet  L=9.62E-6 W=1.78E-6
CM arch: 1
Netlist: 
T66 ( net271 net271 0 0)  nfet  L=0.79E-6 W=4.27E-6
T67 ( net200 net271 0 0)  nfet  L=0.79E-6 W=4.27E-6
R68 ( net200 net198)  R=4.5E2
CM arch: 3
Netlist: 
R70 ( net306 net253)  R=4.6E6
T71 ( net253 net36 0 0)  nfet  L=3.30E-6 W=3.05E-6
T72 ( net358 net36 0 0)  nfet  L=3.30E-6 W=3.05E-6
T73 ( vdd! net253 net358 0)  nfet  L=3.30E-6 W=3.05E-6
CM arch: 1
Netlist: 
T76 ( net124 net124 0 0)  nfet  L=5.06E-6 W=8.05E-6
T77 ( net135 net124 0 0)  nfet  L=5.06E-6 W=8.05E-6
R78 ( net135 net161)  R=8.2E3
CM arch: 4
Netlist: 
R82 ( net255 net260)  R=5.2E1
T83 ( net260 net206 0 0)  nfet  L=0.93E-6 W=3.42E-6
T84 ( net13 net206 0 0)  nfet  L=0.93E-6 W=3.42E-6
T85 ( vdd! net260 net206 0)  nfet  L=0.93E-6 W=3.42E-6
CM arch: 5
Netlist: 
R87 ( net100 net73)  R=4.7E2
T88 ( net73 net73 net188 vdd!)  pfet  L=5.32E-6 W=7.44E-6
T89 ( net188 net266 vdd! vdd!)  pfet  L=5.32E-6 W=7.44E-6
T90 ( net266 net266 vdd! vdd!)  pfet  L=5.32E-6 W=7.44E-6
T91 ( net239 net73 net266 vdd!)  pfet  L=5.32E-6 W=7.44E-6
CM arch: 5
Netlist: 
R93 ( vdd! net48)  R=3.4E0
T94 ( net48 net48 net297 vdd!)  pfet  L=6.28E-6 W=9.41E-6
T95 ( net297 net242 vdd! vdd!)  pfet  L=6.28E-6 W=9.41E-6
T96 ( net242 net242 vdd! vdd!)  pfet  L=6.28E-6 W=9.41E-6
T97 ( net235 net48 net242 vdd!)  pfet  L=6.28E-6 W=9.41E-6
CM arch: 5
Netlist: 
R101 ( net269 net346)  R=2.6E6
T102 ( net346 net346 net105 vdd!)  pfet  L=9.88E-6 W=4.82E-6
T103 ( net105 net268 vdd! vdd!)  pfet  L=9.88E-6 W=4.82E-6
T104 ( net268 net268 vdd! vdd!)  pfet  L=9.88E-6 W=4.82E-6
T105 ( net57 net346 net268 vdd!)  pfet  L=9.88E-6 W=4.82E-6
CM arch: 4
Netlist: 
R108 ( net326 net214)  R=9.9E5
T109 ( net214 net104 0 0)  nfet  L=6.87E-6 W=1.09E-6
T110 ( net328 net104 0 0)  nfet  L=6.87E-6 W=1.09E-6
T111 ( vdd! net214 net104 0)  nfet  L=6.87E-6 W=1.09E-6
CM arch: 5
Netlist: 
R113 ( net319 net155)  R=2.3E3
T114 ( net155 net155 net114 0)  nfet  L=0.25E-6 W=8.29E-6
T115 ( net114 net296 0 0)  nfet  L=0.25E-6 W=8.29E-6
T116 ( net296 net296 0 0)  nfet  L=0.25E-6 W=8.29E-6
T117 ( net1 net155 net296 0)  nfet  L=0.25E-6 W=8.29E-6
CM arch: 2
Netlist: 
R119 ( net128 net30)  R=3.4E2
T120 ( net30 net30 0 0)  nfet  L=7.40E-6 W=1.49E-6
T121 ( net310 net30 0 0)  nfet  L=7.40E-6 W=1.49E-6
CM arch: 1
Netlist: 
T123 ( net280 net280 0 0)  nfet  L=2.15E-6 W=8.49E-6
T124 ( net175 net280 0 0)  nfet  L=2.15E-6 W=8.49E-6
R125 ( net175 net332)  R=8.7E5
CM arch: 3
Netlist: 
R132 ( net21 net62)  R=8.6E1
T133 ( net62 net338 0 0)  nfet  L=6.08E-6 W=4.90E-6
T134 ( net246 net338 0 0)  nfet  L=6.08E-6 W=4.90E-6
T135 ( net348 net62 net246 0)  nfet  L=6.08E-6 W=4.90E-6
CM arch: 3
Netlist: 
R138 ( net202 net240)  R=3.7E5
T139 ( net240 net224 0 0)  nfet  L=8.48E-6 W=4.10E-6
T140 ( net309 net224 0 0)  nfet  L=8.48E-6 W=4.10E-6
T141 ( net123 net240 net309 0)  nfet  L=8.48E-6 W=4.10E-6
CM arch: 3
Netlist: 
R143 ( net244 net207)  R=5.0E3
T144 ( net207 net217 vdd! vdd!)  pfet  L=8.62E-6 W=8.80E-6
T145 ( net116 net217 vdd! vdd!)  pfet  L=8.62E-6 W=8.80E-6
T146 ( net325 net207 net116 vdd!)  pfet  L=8.62E-6 W=8.80E-6
CM arch: 2
Netlist: 
R149 ( net78 net119)  R=6.3E1
T150 ( net119 net119 0 0)  nfet  L=1.46E-6 W=7.50E-6
T151 ( net133 net119 0 0)  nfet  L=1.46E-6 W=7.50E-6
CM arch: 5
Netlist: 
R158 ( net352 net67)  R=5.0E3
T159 ( net67 net67 net229 0)  nfet  L=8.94E-6 W=7.18E-6
T160 ( net229 net264 0 0)  nfet  L=8.94E-6 W=7.18E-6
T161 ( net264 net264 0 0)  nfet  L=8.94E-6 W=7.18E-6
T162 ( net226 net67 net264 0)  nfet  L=8.94E-6 W=7.18E-6
CM arch: 1
Netlist: 
T164 ( net14 net14 vdd! vdd!)  pfet  L=3.70E-6 W=5.46E-6
T165 ( net19 net14 vdd! vdd!)  pfet  L=3.70E-6 W=5.46E-6
R166 ( net19 net40)  R=6.3E1
CM arch: 5
Netlist: 
R169 ( net65 net120)  R=5.6E0
T170 ( net120 net120 net235 0)  nfet  L=0.31E-6 W=9.39E-6
T171 ( net235 net32 0 0)  nfet  L=0.31E-6 W=9.39E-6
T172 ( net32 net32 0 0)  nfet  L=0.31E-6 W=9.39E-6
T173 ( net321 net120 net32 0)  nfet  L=0.31E-6 W=9.39E-6
CM arch: 4
Netlist: 
R176 ( net313 net54)  R=7.1E1
T177 ( net54 net265 0 0)  nfet  L=9.25E-6 W=6.24E-6
T178 ( net328 net265 0 0)  nfet  L=9.25E-6 W=6.24E-6
T179 ( vdd! net54 net265 0)  nfet  L=9.25E-6 W=6.24E-6
CM arch: 2
Netlist: 
R181 ( net38 net115)  R=10.0E5
T182 ( net115 net115 0 0)  nfet  L=5.27E-6 W=6.07E-6
T183 ( net181 net115 0 0)  nfet  L=5.27E-6 W=6.07E-6
CM arch: 5
Netlist: 
R185 ( net147 net93)  R=9.4E2
T186 ( net93 net93 net169 0)  nfet  L=6.98E-6 W=8.62E-6
T187 ( net169 net249 0 0)  nfet  L=6.98E-6 W=8.62E-6
T188 ( net249 net249 0 0)  nfet  L=6.98E-6 W=8.62E-6
T189 ( net164 net93 net249 0)  nfet  L=6.98E-6 W=8.62E-6
CM arch: 2
Netlist: 
R191 ( net74 net288)  R=1.4E2
T192 ( net288 net288 vdd! vdd!)  pfet  L=0.53E-6 W=8.07E-6
T193 ( net35 net288 vdd! vdd!)  pfet  L=0.53E-6 W=8.07E-6
CM arch: 2
Netlist: 
R202 ( net284 net258)  R=6.5E1
T203 ( net258 net258 vdd! vdd!)  pfet  L=2.39E-6 W=4.72E-6
T204 ( net53 net258 vdd! vdd!)  pfet  L=2.39E-6 W=4.72E-6
CM arch: 5
Netlist: 
R206 ( net334 net177)  R=5.8E0
T207 ( net177 net177 net17 0)  nfet  L=3.80E-6 W=2.42E-6
T208 ( net17 net262 0 0)  nfet  L=3.80E-6 W=2.42E-6
T209 ( net262 net262 0 0)  nfet  L=3.80E-6 W=2.42E-6
T210 ( net275 net177 net262 0)  nfet  L=3.80E-6 W=2.42E-6
CM arch: 4
Netlist: 
R212 ( vdd! net226)  R=7.2E1
T213 ( net226 net72 vdd! vdd!)  pfet  L=4.09E-6 W=9.93E-6
T214 ( vdd! net72 vdd! vdd!)  pfet  L=4.09E-6 W=9.93E-6
T215 ( 0 net226 net72 vdd!)  pfet  L=4.09E-6 W=9.93E-6
CM arch: 2
Netlist: 
R217 ( net181 net305)  R=9.4E4
T218 ( net305 net305 0 0)  nfet  L=2.99E-6 W=1.17E-6
T219 ( net215 net305 0 0)  nfet  L=2.99E-6 W=1.17E-6
CM arch: 1
Netlist: 
T221 ( net53 net53 0 0)  nfet  L=4.88E-6 W=3.09E-6
T222 ( net53 net53 0 0)  nfet  L=4.88E-6 W=3.09E-6
R223 ( net53 net174)  R=6.1E4
CM arch: 3
Netlist: 
R230 ( net170 net185)  R=5.5E0
T231 ( net185 net347 vdd! vdd!)  pfet  L=8.28E-6 W=7.81E-6
T232 ( net303 net347 vdd! vdd!)  pfet  L=8.28E-6 W=7.81E-6
T233 ( net49 net185 net303 vdd!)  pfet  L=8.28E-6 W=7.81E-6
CM arch: 3
Netlist: 
R235 ( net316 net153)  R=9.8E4
T236 ( net153 net352 vdd! vdd!)  pfet  L=3.66E-6 W=6.54E-6
T237 ( net110 net352 vdd! vdd!)  pfet  L=3.66E-6 W=6.54E-6
T238 ( net165 net153 net110 vdd!)  pfet  L=3.66E-6 W=6.54E-6
CM arch: 4
Netlist: 
R240 ( net312 net143)  R=7.1E5
T241 ( net143 net85 0 0)  nfet  L=0.76E-6 W=9.57E-6
T242 ( net320 net85 0 0)  nfet  L=0.76E-6 W=9.57E-6
T243 ( vdd! net143 net85 0)  nfet  L=0.76E-6 W=9.57E-6
CM arch: 2
Netlist: 
R249 ( net130 net285)  R=6.9E6
T250 ( net285 net285 0 0)  nfet  L=1.96E-6 W=9.28E-6
T251 ( net349 net285 0 0)  nfet  L=1.96E-6 W=9.28E-6
CM arch: 2
Netlist: 
R253 ( net280 net216)  R=5.6E0
T254 ( net216 net216 vdd! vdd!)  pfet  L=5.09E-6 W=5.96E-6
T255 ( net317 net216 vdd! vdd!)  pfet  L=5.09E-6 W=5.96E-6
CM arch: 2
Netlist: 
R258 ( net13 net16)  R=5.8E0
T259 ( net16 net16 0 0)  nfet  L=7.19E-6 W=9.78E-6
T260 ( net99 net16 0 0)  nfet  L=7.19E-6 W=9.78E-6
CM arch: 5
Netlist: 
R265 ( net210 net99)  R=5.2E0
T266 ( net99 net99 net61 vdd!)  pfet  L=7.11E-6 W=5.60E-6
T267 ( net61 net203 vdd! vdd!)  pfet  L=7.11E-6 W=5.60E-6
T268 ( net203 net203 vdd! vdd!)  pfet  L=7.11E-6 W=5.60E-6
T269 ( net290 net99 net203 vdd!)  pfet  L=7.11E-6 W=5.60E-6
CM arch: 3
Netlist: 
R271 ( net108 net319)  R=2.7E5
T272 ( net319 net38 0 0)  nfet  L=9.47E-6 W=6.08E-6
T273 ( net97 net38 0 0)  nfet  L=9.47E-6 W=6.08E-6
T274 ( net145 net319 net97 0)  nfet  L=9.47E-6 W=6.08E-6
CM arch: 4
Netlist: 
R276 ( net197 net148)  R=4.7E6
T277 ( net148 net273 vdd! vdd!)  pfet  L=0.43E-6 W=2.85E-6
T278 ( net11 net273 vdd! vdd!)  pfet  L=0.43E-6 W=2.85E-6
T279 ( 0 net148 net273 vdd!)  pfet  L=0.43E-6 W=2.85E-6
CM arch: 5
Netlist: 
R281 ( net159 net58)  R=3.2E6
T282 ( net58 net58 net80 vdd!)  pfet  L=1.49E-6 W=2.28E-6
T283 ( net80 net365 vdd! vdd!)  pfet  L=1.49E-6 W=2.28E-6
T284 ( net365 net365 vdd! vdd!)  pfet  L=1.49E-6 W=2.28E-6
T285 ( net129 net58 net365 vdd!)  pfet  L=1.49E-6 W=2.28E-6
CM arch: 2
Netlist: 
R287 ( net186 net94)  R=4.4E3
T288 ( net94 net94 vdd! vdd!)  pfet  L=8.67E-6 W=7.34E-6
T289 ( net290 net94 vdd! vdd!)  pfet  L=8.67E-6 W=7.34E-6
CM arch: 3
Netlist: 
R291 ( net160 net65)  R=0.2E2
T292 ( net65 net166 vdd! vdd!)  pfet  L=2.64E-6 W=5.71E-6
T293 ( net181 net166 vdd! vdd!)  pfet  L=2.64E-6 W=5.71E-6
T294 ( net317 net65 net181 vdd!)  pfet  L=2.64E-6 W=5.71E-6
CM arch: 5
Netlist: 
R301 ( net282 net312)  R=3.1E2
T302 ( net312 net312 net147 0)  nfet  L=2.75E-6 W=0.98E-6
T303 ( net147 net118 0 0)  nfet  L=2.75E-6 W=0.98E-6
T304 ( net118 net118 0 0)  nfet  L=2.75E-6 W=0.98E-6
T305 ( net89 net312 net118 0)  nfet  L=2.75E-6 W=0.98E-6
CM arch: 5
Netlist: 
R307 ( net220 net345)  R=1.2E0
T308 ( net345 net345 net364 vdd!)  pfet  L=9.30E-6 W=3.21E-6
T309 ( net364 net326 vdd! vdd!)  pfet  L=9.30E-6 W=3.21E-6
T310 ( net326 net326 vdd! vdd!)  pfet  L=9.30E-6 W=3.21E-6
T311 ( net112 net345 net326 vdd!)  pfet  L=9.30E-6 W=3.21E-6
