CM arch: 2
Netlist: 
R3 ( net154 net304)  R=5.8E2
T4 ( net304 net304 vdd! vdd!)  pfet  L=6.41E-6 W=9.33E-6
T5 ( net79 net304 vdd! vdd!)  pfet  L=6.41E-6 W=9.33E-6
CM arch: 4
Netlist: 
R8 ( net339 net79)  R=5.5E4
T9 ( net79 net148 0 0)  nfet  L=4.29E-6 W=4.10E-6
T10 ( net151 net148 0 0)  nfet  L=4.29E-6 W=4.10E-6
T11 ( vdd! net79 net148 0)  nfet  L=4.29E-6 W=4.10E-6
CM arch: 1
Netlist: 
T13 ( net301 net301 0 0)  nfet  L=1.70E-6 W=8.69E-6
T14 ( net168 net301 0 0)  nfet  L=1.70E-6 W=8.69E-6
R15 ( net168 net224)  R=10.0E1
CM arch: 1
Netlist: 
T18 ( vdd! vdd! 0 0)  nfet  L=8.58E-6 W=2.82E-6
T19 ( net287 vdd! 0 0)  nfet  L=8.58E-6 W=2.82E-6
R20 ( net287 net193)  R=8.7E0
CM arch: 1
Netlist: 
T23 ( net275 net275 0 0)  nfet  L=3.79E-6 W=8.35E-6
T24 ( net151 net275 0 0)  nfet  L=3.79E-6 W=8.35E-6
R25 ( net151 net20)  R=6.3E4
CM arch: 5
Netlist: 
R28 ( net205 net108)  R=3.0E0
T29 ( net108 net108 net308 0)  nfet  L=2.92E-6 W=7.72E-6
T30 ( net308 net349 0 0)  nfet  L=2.92E-6 W=7.72E-6
T31 ( net349 net349 0 0)  nfet  L=2.92E-6 W=7.72E-6
T32 ( net348 net108 net349 0)  nfet  L=2.92E-6 W=7.72E-6
CM arch: 5
Netlist: 
R35 ( net159 net313)  R=9.0E6
T36 ( net313 net313 net147 vdd!)  pfet  L=2.78E-6 W=1.92E-6
T37 ( net147 net199 vdd! vdd!)  pfet  L=2.78E-6 W=1.92E-6
T38 ( net199 net199 vdd! vdd!)  pfet  L=2.78E-6 W=1.92E-6
T39 ( net223 net313 net199 vdd!)  pfet  L=2.78E-6 W=1.92E-6
CM arch: 1
Netlist: 
T41 ( net109 net109 vdd! vdd!)  pfet  L=8.07E-6 W=1.71E-6
T42 ( net125 net109 vdd! vdd!)  pfet  L=8.07E-6 W=1.71E-6
R43 ( net125 net193)  R=8.2E4
CM arch: 3
Netlist: 
R45 ( net192 net53)  R=2.6E5
T46 ( net53 net273 vdd! vdd!)  pfet  L=3.96E-6 W=1.66E-6
T47 ( net340 net273 vdd! vdd!)  pfet  L=3.96E-6 W=1.66E-6
T48 ( net295 net53 net340 vdd!)  pfet  L=3.96E-6 W=1.66E-6
CM arch: 5
Netlist: 
R50 ( net232 net315)  R=5.3E6
T51 ( net315 net315 net31 0)  nfet  L=1.45E-6 W=6.39E-6
T52 ( net31 net110 0 0)  nfet  L=1.45E-6 W=6.39E-6
T53 ( net110 net110 0 0)  nfet  L=1.45E-6 W=6.39E-6
T54 ( net327 net315 net110 0)  nfet  L=1.45E-6 W=6.39E-6
CM arch: 3
Netlist: 
R57 ( net117 net317)  R=4.4E1
T58 ( net317 net30 vdd! vdd!)  pfet  L=0.19E-6 W=2.71E-6
T59 ( net77 net30 vdd! vdd!)  pfet  L=0.19E-6 W=2.71E-6
T60 ( net224 net317 net77 vdd!)  pfet  L=0.19E-6 W=2.71E-6
CM arch: 4
Netlist: 
R62 ( net265 net64)  R=6.5E2
T63 ( net64 net69 vdd! vdd!)  pfet  L=3.55E-6 W=3.52E-6
T64 ( net169 net69 vdd! vdd!)  pfet  L=3.55E-6 W=3.52E-6
T65 ( 0 net64 net69 vdd!)  pfet  L=3.55E-6 W=3.52E-6
CM arch: 5
Netlist: 
R72 ( net174 net314)  R=0.5E4
T73 ( net314 net314 net229 0)  nfet  L=5.36E-6 W=5.50E-6
T74 ( net229 net11 0 0)  nfet  L=5.36E-6 W=5.50E-6
T75 ( net11 net11 0 0)  nfet  L=5.36E-6 W=5.50E-6
T76 ( net265 net314 net11 0)  nfet  L=5.36E-6 W=5.50E-6
CM arch: 1
Netlist: 
T82 ( net294 net294 vdd! vdd!)  pfet  L=6.66E-6 W=8.92E-6
T83 ( net212 net294 vdd! vdd!)  pfet  L=6.66E-6 W=8.92E-6
R84 ( net212 net214)  R=2.6E2
CM arch: 2
Netlist: 
R87 ( net300 net93)  R=4.2E2
T88 ( net93 net93 vdd! vdd!)  pfet  L=8.29E-6 W=8.14E-6
T89 ( net358 net93 vdd! vdd!)  pfet  L=8.29E-6 W=8.14E-6
CM arch: 3
Netlist: 
R91 ( net339 net294)  R=7.0E5
T92 ( net294 net177 vdd! vdd!)  pfet  L=8.78E-6 W=8.13E-6
T93 ( net225 net177 vdd! vdd!)  pfet  L=8.78E-6 W=8.13E-6
T94 ( net13 net294 net225 vdd!)  pfet  L=8.78E-6 W=8.13E-6
CM arch: 3
Netlist: 
R97 ( net295 net179)  R=4.3E5
T98 ( net179 net52 0 0)  nfet  L=9.59E-6 W=3.17E-6
T99 ( net325 net52 0 0)  nfet  L=9.59E-6 W=3.17E-6
T100 ( net97 net179 net325 0)  nfet  L=9.59E-6 W=3.17E-6
CM arch: 5
Netlist: 
R102 ( net316 net334)  R=3.7E1
T103 ( net334 net334 net329 vdd!)  pfet  L=3.59E-6 W=6.84E-6
T104 ( net329 net216 vdd! vdd!)  pfet  L=3.59E-6 W=6.84E-6
T105 ( net216 net216 vdd! vdd!)  pfet  L=3.59E-6 W=6.84E-6
T106 ( net318 net334 net216 vdd!)  pfet  L=3.59E-6 W=6.84E-6
CM arch: 3
Netlist: 
R108 ( net351 net100)  R=8.4E4
T109 ( net100 net85 vdd! vdd!)  pfet  L=5.74E-6 W=3.29E-6
T110 ( net344 net85 vdd! vdd!)  pfet  L=5.74E-6 W=3.29E-6
T111 ( net310 net100 net344 vdd!)  pfet  L=5.74E-6 W=3.29E-6
CM arch: 4
Netlist: 
R114 ( net312 net263)  R=0.7E6
T115 ( net263 net227 vdd! vdd!)  pfet  L=8.83E-6 W=7.27E-6
T116 ( net102 net227 vdd! vdd!)  pfet  L=8.83E-6 W=7.27E-6
T117 ( 0 net263 net227 vdd!)  pfet  L=8.83E-6 W=7.27E-6
CM arch: 5
Netlist: 
R120 ( net280 net284)  R=3.4E0
T121 ( net284 net284 net249 0)  nfet  L=1.03E-6 W=6.02E-6
T122 ( net249 net244 0 0)  nfet  L=1.03E-6 W=6.02E-6
T123 ( net244 net244 0 0)  nfet  L=1.03E-6 W=6.02E-6
T124 ( net66 net284 net244 0)  nfet  L=1.03E-6 W=6.02E-6
CM arch: 4
Netlist: 
R127 ( net186 net83)  R=5.6E4
T128 ( net83 net121 0 0)  nfet  L=8.21E-6 W=5.80E-6
T129 ( net281 net121 0 0)  nfet  L=8.21E-6 W=5.80E-6
T130 ( vdd! net83 net121 0)  nfet  L=8.21E-6 W=5.80E-6
CM arch: 1
Netlist: 
T135 ( 0 0 0 0)  nfet  L=3.03E-6 W=7.35E-6
T136 ( net21 0 0 0)  nfet  L=3.03E-6 W=7.35E-6
R137 ( net21 0)  R=5.1E3
CM arch: 5
Netlist: 
R139 ( net356 net247)  R=2.6E3
T140 ( net247 net247 net246 0)  nfet  L=2.58E-6 W=9.86E-6
T141 ( net246 net281 0 0)  nfet  L=2.58E-6 W=9.86E-6
T142 ( net281 net281 0 0)  nfet  L=2.58E-6 W=9.86E-6
T143 ( net155 net247 net281 0)  nfet  L=2.58E-6 W=9.86E-6
CM arch: 2
Netlist: 
R145 ( net16 net245)  R=8.2E1
T146 ( net245 net245 0 0)  nfet  L=5.80E-6 W=5.77E-6
T147 ( 0 net245 0 0)  nfet  L=5.80E-6 W=5.77E-6
CM arch: 1
Netlist: 
T149 ( net341 net341 0 0)  nfet  L=2.68E-6 W=6.38E-6
T150 ( net2 net341 0 0)  nfet  L=2.68E-6 W=6.38E-6
R151 ( net2 net66)  R=7.8E3
CM arch: 2
Netlist: 
R153 ( net286 net119)  R=2.1E3
T154 ( net119 net119 0 0)  nfet  L=1.70E-6 W=0.40E-6
T155 ( net142 net119 0 0)  nfet  L=1.70E-6 W=0.40E-6
CM arch: 4
Netlist: 
R157 ( net65 net351)  R=3.4E6
T158 ( net351 net310 vdd! vdd!)  pfet  L=1.08E-6 W=4.24E-6
T159 ( net181 net310 vdd! vdd!)  pfet  L=1.08E-6 W=4.24E-6
T160 ( 0 net351 net310 vdd!)  pfet  L=1.08E-6 W=4.24E-6
CM arch: 5
Netlist: 
R163 ( net39 net270)  R=4.8E4
T164 ( net270 net270 net191 vdd!)  pfet  L=4.05E-6 W=7.47E-6
T165 ( net191 net96 vdd! vdd!)  pfet  L=4.05E-6 W=7.47E-6
T166 ( net96 net96 vdd! vdd!)  pfet  L=4.05E-6 W=7.47E-6
T167 ( net258 net270 net96 vdd!)  pfet  L=4.05E-6 W=7.47E-6
CM arch: 1
Netlist: 
T169 ( net183 net183 0 0)  nfet  L=4.85E-6 W=3.23E-6
T170 ( net32 net183 0 0)  nfet  L=4.85E-6 W=3.23E-6
R171 ( net32 net197)  R=9.6E0
CM arch: 4
Netlist: 
R177 ( net35 net92)  R=8.9E5
T178 ( net92 net293 vdd! vdd!)  pfet  L=3.54E-6 W=7.27E-6
T179 ( net33 net293 vdd! vdd!)  pfet  L=3.54E-6 W=7.27E-6
T180 ( 0 net92 net293 vdd!)  pfet  L=3.54E-6 W=7.27E-6
CM arch: 5
Netlist: 
R183 ( net264 net116)  R=4.9E2
T184 ( net116 net116 net134 vdd!)  pfet  L=7.72E-6 W=7.10E-6
T185 ( net134 net146 vdd! vdd!)  pfet  L=7.72E-6 W=7.10E-6
T186 ( net146 net146 vdd! vdd!)  pfet  L=7.72E-6 W=7.10E-6
T187 ( net195 net116 net146 vdd!)  pfet  L=7.72E-6 W=7.10E-6
CM arch: 4
Netlist: 
R191 ( net4 net60)  R=2.1E5
T192 ( net60 net254 vdd! vdd!)  pfet  L=1.52E-6 W=4.73E-6
T193 ( net3 net254 vdd! vdd!)  pfet  L=1.52E-6 W=4.73E-6
T194 ( 0 net60 net254 vdd!)  pfet  L=1.52E-6 W=4.73E-6
CM arch: 1
Netlist: 
T198 ( net346 net346 vdd! vdd!)  pfet  L=3.94E-6 W=2.16E-6
T199 ( net339 net346 vdd! vdd!)  pfet  L=3.94E-6 W=2.16E-6
R200 ( net339 net104)  R=2.6E6
CM arch: 5
Netlist: 
R203 ( net126 net198)  R=4.5E0
T204 ( net198 net198 net43 vdd!)  pfet  L=0.79E-6 W=3.78E-6
T205 ( net43 net312 vdd! vdd!)  pfet  L=0.79E-6 W=3.78E-6
T206 ( net312 net312 vdd! vdd!)  pfet  L=0.79E-6 W=3.78E-6
T207 ( net240 net198 net312 vdd!)  pfet  L=0.79E-6 W=3.78E-6
CM arch: 2
Netlist: 
R209 ( net70 net298)  R=9.0E3
T210 ( net298 net298 vdd! vdd!)  pfet  L=8.46E-6 W=9.73E-6
T211 ( net163 net298 vdd! vdd!)  pfet  L=8.46E-6 W=9.73E-6
CM arch: 3
Netlist: 
R218 ( net149 net342)  R=0.4E5
T219 ( net342 net301 0 0)  nfet  L=7.73E-6 W=5.61E-6
T220 ( net224 net301 0 0)  nfet  L=7.73E-6 W=5.61E-6
T221 ( net33 net342 net224 0)  nfet  L=7.73E-6 W=5.61E-6
CM arch: 5
Netlist: 
R223 ( net292 net139)  R=3.5E4
T224 ( net139 net139 net197 0)  nfet  L=5.61E-6 W=9.08E-6
T225 ( net197 net328 0 0)  nfet  L=5.61E-6 W=9.08E-6
T226 ( net328 net328 0 0)  nfet  L=5.61E-6 W=9.08E-6
T227 ( net109 net139 net328 0)  nfet  L=5.61E-6 W=9.08E-6
CM arch: 4
Netlist: 
R231 ( net33 net186)  R=9.1E6
T232 ( net186 net183 vdd! vdd!)  pfet  L=3.00E-6 W=3.69E-6
T233 ( net174 net183 vdd! vdd!)  pfet  L=3.00E-6 W=3.69E-6
T234 ( 0 net186 net183 vdd!)  pfet  L=3.00E-6 W=3.69E-6
CM arch: 1
Netlist: 
T236 ( net141 net141 vdd! vdd!)  pfet  L=5.45E-6 W=8.53E-6
T237 ( net291 net141 vdd! vdd!)  pfet  L=5.45E-6 W=8.53E-6
R238 ( net291 net236)  R=5.7E1
CM arch: 1
Netlist: 
T240 ( net176 net176 0 0)  nfet  L=0.25E-6 W=2.98E-6
T241 ( net90 net176 0 0)  nfet  L=0.25E-6 W=2.98E-6
R242 ( net90 net12)  R=2.3E4
CM arch: 1
Netlist: 
T245 ( net37 net37 0 0)  nfet  L=1.63E-6 W=4.52E-6
T246 ( net319 net37 0 0)  nfet  L=1.63E-6 W=4.52E-6
R247 ( net319 net265)  R=9.4E1
CM arch: 2
Netlist: 
R249 ( net343 net26)  R=0.8E2
T250 ( net26 net26 0 0)  nfet  L=6.89E-6 W=9.63E-6
T251 ( net135 net26 0 0)  nfet  L=6.89E-6 W=9.63E-6
CM arch: 4
Netlist: 
R253 ( net34 net345)  R=4.6E5
T254 ( net345 net201 vdd! vdd!)  pfet  L=9.55E-6 W=9.02E-6
T255 ( net48 net201 vdd! vdd!)  pfet  L=9.55E-6 W=9.02E-6
T256 ( 0 net345 net201 vdd!)  pfet  L=9.55E-6 W=9.02E-6
CM arch: 5
Netlist: 
R258 ( 0 net156)  R=4.1E0
T259 ( net156 net156 net222 0)  nfet  L=2.52E-6 W=8.89E-6
T260 ( net222 net169 0 0)  nfet  L=2.52E-6 W=8.89E-6
T261 ( net169 net169 0 0)  nfet  L=2.52E-6 W=8.89E-6
T262 ( net38 net156 net169 0)  nfet  L=2.52E-6 W=8.89E-6
CM arch: 4
Netlist: 
R264 ( net306 net235)  R=7.3E6
T265 ( net235 net89 0 0)  nfet  L=5.72E-6 W=5.64E-6
T266 ( net142 net89 0 0)  nfet  L=5.72E-6 W=5.64E-6
T267 ( vdd! net235 net89 0)  nfet  L=5.72E-6 W=5.64E-6
CM arch: 5
Netlist: 
R273 ( net255 net302)  R=7.8E0
T274 ( net302 net302 net297 0)  nfet  L=5.41E-6 W=8.84E-6
T275 ( net297 net56 0 0)  nfet  L=5.41E-6 W=8.84E-6
T276 ( net56 net56 0 0)  nfet  L=5.41E-6 W=8.84E-6
T277 ( 0 net302 net56 0)  nfet  L=5.41E-6 W=8.84E-6
CM arch: 3
Netlist: 
R280 ( net181 net271)  R=3.8E1
T281 ( net271 net337 vdd! vdd!)  pfet  L=2.65E-6 W=3.84E-6
T282 ( net250 net337 vdd! vdd!)  pfet  L=2.65E-6 W=3.84E-6
T283 ( net120 net271 net250 vdd!)  pfet  L=2.65E-6 W=3.84E-6
CM arch: 4
Netlist: 
R291 ( net94 net260)  R=1.5E4
T292 ( net260 net132 0 0)  nfet  L=8.02E-6 W=0.38E-6
T293 ( net324 net132 0 0)  nfet  L=8.02E-6 W=0.38E-6
T294 ( vdd! net260 net132 0)  nfet  L=8.02E-6 W=0.38E-6
CM arch: 4
Netlist: 
R296 ( net57 net115)  R=6.5E2
T297 ( net115 net111 vdd! vdd!)  pfet  L=8.18E-6 W=7.36E-6
T298 ( net189 net111 vdd! vdd!)  pfet  L=8.18E-6 W=7.36E-6
T299 ( 0 net115 net111 vdd!)  pfet  L=8.18E-6 W=7.36E-6
