CM arch: 5
Netlist: 
R2 ( net284 net189)  R=6.6E3
T3 ( net189 net189 net323 vdd!)  pfet  L=0.42E-6 W=4.84E-6
T4 ( net323 net157 vdd! vdd!)  pfet  L=0.42E-6 W=4.84E-6
T5 ( net157 net157 vdd! vdd!)  pfet  L=0.42E-6 W=4.84E-6
T6 ( net17 net189 net157 vdd!)  pfet  L=0.42E-6 W=4.84E-6
CM arch: 1
Netlist: 
T9 ( net225 net225 0 0)  nfet  L=1.35E-6 W=5.16E-6
T10 ( net110 net225 0 0)  nfet  L=1.35E-6 W=5.16E-6
R11 ( net110 net353)  R=7.8E4
CM arch: 1
Netlist: 
T13 ( vdd! vdd! 0 0)  nfet  L=3.55E-6 W=6.51E-6
T14 ( net350 vdd! 0 0)  nfet  L=3.55E-6 W=6.51E-6
R15 ( net350 net401)  R=2.4E2
CM arch: 4
Netlist: 
R18 ( net121 net295)  R=0.8E5
T19 ( net295 net289 vdd! vdd!)  pfet  L=8.25E-6 W=4.19E-6
T20 ( net257 net289 vdd! vdd!)  pfet  L=8.25E-6 W=4.19E-6
T21 ( 0 net295 net289 vdd!)  pfet  L=8.25E-6 W=4.19E-6
CM arch: 4
Netlist: 
R25 ( net359 net344)  R=6.3E3
T26 ( net344 net98 0 0)  nfet  L=0.81E-6 W=3.26E-6
T27 ( net88 net98 0 0)  nfet  L=0.81E-6 W=3.26E-6
T28 ( vdd! net344 net98 0)  nfet  L=0.81E-6 W=3.26E-6
CM arch: 2
Netlist: 
R30 ( 0 net400)  R=5.5E4
T31 ( net400 net400 0 0)  nfet  L=1.64E-6 W=6.06E-6
T32 ( net382 net400 0 0)  nfet  L=1.64E-6 W=6.06E-6
CM arch: 2
Netlist: 
R34 ( net173 net162)  R=6.3E4
T35 ( net162 net162 0 0)  nfet  L=1.46E-6 W=4.66E-6
T36 ( net297 net162 0 0)  nfet  L=1.46E-6 W=4.66E-6
CM arch: 5
Netlist: 
R40 ( net74 net104)  R=9.3E2
T41 ( net104 net104 net87 0)  nfet  L=4.85E-6 W=4.34E-6
T42 ( net87 net209 0 0)  nfet  L=4.85E-6 W=4.34E-6
T43 ( net209 net209 0 0)  nfet  L=4.85E-6 W=4.34E-6
T44 ( net320 net104 net209 0)  nfet  L=4.85E-6 W=4.34E-6
CM arch: 3
Netlist: 
R49 ( net305 net28)  R=6.9E6
T50 ( net28 net390 0 0)  nfet  L=4.34E-6 W=1.06E-6
T51 ( net166 net390 0 0)  nfet  L=4.34E-6 W=1.06E-6
T52 ( net256 net28 net166 0)  nfet  L=4.34E-6 W=1.06E-6
CM arch: 5
Netlist: 
R54 ( net362 net399)  R=8.8E4
T55 ( net399 net399 net341 0)  nfet  L=8.35E-6 W=2.92E-6
T56 ( net341 net116 0 0)  nfet  L=8.35E-6 W=2.92E-6
T57 ( net116 net116 0 0)  nfet  L=8.35E-6 W=2.92E-6
T58 ( net330 net399 net116 0)  nfet  L=8.35E-6 W=2.92E-6
CM arch: 1
Netlist: 
T60 ( net33 net33 vdd! vdd!)  pfet  L=3.74E-6 W=7.16E-6
T61 ( net228 net33 vdd! vdd!)  pfet  L=3.74E-6 W=7.16E-6
R62 ( net228 vdd!)  R=3.2E4
CM arch: 1
Netlist: 
T65 ( net325 net325 0 0)  nfet  L=7.80E-6 W=1.73E-6
T66 ( net10 net325 0 0)  nfet  L=7.80E-6 W=1.73E-6
R67 ( net10 0)  R=8.8E3
CM arch: 5
Netlist: 
R70 ( net267 net122)  R=9.8E2
T71 ( net122 net122 net216 0)  nfet  L=4.80E-6 W=8.51E-6
T72 ( net216 net364 0 0)  nfet  L=4.80E-6 W=8.51E-6
T73 ( net364 net364 0 0)  nfet  L=4.80E-6 W=8.51E-6
T74 ( net296 net122 net364 0)  nfet  L=4.80E-6 W=8.51E-6
CM arch: 2
Netlist: 
R76 ( net352 net235)  R=1.1E6
T77 ( net235 net235 vdd! vdd!)  pfet  L=3.29E-6 W=1.04E-6
T78 ( net273 net235 vdd! vdd!)  pfet  L=3.29E-6 W=1.04E-6
CM arch: 2
Netlist: 
R83 ( net96 net259)  R=1.4E1
T84 ( net259 net259 0 0)  nfet  L=7.07E-6 W=3.33E-6
T85 ( net93 net259 0 0)  nfet  L=7.07E-6 W=3.33E-6
CM arch: 2
Netlist: 
R87 ( 0 net369)  R=3.8E0
T88 ( net369 net369 vdd! vdd!)  pfet  L=7.80E-6 W=0.62E-6
T89 ( net230 net369 vdd! vdd!)  pfet  L=7.80E-6 W=0.62E-6
CM arch: 5
Netlist: 
R91 ( net302 net100)  R=5.8E3
T92 ( net100 net100 net62 0)  nfet  L=3.87E-6 W=2.89E-6
T93 ( net62 net175 0 0)  nfet  L=3.87E-6 W=2.89E-6
T94 ( net175 net175 0 0)  nfet  L=3.87E-6 W=2.89E-6
T95 ( net32 net100 net175 0)  nfet  L=3.87E-6 W=2.89E-6
CM arch: 1
Netlist: 
T99 ( net107 net107 vdd! vdd!)  pfet  L=4.14E-6 W=4.44E-6
T100 ( net240 net107 vdd! vdd!)  pfet  L=4.14E-6 W=4.44E-6
R101 ( net240 net306)  R=2.7E6
CM arch: 5
Netlist: 
R106 ( net151 net312)  R=7.2E2
T107 ( net312 net312 net382 vdd!)  pfet  L=4.06E-6 W=9.48E-6
T108 ( net382 net36 vdd! vdd!)  pfet  L=4.06E-6 W=9.48E-6
T109 ( net36 net36 vdd! vdd!)  pfet  L=4.06E-6 W=9.48E-6
T110 ( net212 net312 net36 vdd!)  pfet  L=4.06E-6 W=9.48E-6
CM arch: 2
Netlist: 
R112 ( net16 net270)  R=4.0E3
T113 ( net270 net270 vdd! vdd!)  pfet  L=9.49E-6 W=0.55E-6
T114 ( net149 net270 vdd! vdd!)  pfet  L=9.49E-6 W=0.55E-6
CM arch: 3
Netlist: 
R116 ( net84 net214)  R=6.2E3
T117 ( net214 net89 0 0)  nfet  L=9.53E-6 W=9.46E-6
T118 ( net334 net89 0 0)  nfet  L=9.53E-6 W=9.46E-6
T119 ( net366 net214 net334 0)  nfet  L=9.53E-6 W=9.46E-6
CM arch: 4
Netlist: 
R121 ( net392 net184)  R=8.0E2
T122 ( net184 net387 vdd! vdd!)  pfet  L=2.14E-6 W=6.96E-6
T123 ( net137 net387 vdd! vdd!)  pfet  L=2.14E-6 W=6.96E-6
T124 ( 0 net184 net387 vdd!)  pfet  L=2.14E-6 W=6.96E-6
CM arch: 4
Netlist: 
R126 ( net19 net92)  R=3.5E4
T127 ( net92 net4 0 0)  nfet  L=1.36E-6 W=6.08E-6
T128 ( 0 net4 0 0)  nfet  L=1.36E-6 W=6.08E-6
T129 ( vdd! net92 net4 0)  nfet  L=1.36E-6 W=6.08E-6
CM arch: 3
Netlist: 
R131 ( net385 net322)  R=0.3E1
T132 ( net322 net25 vdd! vdd!)  pfet  L=3.86E-6 W=0.71E-6
T133 ( net93 net25 vdd! vdd!)  pfet  L=3.86E-6 W=0.71E-6
T134 ( net129 net322 net93 vdd!)  pfet  L=3.86E-6 W=0.71E-6
CM arch: 2
Netlist: 
R137 ( net172 net211)  R=8.1E2
T138 ( net211 net211 vdd! vdd!)  pfet  L=1.67E-6 W=9.95E-6
T139 ( net375 net211 vdd! vdd!)  pfet  L=1.67E-6 W=9.95E-6
CM arch: 5
Netlist: 
R142 ( net34 net58)  R=1.1E3
T143 ( net58 net58 net201 vdd!)  pfet  L=7.85E-6 W=2.99E-6
T144 ( net201 net285 vdd! vdd!)  pfet  L=7.85E-6 W=2.99E-6
T145 ( net285 net285 vdd! vdd!)  pfet  L=7.85E-6 W=2.99E-6
T146 ( net97 net58 net285 vdd!)  pfet  L=7.85E-6 W=2.99E-6
CM arch: 3
Netlist: 
R148 ( net14 net159)  R=0.3E4
T149 ( net159 net287 0 0)  nfet  L=0.11E-6 W=1.68E-6
T150 ( net99 net287 0 0)  nfet  L=0.11E-6 W=1.68E-6
T151 ( net367 net159 net99 0)  nfet  L=0.11E-6 W=1.68E-6
CM arch: 2
Netlist: 
R154 ( net255 net241)  R=1.8E2
T155 ( net241 net241 vdd! vdd!)  pfet  L=6.09E-6 W=6.25E-6
T156 ( net271 net241 vdd! vdd!)  pfet  L=6.09E-6 W=6.25E-6
CM arch: 2
Netlist: 
R163 ( net21 net380)  R=3.1E1
T164 ( net380 net380 vdd! vdd!)  pfet  L=3.82E-6 W=2.06E-6
T165 ( net152 net380 vdd! vdd!)  pfet  L=3.82E-6 W=2.06E-6
CM arch: 4
Netlist: 
R167 ( net226 net133)  R=4.7E1
T168 ( net133 net313 vdd! vdd!)  pfet  L=1.40E-6 W=9.12E-6
T169 ( net255 net313 vdd! vdd!)  pfet  L=1.40E-6 W=9.12E-6
T170 ( 0 net133 net313 vdd!)  pfet  L=1.40E-6 W=9.12E-6
CM arch: 3
Netlist: 
R172 ( net298 net57)  R=7.1E2
T173 ( net57 net290 vdd! vdd!)  pfet  L=4.32E-6 W=8.90E-6
T174 ( net327 net290 vdd! vdd!)  pfet  L=4.32E-6 W=8.90E-6
T175 ( net336 net57 net327 vdd!)  pfet  L=4.32E-6 W=8.90E-6
CM arch: 4
Netlist: 
R179 ( net76 net376)  R=1.5E6
T180 ( net376 net383 vdd! vdd!)  pfet  L=0.58E-6 W=1.38E-6
T181 ( net95 net383 vdd! vdd!)  pfet  L=0.58E-6 W=1.38E-6
T182 ( 0 net376 net383 vdd!)  pfet  L=0.58E-6 W=1.38E-6
CM arch: 3
Netlist: 
R184 ( net217 net373)  R=3.8E6
T185 ( net373 net170 vdd! vdd!)  pfet  L=2.47E-6 W=9.61E-6
T186 ( net329 net170 vdd! vdd!)  pfet  L=2.47E-6 W=9.61E-6
T187 ( 0 net373 net329 vdd!)  pfet  L=2.47E-6 W=9.61E-6
CM arch: 3
Netlist: 
R189 ( net247 net301)  R=5.0E2
T190 ( net301 net368 0 0)  nfet  L=2.35E-6 W=7.73E-6
T191 ( net186 net368 0 0)  nfet  L=2.35E-6 W=7.73E-6
T192 ( net123 net301 net186 0)  nfet  L=2.35E-6 W=7.73E-6
CM arch: 2
Netlist: 
R194 ( net5 net192)  R=3.9E6
T195 ( net192 net192 0 0)  nfet  L=1.66E-6 W=9.02E-6
T196 ( net143 net192 0 0)  nfet  L=1.66E-6 W=9.02E-6
CM arch: 4
Netlist: 
R199 ( net249 net221)  R=4.4E3
T200 ( net221 net56 vdd! vdd!)  pfet  L=9.87E-6 W=7.83E-6
T201 ( 0 net56 vdd! vdd!)  pfet  L=9.87E-6 W=7.83E-6
T202 ( 0 net221 net56 vdd!)  pfet  L=9.87E-6 W=7.83E-6
CM arch: 4
Netlist: 
R206 ( net72 net215)  R=2.1E0
T207 ( net215 net395 vdd! vdd!)  pfet  L=0.24E-6 W=1.40E-6
T208 ( net356 net395 vdd! vdd!)  pfet  L=0.24E-6 W=1.40E-6
T209 ( 0 net215 net395 vdd!)  pfet  L=0.24E-6 W=1.40E-6
CM arch: 3
Netlist: 
R211 ( net105 net158)  R=3.2E6
T212 ( net158 net32 vdd! vdd!)  pfet  L=9.37E-6 W=8.62E-6
T213 ( net205 net32 vdd! vdd!)  pfet  L=9.37E-6 W=8.62E-6
T214 ( net385 net158 net205 vdd!)  pfet  L=9.37E-6 W=8.62E-6
CM arch: 4
Netlist: 
R217 ( net331 net393)  R=9.0E0
T218 ( net393 net330 0 0)  nfet  L=7.83E-6 W=1.76E-6
T219 ( vdd! net330 0 0)  nfet  L=7.83E-6 W=1.76E-6
T220 ( vdd! net393 net330 0)  nfet  L=7.83E-6 W=1.76E-6
CM arch: 5
Netlist: 
R222 ( vdd! net343)  R=8.1E3
T223 ( net343 net343 net346 0)  nfet  L=7.99E-6 W=2.12E-6
T224 ( net346 net238 0 0)  nfet  L=7.99E-6 W=2.12E-6
T225 ( net238 net238 0 0)  nfet  L=7.99E-6 W=2.12E-6
T226 ( net401 net343 net238 0)  nfet  L=7.99E-6 W=2.12E-6
CM arch: 4
Netlist: 
R228 ( net16 net335)  R=2.6E0
T229 ( net335 net40 0 0)  nfet  L=6.84E-6 W=0.91E-6
T230 ( net84 net40 0 0)  nfet  L=6.84E-6 W=0.91E-6
T231 ( vdd! net335 net40 0)  nfet  L=6.84E-6 W=0.91E-6
CM arch: 5
Netlist: 
R235 ( net320 net71)  R=0.5E0
T236 ( net71 net71 net265 0)  nfet  L=3.45E-6 W=4.67E-6
T237 ( net265 net307 0 0)  nfet  L=3.45E-6 W=4.67E-6
T238 ( net307 net307 0 0)  nfet  L=3.45E-6 W=4.67E-6
T239 ( vdd! net71 net307 0)  nfet  L=3.45E-6 W=4.67E-6
CM arch: 5
Netlist: 
R243 ( net82 net35)  R=7.9E4
T244 ( net35 net35 net153 0)  nfet  L=0.65E-6 W=1.22E-6
T245 ( net153 net37 0 0)  nfet  L=0.65E-6 W=1.22E-6
T246 ( net37 net37 0 0)  nfet  L=0.65E-6 W=1.22E-6
T247 ( net140 net35 net37 0)  nfet  L=0.65E-6 W=1.22E-6
CM arch: 3
Netlist: 
R250 ( net174 net172)  R=6.8E4
T251 ( net172 net161 0 0)  nfet  L=8.93E-6 W=2.87E-6
T252 ( net361 net161 0 0)  nfet  L=8.93E-6 W=2.87E-6
T253 ( net149 net172 net361 0)  nfet  L=8.93E-6 W=2.87E-6
CM arch: 3
Netlist: 
R255 ( net169 net257)  R=5.4E4
T256 ( net257 net372 0 0)  nfet  L=8.46E-6 W=8.42E-6
T257 ( net115 net372 0 0)  nfet  L=8.46E-6 W=8.42E-6
T258 ( 0 net257 net115 0)  nfet  L=8.46E-6 W=8.42E-6
CM arch: 5
Netlist: 
R260 ( net207 net237)  R=6.8E1
T261 ( net237 net237 net145 0)  nfet  L=9.13E-6 W=3.00E-6
T262 ( net145 net69 0 0)  nfet  L=9.13E-6 W=3.00E-6
T263 ( net69 net69 0 0)  nfet  L=9.13E-6 W=3.00E-6
T264 ( net126 net237 net69 0)  nfet  L=9.13E-6 W=3.00E-6
CM arch: 3
Netlist: 
R268 ( net61 net190)  R=3.2E1
T269 ( net190 net284 vdd! vdd!)  pfet  L=1.94E-6 W=7.73E-6
T270 ( net336 net284 vdd! vdd!)  pfet  L=1.94E-6 W=7.73E-6
T271 ( net348 net190 net336 vdd!)  pfet  L=1.94E-6 W=7.73E-6
CM arch: 4
Netlist: 
R274 ( net218 net280)  R=3.9E0
T275 ( net280 net264 0 0)  nfet  L=4.30E-6 W=2.07E-6
T276 ( net140 net264 0 0)  nfet  L=4.30E-6 W=2.07E-6
T277 ( vdd! net280 net264 0)  nfet  L=4.30E-6 W=2.07E-6
CM arch: 2
Netlist: 
R281 ( net167 net294)  R=2.2E1
T282 ( net294 net294 0 0)  nfet  L=3.80E-6 W=7.40E-6
T283 ( net262 net294 0 0)  nfet  L=3.80E-6 W=7.40E-6
CM arch: 1
Netlist: 
T287 ( net45 net45 0 0)  nfet  L=3.08E-6 W=7.72E-6
T288 ( net131 net45 0 0)  nfet  L=3.08E-6 W=7.72E-6
R289 ( net131 net367)  R=3.3E4
