CM arch: 1
Netlist: 
T1 ( net415 net415 0 0)  nfet  L=5.87E-6 W=4.55E-6
T2 ( net429 net415 0 0)  nfet  L=5.87E-6 W=4.55E-6
R3 ( net429 net647)  R=6.6E2
CM arch: 3
Netlist: 
R5 ( net1405 net1473)  R=7.9E0
T6 ( net1473 net912 0 0)  nfet  L=0.76E-6 W=7.26E-6
T7 ( net324 net912 0 0)  nfet  L=0.76E-6 W=7.26E-6
T8 ( net1324 net1473 net324 0)  nfet  L=0.76E-6 W=7.26E-6
CM arch: 4
Netlist: 
R10 ( net1347 net649)  R=6.8E6
T11 ( net649 net1239 0 0)  nfet  L=6.98E-6 W=5.37E-6
T12 ( net6 net1239 0 0)  nfet  L=6.98E-6 W=5.37E-6
T13 ( vdd! net649 net1239 0)  nfet  L=6.98E-6 W=5.37E-6
CM arch: 4
Netlist: 
R15 ( net619 net954)  R=1.4E4
T16 ( net954 net598 vdd! vdd!)  pfet  L=3.78E-6 W=7.54E-6
T17 ( net1124 net598 vdd! vdd!)  pfet  L=3.78E-6 W=7.54E-6
T18 ( 0 net954 net598 vdd!)  pfet  L=3.78E-6 W=7.54E-6
CM arch: 3
Netlist: 
R23 ( net390 net1435)  R=8.6E0
T24 ( net1435 net477 0 0)  nfet  L=9.21E-6 W=9.02E-6
T25 ( net1074 net477 0 0)  nfet  L=9.21E-6 W=9.02E-6
T26 ( net1137 net1435 net1074 0)  nfet  L=9.21E-6 W=9.02E-6
CM arch: 1
Netlist: 
T28 ( net946 net946 vdd! vdd!)  pfet  L=1.91E-6 W=8.48E-6
T29 ( net84 net946 vdd! vdd!)  pfet  L=1.91E-6 W=8.48E-6
R30 ( net84 net185)  R=2.5E1
CM arch: 4
Netlist: 
R33 ( net1322 net1080)  R=1.3E6
T34 ( net1080 net943 vdd! vdd!)  pfet  L=7.50E-6 W=1.33E-6
T35 ( net917 net943 vdd! vdd!)  pfet  L=7.50E-6 W=1.33E-6
T36 ( 0 net1080 net943 vdd!)  pfet  L=7.50E-6 W=1.33E-6
CM arch: 1
Netlist: 
T38 ( net350 net350 0 0)  nfet  L=6.21E-6 W=4.74E-6
T39 ( net1481 net350 0 0)  nfet  L=6.21E-6 W=4.74E-6
R40 ( net1481 net1370)  R=3.5E0
CM arch: 5
Netlist: 
R44 ( net1053 net686)  R=7.7E5
T45 ( net686 net686 net1308 0)  nfet  L=6.21E-6 W=1.90E-6
T46 ( net1308 net868 0 0)  nfet  L=6.21E-6 W=1.90E-6
T47 ( net868 net868 0 0)  nfet  L=6.21E-6 W=1.90E-6
T48 ( net304 net686 net868 0)  nfet  L=6.21E-6 W=1.90E-6
CM arch: 5
Netlist: 
R50 ( net754 net1390)  R=9.7E4
T51 ( net1390 net1390 net33 0)  nfet  L=0.36E-6 W=4.08E-6
T52 ( net33 net731 0 0)  nfet  L=0.36E-6 W=4.08E-6
T53 ( net731 net731 0 0)  nfet  L=0.36E-6 W=4.08E-6
T54 ( net1255 net1390 net731 0)  nfet  L=0.36E-6 W=4.08E-6
CM arch: 5
Netlist: 
R56 ( net674 net575)  R=8.5E0
T57 ( net575 net575 net1326 vdd!)  pfet  L=3.12E-6 W=5.56E-6
T58 ( net1326 net860 vdd! vdd!)  pfet  L=3.12E-6 W=5.56E-6
T59 ( net860 net860 vdd! vdd!)  pfet  L=3.12E-6 W=5.56E-6
T60 ( net1365 net575 net860 vdd!)  pfet  L=3.12E-6 W=5.56E-6
CM arch: 3
Netlist: 
R62 ( net1528 net1296)  R=1.0E6
T63 ( net1296 net113 vdd! vdd!)  pfet  L=3.49E-6 W=2.41E-6
T64 ( net652 net113 vdd! vdd!)  pfet  L=3.49E-6 W=2.41E-6
T65 ( net214 net1296 net652 vdd!)  pfet  L=3.49E-6 W=2.41E-6
CM arch: 2
Netlist: 
R67 ( net1271 net188)  R=0.7E4
T68 ( net188 net188 vdd! vdd!)  pfet  L=2.21E-6 W=0.80E-6
T69 ( net927 net188 vdd! vdd!)  pfet  L=2.21E-6 W=0.80E-6
CM arch: 3
Netlist: 
R72 ( net641 net226)  R=7.8E0
T73 ( net226 net618 vdd! vdd!)  pfet  L=8.40E-6 W=8.06E-6
T74 ( net1398 net618 vdd! vdd!)  pfet  L=8.40E-6 W=8.06E-6
T75 ( net483 net226 net1398 vdd!)  pfet  L=8.40E-6 W=8.06E-6
CM arch: 3
Netlist: 
R77 ( net752 net224)  R=1.0E0
T78 ( net224 net1460 vdd! vdd!)  pfet  L=9.42E-6 W=2.79E-6
T79 ( net1363 net1460 vdd! vdd!)  pfet  L=9.42E-6 W=2.79E-6
T80 ( net1448 net224 net1363 vdd!)  pfet  L=9.42E-6 W=2.79E-6
CM arch: 5
Netlist: 
R82 ( net101 net651)  R=1.4E0
T83 ( net651 net651 net1166 0)  nfet  L=0.20E-6 W=3.24E-6
T84 ( net1166 net723 0 0)  nfet  L=0.20E-6 W=3.24E-6
T85 ( net723 net723 0 0)  nfet  L=0.20E-6 W=3.24E-6
T86 ( net910 net651 net723 0)  nfet  L=0.20E-6 W=3.24E-6
CM arch: 5
Netlist: 
R88 ( 0 net85)  R=1.3E0
T89 ( net85 net85 net706 0)  nfet  L=7.80E-6 W=6.47E-6
T90 ( net706 net1373 0 0)  nfet  L=7.80E-6 W=6.47E-6
T91 ( net1373 net1373 0 0)  nfet  L=7.80E-6 W=6.47E-6
T92 ( net122 net85 net1373 0)  nfet  L=7.80E-6 W=6.47E-6
CM arch: 5
Netlist: 
R94 ( net1307 net332)  R=8.4E3
T95 ( net332 net332 net321 vdd!)  pfet  L=7.16E-6 W=9.11E-6
T96 ( net321 net244 vdd! vdd!)  pfet  L=7.16E-6 W=9.11E-6
T97 ( net244 net244 vdd! vdd!)  pfet  L=7.16E-6 W=9.11E-6
T98 ( net1313 net332 net244 vdd!)  pfet  L=7.16E-6 W=9.11E-6
CM arch: 5
Netlist: 
R100 ( net582 net302)  R=7.9E0
T101 ( net302 net302 net1053 vdd!)  pfet  L=0.92E-6 W=2.10E-6
T102 ( net1053 net4 vdd! vdd!)  pfet  L=0.92E-6 W=2.10E-6
T103 ( net4 net4 vdd! vdd!)  pfet  L=0.92E-6 W=2.10E-6
T104 ( net19 net302 net4 vdd!)  pfet  L=0.92E-6 W=2.10E-6
CM arch: 3
Netlist: 
R107 ( net1287 net1376)  R=6.6E1
T108 ( net1376 net699 vdd! vdd!)  pfet  L=4.08E-6 W=4.56E-6
T109 ( net166 net699 vdd! vdd!)  pfet  L=4.08E-6 W=4.56E-6
T110 ( net22 net1376 net166 vdd!)  pfet  L=4.08E-6 W=4.56E-6
CM arch: 3
Netlist: 
R117 ( net1484 net1241)  R=8.7E3
T118 ( net1241 net255 0 0)  nfet  L=7.31E-6 W=5.32E-6
T119 ( net196 net255 0 0)  nfet  L=7.31E-6 W=5.32E-6
T120 ( net1247 net1241 net196 0)  nfet  L=7.31E-6 W=5.32E-6
CM arch: 1
Netlist: 
T122 ( net487 net487 0 0)  nfet  L=0.73E-6 W=8.81E-6
T123 ( net1199 net487 0 0)  nfet  L=0.73E-6 W=8.81E-6
R124 ( net1199 0)  R=5.5E4
CM arch: 5
Netlist: 
R127 ( net923 net206)  R=0.2E6
T128 ( net206 net206 net94 0)  nfet  L=4.19E-6 W=5.47E-6
T129 ( net94 net1270 0 0)  nfet  L=4.19E-6 W=5.47E-6
T130 ( net1270 net1270 0 0)  nfet  L=4.19E-6 W=5.47E-6
T131 ( net928 net206 net1270 0)  nfet  L=4.19E-6 W=5.47E-6
CM arch: 4
Netlist: 
R133 ( net466 net718)  R=0.3E3
T134 ( net718 net400 vdd! vdd!)  pfet  L=5.85E-6 W=9.13E-6
T135 ( net894 net400 vdd! vdd!)  pfet  L=5.85E-6 W=9.13E-6
T136 ( 0 net718 net400 vdd!)  pfet  L=5.85E-6 W=9.13E-6
CM arch: 1
Netlist: 
T139 ( net565 net565 vdd! vdd!)  pfet  L=3.30E-6 W=7.48E-6
T140 ( net333 net565 vdd! vdd!)  pfet  L=3.30E-6 W=7.48E-6
R141 ( net333 net121)  R=2.6E1
CM arch: 5
Netlist: 
R143 ( net1127 net934)  R=7.0E3
T144 ( net934 net934 net325 vdd!)  pfet  L=8.38E-6 W=1.75E-6
T145 ( net325 net605 vdd! vdd!)  pfet  L=8.38E-6 W=1.75E-6
T146 ( net605 net605 vdd! vdd!)  pfet  L=8.38E-6 W=1.75E-6
T147 ( net976 net934 net605 vdd!)  pfet  L=8.38E-6 W=1.75E-6
CM arch: 1
Netlist: 
T150 ( net248 net248 0 0)  nfet  L=4.28E-6 W=0.91E-6
T151 ( net1397 net248 0 0)  nfet  L=4.28E-6 W=0.91E-6
R152 ( net1397 net1280)  R=10.0E3
CM arch: 5
Netlist: 
R158 ( vdd! net158)  R=1.5E1
T159 ( net158 net158 net1523 0)  nfet  L=6.56E-6 W=8.46E-6
T160 ( net1523 net1049 0 0)  nfet  L=6.56E-6 W=8.46E-6
T161 ( net1049 net1049 0 0)  nfet  L=6.56E-6 W=8.46E-6
T162 ( net522 net158 net1049 0)  nfet  L=6.56E-6 W=8.46E-6
CM arch: 2
Netlist: 
R167 ( net382 net911)  R=2.9E2
T168 ( net911 net911 vdd! vdd!)  pfet  L=2.51E-6 W=5.30E-6
T169 ( vdd! net911 vdd! vdd!)  pfet  L=2.51E-6 W=5.30E-6
CM arch: 3
Netlist: 
R172 ( net1439 net187)  R=6.8E6
T173 ( net187 net1002 0 0)  nfet  L=3.12E-6 W=6.09E-6
T174 ( net640 net1002 0 0)  nfet  L=3.12E-6 W=6.09E-6
T175 ( net903 net187 net640 0)  nfet  L=3.12E-6 W=6.09E-6
CM arch: 1
Netlist: 
T177 ( net186 net186 vdd! vdd!)  pfet  L=5.35E-6 W=3.88E-6
T178 ( net967 net186 vdd! vdd!)  pfet  L=5.35E-6 W=3.88E-6
R179 ( net967 net1130)  R=5.5E0
CM arch: 1
Netlist: 
T181 ( net1495 net1495 vdd! vdd!)  pfet  L=1.45E-6 W=1.25E-6
T182 ( net1518 net1495 vdd! vdd!)  pfet  L=1.45E-6 W=1.25E-6
R183 ( net1518 net801)  R=2.2E2
CM arch: 1
Netlist: 
T186 ( 0 0 vdd! vdd!)  pfet  L=8.11E-6 W=3.41E-6
T187 ( net266 0 vdd! vdd!)  pfet  L=8.11E-6 W=3.41E-6
R188 ( net266 net1387)  R=0.4E5
CM arch: 1
Netlist: 
T191 ( net221 net221 0 0)  nfet  L=4.72E-6 W=1.14E-6
T192 ( net601 net221 0 0)  nfet  L=4.72E-6 W=1.14E-6
R193 ( net601 net1096)  R=0.8E4
CM arch: 3
Netlist: 
R195 ( net597 net148)  R=4.4E3
T196 ( net148 net1216 0 0)  nfet  L=3.76E-6 W=7.40E-6
T197 ( net1082 net1216 0 0)  nfet  L=3.76E-6 W=7.40E-6
T198 ( net1113 net148 net1082 0)  nfet  L=3.76E-6 W=7.40E-6
CM arch: 1
Netlist: 
T200 ( net1201 net1201 0 0)  nfet  L=8.25E-6 W=3.90E-6
T201 ( net726 net1201 0 0)  nfet  L=8.25E-6 W=3.90E-6
R202 ( net726 net901)  R=5.4E5
CM arch: 4
Netlist: 
R205 ( net595 net423)  R=9.1E3
T206 ( net423 net38 0 0)  nfet  L=3.01E-6 W=2.29E-6
T207 ( net68 net38 0 0)  nfet  L=3.01E-6 W=2.29E-6
T208 ( vdd! net423 net38 0)  nfet  L=3.01E-6 W=2.29E-6
CM arch: 1
Netlist: 
T213 ( net583 net583 vdd! vdd!)  pfet  L=8.42E-6 W=7.74E-6
T214 ( net1172 net583 vdd! vdd!)  pfet  L=8.42E-6 W=7.74E-6
R215 ( net1172 net1038)  R=7.0E0
CM arch: 4
Netlist: 
R218 ( net31 net281)  R=5.1E2
T219 ( net281 net814 0 0)  nfet  L=4.58E-6 W=2.02E-6
T220 ( net592 net814 0 0)  nfet  L=4.58E-6 W=2.02E-6
T221 ( vdd! net281 net814 0)  nfet  L=4.58E-6 W=2.02E-6
CM arch: 2
Netlist: 
R226 ( net597 net637)  R=6.4E2
T227 ( net637 net637 vdd! vdd!)  pfet  L=3.24E-6 W=6.09E-6
T228 ( net748 net637 vdd! vdd!)  pfet  L=3.24E-6 W=6.09E-6
CM arch: 1
Netlist: 
T230 ( vdd! vdd! 0 0)  nfet  L=2.82E-6 W=1.19E-6
T231 ( net30 vdd! 0 0)  nfet  L=2.82E-6 W=1.19E-6
R232 ( net30 net727)  R=5.2E1
CM arch: 4
Netlist: 
R235 ( net1171 net1227)  R=8.6E2
T236 ( net1227 net471 0 0)  nfet  L=2.11E-6 W=8.85E-6
T237 ( net274 net471 0 0)  nfet  L=2.11E-6 W=8.85E-6
T238 ( vdd! net1227 net471 0)  nfet  L=2.11E-6 W=8.85E-6
CM arch: 1
Netlist: 
T243 ( net1452 net1452 0 0)  nfet  L=7.77E-6 W=8.02E-6
T244 ( net1510 net1452 0 0)  nfet  L=7.77E-6 W=8.02E-6
R245 ( net1510 net797)  R=9.6E4
CM arch: 1
Netlist: 
T247 ( net737 net737 0 0)  nfet  L=1.23E-6 W=9.42E-6
T248 ( net564 net737 0 0)  nfet  L=1.23E-6 W=9.42E-6
R249 ( net564 net595)  R=4.8E5
CM arch: 1
Netlist: 
T252 ( net673 net673 vdd! vdd!)  pfet  L=9.55E-6 W=5.79E-6
T253 ( net1368 net673 vdd! vdd!)  pfet  L=9.55E-6 W=5.79E-6
R254 ( net1368 net290)  R=1.9E1
CM arch: 1
Netlist: 
T258 ( net828 net828 vdd! vdd!)  pfet  L=7.91E-6 W=5.76E-6
T259 ( net1320 net828 vdd! vdd!)  pfet  L=7.91E-6 W=5.76E-6
R260 ( net1320 vdd!)  R=4.4E3
CM arch: 4
Netlist: 
R265 ( net254 net1066)  R=9.6E4
T266 ( net1066 net786 0 0)  nfet  L=6.35E-6 W=1.76E-6
T267 ( net1018 net786 0 0)  nfet  L=6.35E-6 W=1.76E-6
T268 ( vdd! net1066 net786 0)  nfet  L=6.35E-6 W=1.76E-6
CM arch: 4
Netlist: 
R270 ( net1359 net1416)  R=5.0E2
T271 ( net1416 net1237 0 0)  nfet  L=4.04E-6 W=2.63E-6
T272 ( net292 net1237 0 0)  nfet  L=4.04E-6 W=2.63E-6
T273 ( vdd! net1416 net1237 0)  nfet  L=4.04E-6 W=2.63E-6
CM arch: 4
Netlist: 
R276 ( net836 net565)  R=6.1E1
T277 ( net565 net577 0 0)  nfet  L=0.41E-6 W=7.48E-6
T278 ( net1282 net577 0 0)  nfet  L=0.41E-6 W=7.48E-6
T279 ( vdd! net565 net577 0)  nfet  L=0.41E-6 W=7.48E-6
CM arch: 5
Netlist: 
R284 ( net794 net1154)  R=3.6E0
T285 ( net1154 net1154 net675 0)  nfet  L=9.43E-6 W=4.84E-6
T286 ( net675 net1541 0 0)  nfet  L=9.43E-6 W=4.84E-6
T287 ( net1541 net1541 0 0)  nfet  L=9.43E-6 W=4.84E-6
T288 ( net1370 net1154 net1541 0)  nfet  L=9.43E-6 W=4.84E-6
