CM arch: 4
Netlist: 
R1 ( net1212 net187)  R=3.7E2
T2 ( net187 net133 0 0)  nfet  L=0.53E-6 W=3.73E-6
T3 ( net532 net133 0 0)  nfet  L=0.53E-6 W=3.73E-6
T4 ( vdd! net187 net133 0)  nfet  L=0.53E-6 W=3.73E-6
CM arch: 1
Netlist: 
T8 ( net731 net731 vdd! vdd!)  pfet  L=3.63E-6 W=4.56E-6
T9 ( net444 net731 vdd! vdd!)  pfet  L=3.63E-6 W=4.56E-6
R10 ( net444 net689)  R=8.3E0
CM arch: 4
Netlist: 
R13 ( net1232 net1012)  R=8.6E6
T14 ( net1012 net1185 vdd! vdd!)  pfet  L=3.10E-6 W=1.07E-6
T15 ( net1035 net1185 vdd! vdd!)  pfet  L=3.10E-6 W=1.07E-6
T16 ( 0 net1012 net1185 vdd!)  pfet  L=3.10E-6 W=1.07E-6
CM arch: 1
Netlist: 
T19 ( net1466 net1466 0 0)  nfet  L=1.00E-6 W=0.28E-6
T20 ( net402 net1466 0 0)  nfet  L=1.00E-6 W=0.28E-6
R21 ( net402 net1327)  R=7.0E2
CM arch: 3
Netlist: 
R23 ( net1375 net1390)  R=2.1E1
T24 ( net1390 net1106 vdd! vdd!)  pfet  L=8.20E-6 W=6.67E-6
T25 ( net1192 net1106 vdd! vdd!)  pfet  L=8.20E-6 W=6.67E-6
T26 ( net868 net1390 net1192 vdd!)  pfet  L=8.20E-6 W=6.67E-6
CM arch: 3
Netlist: 
R29 ( net147 net886)  R=0.5E4
T30 ( net886 net505 0 0)  nfet  L=5.96E-6 W=7.18E-6
T31 ( net1206 net505 0 0)  nfet  L=5.96E-6 W=7.18E-6
T32 ( 0 net886 net1206 0)  nfet  L=5.96E-6 W=7.18E-6
CM arch: 2
Netlist: 
R35 ( 0 net1379)  R=3.2E1
T36 ( net1379 net1379 0 0)  nfet  L=5.07E-6 W=2.68E-6
T37 ( net1008 net1379 0 0)  nfet  L=5.07E-6 W=2.68E-6
CM arch: 5
Netlist: 
R40 ( net442 net296)  R=2.9E3
T41 ( net296 net296 net99 vdd!)  pfet  L=9.36E-6 W=7.57E-6
T42 ( net99 net603 vdd! vdd!)  pfet  L=9.36E-6 W=7.57E-6
T43 ( net603 net603 vdd! vdd!)  pfet  L=9.36E-6 W=7.57E-6
T44 ( net1564 net296 net603 vdd!)  pfet  L=9.36E-6 W=7.57E-6
CM arch: 5
Netlist: 
R47 ( 0 net1534)  R=7.6E2
T48 ( net1534 net1534 net302 0)  nfet  L=5.38E-6 W=4.84E-6
T49 ( net302 net255 0 0)  nfet  L=5.38E-6 W=4.84E-6
T50 ( net255 net255 0 0)  nfet  L=5.38E-6 W=4.84E-6
T51 ( 0 net1534 net255 0)  nfet  L=5.38E-6 W=4.84E-6
CM arch: 5
Netlist: 
R53 ( net1418 net394)  R=9.4E6
T54 ( net394 net394 net869 vdd!)  pfet  L=8.58E-6 W=8.11E-6
T55 ( net869 net982 vdd! vdd!)  pfet  L=8.58E-6 W=8.11E-6
T56 ( net982 net982 vdd! vdd!)  pfet  L=8.58E-6 W=8.11E-6
T57 ( net117 net394 net982 vdd!)  pfet  L=8.58E-6 W=8.11E-6
CM arch: 5
Netlist: 
R59 ( net377 net497)  R=8.9E0
T60 ( net497 net497 net1243 0)  nfet  L=7.50E-6 W=2.45E-6
T61 ( net1243 net1171 0 0)  nfet  L=7.50E-6 W=2.45E-6
T62 ( net1171 net1171 0 0)  nfet  L=7.50E-6 W=2.45E-6
T63 ( net891 net497 net1171 0)  nfet  L=7.50E-6 W=2.45E-6
CM arch: 3
Netlist: 
R66 ( net461 net856)  R=4.8E3
T67 ( net856 net820 vdd! vdd!)  pfet  L=6.33E-6 W=7.26E-6
T68 ( net681 net820 vdd! vdd!)  pfet  L=6.33E-6 W=7.26E-6
T69 ( net542 net856 net681 vdd!)  pfet  L=6.33E-6 W=7.26E-6
CM arch: 5
Netlist: 
R72 ( net768 net1373)  R=8.9E4
T73 ( net1373 net1373 net729 vdd!)  pfet  L=8.13E-6 W=5.03E-6
T74 ( net729 net1280 vdd! vdd!)  pfet  L=8.13E-6 W=5.03E-6
T75 ( net1280 net1280 vdd! vdd!)  pfet  L=8.13E-6 W=5.03E-6
T76 ( net1387 net1373 net1280 vdd!)  pfet  L=8.13E-6 W=5.03E-6
CM arch: 3
Netlist: 
R78 ( net308 net1543)  R=9.9E0
T79 ( net1543 net206 0 0)  nfet  L=6.29E-6 W=6.76E-6
T80 ( net1023 net206 0 0)  nfet  L=6.29E-6 W=6.76E-6
T81 ( net389 net1543 net1023 0)  nfet  L=6.29E-6 W=6.76E-6
CM arch: 5
Netlist: 
R83 ( net165 net795)  R=5.7E2
T84 ( net795 net795 net381 vdd!)  pfet  L=8.44E-6 W=8.48E-6
T85 ( net381 net451 vdd! vdd!)  pfet  L=8.44E-6 W=8.48E-6
T86 ( net451 net451 vdd! vdd!)  pfet  L=8.44E-6 W=8.48E-6
T87 ( vdd! net795 net451 vdd!)  pfet  L=8.44E-6 W=8.48E-6
CM arch: 2
Netlist: 
R89 ( net192 net338)  R=2.9E1
T90 ( net338 net338 0 0)  nfet  L=2.92E-6 W=9.20E-6
T91 ( net566 net338 0 0)  nfet  L=2.92E-6 W=9.20E-6
CM arch: 5
Netlist: 
R93 ( net631 net690)  R=8.8E2
T94 ( net690 net690 net1220 0)  nfet  L=5.97E-6 W=6.23E-6
T95 ( net1220 net269 0 0)  nfet  L=5.97E-6 W=6.23E-6
T96 ( net269 net269 0 0)  nfet  L=5.97E-6 W=6.23E-6
T97 ( net1130 net690 net269 0)  nfet  L=5.97E-6 W=6.23E-6
CM arch: 4
Netlist: 
R99 ( net663 net500)  R=6.5E3
T100 ( net500 net350 vdd! vdd!)  pfet  L=0.20E-6 W=3.12E-6
T101 ( net1400 net350 vdd! vdd!)  pfet  L=0.20E-6 W=3.12E-6
T102 ( 0 net500 net350 vdd!)  pfet  L=0.20E-6 W=3.12E-6
CM arch: 1
Netlist: 
T104 ( net1447 net1447 vdd! vdd!)  pfet  L=2.70E-6 W=3.12E-6
T105 ( net279 net1447 vdd! vdd!)  pfet  L=2.70E-6 W=3.12E-6
R106 ( net279 net9)  R=8.9E4
CM arch: 5
Netlist: 
R108 ( net1031 net93)  R=1.5E5
T109 ( net93 net93 net1270 0)  nfet  L=4.07E-6 W=1.30E-6
T110 ( net1270 net697 0 0)  nfet  L=4.07E-6 W=1.30E-6
T111 ( net697 net697 0 0)  nfet  L=4.07E-6 W=1.30E-6
T112 ( net1394 net93 net697 0)  nfet  L=4.07E-6 W=1.30E-6
CM arch: 1
Netlist: 
T116 ( net1394 net1394 vdd! vdd!)  pfet  L=9.77E-6 W=2.17E-6
T117 ( net1409 net1394 vdd! vdd!)  pfet  L=9.77E-6 W=2.17E-6
R118 ( net1409 net1154)  R=1.2E1
CM arch: 4
Netlist: 
R120 ( net834 net181)  R=1.0E6
T121 ( net181 net1103 vdd! vdd!)  pfet  L=5.42E-6 W=3.16E-6
T122 ( net184 net1103 vdd! vdd!)  pfet  L=5.42E-6 W=3.16E-6
T123 ( 0 net181 net1103 vdd!)  pfet  L=5.42E-6 W=3.16E-6
CM arch: 1
Netlist: 
T128 ( net1481 net1481 vdd! vdd!)  pfet  L=2.94E-6 W=5.09E-6
T129 ( net1133 net1481 vdd! vdd!)  pfet  L=2.94E-6 W=5.09E-6
R130 ( net1133 0)  R=7.5E0
CM arch: 5
Netlist: 
R132 ( net709 net560)  R=1.2E1
T133 ( net560 net560 net796 vdd!)  pfet  L=0.66E-6 W=5.99E-6
T134 ( net796 net1501 vdd! vdd!)  pfet  L=0.66E-6 W=5.99E-6
T135 ( net1501 net1501 vdd! vdd!)  pfet  L=0.66E-6 W=5.99E-6
T136 ( net464 net560 net1501 vdd!)  pfet  L=0.66E-6 W=5.99E-6
CM arch: 4
Netlist: 
R142 ( net928 net1051)  R=6.4E2
T143 ( net1051 net1457 0 0)  nfet  L=4.23E-6 W=1.09E-6
T144 ( 0 net1457 0 0)  nfet  L=4.23E-6 W=1.09E-6
T145 ( vdd! net1051 net1457 0)  nfet  L=4.23E-6 W=1.09E-6
CM arch: 1
Netlist: 
T147 ( net236 net236 0 0)  nfet  L=9.82E-6 W=3.41E-6
T148 ( net518 net236 0 0)  nfet  L=9.82E-6 W=3.41E-6
R149 ( net518 vdd!)  R=1.4E2
CM arch: 4
Netlist: 
R151 ( net693 net1177)  R=5.7E2
T152 ( net1177 net1325 vdd! vdd!)  pfet  L=9.12E-6 W=1.99E-6
T153 ( net1452 net1325 vdd! vdd!)  pfet  L=9.12E-6 W=1.99E-6
T154 ( 0 net1177 net1325 vdd!)  pfet  L=9.12E-6 W=1.99E-6
CM arch: 3
Netlist: 
R159 ( net203 net1273)  R=0.3E2
T160 ( net1273 net1486 vdd! vdd!)  pfet  L=8.56E-6 W=5.84E-6
T161 ( net392 net1486 vdd! vdd!)  pfet  L=8.56E-6 W=5.84E-6
T162 ( net88 net1273 net392 vdd!)  pfet  L=8.56E-6 W=5.84E-6
CM arch: 3
Netlist: 
R164 ( 0 net541)  R=5.3E2
T165 ( net541 net1292 0 0)  nfet  L=8.38E-6 W=8.99E-6
T166 ( net943 net1292 0 0)  nfet  L=8.38E-6 W=8.99E-6
T167 ( net1140 net541 net943 0)  nfet  L=8.38E-6 W=8.99E-6
CM arch: 5
Netlist: 
R170 ( net724 net325)  R=3.8E6
T171 ( net325 net325 net151 0)  nfet  L=9.66E-6 W=3.82E-6
T172 ( net151 net1226 0 0)  nfet  L=9.66E-6 W=3.82E-6
T173 ( net1226 net1226 0 0)  nfet  L=9.66E-6 W=3.82E-6
T174 ( net463 net325 net1226 0)  nfet  L=9.66E-6 W=3.82E-6
CM arch: 1
Netlist: 
T177 ( net1330 net1330 vdd! vdd!)  pfet  L=6.96E-6 W=1.70E-6
T178 ( net558 net1330 vdd! vdd!)  pfet  L=6.96E-6 W=1.70E-6
R179 ( net558 net1416)  R=4.7E4
CM arch: 1
Netlist: 
T181 ( net90 net90 0 0)  nfet  L=6.01E-6 W=3.33E-6
T182 ( net749 net90 0 0)  nfet  L=6.01E-6 W=3.33E-6
R183 ( net749 net282)  R=9.9E5
CM arch: 5
Netlist: 
R185 ( net303 net604)  R=1.1E2
T186 ( net604 net604 net298 0)  nfet  L=6.14E-6 W=3.65E-6
T187 ( net298 net633 0 0)  nfet  L=6.14E-6 W=3.65E-6
T188 ( net633 net633 0 0)  nfet  L=6.14E-6 W=3.65E-6
T189 ( net630 net604 net633 0)  nfet  L=6.14E-6 W=3.65E-6
CM arch: 3
Netlist: 
R192 ( net990 net1324)  R=8.3E4
T193 ( net1324 net971 0 0)  nfet  L=2.06E-6 W=3.62E-6
T194 ( net798 net971 0 0)  nfet  L=2.06E-6 W=3.62E-6
T195 ( net337 net1324 net798 0)  nfet  L=2.06E-6 W=3.62E-6
CM arch: 5
Netlist: 
R198 ( net1111 net626)  R=4.4E2
T199 ( net626 net626 net307 vdd!)  pfet  L=7.49E-6 W=4.58E-6
T200 ( net307 net1143 vdd! vdd!)  pfet  L=7.49E-6 W=4.58E-6
T201 ( net1143 net1143 vdd! vdd!)  pfet  L=7.49E-6 W=4.58E-6
T202 ( 0 net626 net1143 vdd!)  pfet  L=7.49E-6 W=4.58E-6
CM arch: 2
Netlist: 
R205 ( net1374 net321)  R=6.5E0
T206 ( net321 net321 0 0)  nfet  L=9.08E-6 W=1.87E-6
T207 ( net324 net321 0 0)  nfet  L=9.08E-6 W=1.87E-6
CM arch: 3
Netlist: 
R209 ( net294 net925)  R=2.4E5
T210 ( net925 net203 0 0)  nfet  L=6.51E-6 W=4.11E-6
T211 ( net1551 net203 0 0)  nfet  L=6.51E-6 W=4.11E-6
T212 ( net608 net925 net1551 0)  nfet  L=6.51E-6 W=4.11E-6
CM arch: 5
Netlist: 
R216 ( net1074 net1182)  R=4.5E0
T217 ( net1182 net1182 net1327 0)  nfet  L=6.47E-6 W=0.42E-6
T218 ( net1327 net1401 0 0)  nfet  L=6.47E-6 W=0.42E-6
T219 ( net1401 net1401 0 0)  nfet  L=6.47E-6 W=0.42E-6
T220 ( net1517 net1182 net1401 0)  nfet  L=6.47E-6 W=0.42E-6
CM arch: 2
Netlist: 
R222 ( net582 net1396)  R=7.4E3
T223 ( net1396 net1396 0 0)  nfet  L=2.22E-6 W=7.22E-6
T224 ( net736 net1396 0 0)  nfet  L=2.22E-6 W=7.22E-6
CM arch: 5
Netlist: 
R226 ( net981 net1287)  R=2.2E2
T227 ( net1287 net1287 net319 0)  nfet  L=9.15E-6 W=2.41E-6
T228 ( net319 net1580 0 0)  nfet  L=9.15E-6 W=2.41E-6
T229 ( net1580 net1580 0 0)  nfet  L=9.15E-6 W=2.41E-6
T230 ( vdd! net1287 net1580 0)  nfet  L=9.15E-6 W=2.41E-6
CM arch: 4
Netlist: 
R232 ( net1214 net1108)  R=1.6E0
T233 ( net1108 net1178 0 0)  nfet  L=3.96E-6 W=6.04E-6
T234 ( net1419 net1178 0 0)  nfet  L=3.96E-6 W=6.04E-6
T235 ( vdd! net1108 net1178 0)  nfet  L=3.96E-6 W=6.04E-6
CM arch: 1
Netlist: 
T238 ( net1421 net1421 vdd! vdd!)  pfet  L=1.59E-6 W=2.92E-6
T239 ( net1315 net1421 vdd! vdd!)  pfet  L=1.59E-6 W=2.92E-6
R240 ( net1315 net1156)  R=8.3E0
CM arch: 3
Netlist: 
R243 ( net25 net1297)  R=9.0E2
T244 ( net1297 net1484 vdd! vdd!)  pfet  L=1.81E-6 W=8.90E-6
T245 ( net443 net1484 vdd! vdd!)  pfet  L=1.81E-6 W=8.90E-6
T246 ( net1050 net1297 net443 vdd!)  pfet  L=1.81E-6 W=8.90E-6
CM arch: 5
Netlist: 
R250 ( net1146 net810)  R=6.7E0
T251 ( net810 net810 net670 0)  nfet  L=8.85E-6 W=1.19E-6
T252 ( net670 net804 0 0)  nfet  L=8.85E-6 W=1.19E-6
T253 ( net804 net804 0 0)  nfet  L=8.85E-6 W=1.19E-6
T254 ( net840 net810 net804 0)  nfet  L=8.85E-6 W=1.19E-6
CM arch: 3
Netlist: 
R256 ( net188 net1474)  R=7.0E3
T257 ( net1474 net688 0 0)  nfet  L=7.02E-6 W=9.02E-6
T258 ( net166 net688 0 0)  nfet  L=7.02E-6 W=9.02E-6
T259 ( net1466 net1474 net166 0)  nfet  L=7.02E-6 W=9.02E-6
CM arch: 5
Netlist: 
R261 ( net1408 net1545)  R=0.4E6
T262 ( net1545 net1545 net122 vdd!)  pfet  L=5.92E-6 W=0.41E-6
T263 ( net122 net1031 vdd! vdd!)  pfet  L=5.92E-6 W=0.41E-6
T264 ( net1031 net1031 vdd! vdd!)  pfet  L=5.92E-6 W=0.41E-6
T265 ( net488 net1545 net1031 vdd!)  pfet  L=5.92E-6 W=0.41E-6
CM arch: 4
Netlist: 
R267 ( net1466 net123)  R=8.3E4
T268 ( net123 net1412 0 0)  nfet  L=6.95E-6 W=9.92E-6
T269 ( net1089 net1412 0 0)  nfet  L=6.95E-6 W=9.92E-6
T270 ( vdd! net123 net1412 0)  nfet  L=6.95E-6 W=9.92E-6
CM arch: 5
Netlist: 
R272 ( net839 net680)  R=7.5E1
T273 ( net680 net680 net47 0)  nfet  L=6.00E-6 W=7.54E-6
T274 ( net47 net803 0 0)  nfet  L=6.00E-6 W=7.54E-6
T275 ( net803 net803 0 0)  nfet  L=6.00E-6 W=7.54E-6
T276 ( vdd! net680 net803 0)  nfet  L=6.00E-6 W=7.54E-6
CM arch: 1
Netlist: 
T281 ( vdd! vdd! 0 0)  nfet  L=8.77E-6 W=9.09E-6
T282 ( net1118 vdd! 0 0)  nfet  L=8.77E-6 W=9.09E-6
R283 ( net1118 net1284)  R=4.0E0
CM arch: 2
Netlist: 
R287 ( net495 net326)  R=5.0E6
T288 ( net326 net326 0 0)  nfet  L=6.05E-6 W=2.16E-6
T289 ( net582 net326 0 0)  nfet  L=6.05E-6 W=2.16E-6
