CM arch: 1
Netlist: 
T1 ( net390 net390 vdd! vdd!)  pfet  L=4.29E-6 W=2.58E-6
T2 ( net488 net390 vdd! vdd!)  pfet  L=4.29E-6 W=2.58E-6
R3 ( net488 net138)  R=9.8E4
CM arch: 1
Netlist: 
T5 ( net531 net531 0 0)  nfet  L=4.46E-6 W=6.41E-6
T6 ( net532 net531 0 0)  nfet  L=4.46E-6 W=6.41E-6
R7 ( net532 net126)  R=1.5E3
CM arch: 1
Netlist: 
T9 ( net341 net341 vdd! vdd!)  pfet  L=7.47E-6 W=3.22E-6
T10 ( net270 net341 vdd! vdd!)  pfet  L=7.47E-6 W=3.22E-6
R11 ( net270 net510)  R=4.8E4
CM arch: 4
Netlist: 
R13 ( net97 net231)  R=9.2E6
T14 ( net231 net531 vdd! vdd!)  pfet  L=8.89E-6 W=3.39E-6
T15 ( net168 net531 vdd! vdd!)  pfet  L=8.89E-6 W=3.39E-6
T16 ( 0 net231 net531 vdd!)  pfet  L=8.89E-6 W=3.39E-6
CM arch: 2
Netlist: 
R18 ( net44 net341)  R=6.7E5
T19 ( net341 net341 0 0)  nfet  L=5.21E-6 W=1.71E-6
T20 ( net318 net341 0 0)  nfet  L=5.21E-6 W=1.71E-6
CM arch: 5
Netlist: 
R26 ( net386 net504)  R=7.0E0
T27 ( net504 net504 net209 0)  nfet  L=9.60E-6 W=7.38E-6
T28 ( net209 net84 0 0)  nfet  L=9.60E-6 W=7.38E-6
T29 ( net84 net84 0 0)  nfet  L=9.60E-6 W=7.38E-6
T30 ( net99 net504 net84 0)  nfet  L=9.60E-6 W=7.38E-6
CM arch: 5
Netlist: 
R32 ( net317 net482)  R=4.6E1
T33 ( net482 net482 net272 vdd!)  pfet  L=7.58E-6 W=6.11E-6
T34 ( net272 net473 vdd! vdd!)  pfet  L=7.58E-6 W=6.11E-6
T35 ( net473 net473 vdd! vdd!)  pfet  L=7.58E-6 W=6.11E-6
T36 ( net306 net482 net473 vdd!)  pfet  L=7.58E-6 W=6.11E-6
CM arch: 4
Netlist: 
R38 ( 0 net164)  R=2.2E6
T39 ( net164 net173 vdd! vdd!)  pfet  L=3.17E-6 W=6.64E-6
T40 ( net452 net173 vdd! vdd!)  pfet  L=3.17E-6 W=6.64E-6
T41 ( 0 net164 net173 vdd!)  pfet  L=3.17E-6 W=6.64E-6
CM arch: 5
Netlist: 
R43 ( net353 net116)  R=6.0E5
T44 ( net116 net116 net400 0)  nfet  L=4.25E-6 W=0.71E-6
T45 ( net400 net459 0 0)  nfet  L=4.25E-6 W=0.71E-6
T46 ( net459 net459 0 0)  nfet  L=4.25E-6 W=0.71E-6
T47 ( net514 net116 net459 0)  nfet  L=4.25E-6 W=0.71E-6
CM arch: 5
Netlist: 
R49 ( net376 net392)  R=7.9E4
T50 ( net392 net392 net450 0)  nfet  L=8.49E-6 W=5.31E-6
T51 ( net450 net3 0 0)  nfet  L=8.49E-6 W=5.31E-6
T52 ( net3 net3 0 0)  nfet  L=8.49E-6 W=5.31E-6
T53 ( net294 net392 net3 0)  nfet  L=8.49E-6 W=5.31E-6
CM arch: 1
Netlist: 
T55 ( net496 net496 0 0)  nfet  L=3.73E-6 W=4.15E-6
T56 ( net56 net496 0 0)  nfet  L=3.73E-6 W=4.15E-6
R57 ( net56 net66)  R=6.8E2
CM arch: 4
Netlist: 
R64 ( net468 net361)  R=4.2E2
T65 ( net361 net510 vdd! vdd!)  pfet  L=9.23E-6 W=3.75E-6
T66 ( net436 net510 vdd! vdd!)  pfet  L=9.23E-6 W=3.75E-6
T67 ( 0 net361 net510 vdd!)  pfet  L=9.23E-6 W=3.75E-6
CM arch: 3
Netlist: 
R69 ( net412 net439)  R=4.0E3
T70 ( net439 net174 vdd! vdd!)  pfet  L=9.87E-6 W=9.13E-6
T71 ( net540 net174 vdd! vdd!)  pfet  L=9.87E-6 W=9.13E-6
T72 ( net146 net439 net540 vdd!)  pfet  L=9.87E-6 W=9.13E-6
CM arch: 2
Netlist: 
R74 ( net353 net511)  R=7.3E2
T75 ( net511 net511 vdd! vdd!)  pfet  L=6.67E-6 W=6.21E-6
T76 ( net278 net511 vdd! vdd!)  pfet  L=6.67E-6 W=6.21E-6
CM arch: 1
Netlist: 
T79 ( net32 net32 vdd! vdd!)  pfet  L=2.39E-6 W=1.22E-6
T80 ( net391 net32 vdd! vdd!)  pfet  L=2.39E-6 W=1.22E-6
R81 ( net391 net457)  R=0.4E0
CM arch: 4
Netlist: 
R85 ( net75 net406)  R=2.7E1
T86 ( net406 net74 vdd! vdd!)  pfet  L=8.95E-6 W=2.79E-6
T87 ( net498 net74 vdd! vdd!)  pfet  L=8.95E-6 W=2.79E-6
T88 ( 0 net406 net74 vdd!)  pfet  L=8.95E-6 W=2.79E-6
CM arch: 5
Netlist: 
R90 ( net161 net227)  R=2.7E0
T91 ( net227 net227 net536 vdd!)  pfet  L=2.12E-6 W=0.53E-6
T92 ( net536 net240 vdd! vdd!)  pfet  L=2.12E-6 W=0.53E-6
T93 ( net240 net240 vdd! vdd!)  pfet  L=2.12E-6 W=0.53E-6
T94 ( net414 net227 net240 vdd!)  pfet  L=2.12E-6 W=0.53E-6
CM arch: 4
Netlist: 
R97 ( net345 net514)  R=9.8E4
T98 ( net514 net7 vdd! vdd!)  pfet  L=4.41E-6 W=10.00E-6
T99 ( vdd! net7 vdd! vdd!)  pfet  L=4.41E-6 W=10.00E-6
T100 ( 0 net514 net7 vdd!)  pfet  L=4.41E-6 W=10.00E-6
CM arch: 2
Netlist: 
R105 ( net327 net463)  R=5.9E0
T106 ( net463 net463 vdd! vdd!)  pfet  L=9.22E-6 W=0.32E-6
T107 ( net21 net463 vdd! vdd!)  pfet  L=9.22E-6 W=0.32E-6
CM arch: 4
Netlist: 
R109 ( net355 net307)  R=7.4E4
T110 ( net307 net1 0 0)  nfet  L=0.65E-6 W=0.14E-6
T111 ( net244 net1 0 0)  nfet  L=0.65E-6 W=0.14E-6
T112 ( vdd! net307 net1 0)  nfet  L=0.65E-6 W=0.14E-6
CM arch: 5
Netlist: 
R114 ( net388 net275)  R=1.8E5
T115 ( net275 net275 net183 0)  nfet  L=9.31E-6 W=3.21E-6
T116 ( net183 net41 0 0)  nfet  L=9.31E-6 W=3.21E-6
T117 ( net41 net41 0 0)  nfet  L=9.31E-6 W=3.21E-6
T118 ( net287 net275 net41 0)  nfet  L=9.31E-6 W=3.21E-6
CM arch: 5
Netlist: 
R121 ( net428 net49)  R=0.7E4
T122 ( net49 net49 net363 0)  nfet  L=0.14E-6 W=6.47E-6
T123 ( net363 net515 0 0)  nfet  L=0.14E-6 W=6.47E-6
T124 ( net515 net515 0 0)  nfet  L=0.14E-6 W=6.47E-6
T125 ( net237 net49 net515 0)  nfet  L=0.14E-6 W=6.47E-6
CM arch: 3
Netlist: 
R131 ( net431 net313)  R=0.6E2
T132 ( net313 net543 vdd! vdd!)  pfet  L=4.85E-6 W=1.36E-6
T133 ( net262 net543 vdd! vdd!)  pfet  L=4.85E-6 W=1.36E-6
T134 ( net395 net313 net262 vdd!)  pfet  L=4.85E-6 W=1.36E-6
CM arch: 3
Netlist: 
R137 ( net384 net433)  R=6.1E0
T138 ( net433 net13 0 0)  nfet  L=4.61E-6 W=4.74E-6
T139 ( net156 net13 0 0)  nfet  L=4.61E-6 W=4.74E-6
T140 ( net492 net433 net156 0)  nfet  L=4.61E-6 W=4.74E-6
CM arch: 4
Netlist: 
R142 ( net501 net365)  R=4.6E2
T143 ( net365 net235 vdd! vdd!)  pfet  L=3.94E-6 W=9.07E-6
T144 ( 0 net235 vdd! vdd!)  pfet  L=3.94E-6 W=9.07E-6
T145 ( 0 net365 net235 vdd!)  pfet  L=3.94E-6 W=9.07E-6
CM arch: 3
Netlist: 
R151 ( net39 net32)  R=4.5E1
T152 ( net32 net438 vdd! vdd!)  pfet  L=0.83E-6 W=8.64E-6
T153 ( net61 net438 vdd! vdd!)  pfet  L=0.83E-6 W=8.64E-6
T154 ( net349 net32 net61 vdd!)  pfet  L=0.83E-6 W=8.64E-6
CM arch: 5
Netlist: 
R156 ( net441 net257)  R=5.3E6
T157 ( net257 net257 net230 0)  nfet  L=5.74E-6 W=4.57E-6
T158 ( net230 net349 0 0)  nfet  L=5.74E-6 W=4.57E-6
T159 ( net349 net349 0 0)  nfet  L=5.74E-6 W=4.57E-6
T160 ( net277 net257 net349 0)  nfet  L=5.74E-6 W=4.57E-6
CM arch: 5
Netlist: 
R162 ( net187 net10)  R=3.8E5
T163 ( net10 net10 net100 0)  nfet  L=6.13E-6 W=4.70E-6
T164 ( net100 net299 0 0)  nfet  L=6.13E-6 W=4.70E-6
T165 ( net299 net299 0 0)  nfet  L=6.13E-6 W=4.70E-6
T166 ( net93 net10 net299 0)  nfet  L=6.13E-6 W=4.70E-6
CM arch: 1
Netlist: 
T168 ( net273 net273 0 0)  nfet  L=4.02E-6 W=2.01E-6
T169 ( net200 net273 0 0)  nfet  L=4.02E-6 W=2.01E-6
R170 ( net200 net419)  R=8.5E1
CM arch: 4
Netlist: 
R175 ( net300 net524)  R=8.9E1
T176 ( net524 net127 vdd! vdd!)  pfet  L=5.91E-6 W=3.35E-6
T177 ( net179 net127 vdd! vdd!)  pfet  L=5.91E-6 W=3.35E-6
T178 ( 0 net524 net127 vdd!)  pfet  L=5.91E-6 W=3.35E-6
CM arch: 3
Netlist: 
R180 ( net351 net190)  R=1.1E5
T181 ( net190 net464 0 0)  nfet  L=0.88E-6 W=5.49E-6
T182 ( net147 net464 0 0)  nfet  L=0.88E-6 W=5.49E-6
T183 ( net489 net190 net147 0)  nfet  L=0.88E-6 W=5.49E-6
CM arch: 4
Netlist: 
R185 ( net490 net184)  R=9.7E0
T186 ( net184 net106 0 0)  nfet  L=4.15E-6 W=0.65E-6
T187 ( net18 net106 0 0)  nfet  L=4.15E-6 W=0.65E-6
T188 ( vdd! net184 net106 0)  nfet  L=4.15E-6 W=0.65E-6
CM arch: 4
Netlist: 
R190 ( net111 net114)  R=5.8E0
T191 ( net114 net212 0 0)  nfet  L=1.50E-6 W=6.24E-6
T192 ( vdd! net212 0 0)  nfet  L=1.50E-6 W=6.24E-6
T193 ( vdd! net114 net212 0)  nfet  L=1.50E-6 W=6.24E-6
CM arch: 3
Netlist: 
R199 ( net508 net496)  R=7.8E5
T200 ( net496 net188 vdd! vdd!)  pfet  L=9.72E-6 W=3.00E-6
T201 ( net479 net188 vdd! vdd!)  pfet  L=9.72E-6 W=3.00E-6
T202 ( net150 net496 net479 vdd!)  pfet  L=9.72E-6 W=3.00E-6
CM arch: 4
Netlist: 
R204 ( net328 net91)  R=5.1E3
T205 ( net91 net166 0 0)  nfet  L=6.96E-6 W=0.30E-6
T206 ( vdd! net166 0 0)  nfet  L=6.96E-6 W=0.30E-6
T207 ( vdd! net91 net166 0)  nfet  L=6.96E-6 W=0.30E-6
CM arch: 2
Netlist: 
R209 ( net418 net104)  R=3.9E4
T210 ( net104 net104 vdd! vdd!)  pfet  L=2.36E-6 W=4.63E-6
T211 ( net377 net104 vdd! vdd!)  pfet  L=2.36E-6 W=4.63E-6
CM arch: 5
Netlist: 
R216 ( net73 net259)  R=7.0E2
T217 ( net259 net259 net311 0)  nfet  L=8.59E-6 W=2.91E-6
T218 ( net311 net151 0 0)  nfet  L=8.59E-6 W=2.91E-6
T219 ( net151 net151 0 0)  nfet  L=8.59E-6 W=2.91E-6
T220 ( net226 net259 net151 0)  nfet  L=8.59E-6 W=2.91E-6
CM arch: 5
Netlist: 
R222 ( net279 net494)  R=0.5E6
T223 ( net494 net494 net178 0)  nfet  L=8.17E-6 W=1.57E-6
T224 ( net178 net239 0 0)  nfet  L=8.17E-6 W=1.57E-6
T225 ( net239 net239 0 0)  nfet  L=8.17E-6 W=1.57E-6
T226 ( net512 net494 net239 0)  nfet  L=8.17E-6 W=1.57E-6
CM arch: 4
Netlist: 
R230 ( net110 net213)  R=4.5E2
T231 ( net213 net338 0 0)  nfet  L=0.80E-6 W=2.93E-6
T232 ( net537 net338 0 0)  nfet  L=0.80E-6 W=2.93E-6
T233 ( vdd! net213 net338 0)  nfet  L=0.80E-6 W=2.93E-6
CM arch: 5
Netlist: 
R236 ( net374 net509)  R=4.0E4
T237 ( net509 net509 net347 0)  nfet  L=6.04E-6 W=4.51E-6
T238 ( net347 net322 0 0)  nfet  L=6.04E-6 W=4.51E-6
T239 ( net322 net322 0 0)  nfet  L=6.04E-6 W=4.51E-6
T240 ( net460 net509 net322 0)  nfet  L=6.04E-6 W=4.51E-6
CM arch: 3
Netlist: 
R242 ( net189 net39)  R=8.9E6
T243 ( net39 net323 0 0)  nfet  L=6.81E-6 W=4.75E-6
T244 ( net117 net323 0 0)  nfet  L=6.81E-6 W=4.75E-6
T245 ( net483 net39 net117 0)  nfet  L=6.81E-6 W=4.75E-6
CM arch: 4
Netlist: 
R248 ( net404 net12)  R=7.2E2
T249 ( net12 net11 vdd! vdd!)  pfet  L=7.30E-6 W=8.16E-6
T250 ( vdd! net11 vdd! vdd!)  pfet  L=7.30E-6 W=8.16E-6
T251 ( 0 net12 net11 vdd!)  pfet  L=7.30E-6 W=8.16E-6
CM arch: 1
Netlist: 
T253 ( net393 net393 vdd! vdd!)  pfet  L=4.61E-6 W=3.13E-6
T254 ( net96 net393 vdd! vdd!)  pfet  L=4.61E-6 W=3.13E-6
R255 ( net96 net390)  R=4.7E0
CM arch: 4
Netlist: 
R258 ( net141 net224)  R=3.4E0
T259 ( net224 net284 0 0)  nfet  L=8.90E-6 W=7.46E-6
T260 ( net395 net284 0 0)  nfet  L=8.90E-6 W=7.46E-6
T261 ( vdd! net224 net284 0)  nfet  L=8.90E-6 W=7.46E-6
CM arch: 5
Netlist: 
R263 ( net337 net336)  R=3.1E6
T264 ( net336 net336 net377 0)  nfet  L=5.24E-6 W=1.46E-6
T265 ( net377 net303 0 0)  nfet  L=5.24E-6 W=1.46E-6
T266 ( net303 net303 0 0)  nfet  L=5.24E-6 W=1.46E-6
T267 ( net403 net336 net303 0)  nfet  L=5.24E-6 W=1.46E-6
CM arch: 5
Netlist: 
R272 ( net448 net290)  R=8.2E4
T273 ( net290 net290 net369 0)  nfet  L=6.73E-6 W=0.18E-6
T274 ( net369 net499 0 0)  nfet  L=6.73E-6 W=0.18E-6
T275 ( net499 net499 0 0)  nfet  L=6.73E-6 W=0.18E-6
T276 ( net298 net290 net499 0)  nfet  L=6.73E-6 W=0.18E-6
CM arch: 1
Netlist: 
T280 ( net512 net512 0 0)  nfet  L=7.46E-6 W=5.57E-6
T281 ( net355 net512 0 0)  nfet  L=7.46E-6 W=5.57E-6
R282 ( net355 net502)  R=9.9E3
CM arch: 2
Netlist: 
R286 ( net170 net437)  R=1.9E2
T287 ( net437 net437 0 0)  nfet  L=2.81E-6 W=8.97E-6
T288 ( net407 net437 0 0)  nfet  L=2.81E-6 W=8.97E-6
CM arch: 4
Netlist: 
R293 ( net46 net442)  R=4.7E5
T294 ( net442 net83 0 0)  nfet  L=8.98E-6 W=7.20E-6
T295 ( net432 net83 0 0)  nfet  L=8.98E-6 W=7.20E-6
T296 ( vdd! net442 net83 0)  nfet  L=8.98E-6 W=7.20E-6
CM arch: 5
Netlist: 
R298 ( net302 net534)  R=5.5E2
T299 ( net534 net534 net424 0)  nfet  L=7.73E-6 W=4.02E-6
T300 ( net424 net266 0 0)  nfet  L=7.73E-6 W=4.02E-6
T301 ( net266 net266 0 0)  nfet  L=7.73E-6 W=4.02E-6
T302 ( 0 net534 net266 0)  nfet  L=7.73E-6 W=4.02E-6
