CM arch: 1
Netlist: 
T2 ( net405 net405 vdd! vdd!)  pfet  L=5.75E-6 W=8.67E-6
T3 ( net329 net405 vdd! vdd!)  pfet  L=5.75E-6 W=8.67E-6
R4 ( net329 net538)  R=7.8E2
CM arch: 4
Netlist: 
R7 ( net345 net377)  R=9.9E2
T8 ( net377 net179 0 0)  nfet  L=9.61E-6 W=2.45E-6
T9 ( 0 net179 0 0)  nfet  L=9.61E-6 W=2.45E-6
T10 ( vdd! net377 net179 0)  nfet  L=9.61E-6 W=2.45E-6
CM arch: 5
Netlist: 
R12 ( net466 net39)  R=8.9E1
T13 ( net39 net39 net500 vdd!)  pfet  L=7.43E-6 W=7.44E-6
T14 ( net500 net192 vdd! vdd!)  pfet  L=7.43E-6 W=7.44E-6
T15 ( net192 net192 vdd! vdd!)  pfet  L=7.43E-6 W=7.44E-6
T16 ( net81 net39 net192 vdd!)  pfet  L=7.43E-6 W=7.44E-6
CM arch: 4
Netlist: 
R18 ( net90 net125)  R=4.9E1
T19 ( net125 net7 0 0)  nfet  L=2.78E-6 W=7.02E-6
T20 ( net81 net7 0 0)  nfet  L=2.78E-6 W=7.02E-6
T21 ( vdd! net125 net7 0)  nfet  L=2.78E-6 W=7.02E-6
CM arch: 5
Netlist: 
R23 ( 0 net249)  R=9.7E6
T24 ( net249 net249 net68 vdd!)  pfet  L=5.23E-6 W=6.27E-6
T25 ( net68 net317 vdd! vdd!)  pfet  L=5.23E-6 W=6.27E-6
T26 ( net317 net317 vdd! vdd!)  pfet  L=5.23E-6 W=6.27E-6
T27 ( 0 net249 net317 vdd!)  pfet  L=5.23E-6 W=6.27E-6
CM arch: 2
Netlist: 
R30 ( net559 net572)  R=8.8E2
T31 ( net572 net572 0 0)  nfet  L=1.64E-6 W=8.70E-6
T32 ( net314 net572 0 0)  nfet  L=1.64E-6 W=8.70E-6
CM arch: 4
Netlist: 
R36 ( net480 net82)  R=1.4E3
T37 ( net82 net388 0 0)  nfet  L=1.83E-6 W=6.10E-6
T38 ( net308 net388 0 0)  nfet  L=1.83E-6 W=6.10E-6
T39 ( vdd! net82 net388 0)  nfet  L=1.83E-6 W=6.10E-6
CM arch: 2
Netlist: 
R41 ( net568 net567)  R=4.1E3
T42 ( net567 net567 0 0)  nfet  L=7.29E-6 W=1.00E-6
T43 ( net211 net567 0 0)  nfet  L=7.29E-6 W=1.00E-6
CM arch: 1
Netlist: 
T46 ( net48 net48 vdd! vdd!)  pfet  L=9.86E-6 W=1.70E-6
T47 ( net29 net48 vdd! vdd!)  pfet  L=9.86E-6 W=1.70E-6
R48 ( net29 net556)  R=1.3E2
CM arch: 1
Netlist: 
T50 ( net431 net431 0 0)  nfet  L=6.69E-6 W=7.53E-6
T51 ( net305 net431 0 0)  nfet  L=6.69E-6 W=7.53E-6
R52 ( net305 net147)  R=4.9E5
CM arch: 1
Netlist: 
T54 ( net170 net170 vdd! vdd!)  pfet  L=5.95E-6 W=6.02E-6
T55 ( net434 net170 vdd! vdd!)  pfet  L=5.95E-6 W=6.02E-6
R56 ( net434 net306)  R=4.9E5
CM arch: 4
Netlist: 
R58 ( net94 net135)  R=0.3E3
T59 ( net135 net313 vdd! vdd!)  pfet  L=9.15E-6 W=6.67E-6
T60 ( net432 net313 vdd! vdd!)  pfet  L=9.15E-6 W=6.67E-6
T61 ( 0 net135 net313 vdd!)  pfet  L=9.15E-6 W=6.67E-6
CM arch: 3
Netlist: 
R64 ( net158 net117)  R=3.0E6
T65 ( net117 net4 0 0)  nfet  L=6.60E-6 W=2.79E-6
T66 ( net424 net4 0 0)  nfet  L=6.60E-6 W=2.79E-6
T67 ( net320 net117 net424 0)  nfet  L=6.60E-6 W=2.79E-6
CM arch: 4
Netlist: 
R69 ( net95 net545)  R=8.1E2
T70 ( net545 net225 0 0)  nfet  L=8.48E-6 W=5.95E-6
T71 ( net395 net225 0 0)  nfet  L=8.48E-6 W=5.95E-6
T72 ( vdd! net545 net225 0)  nfet  L=8.48E-6 W=5.95E-6
CM arch: 5
Netlist: 
R76 ( net129 net369)  R=8.0E1
T77 ( net369 net369 net196 0)  nfet  L=8.97E-6 W=4.14E-6
T78 ( net196 net435 0 0)  nfet  L=8.97E-6 W=4.14E-6
T79 ( net435 net435 0 0)  nfet  L=8.97E-6 W=4.14E-6
T80 ( net133 net369 net435 0)  nfet  L=8.97E-6 W=4.14E-6
CM arch: 1
Netlist: 
T82 ( net60 net60 vdd! vdd!)  pfet  L=2.22E-6 W=2.94E-6
T83 ( net566 net60 vdd! vdd!)  pfet  L=2.22E-6 W=2.94E-6
R84 ( net566 vdd!)  R=2.4E4
CM arch: 1
Netlist: 
T87 ( net335 net335 vdd! vdd!)  pfet  L=1.67E-6 W=0.41E-6
T88 ( net157 net335 vdd! vdd!)  pfet  L=1.67E-6 W=0.41E-6
R89 ( net157 0)  R=4.3E3
CM arch: 3
Netlist: 
R93 ( net120 net419)  R=3.7E5
T94 ( net419 net425 vdd! vdd!)  pfet  L=2.52E-6 W=6.26E-6
T95 ( net511 net425 vdd! vdd!)  pfet  L=2.52E-6 W=6.26E-6
T96 ( net199 net419 net511 vdd!)  pfet  L=2.52E-6 W=6.26E-6
CM arch: 4
Netlist: 
R100 ( net22 net137)  R=6.2E4
T101 ( net137 net262 vdd! vdd!)  pfet  L=2.54E-6 W=0.46E-6
T102 ( net268 net262 vdd! vdd!)  pfet  L=2.54E-6 W=0.46E-6
T103 ( 0 net137 net262 vdd!)  pfet  L=2.54E-6 W=0.46E-6
CM arch: 4
Netlist: 
R105 ( net326 net148)  R=0.1E0
T106 ( net148 net120 vdd! vdd!)  pfet  L=9.12E-6 W=8.15E-6
T107 ( net285 net120 vdd! vdd!)  pfet  L=9.12E-6 W=8.15E-6
T108 ( 0 net148 net120 vdd!)  pfet  L=9.12E-6 W=8.15E-6
CM arch: 5
Netlist: 
R111 ( net217 net93)  R=6.7E2
T112 ( net93 net93 net37 vdd!)  pfet  L=2.71E-6 W=7.41E-6
T113 ( net37 net379 vdd! vdd!)  pfet  L=2.71E-6 W=7.41E-6
T114 ( net379 net379 vdd! vdd!)  pfet  L=2.71E-6 W=7.41E-6
T115 ( net221 net93 net379 vdd!)  pfet  L=2.71E-6 W=7.41E-6
CM arch: 2
Netlist: 
R117 ( net44 net51)  R=2.4E3
T118 ( net51 net51 0 0)  nfet  L=1.37E-6 W=0.29E-6
T119 ( net193 net51 0 0)  nfet  L=1.37E-6 W=0.29E-6
CM arch: 1
Netlist: 
T121 ( net260 net260 0 0)  nfet  L=1.76E-6 W=8.59E-6
T122 ( net69 net260 0 0)  nfet  L=1.76E-6 W=8.59E-6
R123 ( net69 net484)  R=9.5E0
CM arch: 2
Netlist: 
R127 ( net14 net412)  R=2.6E0
T128 ( net412 net412 0 0)  nfet  L=5.54E-6 W=9.99E-6
T129 ( net131 net412 0 0)  nfet  L=5.54E-6 W=9.99E-6
CM arch: 4
Netlist: 
R131 ( net556 net364)  R=5.8E3
T132 ( net364 net462 vdd! vdd!)  pfet  L=3.03E-6 W=5.25E-6
T133 ( vdd! net462 vdd! vdd!)  pfet  L=3.03E-6 W=5.25E-6
T134 ( 0 net364 net462 vdd!)  pfet  L=3.03E-6 W=5.25E-6
CM arch: 5
Netlist: 
R136 ( net150 net19)  R=4.8E5
T137 ( net19 net19 net467 0)  nfet  L=8.49E-6 W=7.99E-6
T138 ( net467 net362 0 0)  nfet  L=8.49E-6 W=7.99E-6
T139 ( net362 net362 0 0)  nfet  L=8.49E-6 W=7.99E-6
T140 ( net184 net19 net362 0)  nfet  L=8.49E-6 W=7.99E-6
CM arch: 4
Netlist: 
R142 ( net542 net526)  R=7.6E2
T143 ( net526 net87 0 0)  nfet  L=1.13E-6 W=9.40E-6
T144 ( net299 net87 0 0)  nfet  L=1.13E-6 W=9.40E-6
T145 ( vdd! net526 net87 0)  nfet  L=1.13E-6 W=9.40E-6
CM arch: 1
Netlist: 
T152 ( vdd! vdd! 0 0)  nfet  L=6.79E-6 W=4.92E-6
T153 ( net270 vdd! 0 0)  nfet  L=6.79E-6 W=4.92E-6
R154 ( net270 net506)  R=1.4E2
CM arch: 5
Netlist: 
R158 ( net478 net283)  R=3.1E0
T159 ( net283 net283 net273 vdd!)  pfet  L=7.18E-6 W=8.46E-6
T160 ( net273 net365 vdd! vdd!)  pfet  L=7.18E-6 W=8.46E-6
T161 ( net365 net365 vdd! vdd!)  pfet  L=7.18E-6 W=8.46E-6
T162 ( net20 net283 net365 vdd!)  pfet  L=7.18E-6 W=8.46E-6
CM arch: 2
Netlist: 
R165 ( net504 net201)  R=3.8E2
T166 ( net201 net201 vdd! vdd!)  pfet  L=3.96E-6 W=9.34E-6
T167 ( net306 net201 vdd! vdd!)  pfet  L=3.96E-6 W=9.34E-6
CM arch: 2
Netlist: 
R170 ( net418 net191)  R=5.0E6
T171 ( net191 net191 0 0)  nfet  L=7.33E-6 W=7.08E-6
T172 ( net564 net191 0 0)  nfet  L=7.33E-6 W=7.08E-6
CM arch: 4
Netlist: 
R175 ( net295 net384)  R=9.4E5
T176 ( net384 net216 0 0)  nfet  L=7.45E-6 W=3.70E-6
T177 ( net182 net216 0 0)  nfet  L=7.45E-6 W=3.70E-6
T178 ( vdd! net384 net216 0)  nfet  L=7.45E-6 W=3.70E-6
CM arch: 2
Netlist: 
R181 ( net243 net557)  R=4.0E2
T182 ( net557 net557 vdd! vdd!)  pfet  L=6.61E-6 W=9.91E-6
T183 ( net65 net557 vdd! vdd!)  pfet  L=6.61E-6 W=9.91E-6
CM arch: 4
Netlist: 
R185 ( net129 net451)  R=5.7E0
T186 ( net451 net38 vdd! vdd!)  pfet  L=4.77E-6 W=4.03E-6
T187 ( net483 net38 vdd! vdd!)  pfet  L=4.77E-6 W=4.03E-6
T188 ( 0 net451 net38 vdd!)  pfet  L=4.77E-6 W=4.03E-6
CM arch: 4
Netlist: 
R193 ( net397 net239)  R=2.2E2
T194 ( net239 net74 vdd! vdd!)  pfet  L=4.77E-6 W=7.80E-6
T195 ( net321 net74 vdd! vdd!)  pfet  L=4.77E-6 W=7.80E-6
T196 ( 0 net239 net74 vdd!)  pfet  L=4.77E-6 W=7.80E-6
CM arch: 3
Netlist: 
R199 ( net223 net101)  R=2.6E0
T200 ( net101 net132 vdd! vdd!)  pfet  L=4.18E-6 W=8.34E-6
T201 ( net482 net132 vdd! vdd!)  pfet  L=4.18E-6 W=8.34E-6
T202 ( net594 net101 net482 vdd!)  pfet  L=4.18E-6 W=8.34E-6
CM arch: 5
Netlist: 
R205 ( net456 net308)  R=4.8E1
T206 ( net308 net308 net145 vdd!)  pfet  L=5.07E-6 W=3.63E-6
T207 ( net145 net199 vdd! vdd!)  pfet  L=5.07E-6 W=3.63E-6
T208 ( net199 net199 vdd! vdd!)  pfet  L=5.07E-6 W=3.63E-6
T209 ( net314 net308 net199 vdd!)  pfet  L=5.07E-6 W=3.63E-6
CM arch: 3
Netlist: 
R212 ( net523 net164)  R=5.1E4
T213 ( net164 net507 0 0)  nfet  L=7.42E-6 W=0.86E-6
T214 ( net72 net507 0 0)  nfet  L=7.42E-6 W=0.86E-6
T215 ( net585 net164 net72 0)  nfet  L=7.42E-6 W=0.86E-6
CM arch: 2
Netlist: 
R217 ( net177 net130)  R=1.6E2
T218 ( net130 net130 0 0)  nfet  L=8.86E-6 W=8.38E-6
T219 ( vdd! net130 0 0)  nfet  L=8.86E-6 W=8.38E-6
CM arch: 1
Netlist: 
T221 ( net144 net144 0 0)  nfet  L=3.72E-6 W=7.08E-6
T222 ( net394 net144 0 0)  nfet  L=3.72E-6 W=7.08E-6
R223 ( net394 net240)  R=0.2E5
CM arch: 3
Netlist: 
R228 ( net86 net250)  R=5.4E1
T229 ( net250 net517 vdd! vdd!)  pfet  L=1.61E-6 W=5.54E-6
T230 ( net106 net517 vdd! vdd!)  pfet  L=1.61E-6 W=5.54E-6
T231 ( net489 net250 net106 vdd!)  pfet  L=1.61E-6 W=5.54E-6
CM arch: 2
Netlist: 
R233 ( net146 net142)  R=2.1E4
T234 ( net142 net142 0 0)  nfet  L=1.12E-6 W=8.28E-6
T235 ( net325 net142 0 0)  nfet  L=1.12E-6 W=8.28E-6
CM arch: 1
Netlist: 
T240 ( net413 net413 vdd! vdd!)  pfet  L=8.44E-6 W=3.33E-6
T241 ( net468 net413 vdd! vdd!)  pfet  L=8.44E-6 W=3.33E-6
R242 ( net468 0)  R=5.9E4
CM arch: 4
Netlist: 
R245 ( net346 net470)  R=7.6E5
T246 ( net470 net143 vdd! vdd!)  pfet  L=7.63E-6 W=2.12E-6
T247 ( net575 net143 vdd! vdd!)  pfet  L=7.63E-6 W=2.12E-6
T248 ( 0 net470 net143 vdd!)  pfet  L=7.63E-6 W=2.12E-6
CM arch: 1
Netlist: 
T250 ( net358 net358 vdd! vdd!)  pfet  L=8.35E-6 W=8.63E-6
T251 ( net197 net358 vdd! vdd!)  pfet  L=8.35E-6 W=8.63E-6
R252 ( net197 net496)  R=0.4E1
CM arch: 1
Netlist: 
T256 ( net323 net323 vdd! vdd!)  pfet  L=9.83E-6 W=7.08E-6
T257 ( net200 net323 vdd! vdd!)  pfet  L=9.83E-6 W=7.08E-6
R258 ( net200 net205)  R=1.4E3
CM arch: 5
Netlist: 
R262 ( net259 net62)  R=5.1E4
T263 ( net62 net62 net349 vdd!)  pfet  L=0.44E-6 W=1.44E-6
T264 ( net349 net245 vdd! vdd!)  pfet  L=0.44E-6 W=1.44E-6
T265 ( net245 net245 vdd! vdd!)  pfet  L=0.44E-6 W=1.44E-6
T266 ( 0 net62 net245 vdd!)  pfet  L=0.44E-6 W=1.44E-6
CM arch: 2
Netlist: 
R271 ( vdd! net204)  R=1.0E3
T272 ( net204 net204 0 0)  nfet  L=9.72E-6 W=2.48E-6
T273 ( net447 net204 0 0)  nfet  L=9.72E-6 W=2.48E-6
CM arch: 1
Netlist: 
T277 ( net552 net552 vdd! vdd!)  pfet  L=5.65E-6 W=2.08E-6
T278 ( net327 net552 vdd! vdd!)  pfet  L=5.65E-6 W=2.08E-6
R279 ( net327 net359)  R=4.1E3
CM arch: 1
Netlist: 
T281 ( net211 net211 vdd! vdd!)  pfet  L=1.90E-6 W=9.09E-6
T282 ( net238 net211 vdd! vdd!)  pfet  L=1.90E-6 W=9.09E-6
R283 ( net238 0)  R=2.9E6
