CM arch: 2
Netlist: 
R2 ( net361 net155)  R=6.0E3
T3 ( net155 net155 0 0)  nfet  L=1.47E-6 W=8.10E-6
T4 ( net748 net155 0 0)  nfet  L=1.47E-6 W=8.10E-6
CM arch: 3
Netlist: 
R9 ( net822 net671)  R=4.0E2
T10 ( net671 net593 0 0)  nfet  L=4.89E-6 W=6.88E-6
T11 ( net807 net593 0 0)  nfet  L=4.89E-6 W=6.88E-6
T12 ( net363 net671 net807 0)  nfet  L=4.89E-6 W=6.88E-6
CM arch: 2
Netlist: 
R17 ( net534 net604)  R=6.1E0
T18 ( net604 net604 0 0)  nfet  L=4.98E-6 W=7.87E-6
T19 ( net411 net604 0 0)  nfet  L=4.98E-6 W=7.87E-6
CM arch: 2
Netlist: 
R21 ( net264 net1004)  R=3.3E2
T22 ( net1004 net1004 0 0)  nfet  L=3.75E-6 W=7.95E-6
T23 ( net679 net1004 0 0)  nfet  L=3.75E-6 W=7.95E-6
CM arch: 1
Netlist: 
T25 ( net363 net363 vdd! vdd!)  pfet  L=8.53E-6 W=6.79E-6
T26 ( net508 net363 vdd! vdd!)  pfet  L=8.53E-6 W=6.79E-6
R27 ( net508 net1075)  R=5.2E1
CM arch: 2
Netlist: 
R30 ( net549 net263)  R=5.7E3
T31 ( net263 net263 0 0)  nfet  L=8.63E-6 W=6.07E-6
T32 ( net979 net263 0 0)  nfet  L=8.63E-6 W=6.07E-6
CM arch: 5
Netlist: 
R36 ( net416 net465)  R=0.8E5
T37 ( net465 net465 net1084 vdd!)  pfet  L=1.21E-6 W=0.78E-6
T38 ( net1084 net504 vdd! vdd!)  pfet  L=1.21E-6 W=0.78E-6
T39 ( net504 net504 vdd! vdd!)  pfet  L=1.21E-6 W=0.78E-6
T40 ( 0 net465 net504 vdd!)  pfet  L=1.21E-6 W=0.78E-6
CM arch: 1
Netlist: 
T42 ( net652 net652 vdd! vdd!)  pfet  L=2.02E-6 W=9.87E-6
T43 ( net217 net652 vdd! vdd!)  pfet  L=2.02E-6 W=9.87E-6
R44 ( net217 net1112)  R=3.8E6
CM arch: 5
Netlist: 
R47 ( net440 net502)  R=2.0E6
T48 ( net502 net502 net308 0)  nfet  L=6.42E-6 W=2.76E-6
T49 ( net308 net1017 0 0)  nfet  L=6.42E-6 W=2.76E-6
T50 ( net1017 net1017 0 0)  nfet  L=6.42E-6 W=2.76E-6
T51 ( net882 net502 net1017 0)  nfet  L=6.42E-6 W=2.76E-6
CM arch: 2
Netlist: 
R53 ( net259 net690)  R=0.6E5
T54 ( net690 net690 vdd! vdd!)  pfet  L=9.51E-6 W=0.26E-6
T55 ( net922 net690 vdd! vdd!)  pfet  L=9.51E-6 W=0.26E-6
CM arch: 4
Netlist: 
R57 ( net867 net213)  R=8.7E4
T58 ( net213 net1158 0 0)  nfet  L=7.69E-6 W=7.97E-6
T59 ( 0 net1158 0 0)  nfet  L=7.69E-6 W=7.97E-6
T60 ( vdd! net213 net1158 0)  nfet  L=7.69E-6 W=7.97E-6
CM arch: 5
Netlist: 
R64 ( net1088 net782)  R=7.7E5
T65 ( net782 net782 net990 0)  nfet  L=1.33E-6 W=0.34E-6
T66 ( net990 net370 0 0)  nfet  L=1.33E-6 W=0.34E-6
T67 ( net370 net370 0 0)  nfet  L=1.33E-6 W=0.34E-6
T68 ( net1040 net782 net370 0)  nfet  L=1.33E-6 W=0.34E-6
CM arch: 4
Netlist: 
R71 ( net226 net1197)  R=8.7E3
T72 ( net1197 net350 vdd! vdd!)  pfet  L=5.99E-6 W=7.50E-6
T73 ( net446 net350 vdd! vdd!)  pfet  L=5.99E-6 W=7.50E-6
T74 ( 0 net1197 net350 vdd!)  pfet  L=5.99E-6 W=7.50E-6
CM arch: 3
Netlist: 
R76 ( net244 net212)  R=1.9E3
T77 ( net212 net1155 0 0)  nfet  L=2.32E-6 W=9.16E-6
T78 ( net368 net1155 0 0)  nfet  L=2.32E-6 W=9.16E-6
T79 ( net900 net212 net368 0)  nfet  L=2.32E-6 W=9.16E-6
CM arch: 1
Netlist: 
T83 ( net442 net442 vdd! vdd!)  pfet  L=9.22E-6 W=1.71E-6
T84 ( net868 net442 vdd! vdd!)  pfet  L=9.22E-6 W=1.71E-6
R85 ( net868 net177)  R=5.7E6
CM arch: 2
Netlist: 
R87 ( net361 net486)  R=8.1E3
T88 ( net486 net486 vdd! vdd!)  pfet  L=1.81E-6 W=9.63E-6
T89 ( vdd! net486 vdd! vdd!)  pfet  L=1.81E-6 W=9.63E-6
CM arch: 5
Netlist: 
R91 ( net855 net1198)  R=2.1E2
T92 ( net1198 net1198 net801 vdd!)  pfet  L=7.86E-6 W=2.51E-6
T93 ( net801 net551 vdd! vdd!)  pfet  L=7.86E-6 W=2.51E-6
T94 ( net551 net551 vdd! vdd!)  pfet  L=7.86E-6 W=2.51E-6
T95 ( net1144 net1198 net551 vdd!)  pfet  L=7.86E-6 W=2.51E-6
CM arch: 4
Netlist: 
R97 ( net779 net973)  R=9.2E0
T98 ( net973 net481 0 0)  nfet  L=3.85E-6 W=5.65E-6
T99 ( net442 net481 0 0)  nfet  L=3.85E-6 W=5.65E-6
T100 ( vdd! net973 net481 0)  nfet  L=3.85E-6 W=5.65E-6
CM arch: 2
Netlist: 
R105 ( net97 net976)  R=6.5E6
T106 ( net976 net976 0 0)  nfet  L=1.67E-6 W=9.69E-6
T107 ( net225 net976 0 0)  nfet  L=1.67E-6 W=9.69E-6
CM arch: 4
Netlist: 
R110 ( net96 net675)  R=1.5E5
T111 ( net675 net237 0 0)  nfet  L=3.29E-6 W=4.95E-6
T112 ( net767 net237 0 0)  nfet  L=3.29E-6 W=4.95E-6
T113 ( vdd! net675 net237 0)  nfet  L=3.29E-6 W=4.95E-6
CM arch: 5
Netlist: 
R119 ( net795 net717)  R=4.2E6
T120 ( net717 net717 net467 vdd!)  pfet  L=5.27E-6 W=1.76E-6
T121 ( net467 net457 vdd! vdd!)  pfet  L=5.27E-6 W=1.76E-6
T122 ( net457 net457 vdd! vdd!)  pfet  L=5.27E-6 W=1.76E-6
T123 ( net552 net717 net457 vdd!)  pfet  L=5.27E-6 W=1.76E-6
CM arch: 2
Netlist: 
R125 ( net562 net1068)  R=8.8E1
T126 ( net1068 net1068 0 0)  nfet  L=8.05E-6 W=4.47E-6
T127 ( net622 net1068 0 0)  nfet  L=8.05E-6 W=4.47E-6
CM arch: 4
Netlist: 
R131 ( net201 net260)  R=7.7E4
T132 ( net260 net903 0 0)  nfet  L=3.08E-6 W=5.40E-6
T133 ( net105 net903 0 0)  nfet  L=3.08E-6 W=5.40E-6
T134 ( vdd! net260 net903 0)  nfet  L=3.08E-6 W=5.40E-6
CM arch: 5
Netlist: 
R136 ( net1005 net286)  R=9.5E3
T137 ( net286 net286 net614 0)  nfet  L=9.00E-6 W=7.32E-6
T138 ( net614 net992 0 0)  nfet  L=9.00E-6 W=7.32E-6
T139 ( net992 net992 0 0)  nfet  L=9.00E-6 W=7.32E-6
T140 ( net823 net286 net992 0)  nfet  L=9.00E-6 W=7.32E-6
CM arch: 3
Netlist: 
R143 ( net656 net307)  R=4.9E2
T144 ( net307 net147 0 0)  nfet  L=8.15E-6 W=9.94E-6
T145 ( net361 net147 0 0)  nfet  L=8.15E-6 W=9.94E-6
T146 ( net526 net307 net361 0)  nfet  L=8.15E-6 W=9.94E-6
CM arch: 2
Netlist: 
R149 ( net419 net13)  R=9.4E1
T150 ( net13 net13 vdd! vdd!)  pfet  L=8.03E-6 W=2.38E-6
T151 ( net303 net13 vdd! vdd!)  pfet  L=8.03E-6 W=2.38E-6
CM arch: 5
Netlist: 
R154 ( net672 net190)  R=1.2E3
T155 ( net190 net190 net866 vdd!)  pfet  L=5.85E-6 W=3.31E-6
T156 ( net866 net668 vdd! vdd!)  pfet  L=5.85E-6 W=3.31E-6
T157 ( net668 net668 vdd! vdd!)  pfet  L=5.85E-6 W=3.31E-6
T158 ( net961 net190 net668 vdd!)  pfet  L=5.85E-6 W=3.31E-6
CM arch: 4
Netlist: 
R160 ( net740 net948)  R=1.4E0
T161 ( net948 net163 vdd! vdd!)  pfet  L=3.51E-6 W=9.78E-6
T162 ( net289 net163 vdd! vdd!)  pfet  L=3.51E-6 W=9.78E-6
T163 ( 0 net948 net163 vdd!)  pfet  L=3.51E-6 W=9.78E-6
CM arch: 2
Netlist: 
R165 ( net923 net94)  R=3.1E0
T166 ( net94 net94 0 0)  nfet  L=7.56E-6 W=8.99E-6
T167 ( net1149 net94 0 0)  nfet  L=7.56E-6 W=8.99E-6
CM arch: 4
Netlist: 
R169 ( 0 net323)  R=1.3E2
T170 ( net323 net355 0 0)  nfet  L=5.98E-6 W=6.06E-6
T171 ( net315 net355 0 0)  nfet  L=5.98E-6 W=6.06E-6
T172 ( vdd! net323 net355 0)  nfet  L=5.98E-6 W=6.06E-6
CM arch: 1
Netlist: 
T175 ( net974 net974 vdd! vdd!)  pfet  L=6.03E-6 W=0.69E-6
T176 ( net847 net974 vdd! vdd!)  pfet  L=6.03E-6 W=0.69E-6
R177 ( net847 net921)  R=4.2E1
CM arch: 5
Netlist: 
R179 ( 0 net288)  R=9.1E1
T180 ( net288 net288 net150 vdd!)  pfet  L=4.36E-6 W=5.90E-6
T181 ( net150 net435 vdd! vdd!)  pfet  L=4.36E-6 W=5.90E-6
T182 ( net435 net435 vdd! vdd!)  pfet  L=4.36E-6 W=5.90E-6
T183 ( net834 net288 net435 vdd!)  pfet  L=4.36E-6 W=5.90E-6
CM arch: 2
Netlist: 
R186 ( net141 net1129)  R=2.0E3
T187 ( net1129 net1129 0 0)  nfet  L=6.03E-6 W=3.38E-6
T188 ( net874 net1129 0 0)  nfet  L=6.03E-6 W=3.38E-6
CM arch: 5
Netlist: 
R194 ( net439 net460)  R=7.4E4
T195 ( net460 net460 net779 0)  nfet  L=6.47E-6 W=2.86E-6
T196 ( net779 net599 0 0)  nfet  L=6.47E-6 W=2.86E-6
T197 ( net599 net599 0 0)  nfet  L=6.47E-6 W=2.86E-6
T198 ( net650 net460 net599 0)  nfet  L=6.47E-6 W=2.86E-6
CM arch: 1
Netlist: 
T200 ( net659 net659 0 0)  nfet  L=8.70E-6 W=1.00E-6
T201 ( net1188 net659 0 0)  nfet  L=8.70E-6 W=1.00E-6
R202 ( net1188 net1011)  R=3.4E3
CM arch: 3
Netlist: 
R204 ( net923 net503)  R=8.6E6
T205 ( net503 net697 0 0)  nfet  L=0.61E-6 W=8.67E-6
T206 ( net455 net697 0 0)  nfet  L=0.61E-6 W=8.67E-6
T207 ( net165 net503 net455 0)  nfet  L=0.61E-6 W=8.67E-6
CM arch: 1
Netlist: 
T209 ( net928 net928 vdd! vdd!)  pfet  L=1.68E-6 W=8.06E-6
T210 ( net283 net928 vdd! vdd!)  pfet  L=1.68E-6 W=8.06E-6
R211 ( net283 net577)  R=2.5E6
CM arch: 4
Netlist: 
R213 ( net795 net306)  R=3.7E0
T214 ( net306 net165 vdd! vdd!)  pfet  L=6.95E-6 W=2.19E-6
T215 ( net178 net165 vdd! vdd!)  pfet  L=6.95E-6 W=2.19E-6
T216 ( 0 net306 net165 vdd!)  pfet  L=6.95E-6 W=2.19E-6
CM arch: 1
Netlist: 
T218 ( vdd! vdd! 0 0)  nfet  L=7.18E-6 W=4.36E-6
T219 ( net806 vdd! 0 0)  nfet  L=7.18E-6 W=4.36E-6
R220 ( net806 net89)  R=8.8E1
CM arch: 1
Netlist: 
T222 ( net772 net772 0 0)  nfet  L=0.75E-6 W=3.22E-6
T223 ( net295 net772 0 0)  nfet  L=0.75E-6 W=3.22E-6
R224 ( net295 net1124)  R=3.1E2
CM arch: 1
Netlist: 
T228 ( net50 net50 vdd! vdd!)  pfet  L=4.15E-6 W=4.00E-6
T229 ( net92 net50 vdd! vdd!)  pfet  L=4.15E-6 W=4.00E-6
R230 ( net92 net328)  R=1.8E2
CM arch: 5
Netlist: 
R232 ( net88 net410)  R=8.7E0
T233 ( net410 net410 net474 vdd!)  pfet  L=0.46E-6 W=7.52E-6
T234 ( net474 net722 vdd! vdd!)  pfet  L=0.46E-6 W=7.52E-6
T235 ( net722 net722 vdd! vdd!)  pfet  L=0.46E-6 W=7.52E-6
T236 ( net1116 net410 net722 vdd!)  pfet  L=0.46E-6 W=7.52E-6
CM arch: 3
Netlist: 
R238 ( net442 net414)  R=7.0E6
T239 ( net414 net1101 vdd! vdd!)  pfet  L=4.35E-6 W=0.14E-6
T240 ( net1136 net1101 vdd! vdd!)  pfet  L=4.35E-6 W=0.14E-6
T241 ( net662 net414 net1136 vdd!)  pfet  L=4.35E-6 W=0.14E-6
CM arch: 5
Netlist: 
R243 ( net608 net268)  R=0.8E6
T244 ( net268 net268 net222 0)  nfet  L=6.50E-6 W=3.20E-6
T245 ( net222 net881 0 0)  nfet  L=6.50E-6 W=3.20E-6
T246 ( net881 net881 0 0)  nfet  L=6.50E-6 W=3.20E-6
T247 ( net712 net268 net881 0)  nfet  L=6.50E-6 W=3.20E-6
CM arch: 3
Netlist: 
R251 ( net849 net902)  R=6.2E5
T252 ( net902 net25 0 0)  nfet  L=4.19E-6 W=7.97E-6
T253 ( net1196 net25 0 0)  nfet  L=4.19E-6 W=7.97E-6
T254 ( net987 net902 net1196 0)  nfet  L=4.19E-6 W=7.97E-6
CM arch: 1
Netlist: 
T258 ( net559 net559 0 0)  nfet  L=7.51E-6 W=5.56E-6
T259 ( net30 net559 0 0)  nfet  L=7.51E-6 W=5.56E-6
R260 ( net30 net430)  R=5.4E4
CM arch: 2
Netlist: 
R262 ( net585 net1192)  R=9.4E3
T263 ( net1192 net1192 0 0)  nfet  L=7.65E-6 W=2.90E-6
T264 ( net77 net1192 0 0)  nfet  L=7.65E-6 W=2.90E-6
CM arch: 5
Netlist: 
R269 ( net846 net922)  R=9.4E1
T270 ( net922 net922 net762 0)  nfet  L=6.68E-6 W=5.53E-6
T271 ( net762 net304 0 0)  nfet  L=6.68E-6 W=5.53E-6
T272 ( net304 net304 0 0)  nfet  L=6.68E-6 W=5.53E-6
T273 ( net298 net922 net304 0)  nfet  L=6.68E-6 W=5.53E-6
CM arch: 4
Netlist: 
R277 ( net1003 net1126)  R=5.5E2
T278 ( net1126 net586 0 0)  nfet  L=0.22E-6 W=3.49E-6
T279 ( net46 net586 0 0)  nfet  L=0.22E-6 W=3.49E-6
T280 ( vdd! net1126 net586 0)  nfet  L=0.22E-6 W=3.49E-6
CM arch: 5
Netlist: 
R282 ( 0 net1140)  R=1.7E5
T283 ( net1140 net1140 net456 vdd!)  pfet  L=1.99E-6 W=1.61E-6
T284 ( net456 net229 vdd! vdd!)  pfet  L=1.99E-6 W=1.61E-6
T285 ( net229 net229 vdd! vdd!)  pfet  L=1.99E-6 W=1.61E-6
T286 ( net723 net1140 net229 vdd!)  pfet  L=1.99E-6 W=1.61E-6
CM arch: 5
Netlist: 
R293 ( net75 net617)  R=6.2E2
T294 ( net617 net617 net4 0)  nfet  L=4.26E-6 W=0.75E-6
T295 ( net4 net559 0 0)  nfet  L=4.26E-6 W=0.75E-6
T296 ( net559 net559 0 0)  nfet  L=4.26E-6 W=0.75E-6
T297 ( net148 net617 net559 0)  nfet  L=4.26E-6 W=0.75E-6
CM arch: 2
Netlist: 
R300 ( net622 net711)  R=2.5E4
T301 ( net711 net711 vdd! vdd!)  pfet  L=8.08E-6 W=9.76E-6
T302 ( net182 net711 vdd! vdd!)  pfet  L=8.08E-6 W=9.76E-6
CM arch: 5
Netlist: 
R304 ( net543 net934)  R=4.4E2
T305 ( net934 net934 net966 vdd!)  pfet  L=4.48E-6 W=9.55E-6
T306 ( net966 net644 vdd! vdd!)  pfet  L=4.48E-6 W=9.55E-6
T307 ( net644 net644 vdd! vdd!)  pfet  L=4.48E-6 W=9.55E-6
T308 ( net1144 net934 net644 vdd!)  pfet  L=4.48E-6 W=9.55E-6
CM arch: 3
Netlist: 
R310 ( net393 net846)  R=2.2E3
T311 ( net846 net744 0 0)  nfet  L=0.35E-6 W=8.07E-6
T312 ( net768 net744 0 0)  nfet  L=0.35E-6 W=8.07E-6
T313 ( net1179 net846 net768 0)  nfet  L=0.35E-6 W=8.07E-6
CM arch: 3
Netlist: 
R315 ( net546 net729)  R=8.4E3
T316 ( net729 net892 vdd! vdd!)  pfet  L=3.86E-6 W=1.39E-6
T317 ( net75 net892 vdd! vdd!)  pfet  L=3.86E-6 W=1.39E-6
T318 ( net771 net729 net75 vdd!)  pfet  L=3.86E-6 W=1.39E-6
CM arch: 1
Netlist: 
T321 ( net134 net134 0 0)  nfet  L=0.37E-6 W=2.62E-6
T322 ( net1022 net134 0 0)  nfet  L=0.37E-6 W=2.62E-6
R323 ( net1022 net325)  R=3.7E2
CM arch: 4
Netlist: 
R326 ( net1118 net113)  R=3.8E1
T327 ( net113 net1042 0 0)  nfet  L=3.28E-6 W=4.11E-6
T328 ( net507 net1042 0 0)  nfet  L=3.28E-6 W=4.11E-6
T329 ( vdd! net113 net1042 0)  nfet  L=3.28E-6 W=4.11E-6
CM arch: 5
Netlist: 
R331 ( net785 net146)  R=0.6E2
T332 ( net146 net146 net1147 vdd!)  pfet  L=6.78E-6 W=8.15E-6
T333 ( net1147 net528 vdd! vdd!)  pfet  L=6.78E-6 W=8.15E-6
T334 ( net528 net528 vdd! vdd!)  pfet  L=6.78E-6 W=8.15E-6
T335 ( net910 net146 net528 vdd!)  pfet  L=6.78E-6 W=8.15E-6
CM arch: 3
Netlist: 
R343 ( vdd! net82)  R=3.7E6
T344 ( net82 net968 vdd! vdd!)  pfet  L=6.12E-6 W=4.43E-6
T345 ( net724 net968 vdd! vdd!)  pfet  L=6.12E-6 W=4.43E-6
T346 ( net813 net82 net724 vdd!)  pfet  L=6.12E-6 W=4.43E-6
CM arch: 4
Netlist: 
R348 ( net173 net684)  R=2.8E4
T349 ( net684 net39 vdd! vdd!)  pfet  L=3.14E-6 W=4.06E-6
T350 ( net324 net39 vdd! vdd!)  pfet  L=3.14E-6 W=4.06E-6
T351 ( 0 net684 net39 vdd!)  pfet  L=3.14E-6 W=4.06E-6
