CM arch: 3
Netlist: 
R1 ( net3422 net29)  R=4.8E6
T2 ( net29 net2783 0 0)  nfet  L=1.40E-6 W=2.28E-6
T3 ( net1025 net2783 0 0)  nfet  L=1.40E-6 W=2.28E-6
T4 ( net591 net29 net1025 0)  nfet  L=1.40E-6 W=2.28E-6
CM arch: 2
Netlist: 
R7 ( net1003 net1978)  R=1.9E2
T8 ( net1978 net1978 vdd! vdd!)  pfet  L=9.48E-6 W=1.18E-6
T9 ( net2258 net1978 vdd! vdd!)  pfet  L=9.48E-6 W=1.18E-6
CM arch: 3
Netlist: 
R11 ( net96 net673)  R=1.3E4
T12 ( net673 net2598 vdd! vdd!)  pfet  L=1.69E-6 W=8.11E-6
T13 ( net771 net2598 vdd! vdd!)  pfet  L=1.69E-6 W=8.11E-6
T14 ( net879 net673 net771 vdd!)  pfet  L=1.69E-6 W=8.11E-6
CM arch: 2
Netlist: 
R16 ( net566 net2915)  R=3.9E2
T17 ( net2915 net2915 vdd! vdd!)  pfet  L=0.92E-6 W=8.98E-6
T18 ( net1944 net2915 vdd! vdd!)  pfet  L=0.92E-6 W=8.98E-6
CM arch: 2
Netlist: 
R21 ( net2725 net127)  R=0.4E3
T22 ( net127 net127 vdd! vdd!)  pfet  L=3.32E-6 W=2.41E-6
T23 ( net680 net127 vdd! vdd!)  pfet  L=3.32E-6 W=2.41E-6
CM arch: 4
Netlist: 
R26 ( net851 net3350)  R=7.7E5
T27 ( net3350 net1223 0 0)  nfet  L=4.58E-6 W=7.65E-6
T28 ( net2110 net1223 0 0)  nfet  L=4.58E-6 W=7.65E-6
T29 ( vdd! net3350 net1223 0)  nfet  L=4.58E-6 W=7.65E-6
CM arch: 1
Netlist: 
T31 ( net1137 net1137 0 0)  nfet  L=4.83E-6 W=3.91E-6
T32 ( net2332 net1137 0 0)  nfet  L=4.83E-6 W=3.91E-6
R33 ( net2332 net2917)  R=4.6E1
CM arch: 5
Netlist: 
R36 ( net1077 net1611)  R=0.2E4
T37 ( net1611 net1611 net2872 0)  nfet  L=3.46E-6 W=4.47E-6
T38 ( net2872 net1402 0 0)  nfet  L=3.46E-6 W=4.47E-6
T39 ( net1402 net1402 0 0)  nfet  L=3.46E-6 W=4.47E-6
T40 ( net43 net1611 net1402 0)  nfet  L=3.46E-6 W=4.47E-6
CM arch: 5
Netlist: 
R43 ( net2609 net35)  R=3.1E6
T44 ( net35 net35 net585 0)  nfet  L=4.96E-6 W=9.61E-6
T45 ( net585 net2499 0 0)  nfet  L=4.96E-6 W=9.61E-6
T46 ( net2499 net2499 0 0)  nfet  L=4.96E-6 W=9.61E-6
T47 ( net860 net35 net2499 0)  nfet  L=4.96E-6 W=9.61E-6
CM arch: 2
Netlist: 
R50 ( net2510 net860)  R=4.5E4
T51 ( net860 net860 0 0)  nfet  L=5.90E-6 W=0.31E-6
T52 ( net1242 net860 0 0)  nfet  L=5.90E-6 W=0.31E-6
CM arch: 1
Netlist: 
T60 ( net510 net510 0 0)  nfet  L=3.59E-6 W=3.42E-6
T61 ( net1603 net510 0 0)  nfet  L=3.59E-6 W=3.42E-6
R62 ( net1603 net2372)  R=1.7E6
CM arch: 5
Netlist: 
R71 ( net561 net2094)  R=10.0E0
T72 ( net2094 net2094 net177 vdd!)  pfet  L=8.00E-6 W=1.01E-6
T73 ( net177 net2098 vdd! vdd!)  pfet  L=8.00E-6 W=1.01E-6
T74 ( net2098 net2098 vdd! vdd!)  pfet  L=8.00E-6 W=1.01E-6
T75 ( net3157 net2094 net2098 vdd!)  pfet  L=8.00E-6 W=1.01E-6
CM arch: 5
Netlist: 
R77 ( net3118 net758)  R=7.3E4
T78 ( net758 net758 net444 vdd!)  pfet  L=5.58E-6 W=6.65E-6
T79 ( net444 net1363 vdd! vdd!)  pfet  L=5.58E-6 W=6.65E-6
T80 ( net1363 net1363 vdd! vdd!)  pfet  L=5.58E-6 W=6.65E-6
T81 ( net1325 net758 net1363 vdd!)  pfet  L=5.58E-6 W=6.65E-6
CM arch: 4
Netlist: 
R87 ( vdd! net2798)  R=8.5E5
T88 ( net2798 net2079 0 0)  nfet  L=2.94E-6 W=9.42E-6
T89 ( net1504 net2079 0 0)  nfet  L=2.94E-6 W=9.42E-6
T90 ( vdd! net2798 net2079 0)  nfet  L=2.94E-6 W=9.42E-6
CM arch: 5
Netlist: 
R92 ( net2339 net2773)  R=2.5E5
T93 ( net2773 net2773 net850 vdd!)  pfet  L=6.60E-6 W=2.04E-6
T94 ( net850 net70 vdd! vdd!)  pfet  L=6.60E-6 W=2.04E-6
T95 ( net70 net70 vdd! vdd!)  pfet  L=6.60E-6 W=2.04E-6
T96 ( net1292 net2773 net70 vdd!)  pfet  L=6.60E-6 W=2.04E-6
CM arch: 1
Netlist: 
T98 ( net3086 net3086 0 0)  nfet  L=8.66E-6 W=1.22E-6
T99 ( net1194 net3086 0 0)  nfet  L=8.66E-6 W=1.22E-6
R100 ( net1194 net2745)  R=0.5E5
CM arch: 5
Netlist: 
R102 ( net2658 net363)  R=3.0E3
T103 ( net363 net363 net647 vdd!)  pfet  L=3.92E-6 W=7.82E-6
T104 ( net647 net1840 vdd! vdd!)  pfet  L=3.92E-6 W=7.82E-6
T105 ( net1840 net1840 vdd! vdd!)  pfet  L=3.92E-6 W=7.82E-6
T106 ( net1962 net363 net1840 vdd!)  pfet  L=3.92E-6 W=7.82E-6
CM arch: 5
Netlist: 
R113 ( net296 net1839)  R=1.1E0
T114 ( net1839 net1839 net2694 0)  nfet  L=2.34E-6 W=6.81E-6
T115 ( net2694 net1489 0 0)  nfet  L=2.34E-6 W=6.81E-6
T116 ( net1489 net1489 0 0)  nfet  L=2.34E-6 W=6.81E-6
T117 ( vdd! net1839 net1489 0)  nfet  L=2.34E-6 W=6.81E-6
CM arch: 1
Netlist: 
T119 ( net2599 net2599 0 0)  nfet  L=2.73E-6 W=5.10E-6
T120 ( net667 net2599 0 0)  nfet  L=2.73E-6 W=5.10E-6
R121 ( net667 net1019)  R=4.2E3
CM arch: 3
Netlist: 
R124 ( net1208 net535)  R=0.6E4
T125 ( net535 net1841 0 0)  nfet  L=9.40E-6 W=4.73E-6
T126 ( net339 net1841 0 0)  nfet  L=9.40E-6 W=4.73E-6
T127 ( net689 net535 net339 0)  nfet  L=9.40E-6 W=4.73E-6
CM arch: 4
Netlist: 
R131 ( net2959 net1701)  R=4.0E4
T132 ( net1701 net2063 vdd! vdd!)  pfet  L=3.01E-6 W=6.29E-6
T133 ( net3022 net2063 vdd! vdd!)  pfet  L=3.01E-6 W=6.29E-6
T134 ( 0 net1701 net2063 vdd!)  pfet  L=3.01E-6 W=6.29E-6
CM arch: 5
Netlist: 
R139 ( net422 net2907)  R=4.4E4
T140 ( net2907 net2907 net3087 0)  nfet  L=6.71E-6 W=5.94E-6
T141 ( net3087 net2432 0 0)  nfet  L=6.71E-6 W=5.94E-6
T142 ( net2432 net2432 0 0)  nfet  L=6.71E-6 W=5.94E-6
T143 ( net317 net2907 net2432 0)  nfet  L=6.71E-6 W=5.94E-6
CM arch: 2
Netlist: 
R146 ( net150 net2296)  R=1.5E4
T147 ( net2296 net2296 0 0)  nfet  L=8.24E-6 W=9.93E-6
T148 ( vdd! net2296 0 0)  nfet  L=8.24E-6 W=9.93E-6
CM arch: 4
Netlist: 
R150 ( net537 net832)  R=0.6E2
T151 ( net832 net2167 vdd! vdd!)  pfet  L=2.78E-6 W=8.27E-6
T152 ( net3276 net2167 vdd! vdd!)  pfet  L=2.78E-6 W=8.27E-6
T153 ( 0 net832 net2167 vdd!)  pfet  L=2.78E-6 W=8.27E-6
CM arch: 2
Netlist: 
R159 ( net1831 net1528)  R=8.8E5
T160 ( net1528 net1528 vdd! vdd!)  pfet  L=6.79E-6 W=5.25E-6
T161 ( net1114 net1528 vdd! vdd!)  pfet  L=6.79E-6 W=5.25E-6
CM arch: 5
Netlist: 
R163 ( 0 net1785)  R=9.6E3
T164 ( net1785 net1785 net2597 0)  nfet  L=9.45E-6 W=2.98E-6
T165 ( net2597 net2007 0 0)  nfet  L=9.45E-6 W=2.98E-6
T166 ( net2007 net2007 0 0)  nfet  L=9.45E-6 W=2.98E-6
T167 ( net2853 net1785 net2007 0)  nfet  L=9.45E-6 W=2.98E-6
CM arch: 1
Netlist: 
T173 ( net2316 net2316 vdd! vdd!)  pfet  L=4.37E-6 W=0.79E-6
T174 ( net1341 net2316 vdd! vdd!)  pfet  L=4.37E-6 W=0.79E-6
R175 ( net1341 net1083)  R=2.2E5
CM arch: 2
Netlist: 
R177 ( net338 net2847)  R=8.6E3
T178 ( net2847 net2847 vdd! vdd!)  pfet  L=1.35E-6 W=0.75E-6
T179 ( net3231 net2847 vdd! vdd!)  pfet  L=1.35E-6 W=0.75E-6
CM arch: 3
Netlist: 
R182 ( 0 net2112)  R=3.2E3
T183 ( net2112 net3203 vdd! vdd!)  pfet  L=7.85E-6 W=7.39E-6
T184 ( net2616 net3203 vdd! vdd!)  pfet  L=7.85E-6 W=7.39E-6
T185 ( net581 net2112 net2616 vdd!)  pfet  L=7.85E-6 W=7.39E-6
CM arch: 2
Netlist: 
R187 ( net745 net881)  R=5.6E3
T188 ( net881 net881 vdd! vdd!)  pfet  L=8.05E-6 W=1.33E-6
T189 ( net3270 net881 vdd! vdd!)  pfet  L=8.05E-6 W=1.33E-6
CM arch: 3
Netlist: 
R192 ( net3248 net2547)  R=1.0E5
T193 ( net2547 net1960 vdd! vdd!)  pfet  L=2.22E-6 W=7.16E-6
T194 ( net2121 net1960 vdd! vdd!)  pfet  L=2.22E-6 W=7.16E-6
T195 ( net1314 net2547 net2121 vdd!)  pfet  L=2.22E-6 W=7.16E-6
CM arch: 2
Netlist: 
R197 ( net2515 net1638)  R=4.7E3
T198 ( net1638 net1638 0 0)  nfet  L=1.42E-6 W=5.18E-6
T199 ( net1910 net1638 0 0)  nfet  L=1.42E-6 W=5.18E-6
CM arch: 3
Netlist: 
R201 ( net1474 net381)  R=8.4E6
T202 ( net381 net1346 vdd! vdd!)  pfet  L=1.61E-6 W=9.60E-6
T203 ( net2747 net1346 vdd! vdd!)  pfet  L=1.61E-6 W=9.60E-6
T204 ( net256 net381 net2747 vdd!)  pfet  L=1.61E-6 W=9.60E-6
CM arch: 3
Netlist: 
R208 ( net3274 net1637)  R=1.3E3
T209 ( net1637 net1868 0 0)  nfet  L=3.28E-6 W=4.31E-6
T210 ( net138 net1868 0 0)  nfet  L=3.28E-6 W=4.31E-6
T211 ( net324 net1637 net138 0)  nfet  L=3.28E-6 W=4.31E-6
CM arch: 2
Netlist: 
R213 ( net2899 net342)  R=8.7E4
T214 ( net342 net342 0 0)  nfet  L=4.45E-6 W=8.08E-6
T215 ( net1446 net342 0 0)  nfet  L=4.45E-6 W=8.08E-6
CM arch: 3
Netlist: 
R217 ( net1518 net3303)  R=6.9E2
T218 ( net3303 net2762 vdd! vdd!)  pfet  L=4.50E-6 W=0.28E-6
T219 ( net164 net2762 vdd! vdd!)  pfet  L=4.50E-6 W=0.28E-6
T220 ( net112 net3303 net164 vdd!)  pfet  L=4.50E-6 W=0.28E-6
CM arch: 3
Netlist: 
R223 ( net33 net3339)  R=2.7E2
T224 ( net3339 net1207 0 0)  nfet  L=7.90E-6 W=8.49E-6
T225 ( net2173 net1207 0 0)  nfet  L=7.90E-6 W=8.49E-6
T226 ( net500 net3339 net2173 0)  nfet  L=7.90E-6 W=8.49E-6
CM arch: 1
Netlist: 
T228 ( net567 net567 vdd! vdd!)  pfet  L=6.67E-6 W=8.85E-6
T229 ( net1378 net567 vdd! vdd!)  pfet  L=6.67E-6 W=8.85E-6
R230 ( net1378 net653)  R=4.0E0
CM arch: 4
Netlist: 
R232 ( net1169 net2106)  R=1.0E5
T233 ( net2106 net1012 0 0)  nfet  L=0.54E-6 W=3.45E-6
T234 ( net2910 net1012 0 0)  nfet  L=0.54E-6 W=3.45E-6
T235 ( vdd! net2106 net1012 0)  nfet  L=0.54E-6 W=3.45E-6
CM arch: 3
Netlist: 
R238 ( net594 net1675)  R=1.1E6
T239 ( net1675 net2438 0 0)  nfet  L=3.13E-6 W=8.73E-6
T240 ( net2057 net2438 0 0)  nfet  L=3.13E-6 W=8.73E-6
T241 ( 0 net1675 net2057 0)  nfet  L=3.13E-6 W=8.73E-6
CM arch: 3
Netlist: 
R243 ( net2336 net2656)  R=2.7E6
T244 ( net2656 net1409 0 0)  nfet  L=0.48E-6 W=2.44E-6
T245 ( net410 net1409 0 0)  nfet  L=0.48E-6 W=2.44E-6
T246 ( net57 net2656 net410 0)  nfet  L=0.48E-6 W=2.44E-6
CM arch: 4
Netlist: 
R248 ( net2551 net2133)  R=2.4E2
T249 ( net2133 net3026 vdd! vdd!)  pfet  L=9.58E-6 W=1.91E-6
T250 ( net972 net3026 vdd! vdd!)  pfet  L=9.58E-6 W=1.91E-6
T251 ( 0 net2133 net3026 vdd!)  pfet  L=9.58E-6 W=1.91E-6
CM arch: 2
Netlist: 
R255 ( net1136 net2684)  R=6.2E0
T256 ( net2684 net2684 0 0)  nfet  L=5.49E-6 W=6.49E-6
T257 ( net3425 net2684 0 0)  nfet  L=5.49E-6 W=6.49E-6
CM arch: 3
Netlist: 
R260 ( net2563 net626)  R=2.1E1
T261 ( net626 net1057 0 0)  nfet  L=6.46E-6 W=5.10E-6
T262 ( net1626 net1057 0 0)  nfet  L=6.46E-6 W=5.10E-6
T263 ( net2626 net626 net1626 0)  nfet  L=6.46E-6 W=5.10E-6
CM arch: 4
Netlist: 
R265 ( vdd! net1279)  R=6.2E3
T266 ( net1279 net1075 0 0)  nfet  L=0.92E-6 W=2.22E-6
T267 ( net2101 net1075 0 0)  nfet  L=0.92E-6 W=2.22E-6
T268 ( vdd! net1279 net1075 0)  nfet  L=0.92E-6 W=2.22E-6
CM arch: 2
Netlist: 
R273 ( net1429 net1539)  R=8.4E3
T274 ( net1539 net1539 0 0)  nfet  L=1.95E-6 W=8.85E-6
T275 ( 0 net1539 0 0)  nfet  L=1.95E-6 W=8.85E-6
CM arch: 3
Netlist: 
R277 ( net1786 net2350)  R=8.0E2
T278 ( net2350 net2359 0 0)  nfet  L=9.88E-6 W=1.49E-6
T279 ( net1064 net2359 0 0)  nfet  L=9.88E-6 W=1.49E-6
T280 ( net2549 net2350 net1064 0)  nfet  L=9.88E-6 W=1.49E-6
CM arch: 4
Netlist: 
R282 ( 0 net3337)  R=3.9E3
T283 ( net3337 net2132 vdd! vdd!)  pfet  L=3.42E-6 W=5.95E-6
T284 ( net796 net2132 vdd! vdd!)  pfet  L=3.42E-6 W=5.95E-6
T285 ( 0 net3337 net2132 vdd!)  pfet  L=3.42E-6 W=5.95E-6
CM arch: 4
Netlist: 
R287 ( net872 net2774)  R=3.9E6
T288 ( net2774 net408 0 0)  nfet  L=7.95E-6 W=2.93E-6
T289 ( net2104 net408 0 0)  nfet  L=7.95E-6 W=2.93E-6
T290 ( vdd! net2774 net408 0)  nfet  L=7.95E-6 W=2.93E-6
CM arch: 5
Netlist: 
R292 ( net3279 net839)  R=7.8E2
T293 ( net839 net839 net1812 vdd!)  pfet  L=0.82E-6 W=5.80E-6
T294 ( net1812 net2764 vdd! vdd!)  pfet  L=0.82E-6 W=5.80E-6
T295 ( net2764 net2764 vdd! vdd!)  pfet  L=0.82E-6 W=5.80E-6
T296 ( net16 net839 net2764 vdd!)  pfet  L=0.82E-6 W=5.80E-6
CM arch: 5
Netlist: 
R299 ( net2389 net148)  R=0.7E2
T300 ( net148 net148 net1782 0)  nfet  L=4.99E-6 W=5.80E-6
T301 ( net1782 net2729 0 0)  nfet  L=4.99E-6 W=5.80E-6
T302 ( net2729 net2729 0 0)  nfet  L=4.99E-6 W=5.80E-6
T303 ( net2958 net148 net2729 0)  nfet  L=4.99E-6 W=5.80E-6
CM arch: 1
Netlist: 
T305 ( net939 net939 vdd! vdd!)  pfet  L=8.92E-6 W=3.07E-6
T306 ( net985 net939 vdd! vdd!)  pfet  L=8.92E-6 W=3.07E-6
R307 ( net985 net3021)  R=7.3E5
CM arch: 2
Netlist: 
R310 ( net2942 net1907)  R=1.1E1
T311 ( net1907 net1907 0 0)  nfet  L=9.95E-6 W=2.83E-6
T312 ( net895 net1907 0 0)  nfet  L=9.95E-6 W=2.83E-6
CM arch: 3
Netlist: 
R315 ( net489 net3068)  R=3.0E0
T316 ( net3068 net1515 0 0)  nfet  L=5.00E-6 W=2.13E-6
T317 ( net2519 net1515 0 0)  nfet  L=5.00E-6 W=2.13E-6
T318 ( net2443 net3068 net2519 0)  nfet  L=5.00E-6 W=2.13E-6
CM arch: 5
Netlist: 
R322 ( net1381 net2383)  R=7.5E4
T323 ( net2383 net2383 net3209 0)  nfet  L=0.62E-6 W=3.02E-6
T324 ( net3209 net203 0 0)  nfet  L=0.62E-6 W=3.02E-6
T325 ( net203 net203 0 0)  nfet  L=0.62E-6 W=3.02E-6
T326 ( net2839 net2383 net203 0)  nfet  L=0.62E-6 W=3.02E-6
CM arch: 5
Netlist: 
R328 ( net2779 net1535)  R=8.7E6
T329 ( net1535 net1535 net1513 vdd!)  pfet  L=3.31E-6 W=2.98E-6
T330 ( net1513 net1997 vdd! vdd!)  pfet  L=3.31E-6 W=2.98E-6
T331 ( net1997 net1997 vdd! vdd!)  pfet  L=3.31E-6 W=2.98E-6
T332 ( net918 net1535 net1997 vdd!)  pfet  L=3.31E-6 W=2.98E-6
CM arch: 3
Netlist: 
R335 ( net2115 net268)  R=3.2E1
T336 ( net268 net1751 0 0)  nfet  L=0.20E-6 W=0.17E-6
T337 ( net3434 net1751 0 0)  nfet  L=0.20E-6 W=0.17E-6
T338 ( net1229 net268 net3434 0)  nfet  L=0.20E-6 W=0.17E-6
CM arch: 1
Netlist: 
T343 ( 0 0 vdd! vdd!)  pfet  L=8.71E-6 W=2.46E-6
T344 ( net2658 0 vdd! vdd!)  pfet  L=8.71E-6 W=2.46E-6
R345 ( net2658 net1300)  R=3.5E6
CM arch: 3
Netlist: 
R348 ( net1579 net1818)  R=7.2E1
T349 ( net1818 net1927 0 0)  nfet  L=7.59E-6 W=6.08E-6
T350 ( net286 net1927 0 0)  nfet  L=7.59E-6 W=6.08E-6
T351 ( net2268 net1818 net286 0)  nfet  L=7.59E-6 W=6.08E-6
CM arch: 1
Netlist: 
T353 ( net2797 net2797 vdd! vdd!)  pfet  L=2.73E-6 W=4.88E-6
T354 ( net249 net2797 vdd! vdd!)  pfet  L=2.73E-6 W=4.88E-6
R355 ( net249 net567)  R=8.7E0
