CM arch: 4
Netlist: 
R3 ( net1964 net3005)  R=8.5E2
T4 ( net3005 net2988 0 0)  nfet  L=2.87E-6 W=3.87E-6
T5 ( net555 net2988 0 0)  nfet  L=2.87E-6 W=3.87E-6
T6 ( vdd! net3005 net2988 0)  nfet  L=2.87E-6 W=3.87E-6
CM arch: 4
Netlist: 
R8 ( net1716 net1362)  R=7.1E4
T9 ( net1362 net1557 vdd! vdd!)  pfet  L=8.67E-6 W=7.48E-6
T10 ( net867 net1557 vdd! vdd!)  pfet  L=8.67E-6 W=7.48E-6
T11 ( 0 net1362 net1557 vdd!)  pfet  L=8.67E-6 W=7.48E-6
CM arch: 3
Netlist: 
R13 ( vdd! net1566)  R=5.9E0
T14 ( net1566 net1480 vdd! vdd!)  pfet  L=2.54E-6 W=5.40E-6
T15 ( net2042 net1480 vdd! vdd!)  pfet  L=2.54E-6 W=5.40E-6
T16 ( net2361 net1566 net2042 vdd!)  pfet  L=2.54E-6 W=5.40E-6
CM arch: 5
Netlist: 
R18 ( net1463 net1028)  R=5.2E3
T19 ( net1028 net1028 net2021 vdd!)  pfet  L=5.74E-6 W=8.35E-6
T20 ( net2021 net1514 vdd! vdd!)  pfet  L=5.74E-6 W=8.35E-6
T21 ( net1514 net1514 vdd! vdd!)  pfet  L=5.74E-6 W=8.35E-6
T22 ( net1244 net1028 net1514 vdd!)  pfet  L=5.74E-6 W=8.35E-6
CM arch: 4
Netlist: 
R25 ( net2707 net954)  R=5.9E4
T26 ( net954 net766 vdd! vdd!)  pfet  L=1.20E-6 W=6.96E-6
T27 ( net3095 net766 vdd! vdd!)  pfet  L=1.20E-6 W=6.96E-6
T28 ( 0 net954 net766 vdd!)  pfet  L=1.20E-6 W=6.96E-6
CM arch: 2
Netlist: 
R30 ( net193 net1354)  R=6.1E6
T31 ( net1354 net1354 0 0)  nfet  L=5.97E-6 W=0.27E-6
T32 ( net464 net1354 0 0)  nfet  L=5.97E-6 W=0.27E-6
CM arch: 4
Netlist: 
R35 ( net2966 net1681)  R=9.9E4
T36 ( net1681 net1703 vdd! vdd!)  pfet  L=7.34E-6 W=9.45E-6
T37 ( net1754 net1703 vdd! vdd!)  pfet  L=7.34E-6 W=9.45E-6
T38 ( 0 net1681 net1703 vdd!)  pfet  L=7.34E-6 W=9.45E-6
CM arch: 3
Netlist: 
R41 ( net2128 net1447)  R=9.9E4
T42 ( net1447 net2952 vdd! vdd!)  pfet  L=6.21E-6 W=8.48E-6
T43 ( net589 net2952 vdd! vdd!)  pfet  L=6.21E-6 W=8.48E-6
T44 ( vdd! net1447 net589 vdd!)  pfet  L=6.21E-6 W=8.48E-6
CM arch: 5
Netlist: 
R46 ( net2968 net2684)  R=7.9E1
T47 ( net2684 net2684 net2205 0)  nfet  L=4.85E-6 W=4.46E-6
T48 ( net2205 net476 0 0)  nfet  L=4.85E-6 W=4.46E-6
T49 ( net476 net476 0 0)  nfet  L=4.85E-6 W=4.46E-6
T50 ( net1224 net2684 net476 0)  nfet  L=4.85E-6 W=4.46E-6
CM arch: 4
Netlist: 
R57 ( net1672 net695)  R=3.4E6
T58 ( net695 net2559 0 0)  nfet  L=4.31E-6 W=7.39E-6
T59 ( net1376 net2559 0 0)  nfet  L=4.31E-6 W=7.39E-6
T60 ( vdd! net695 net2559 0)  nfet  L=4.31E-6 W=7.39E-6
CM arch: 4
Netlist: 
R63 ( net870 net229)  R=5.4E0
T64 ( net229 net383 vdd! vdd!)  pfet  L=6.88E-6 W=3.08E-6
T65 ( 0 net383 vdd! vdd!)  pfet  L=6.88E-6 W=3.08E-6
T66 ( 0 net229 net383 vdd!)  pfet  L=6.88E-6 W=3.08E-6
CM arch: 1
Netlist: 
T68 ( net1726 net1726 vdd! vdd!)  pfet  L=4.24E-6 W=0.41E-6
T69 ( net2813 net1726 vdd! vdd!)  pfet  L=4.24E-6 W=0.41E-6
R70 ( net2813 net1734)  R=4.5E2
CM arch: 5
Netlist: 
R72 ( 0 net3079)  R=9.8E6
T73 ( net3079 net3079 net1669 0)  nfet  L=4.12E-6 W=2.84E-6
T74 ( net1669 net1539 0 0)  nfet  L=4.12E-6 W=2.84E-6
T75 ( net1539 net1539 0 0)  nfet  L=4.12E-6 W=2.84E-6
T76 ( net1778 net3079 net1539 0)  nfet  L=4.12E-6 W=2.84E-6
CM arch: 2
Netlist: 
R78 ( net3092 net1935)  R=5.2E0
T79 ( net1935 net1935 vdd! vdd!)  pfet  L=6.93E-6 W=5.10E-6
T80 ( net2096 net1935 vdd! vdd!)  pfet  L=6.93E-6 W=5.10E-6
CM arch: 2
Netlist: 
R85 ( net2376 net3000)  R=3.6E4
T86 ( net3000 net3000 vdd! vdd!)  pfet  L=3.98E-6 W=9.17E-6
T87 ( net1810 net3000 vdd! vdd!)  pfet  L=3.98E-6 W=9.17E-6
CM arch: 1
Netlist: 
T90 ( net971 net971 0 0)  nfet  L=0.12E-6 W=0.53E-6
T91 ( net2412 net971 0 0)  nfet  L=0.12E-6 W=0.53E-6
R92 ( net2412 net155)  R=0.7E1
CM arch: 2
Netlist: 
R94 ( net1747 net664)  R=5.5E2
T95 ( net664 net664 0 0)  nfet  L=9.70E-6 W=5.66E-6
T96 ( net1505 net664 0 0)  nfet  L=9.70E-6 W=5.66E-6
CM arch: 4
Netlist: 
R98 ( 0 net2446)  R=8.5E6
T99 ( net2446 net1389 0 0)  nfet  L=1.91E-6 W=4.08E-6
T100 ( 0 net1389 0 0)  nfet  L=1.91E-6 W=4.08E-6
T101 ( vdd! net2446 net1389 0)  nfet  L=1.91E-6 W=4.08E-6
CM arch: 3
Netlist: 
R103 ( net1690 net319)  R=9.9E0
T104 ( net319 net1351 vdd! vdd!)  pfet  L=8.88E-6 W=8.81E-6
T105 ( net1516 net1351 vdd! vdd!)  pfet  L=8.88E-6 W=8.81E-6
T106 ( net2654 net319 net1516 vdd!)  pfet  L=8.88E-6 W=8.81E-6
CM arch: 5
Netlist: 
R113 ( net2569 net2579)  R=4.4E2
T114 ( net2579 net2579 net2185 0)  nfet  L=5.81E-6 W=2.53E-6
T115 ( net2185 net2400 0 0)  nfet  L=5.81E-6 W=2.53E-6
T116 ( net2400 net2400 0 0)  nfet  L=5.81E-6 W=2.53E-6
T117 ( net2522 net2579 net2400 0)  nfet  L=5.81E-6 W=2.53E-6
CM arch: 5
Netlist: 
R123 ( net328 net2853)  R=5.5E2
T124 ( net2853 net2853 net225 0)  nfet  L=4.39E-6 W=5.77E-6
T125 ( net225 net2490 0 0)  nfet  L=4.39E-6 W=5.77E-6
T126 ( net2490 net2490 0 0)  nfet  L=4.39E-6 W=5.77E-6
T127 ( net2930 net2853 net2490 0)  nfet  L=4.39E-6 W=5.77E-6
CM arch: 2
Netlist: 
R130 ( vdd! net375)  R=1.5E5
T131 ( net375 net375 vdd! vdd!)  pfet  L=5.94E-6 W=4.54E-6
T132 ( vdd! net375 vdd! vdd!)  pfet  L=5.94E-6 W=4.54E-6
CM arch: 3
Netlist: 
R134 ( net1772 net772)  R=5.1E6
T135 ( net772 net2068 vdd! vdd!)  pfet  L=2.37E-6 W=1.34E-6
T136 ( net2900 net2068 vdd! vdd!)  pfet  L=2.37E-6 W=1.34E-6
T137 ( net1883 net772 net2900 vdd!)  pfet  L=2.37E-6 W=1.34E-6
CM arch: 1
Netlist: 
T139 ( net2783 net2783 0 0)  nfet  L=4.30E-6 W=0.43E-6
T140 ( net3078 net2783 0 0)  nfet  L=4.30E-6 W=0.43E-6
R141 ( net3078 net1498)  R=4.3E6
CM arch: 2
Netlist: 
R145 ( vdd! net2315)  R=8.4E3
T146 ( net2315 net2315 vdd! vdd!)  pfet  L=8.52E-6 W=6.32E-6
T147 ( net2593 net2315 vdd! vdd!)  pfet  L=8.52E-6 W=6.32E-6
CM arch: 5
Netlist: 
R149 ( net2158 net534)  R=3.8E5
T150 ( net534 net534 net513 0)  nfet  L=0.35E-6 W=5.67E-6
T151 ( net513 net2797 0 0)  nfet  L=0.35E-6 W=5.67E-6
T152 ( net2797 net2797 0 0)  nfet  L=0.35E-6 W=5.67E-6
T153 ( net649 net534 net2797 0)  nfet  L=0.35E-6 W=5.67E-6
CM arch: 5
Netlist: 
R158 ( net2363 net1784)  R=3.6E0
T159 ( net1784 net1784 net1097 vdd!)  pfet  L=4.74E-6 W=6.76E-6
T160 ( net1097 net733 vdd! vdd!)  pfet  L=4.74E-6 W=6.76E-6
T161 ( net733 net733 vdd! vdd!)  pfet  L=4.74E-6 W=6.76E-6
T162 ( net2364 net1784 net733 vdd!)  pfet  L=4.74E-6 W=6.76E-6
CM arch: 1
Netlist: 
T164 ( 0 0 vdd! vdd!)  pfet  L=4.90E-6 W=8.63E-6
T165 ( net1698 0 vdd! vdd!)  pfet  L=4.90E-6 W=8.63E-6
R166 ( net1698 net846)  R=4.2E6
CM arch: 1
Netlist: 
T168 ( vdd! vdd! vdd! vdd!)  pfet  L=0.40E-6 W=5.84E-6
T169 ( net2257 vdd! vdd! vdd!)  pfet  L=0.40E-6 W=5.84E-6
R170 ( net2257 net642)  R=3.1E0
CM arch: 1
Netlist: 
T172 ( net1306 net1306 vdd! vdd!)  pfet  L=4.63E-6 W=4.06E-6
T173 ( net2706 net1306 vdd! vdd!)  pfet  L=4.63E-6 W=4.06E-6
R174 ( net2706 net1159)  R=7.8E6
CM arch: 4
Netlist: 
R176 ( net762 net1365)  R=9.1E6
T177 ( net1365 net452 0 0)  nfet  L=8.00E-6 W=0.98E-6
T178 ( net1166 net452 0 0)  nfet  L=8.00E-6 W=0.98E-6
T179 ( vdd! net1365 net452 0)  nfet  L=8.00E-6 W=0.98E-6
CM arch: 4
Netlist: 
R182 ( net378 net2281)  R=9.6E5
T183 ( net2281 net1019 0 0)  nfet  L=6.98E-6 W=4.21E-6
T184 ( net27 net1019 0 0)  nfet  L=6.98E-6 W=4.21E-6
T185 ( vdd! net2281 net1019 0)  nfet  L=6.98E-6 W=4.21E-6
CM arch: 3
Netlist: 
R187 ( net1848 net1228)  R=9.7E2
T188 ( net1228 net2450 vdd! vdd!)  pfet  L=1.87E-6 W=6.19E-6
T189 ( net1055 net2450 vdd! vdd!)  pfet  L=1.87E-6 W=6.19E-6
T190 ( net2670 net1228 net1055 vdd!)  pfet  L=1.87E-6 W=6.19E-6
CM arch: 5
Netlist: 
R194 ( net1538 net1344)  R=7.7E2
T195 ( net1344 net1344 net1732 0)  nfet  L=4.02E-6 W=1.98E-6
T196 ( net1732 net974 0 0)  nfet  L=4.02E-6 W=1.98E-6
T197 ( net974 net974 0 0)  nfet  L=4.02E-6 W=1.98E-6
T198 ( net3165 net1344 net974 0)  nfet  L=4.02E-6 W=1.98E-6
CM arch: 3
Netlist: 
R202 ( net1109 net1208)  R=6.2E6
T203 ( net1208 net2081 0 0)  nfet  L=0.93E-6 W=9.82E-6
T204 ( net819 net2081 0 0)  nfet  L=0.93E-6 W=9.82E-6
T205 ( net3029 net1208 net819 0)  nfet  L=0.93E-6 W=9.82E-6
CM arch: 2
Netlist: 
R207 ( 0 net928)  R=7.9E0
T208 ( net928 net928 0 0)  nfet  L=2.80E-6 W=4.76E-6
T209 ( net2973 net928 0 0)  nfet  L=2.80E-6 W=4.76E-6
CM arch: 5
Netlist: 
R211 ( net314 net1363)  R=8.3E4
T212 ( net1363 net1363 net3178 0)  nfet  L=3.15E-6 W=0.37E-6
T213 ( net3178 net744 0 0)  nfet  L=3.15E-6 W=0.37E-6
T214 ( net744 net744 0 0)  nfet  L=3.15E-6 W=0.37E-6
T215 ( net1343 net1363 net744 0)  nfet  L=3.15E-6 W=0.37E-6
CM arch: 2
Netlist: 
R217 ( net2643 net43)  R=9.9E3
T218 ( net43 net43 0 0)  nfet  L=8.55E-6 W=4.40E-6
T219 ( net1509 net43 0 0)  nfet  L=8.55E-6 W=4.40E-6
CM arch: 3
Netlist: 
R221 ( net1458 net3108)  R=1.8E5
T222 ( net3108 net878 vdd! vdd!)  pfet  L=6.40E-6 W=5.82E-6
T223 ( net1633 net878 vdd! vdd!)  pfet  L=6.40E-6 W=5.82E-6
T224 ( net2580 net3108 net1633 vdd!)  pfet  L=6.40E-6 W=5.82E-6
CM arch: 1
Netlist: 
T227 ( net2167 net2167 0 0)  nfet  L=2.16E-6 W=4.89E-6
T228 ( net1785 net2167 0 0)  nfet  L=2.16E-6 W=4.89E-6
R229 ( net1785 net465)  R=2.6E5
CM arch: 2
Netlist: 
R232 ( net1120 net1091)  R=4.9E3
T233 ( net1091 net1091 vdd! vdd!)  pfet  L=1.14E-6 W=6.03E-6
T234 ( net867 net1091 vdd! vdd!)  pfet  L=1.14E-6 W=6.03E-6
CM arch: 1
Netlist: 
T237 ( net2054 net2054 vdd! vdd!)  pfet  L=1.90E-6 W=4.53E-6
T238 ( net2106 net2054 vdd! vdd!)  pfet  L=1.90E-6 W=4.53E-6
R239 ( net2106 net1540)  R=1.0E6
CM arch: 2
Netlist: 
R241 ( net1530 net128)  R=5.7E4
T242 ( net128 net128 vdd! vdd!)  pfet  L=2.42E-6 W=3.02E-6
T243 ( net2034 net128 vdd! vdd!)  pfet  L=2.42E-6 W=3.02E-6
CM arch: 3
Netlist: 
R246 ( net1651 net1742)  R=8.6E5
T247 ( net1742 net2959 vdd! vdd!)  pfet  L=7.32E-6 W=7.10E-6
T248 ( net2989 net2959 vdd! vdd!)  pfet  L=7.32E-6 W=7.10E-6
T249 ( net3201 net1742 net2989 vdd!)  pfet  L=7.32E-6 W=7.10E-6
CM arch: 4
Netlist: 
R251 ( 0 net2571)  R=9.8E4
T252 ( net2571 net2563 vdd! vdd!)  pfet  L=3.41E-6 W=2.43E-6
T253 ( net681 net2563 vdd! vdd!)  pfet  L=3.41E-6 W=2.43E-6
T254 ( 0 net2571 net2563 vdd!)  pfet  L=3.41E-6 W=2.43E-6
CM arch: 4
Netlist: 
R257 ( net678 net1789)  R=8.7E4
T258 ( net1789 net131 0 0)  nfet  L=1.10E-6 W=1.47E-6
T259 ( net439 net131 0 0)  nfet  L=1.10E-6 W=1.47E-6
T260 ( vdd! net1789 net131 0)  nfet  L=1.10E-6 W=1.47E-6
CM arch: 4
Netlist: 
R262 ( net764 net2234)  R=1.9E3
T263 ( net2234 net1829 vdd! vdd!)  pfet  L=7.89E-6 W=2.66E-6
T264 ( net1588 net1829 vdd! vdd!)  pfet  L=7.89E-6 W=2.66E-6
T265 ( 0 net2234 net1829 vdd!)  pfet  L=7.89E-6 W=2.66E-6
CM arch: 3
Netlist: 
R269 ( net687 net1131)  R=2.7E1
T270 ( net1131 net1461 0 0)  nfet  L=0.68E-6 W=3.65E-6
T271 ( net1507 net1461 0 0)  nfet  L=0.68E-6 W=3.65E-6
T272 ( net1943 net1131 net1507 0)  nfet  L=0.68E-6 W=3.65E-6
CM arch: 2
Netlist: 
R275 ( net1458 net2742)  R=5.5E5
T276 ( net2742 net2742 vdd! vdd!)  pfet  L=6.64E-6 W=5.18E-6
T277 ( vdd! net2742 vdd! vdd!)  pfet  L=6.64E-6 W=5.18E-6
CM arch: 4
Netlist: 
R279 ( net2061 net560)  R=7.0E5
T280 ( net560 net535 vdd! vdd!)  pfet  L=8.79E-6 W=6.38E-6
T281 ( net59 net535 vdd! vdd!)  pfet  L=8.79E-6 W=6.38E-6
T282 ( 0 net560 net535 vdd!)  pfet  L=8.79E-6 W=6.38E-6
CM arch: 1
Netlist: 
T287 ( net563 net563 0 0)  nfet  L=9.75E-6 W=9.22E-6
T288 ( net1568 net563 0 0)  nfet  L=9.75E-6 W=9.22E-6
R289 ( net1568 net637)  R=8.0E4
CM arch: 4
Netlist: 
R291 ( net2582 net1018)  R=0.6E2
T292 ( net1018 net1283 vdd! vdd!)  pfet  L=7.43E-6 W=8.12E-6
T293 ( net1779 net1283 vdd! vdd!)  pfet  L=7.43E-6 W=8.12E-6
T294 ( 0 net1018 net1283 vdd!)  pfet  L=7.43E-6 W=8.12E-6
CM arch: 4
Netlist: 
R297 ( net629 net2560)  R=8.7E4
T298 ( net2560 net1473 vdd! vdd!)  pfet  L=2.94E-6 W=4.26E-6
T299 ( net2355 net1473 vdd! vdd!)  pfet  L=2.94E-6 W=4.26E-6
T300 ( 0 net2560 net1473 vdd!)  pfet  L=2.94E-6 W=4.26E-6
CM arch: 4
Netlist: 
R302 ( net2351 net33)  R=7.2E0
T303 ( net33 net1214 vdd! vdd!)  pfet  L=9.10E-6 W=7.30E-6
T304 ( net3211 net1214 vdd! vdd!)  pfet  L=9.10E-6 W=7.30E-6
T305 ( 0 net33 net1214 vdd!)  pfet  L=9.10E-6 W=7.30E-6
CM arch: 1
Netlist: 
T309 ( 0 0 0 0)  nfet  L=4.17E-6 W=1.90E-6
T310 ( net3204 0 0 0)  nfet  L=4.17E-6 W=1.90E-6
R311 ( net3204 vdd!)  R=3.9E3
CM arch: 2
Netlist: 
R313 ( net158 net1236)  R=8.8E2
T314 ( net1236 net1236 vdd! vdd!)  pfet  L=3.53E-6 W=1.78E-6
T315 ( net218 net1236 vdd! vdd!)  pfet  L=3.53E-6 W=1.78E-6
CM arch: 5
Netlist: 
R323 ( net2852 net701)  R=9.5E0
T324 ( net701 net701 net2590 0)  nfet  L=5.22E-6 W=9.59E-6
T325 ( net2590 net2323 0 0)  nfet  L=5.22E-6 W=9.59E-6
T326 ( net2323 net2323 0 0)  nfet  L=5.22E-6 W=9.59E-6
T327 ( net395 net701 net2323 0)  nfet  L=5.22E-6 W=9.59E-6
CM arch: 2
Netlist: 
R329 ( net977 net262)  R=7.5E1
T330 ( net262 net262 0 0)  nfet  L=2.52E-6 W=8.48E-6
T331 ( net790 net262 0 0)  nfet  L=2.52E-6 W=8.48E-6
CM arch: 1
Netlist: 
T333 ( net1494 net1494 vdd! vdd!)  pfet  L=3.73E-6 W=2.83E-6
T334 ( net1241 net1494 vdd! vdd!)  pfet  L=3.73E-6 W=2.83E-6
R335 ( net1241 net2715)  R=2.1E4
CM arch: 3
Netlist: 
R337 ( net586 net2876)  R=4.7E5
T338 ( net2876 net1333 0 0)  nfet  L=2.75E-6 W=8.91E-6
T339 ( net2056 net1333 0 0)  nfet  L=2.75E-6 W=8.91E-6
T340 ( net758 net2876 net2056 0)  nfet  L=2.75E-6 W=8.91E-6
