CM arch: 4
Netlist: 
R2 ( net3834 net12)  R=5.3E1
T3 ( net12 net625 0 0)  nfet  L=6.55E-6 W=0.26E-6
T4 ( net2216 net625 0 0)  nfet  L=6.55E-6 W=0.26E-6
T5 ( vdd! net12 net625 0)  nfet  L=6.55E-6 W=0.26E-6
CM arch: 2
Netlist: 
R10 ( net3575 net2237)  R=5.8E2
T11 ( net2237 net2237 vdd! vdd!)  pfet  L=5.87E-6 W=7.86E-6
T12 ( net1123 net2237 vdd! vdd!)  pfet  L=5.87E-6 W=7.86E-6
CM arch: 5
Netlist: 
R15 ( net70 net276)  R=5.3E0
T16 ( net276 net276 net409 0)  nfet  L=1.68E-6 W=0.99E-6
T17 ( net409 net3182 0 0)  nfet  L=1.68E-6 W=0.99E-6
T18 ( net3182 net3182 0 0)  nfet  L=1.68E-6 W=0.99E-6
T19 ( net3812 net276 net3182 0)  nfet  L=1.68E-6 W=0.99E-6
CM arch: 1
Netlist: 
T21 ( net652 net652 0 0)  nfet  L=9.09E-6 W=8.74E-6
T22 ( net2886 net652 0 0)  nfet  L=9.09E-6 W=8.74E-6
R23 ( net2886 net4365)  R=4.1E2
CM arch: 2
Netlist: 
R28 ( net3586 net1594)  R=1.0E5
T29 ( net1594 net1594 vdd! vdd!)  pfet  L=5.18E-6 W=4.60E-6
T30 ( net3270 net1594 vdd! vdd!)  pfet  L=5.18E-6 W=4.60E-6
CM arch: 5
Netlist: 
R33 ( vdd! net691)  R=6.6E0
T34 ( net691 net691 net2168 0)  nfet  L=0.82E-6 W=5.19E-6
T35 ( net2168 net2857 0 0)  nfet  L=0.82E-6 W=5.19E-6
T36 ( net2857 net2857 0 0)  nfet  L=0.82E-6 W=5.19E-6
T37 ( net354 net691 net2857 0)  nfet  L=0.82E-6 W=5.19E-6
CM arch: 1
Netlist: 
T39 ( net1302 net1302 vdd! vdd!)  pfet  L=4.89E-6 W=3.56E-6
T40 ( net4553 net1302 vdd! vdd!)  pfet  L=4.89E-6 W=3.56E-6
R41 ( net4553 vdd!)  R=5.5E1
CM arch: 4
Netlist: 
R43 ( net3652 net2041)  R=7.2E6
T44 ( net2041 net2470 0 0)  nfet  L=1.57E-6 W=6.77E-6
T45 ( net2309 net2470 0 0)  nfet  L=1.57E-6 W=6.77E-6
T46 ( vdd! net2041 net2470 0)  nfet  L=1.57E-6 W=6.77E-6
CM arch: 2
Netlist: 
R49 ( net4477 net3537)  R=7.4E1
T50 ( net3537 net3537 0 0)  nfet  L=9.88E-6 W=9.93E-6
T51 ( net2906 net3537 0 0)  nfet  L=9.88E-6 W=9.93E-6
CM arch: 1
Netlist: 
T54 ( net2358 net2358 0 0)  nfet  L=4.67E-6 W=6.45E-6
T55 ( net2777 net2358 0 0)  nfet  L=4.67E-6 W=6.45E-6
R56 ( net2777 net2157)  R=8.7E1
CM arch: 5
Netlist: 
R60 ( net4113 net517)  R=9.7E5
T61 ( net517 net517 net1689 vdd!)  pfet  L=9.71E-6 W=5.18E-6
T62 ( net1689 net1229 vdd! vdd!)  pfet  L=9.71E-6 W=5.18E-6
T63 ( net1229 net1229 vdd! vdd!)  pfet  L=9.71E-6 W=5.18E-6
T64 ( net4421 net517 net1229 vdd!)  pfet  L=9.71E-6 W=5.18E-6
CM arch: 5
Netlist: 
R66 ( net913 net1632)  R=4.5E1
T67 ( net1632 net1632 net1325 vdd!)  pfet  L=2.79E-6 W=1.75E-6
T68 ( net1325 net3655 vdd! vdd!)  pfet  L=2.79E-6 W=1.75E-6
T69 ( net3655 net3655 vdd! vdd!)  pfet  L=2.79E-6 W=1.75E-6
T70 ( 0 net1632 net3655 vdd!)  pfet  L=2.79E-6 W=1.75E-6
CM arch: 4
Netlist: 
R74 ( net4473 net1078)  R=4.1E2
T75 ( net1078 net541 vdd! vdd!)  pfet  L=0.68E-6 W=6.61E-6
T76 ( net756 net541 vdd! vdd!)  pfet  L=0.68E-6 W=6.61E-6
T77 ( 0 net1078 net541 vdd!)  pfet  L=0.68E-6 W=6.61E-6
CM arch: 3
Netlist: 
R79 ( net3479 net3689)  R=1.2E1
T80 ( net3689 net2567 vdd! vdd!)  pfet  L=4.76E-6 W=8.75E-6
T81 ( net1934 net2567 vdd! vdd!)  pfet  L=4.76E-6 W=8.75E-6
T82 ( net3502 net3689 net1934 vdd!)  pfet  L=4.76E-6 W=8.75E-6
CM arch: 5
Netlist: 
R87 ( net1726 net486)  R=7.1E2
T88 ( net486 net486 net1854 0)  nfet  L=6.60E-6 W=9.30E-6
T89 ( net1854 net3784 0 0)  nfet  L=6.60E-6 W=9.30E-6
T90 ( net3784 net3784 0 0)  nfet  L=6.60E-6 W=9.30E-6
T91 ( net1274 net486 net3784 0)  nfet  L=6.60E-6 W=9.30E-6
CM arch: 4
Netlist: 
R94 ( net746 net3953)  R=9.9E3
T95 ( net3953 net1945 vdd! vdd!)  pfet  L=3.13E-6 W=2.82E-6
T96 ( net1986 net1945 vdd! vdd!)  pfet  L=3.13E-6 W=2.82E-6
T97 ( 0 net3953 net1945 vdd!)  pfet  L=3.13E-6 W=2.82E-6
CM arch: 1
Netlist: 
T99 ( net1793 net1793 0 0)  nfet  L=0.56E-6 W=7.97E-6
T100 ( net2347 net1793 0 0)  nfet  L=0.56E-6 W=7.97E-6
R101 ( net2347 0)  R=3.7E5
CM arch: 5
Netlist: 
R108 ( net956 net3518)  R=4.8E1
T109 ( net3518 net3518 net1525 0)  nfet  L=5.31E-6 W=6.64E-6
T110 ( net1525 net2222 0 0)  nfet  L=5.31E-6 W=6.64E-6
T111 ( net2222 net2222 0 0)  nfet  L=5.31E-6 W=6.64E-6
T112 ( net3681 net3518 net2222 0)  nfet  L=5.31E-6 W=6.64E-6
CM arch: 5
Netlist: 
R115 ( vdd! net3644)  R=1.6E2
T116 ( net3644 net3644 net21 vdd!)  pfet  L=9.75E-6 W=7.61E-6
T117 ( net21 net860 vdd! vdd!)  pfet  L=9.75E-6 W=7.61E-6
T118 ( net860 net860 vdd! vdd!)  pfet  L=9.75E-6 W=7.61E-6
T119 ( net1640 net3644 net860 vdd!)  pfet  L=9.75E-6 W=7.61E-6
CM arch: 4
Netlist: 
R124 ( net1088 net1267)  R=5.1E6
T125 ( net1267 net3866 0 0)  nfet  L=6.49E-6 W=1.41E-6
T126 ( net901 net3866 0 0)  nfet  L=6.49E-6 W=1.41E-6
T127 ( vdd! net1267 net3866 0)  nfet  L=6.49E-6 W=1.41E-6
CM arch: 1
Netlist: 
T129 ( net3876 net3876 0 0)  nfet  L=1.32E-6 W=3.27E-6
T130 ( net2075 net3876 0 0)  nfet  L=1.32E-6 W=3.27E-6
R131 ( net2075 net2660)  R=9.5E3
CM arch: 4
Netlist: 
R133 ( net2149 net1202)  R=0.8E0
T134 ( net1202 net1181 vdd! vdd!)  pfet  L=9.07E-6 W=1.67E-6
T135 ( net1305 net1181 vdd! vdd!)  pfet  L=9.07E-6 W=1.67E-6
T136 ( 0 net1202 net1181 vdd!)  pfet  L=9.07E-6 W=1.67E-6
CM arch: 2
Netlist: 
R138 ( net90 net311)  R=5.2E1
T139 ( net311 net311 0 0)  nfet  L=0.50E-6 W=5.13E-6
T140 ( net754 net311 0 0)  nfet  L=0.50E-6 W=5.13E-6
CM arch: 1
Netlist: 
T142 ( net4460 net4460 0 0)  nfet  L=7.83E-6 W=9.44E-6
T143 ( net766 net4460 0 0)  nfet  L=7.83E-6 W=9.44E-6
R144 ( net766 net856)  R=0.9E0
CM arch: 2
Netlist: 
R146 ( net2641 net3011)  R=4.4E2
T147 ( net3011 net3011 0 0)  nfet  L=5.18E-6 W=0.33E-6
T148 ( net3622 net3011 0 0)  nfet  L=5.18E-6 W=0.33E-6
CM arch: 5
Netlist: 
R151 ( net1075 net381)  R=7.0E0
T152 ( net381 net381 net707 vdd!)  pfet  L=9.23E-6 W=4.52E-6
T153 ( net707 net3134 vdd! vdd!)  pfet  L=9.23E-6 W=4.52E-6
T154 ( net3134 net3134 vdd! vdd!)  pfet  L=9.23E-6 W=4.52E-6
T155 ( net2164 net381 net3134 vdd!)  pfet  L=9.23E-6 W=4.52E-6
CM arch: 5
Netlist: 
R158 ( net2742 net2408)  R=1.3E0
T159 ( net2408 net2408 net3940 0)  nfet  L=5.61E-6 W=6.23E-6
T160 ( net3940 net4546 0 0)  nfet  L=5.61E-6 W=6.23E-6
T161 ( net4546 net4546 0 0)  nfet  L=5.61E-6 W=6.23E-6
T162 ( net872 net2408 net4546 0)  nfet  L=5.61E-6 W=6.23E-6
CM arch: 2
Netlist: 
R166 ( net4049 net2697)  R=2.6E1
T167 ( net2697 net2697 vdd! vdd!)  pfet  L=1.39E-6 W=5.04E-6
T168 ( vdd! net2697 vdd! vdd!)  pfet  L=1.39E-6 W=5.04E-6
CM arch: 3
Netlist: 
R170 ( net2114 net2589)  R=3.5E4
T171 ( net2589 net718 0 0)  nfet  L=5.85E-6 W=8.45E-6
T172 ( net3035 net718 0 0)  nfet  L=5.85E-6 W=8.45E-6
T173 ( net354 net2589 net3035 0)  nfet  L=5.85E-6 W=8.45E-6
CM arch: 2
Netlist: 
R176 ( net2303 net1168)  R=3.7E3
T177 ( net1168 net1168 0 0)  nfet  L=0.88E-6 W=8.91E-6
T178 ( net3756 net1168 0 0)  nfet  L=0.88E-6 W=8.91E-6
CM arch: 3
Netlist: 
R180 ( net447 net1686)  R=2.3E2
T181 ( net1686 net3597 vdd! vdd!)  pfet  L=8.78E-6 W=3.25E-6
T182 ( net555 net3597 vdd! vdd!)  pfet  L=8.78E-6 W=3.25E-6
T183 ( net3965 net1686 net555 vdd!)  pfet  L=8.78E-6 W=3.25E-6
CM arch: 1
Netlist: 
T188 ( net1714 net1714 vdd! vdd!)  pfet  L=3.15E-6 W=8.40E-6
T189 ( net1457 net1714 vdd! vdd!)  pfet  L=3.15E-6 W=8.40E-6
R190 ( net1457 vdd!)  R=4.3E2
CM arch: 4
Netlist: 
R192 ( net3962 net3857)  R=7.3E4
T193 ( net3857 net3038 vdd! vdd!)  pfet  L=1.71E-6 W=8.51E-6
T194 ( net404 net3038 vdd! vdd!)  pfet  L=1.71E-6 W=8.51E-6
T195 ( 0 net3857 net3038 vdd!)  pfet  L=1.71E-6 W=8.51E-6
CM arch: 2
Netlist: 
R199 ( 0 net1264)  R=0.8E4
T200 ( net1264 net1264 vdd! vdd!)  pfet  L=7.83E-6 W=5.15E-6
T201 ( net460 net1264 vdd! vdd!)  pfet  L=7.83E-6 W=5.15E-6
CM arch: 1
Netlist: 
T203 ( 0 0 0 0)  nfet  L=0.20E-6 W=2.46E-6
T204 ( net627 0 0 0)  nfet  L=0.20E-6 W=2.46E-6
R205 ( net627 net4408)  R=8.9E6
CM arch: 2
Netlist: 
R209 ( net392 net219)  R=7.9E1
T210 ( net219 net219 vdd! vdd!)  pfet  L=1.17E-6 W=4.64E-6
T211 ( net1354 net219 vdd! vdd!)  pfet  L=1.17E-6 W=4.64E-6
CM arch: 5
Netlist: 
R213 ( net3312 net3149)  R=9.8E0
T214 ( net3149 net3149 net1950 0)  nfet  L=5.95E-6 W=7.50E-6
T215 ( net1950 net1620 0 0)  nfet  L=5.95E-6 W=7.50E-6
T216 ( net1620 net1620 0 0)  nfet  L=5.95E-6 W=7.50E-6
T217 ( net347 net3149 net1620 0)  nfet  L=5.95E-6 W=7.50E-6
CM arch: 3
Netlist: 
R220 ( net3957 net3636)  R=1.0E5
T221 ( net3636 net2378 0 0)  nfet  L=8.12E-6 W=0.57E-6
T222 ( net1585 net2378 0 0)  nfet  L=8.12E-6 W=0.57E-6
T223 ( net4492 net3636 net1585 0)  nfet  L=8.12E-6 W=0.57E-6
CM arch: 2
Netlist: 
R226 ( 0 net3865)  R=3.3E5
T227 ( net3865 net3865 0 0)  nfet  L=2.22E-6 W=1.09E-6
T228 ( vdd! net3865 0 0)  nfet  L=2.22E-6 W=1.09E-6
CM arch: 4
Netlist: 
R230 ( vdd! net1159)  R=2.9E2
T231 ( net1159 net1412 vdd! vdd!)  pfet  L=4.43E-6 W=0.61E-6
T232 ( vdd! net1412 vdd! vdd!)  pfet  L=4.43E-6 W=0.61E-6
T233 ( 0 net1159 net1412 vdd!)  pfet  L=4.43E-6 W=0.61E-6
CM arch: 1
Netlist: 
T236 ( net4183 net4183 0 0)  nfet  L=4.00E-6 W=2.81E-6
T237 ( net3873 net4183 0 0)  nfet  L=4.00E-6 W=2.81E-6
R238 ( net3873 net1020)  R=1.9E6
CM arch: 3
Netlist: 
R240 ( vdd! net763)  R=7.5E1
T241 ( net763 net1375 0 0)  nfet  L=0.19E-6 W=7.04E-6
T242 ( net2291 net1375 0 0)  nfet  L=0.19E-6 W=7.04E-6
T243 ( net4002 net763 net2291 0)  nfet  L=0.19E-6 W=7.04E-6
CM arch: 4
Netlist: 
R245 ( net3703 net97)  R=2.1E2
T246 ( net97 net3715 0 0)  nfet  L=6.03E-6 W=1.99E-6
T247 ( net2541 net3715 0 0)  nfet  L=6.03E-6 W=1.99E-6
T248 ( vdd! net97 net3715 0)  nfet  L=6.03E-6 W=1.99E-6
CM arch: 1
Netlist: 
T251 ( net3673 net3673 vdd! vdd!)  pfet  L=0.67E-6 W=4.33E-6
T252 ( net2950 net3673 vdd! vdd!)  pfet  L=0.67E-6 W=4.33E-6
R253 ( net2950 net377)  R=1.4E3
CM arch: 3
Netlist: 
R256 ( net109 net3124)  R=6.9E4
T257 ( net3124 net740 vdd! vdd!)  pfet  L=2.74E-6 W=0.18E-6
T258 ( net2488 net740 vdd! vdd!)  pfet  L=2.74E-6 W=0.18E-6
T259 ( net3616 net3124 net2488 vdd!)  pfet  L=2.74E-6 W=0.18E-6
CM arch: 3
Netlist: 
R268 ( net1671 net2251)  R=7.0E0
T269 ( net2251 net2348 vdd! vdd!)  pfet  L=9.51E-6 W=3.74E-6
T270 ( net4258 net2348 vdd! vdd!)  pfet  L=9.51E-6 W=3.74E-6
T271 ( vdd! net2251 net4258 vdd!)  pfet  L=9.51E-6 W=3.74E-6
CM arch: 3
Netlist: 
R273 ( net1743 net2930)  R=8.6E2
T274 ( net2930 net2023 0 0)  nfet  L=8.04E-6 W=0.13E-6
T275 ( net1982 net2023 0 0)  nfet  L=8.04E-6 W=0.13E-6
T276 ( net3776 net2930 net1982 0)  nfet  L=8.04E-6 W=0.13E-6
CM arch: 2
Netlist: 
R279 ( 0 net74)  R=3.7E4
T280 ( net74 net74 0 0)  nfet  L=4.77E-6 W=0.64E-6
T281 ( net1869 net74 0 0)  nfet  L=4.77E-6 W=0.64E-6
CM arch: 1
Netlist: 
T283 ( net1279 net1279 0 0)  nfet  L=4.47E-6 W=7.99E-6
T284 ( net760 net1279 0 0)  nfet  L=4.47E-6 W=7.99E-6
R285 ( net760 0)  R=3.1E6
CM arch: 3
Netlist: 
R289 ( net2793 net1971)  R=3.9E1
T290 ( net1971 net532 0 0)  nfet  L=5.14E-6 W=1.42E-6
T291 ( net2735 net532 0 0)  nfet  L=5.14E-6 W=1.42E-6
T292 ( net1150 net1971 net2735 0)  nfet  L=5.14E-6 W=1.42E-6
CM arch: 1
Netlist: 
T294 ( net2968 net2968 vdd! vdd!)  pfet  L=4.44E-6 W=7.01E-6
T295 ( net700 net2968 vdd! vdd!)  pfet  L=4.44E-6 W=7.01E-6
R296 ( net700 net1061)  R=1.4E4
CM arch: 1
Netlist: 
T302 ( 0 0 0 0)  nfet  L=2.49E-6 W=7.07E-6
T303 ( net2275 0 0 0)  nfet  L=2.49E-6 W=7.07E-6
R304 ( net2275 net3392)  R=0.6E3
CM arch: 3
Netlist: 
R306 ( net179 net3389)  R=2.1E6
T307 ( net3389 net2102 vdd! vdd!)  pfet  L=7.30E-6 W=5.51E-6
T308 ( net1796 net2102 vdd! vdd!)  pfet  L=7.30E-6 W=5.51E-6
T309 ( 0 net3389 net1796 vdd!)  pfet  L=7.30E-6 W=5.51E-6
CM arch: 2
Netlist: 
R312 ( net3551 net4512)  R=4.2E6
T313 ( net4512 net4512 0 0)  nfet  L=1.73E-6 W=8.34E-6
T314 ( net2421 net4512 0 0)  nfet  L=1.73E-6 W=8.34E-6
CM arch: 2
Netlist: 
R319 ( net542 net1054)  R=9.5E6
T320 ( net1054 net1054 0 0)  nfet  L=0.78E-6 W=5.25E-6
T321 ( 0 net1054 0 0)  nfet  L=0.78E-6 W=5.25E-6
CM arch: 4
Netlist: 
R324 ( net1826 net2608)  R=7.0E4
T325 ( net2608 net3910 0 0)  nfet  L=8.73E-6 W=6.59E-6
T326 ( net2526 net3910 0 0)  nfet  L=8.73E-6 W=6.59E-6
T327 ( vdd! net2608 net3910 0)  nfet  L=8.73E-6 W=6.59E-6
CM arch: 4
Netlist: 
R329 ( net406 net4502)  R=0.2E4
T330 ( net4502 net3827 0 0)  nfet  L=0.56E-6 W=9.40E-6
T331 ( net406 net3827 0 0)  nfet  L=0.56E-6 W=9.40E-6
T332 ( vdd! net4502 net3827 0)  nfet  L=0.56E-6 W=9.40E-6
CM arch: 2
Netlist: 
R334 ( net1405 net3042)  R=3.6E4
T335 ( net3042 net3042 vdd! vdd!)  pfet  L=6.43E-6 W=0.86E-6
T336 ( net2682 net3042 vdd! vdd!)  pfet  L=6.43E-6 W=0.86E-6
CM arch: 3
Netlist: 
R338 ( net1952 net1391)  R=9.1E6
T339 ( net1391 net153 0 0)  nfet  L=9.72E-6 W=9.34E-6
T340 ( net2191 net153 0 0)  nfet  L=9.72E-6 W=9.34E-6
T341 ( net3256 net1391 net2191 0)  nfet  L=9.72E-6 W=9.34E-6
CM arch: 4
Netlist: 
R347 ( net2376 net1043)  R=1.2E6
T348 ( net1043 net3957 0 0)  nfet  L=8.07E-6 W=1.44E-6
T349 ( net1732 net3957 0 0)  nfet  L=8.07E-6 W=1.44E-6
T350 ( vdd! net1043 net3957 0)  nfet  L=8.07E-6 W=1.44E-6
