CM arch: 4
Netlist: 
R1 ( net15 net314)  R=5.5E1
T2 ( net314 net90 0 0)  nfet  L=2.75E-6 W=2.98E-6
T3 ( net88 net90 0 0)  nfet  L=2.75E-6 W=2.98E-6
T4 ( vdd! net314 net90 0)  nfet  L=2.75E-6 W=2.98E-6
CM arch: 1
Netlist: 
T6 ( net216 net216 vdd! vdd!)  pfet  L=1.43E-6 W=1.53E-6
T7 ( net22 net216 vdd! vdd!)  pfet  L=1.43E-6 W=1.53E-6
R8 ( net22 net267)  R=5.4E3
CM arch: 3
Netlist: 
R10 ( net56 net176)  R=9.9E0
T11 ( net176 net101 0 0)  nfet  L=1.04E-6 W=0.20E-6
T12 ( net138 net101 0 0)  nfet  L=1.04E-6 W=0.20E-6
T13 ( net263 net176 net138 0)  nfet  L=1.04E-6 W=0.20E-6
CM arch: 2
Netlist: 
R19 ( net158 net181)  R=1.6E5
T20 ( net181 net181 vdd! vdd!)  pfet  L=3.85E-6 W=3.66E-6
T21 ( net7 net181 vdd! vdd!)  pfet  L=3.85E-6 W=3.66E-6
CM arch: 2
Netlist: 
R26 ( 0 net85)  R=0.2E2
T27 ( net85 net85 vdd! vdd!)  pfet  L=5.51E-6 W=1.22E-6
T28 ( net114 net85 vdd! vdd!)  pfet  L=5.51E-6 W=1.22E-6
CM arch: 2
Netlist: 
R32 ( net235 net134)  R=6.4E2
T33 ( net134 net134 0 0)  nfet  L=6.22E-6 W=9.86E-6
T34 ( net125 net134 0 0)  nfet  L=6.22E-6 W=9.86E-6
CM arch: 1
Netlist: 
T36 ( net33 net33 vdd! vdd!)  pfet  L=9.21E-6 W=8.41E-6
T37 ( net283 net33 vdd! vdd!)  pfet  L=9.21E-6 W=8.41E-6
R38 ( net283 net56)  R=7.2E6
CM arch: 1
Netlist: 
T41 ( net222 net222 0 0)  nfet  L=4.15E-6 W=8.42E-6
T42 ( net293 net222 0 0)  nfet  L=4.15E-6 W=8.42E-6
R43 ( net293 net38)  R=5.7E4
CM arch: 3
Netlist: 
R47 ( net172 net169)  R=4.4E6
T48 ( net169 net211 vdd! vdd!)  pfet  L=6.71E-6 W=7.90E-6
T49 ( net203 net211 vdd! vdd!)  pfet  L=6.71E-6 W=7.90E-6
T50 ( net256 net169 net203 vdd!)  pfet  L=6.71E-6 W=7.90E-6
CM arch: 1
Netlist: 
T54 ( net136 net136 0 0)  nfet  L=3.52E-6 W=3.26E-6
T55 ( net318 net136 0 0)  nfet  L=3.52E-6 W=3.26E-6
R56 ( net318 vdd!)  R=3.3E1
CM arch: 5
Netlist: 
R59 ( 0 net344)  R=3.2E1
T60 ( net344 net344 net82 0)  nfet  L=8.19E-6 W=0.45E-6
T61 ( net82 net319 0 0)  nfet  L=8.19E-6 W=0.45E-6
T62 ( net319 net319 0 0)  nfet  L=8.19E-6 W=0.45E-6
T63 ( net272 net344 net319 0)  nfet  L=8.19E-6 W=0.45E-6
CM arch: 4
Netlist: 
R65 ( net322 net137)  R=3.5E3
T66 ( net137 net248 0 0)  nfet  L=1.95E-6 W=5.20E-6
T67 ( net21 net248 0 0)  nfet  L=1.95E-6 W=5.20E-6
T68 ( vdd! net137 net248 0)  nfet  L=1.95E-6 W=5.20E-6
CM arch: 4
Netlist: 
R70 ( net195 net346)  R=7.5E1
T71 ( net346 net163 0 0)  nfet  L=5.71E-6 W=3.21E-6
T72 ( net325 net163 0 0)  nfet  L=5.71E-6 W=3.21E-6
T73 ( vdd! net346 net163 0)  nfet  L=5.71E-6 W=3.21E-6
CM arch: 2
Netlist: 
R77 ( net209 net154)  R=9.1E6
T78 ( net154 net154 vdd! vdd!)  pfet  L=9.73E-6 W=3.72E-6
T79 ( net189 net154 vdd! vdd!)  pfet  L=9.73E-6 W=3.72E-6
CM arch: 2
Netlist: 
R83 ( net282 net103)  R=4.6E6
T84 ( net103 net103 0 0)  nfet  L=4.63E-6 W=0.28E-6
T85 ( net65 net103 0 0)  nfet  L=4.63E-6 W=0.28E-6
